{"D:\\NutriScan-mainn\\Frontend\\src\\App.jsx": {"path":"D:\\NutriScan-mainn\\Frontend\\src\\App.jsx","statementMap":{"0":{"start":{"line":42,"column":21},"end":{"line":54,"column":1}},"1":{"start":{"line":56,"column":21},"end":{"line":58,"column":1}},"2":{"start":{"line":57,"column":47},"end":{"line":57,"column":53}},"3":{"start":{"line":60,"column":20},"end":{"line":72,"column":1}},"4":{"start":{"line":74,"column":24},"end":{"line":83,"column":1}},"5":{"start":{"line":89,"column":16},"end":{"line":89,"column":32}},"6":{"start":{"line":90,"column":19},"end":{"line":90,"column":32}},"7":{"start":{"line":93,"column":2},"end":{"line":93,"column":57}},"8":{"start":{"line":93,"column":17},"end":{"line":93,"column":57}},"9":{"start":{"line":95,"column":22},"end":{"line":95,"column":68}},"10":{"start":{"line":97,"column":22},"end":{"line":97,"column":75}},"11":{"start":{"line":98,"column":19},"end":{"line":103,"column":21}},"12":{"start":{"line":102,"column":19},"end":{"line":102,"column":41}},"13":{"start":{"line":104,"column":20},"end":{"line":104,"column":99}},"14":{"start":{"line":105,"column":21},"end":{"line":105,"column":106}},"15":{"start":{"line":106,"column":23},"end":{"line":106,"column":109}},"16":{"start":{"line":108,"column":2},"end":{"line":214,"column":4}},"17":{"start":{"line":118,"column":12},"end":{"line":126,"column":21}},"18":{"start":{"line":122,"column":29},"end":{"line":122,"column":45}},"19":{"start":{"line":148,"column":81},"end":{"line":148,"column":102}},"20":{"start":{"line":177,"column":83},"end":{"line":177,"column":104}},"21":{"start":{"line":196,"column":27},"end":{"line":196,"column":48}},"22":{"start":{"line":218,"column":22},"end":{"line":218,"column":38}},"23":{"start":{"line":219,"column":42},"end":{"line":219,"column":52}},"24":{"start":{"line":220,"column":19},"end":{"line":220,"column":32}},"25":{"start":{"line":223,"column":2},"end":{"line":241,"column":13}},"26":{"start":{"line":224,"column":33},"end":{"line":233,"column":5}},"27":{"start":{"line":225,"column":20},"end":{"line":225,"column":48}},"28":{"start":{"line":226,"column":6},"end":{"line":226,"column":59}},"29":{"start":{"line":227,"column":6},"end":{"line":227,"column":42}},"30":{"start":{"line":228,"column":6},"end":{"line":232,"column":7}},"31":{"start":{"line":229,"column":8},"end":{"line":229,"column":54}},"32":{"start":{"line":231,"column":8},"end":{"line":231,"column":57}},"33":{"start":{"line":235,"column":4},"end":{"line":235,"column":53}},"34":{"start":{"line":236,"column":4},"end":{"line":236,"column":73}},"35":{"start":{"line":238,"column":4},"end":{"line":240,"column":6}},"36":{"start":{"line":239,"column":6},"end":{"line":239,"column":56}},"37":{"start":{"line":245,"column":40},"end":{"line":245,"column":95}},"38":{"start":{"line":245,"column":55},"end":{"line":245,"column":94}},"39":{"start":{"line":247,"column":36},"end":{"line":247,"column":51}},"40":{"start":{"line":249,"column":46},"end":{"line":249,"column":57}},"41":{"start":{"line":251,"column":23},"end":{"line":251,"column":35}},"42":{"start":{"line":252,"column":26},"end":{"line":252,"column":38}},"43":{"start":{"line":254,"column":28},"end":{"line":259,"column":3}},"44":{"start":{"line":255,"column":4},"end":{"line":255,"column":25}},"45":{"start":{"line":256,"column":4},"end":{"line":258,"column":13}},"46":{"start":{"line":257,"column":6},"end":{"line":257,"column":38}},"47":{"start":{"line":257,"column":31},"end":{"line":257,"column":36}},"48":{"start":{"line":261,"column":27},"end":{"line":265,"column":3}},"49":{"start":{"line":262,"column":4},"end":{"line":262,"column":43}},"50":{"start":{"line":263,"column":4},"end":{"line":263,"column":35}},"51":{"start":{"line":264,"column":4},"end":{"line":264,"column":25}},"52":{"start":{"line":267,"column":27},"end":{"line":273,"column":3}},"53":{"start":{"line":268,"column":4},"end":{"line":268,"column":34}},"54":{"start":{"line":269,"column":4},"end":{"line":269,"column":32}},"55":{"start":{"line":270,"column":4},"end":{"line":270,"column":23}},"56":{"start":{"line":271,"column":4},"end":{"line":271,"column":24}},"57":{"start":{"line":272,"column":4},"end":{"line":272,"column":22}},"58":{"start":{"line":277,"column":34},"end":{"line":284,"column":4}},"59":{"start":{"line":278,"column":4},"end":{"line":283,"column":5}},"60":{"start":{"line":279,"column":20},"end":{"line":279,"column":58}},"61":{"start":{"line":280,"column":6},"end":{"line":280,"column":71}},"62":{"start":{"line":282,"column":6},"end":{"line":282,"column":18}},"63":{"start":{"line":287,"column":22},"end":{"line":287,"column":36}},"64":{"start":{"line":288,"column":40},"end":{"line":295,"column":4}},"65":{"start":{"line":289,"column":4},"end":{"line":294,"column":5}},"66":{"start":{"line":290,"column":20},"end":{"line":290,"column":61}},"67":{"start":{"line":291,"column":6},"end":{"line":291,"column":71}},"68":{"start":{"line":293,"column":6},"end":{"line":293,"column":18}},"69":{"start":{"line":296,"column":46},"end":{"line":296,"column":60}},"70":{"start":{"line":297,"column":28},"end":{"line":297,"column":42}},"71":{"start":{"line":298,"column":26},"end":{"line":298,"column":40}},"72":{"start":{"line":299,"column":44},"end":{"line":299,"column":58}},"73":{"start":{"line":301,"column":2},"end":{"line":311,"column":9}},"74":{"start":{"line":302,"column":31},"end":{"line":306,"column":5}},"75":{"start":{"line":303,"column":6},"end":{"line":305,"column":87}},"76":{"start":{"line":305,"column":29},"end":{"line":305,"column":85}},"77":{"start":{"line":308,"column":4},"end":{"line":308,"column":25}},"78":{"start":{"line":309,"column":4},"end":{"line":309,"column":77}},"79":{"start":{"line":310,"column":4},"end":{"line":310,"column":74}},"80":{"start":{"line":310,"column":17},"end":{"line":310,"column":73}},"81":{"start":{"line":317,"column":2},"end":{"line":349,"column":9}},"82":{"start":{"line":318,"column":21},"end":{"line":318,"column":61}},"83":{"start":{"line":321,"column":6},"end":{"line":346,"column":7}},"84":{"start":{"line":322,"column":25},"end":{"line":322,"column":82}},"85":{"start":{"line":323,"column":8},"end":{"line":338,"column":9}},"86":{"start":{"line":324,"column":23},"end":{"line":324,"column":44}},"87":{"start":{"line":325,"column":10},"end":{"line":325,"column":33}},"88":{"start":{"line":326,"column":10},"end":{"line":326,"column":44}},"89":{"start":{"line":327,"column":10},"end":{"line":327,"column":76}},"90":{"start":{"line":328,"column":10},"end":{"line":328,"column":87}},"91":{"start":{"line":331,"column":10},"end":{"line":333,"column":11}},"92":{"start":{"line":332,"column":12},"end":{"line":332,"column":90}},"93":{"start":{"line":335,"column":10},"end":{"line":335,"column":52}},"94":{"start":{"line":336,"column":10},"end":{"line":336,"column":55}},"95":{"start":{"line":337,"column":10},"end":{"line":337,"column":48}},"96":{"start":{"line":340,"column":8},"end":{"line":340,"column":57}},"97":{"start":{"line":341,"column":8},"end":{"line":341,"column":50}},"98":{"start":{"line":342,"column":8},"end":{"line":342,"column":53}},"99":{"start":{"line":343,"column":8},"end":{"line":343,"column":46}},"100":{"start":{"line":345,"column":8},"end":{"line":345,"column":30}},"101":{"start":{"line":348,"column":4},"end":{"line":348,"column":21}},"102":{"start":{"line":352,"column":25},"end":{"line":355,"column":3}},"103":{"start":{"line":353,"column":17},"end":{"line":353,"column":35}},"104":{"start":{"line":354,"column":4},"end":{"line":354,"column":29}},"105":{"start":{"line":354,"column":14},"end":{"line":354,"column":29}},"106":{"start":{"line":357,"column":22},"end":{"line":367,"column":3}},"107":{"start":{"line":358,"column":4},"end":{"line":358,"column":22}},"108":{"start":{"line":359,"column":4},"end":{"line":359,"column":33}},"109":{"start":{"line":360,"column":4},"end":{"line":360,"column":65}},"110":{"start":{"line":361,"column":4},"end":{"line":361,"column":76}},"111":{"start":{"line":362,"column":4},"end":{"line":362,"column":77}},"112":{"start":{"line":364,"column":4},"end":{"line":366,"column":5}},"113":{"start":{"line":365,"column":6},"end":{"line":365,"column":104}},"114":{"start":{"line":369,"column":23},"end":{"line":381,"column":3}},"115":{"start":{"line":370,"column":4},"end":{"line":374,"column":5}},"116":{"start":{"line":371,"column":6},"end":{"line":371,"column":84}},"117":{"start":{"line":375,"column":4},"end":{"line":375,"column":22}},"118":{"start":{"line":376,"column":4},"end":{"line":376,"column":25}},"119":{"start":{"line":377,"column":4},"end":{"line":377,"column":27}},"120":{"start":{"line":378,"column":4},"end":{"line":378,"column":46}},"121":{"start":{"line":379,"column":4},"end":{"line":379,"column":49}},"122":{"start":{"line":380,"column":4},"end":{"line":380,"column":42}},"123":{"start":{"line":383,"column":30},"end":{"line":386,"column":3}},"124":{"start":{"line":384,"column":4},"end":{"line":384,"column":27}},"125":{"start":{"line":385,"column":4},"end":{"line":385,"column":28}},"126":{"start":{"line":388,"column":35},"end":{"line":403,"column":3}},"127":{"start":{"line":389,"column":4},"end":{"line":389,"column":28}},"128":{"start":{"line":390,"column":4},"end":{"line":390,"column":71}},"129":{"start":{"line":392,"column":4},"end":{"line":401,"column":5}},"130":{"start":{"line":393,"column":6},"end":{"line":398,"column":9}},"131":{"start":{"line":400,"column":6},"end":{"line":400,"column":62}},"132":{"start":{"line":402,"column":4},"end":{"line":402,"column":46}},"133":{"start":{"line":405,"column":24},"end":{"line":416,"column":3}},"134":{"start":{"line":406,"column":4},"end":{"line":415,"column":5}},"135":{"start":{"line":407,"column":23},"end":{"line":407,"column":80}},"136":{"start":{"line":408,"column":6},"end":{"line":412,"column":7}},"137":{"start":{"line":409,"column":21},"end":{"line":409,"column":42}},"138":{"start":{"line":410,"column":8},"end":{"line":410,"column":31}},"139":{"start":{"line":411,"column":8},"end":{"line":411,"column":74}},"140":{"start":{"line":414,"column":6},"end":{"line":414,"column":54}},"141":{"start":{"line":418,"column":35},"end":{"line":424,"column":3}},"142":{"start":{"line":419,"column":4},"end":{"line":419,"column":29}},"143":{"start":{"line":419,"column":22},"end":{"line":419,"column":29}},"144":{"start":{"line":420,"column":4},"end":{"line":420,"column":29}},"145":{"start":{"line":421,"column":4},"end":{"line":421,"column":40}},"146":{"start":{"line":422,"column":4},"end":{"line":422,"column":72}},"147":{"start":{"line":423,"column":4},"end":{"line":423,"column":83}},"148":{"start":{"line":429,"column":30},"end":{"line":436,"column":3}},"149":{"start":{"line":430,"column":4},"end":{"line":435,"column":7}},"150":{"start":{"line":431,"column":6},"end":{"line":431,"column":61}},"151":{"start":{"line":431,"column":49},"end":{"line":431,"column":61}},"152":{"start":{"line":432,"column":19},"end":{"line":432,"column":41}},"153":{"start":{"line":433,"column":6},"end":{"line":433,"column":67}},"154":{"start":{"line":434,"column":6},"end":{"line":434,"column":18}},"155":{"start":{"line":439,"column":19},"end":{"line":457,"column":3}},"156":{"start":{"line":440,"column":4},"end":{"line":455,"column":5}},"157":{"start":{"line":441,"column":27},"end":{"line":446,"column":8}},"158":{"start":{"line":447,"column":6},"end":{"line":452,"column":7}},"159":{"start":{"line":448,"column":26},"end":{"line":448,"column":51}},"160":{"start":{"line":449,"column":8},"end":{"line":451,"column":10}},"161":{"start":{"line":450,"column":10},"end":{"line":450,"column":92}},"162":{"start":{"line":454,"column":6},"end":{"line":454,"column":49}},"163":{"start":{"line":456,"column":4},"end":{"line":456,"column":20}},"164":{"start":{"line":459,"column":30},"end":{"line":497,"column":3}},"165":{"start":{"line":460,"column":23},"end":{"line":460,"column":44}},"166":{"start":{"line":461,"column":4},"end":{"line":461,"column":38}},"167":{"start":{"line":462,"column":4},"end":{"line":462,"column":23}},"168":{"start":{"line":463,"column":4},"end":{"line":463,"column":19}},"169":{"start":{"line":464,"column":4},"end":{"line":464,"column":24}},"170":{"start":{"line":465,"column":4},"end":{"line":496,"column":5}},"171":{"start":{"line":466,"column":21},"end":{"line":466,"column":88}},"172":{"start":{"line":467,"column":6},"end":{"line":467,"column":32}},"173":{"start":{"line":468,"column":6},"end":{"line":468,"column":27}},"174":{"start":{"line":469,"column":6},"end":{"line":487,"column":9}},"175":{"start":{"line":482,"column":70},"end":{"line":482,"column":79}},"176":{"start":{"line":489,"column":6},"end":{"line":489,"column":44}},"177":{"start":{"line":489,"column":37},"end":{"line":489,"column":44}},"178":{"start":{"line":490,"column":6},"end":{"line":490,"column":25}},"179":{"start":{"line":491,"column":6},"end":{"line":491,"column":83}},"180":{"start":{"line":492,"column":6},"end":{"line":492,"column":24}},"181":{"start":{"line":494,"column":6},"end":{"line":494,"column":25}},"182":{"start":{"line":495,"column":6},"end":{"line":495,"column":26}},"183":{"start":{"line":499,"column":31},"end":{"line":553,"column":3}},"184":{"start":{"line":500,"column":23},"end":{"line":500,"column":44}},"185":{"start":{"line":501,"column":4},"end":{"line":501,"column":38}},"186":{"start":{"line":502,"column":4},"end":{"line":502,"column":23}},"187":{"start":{"line":503,"column":4},"end":{"line":503,"column":19}},"188":{"start":{"line":504,"column":4},"end":{"line":504,"column":24}},"189":{"start":{"line":505,"column":4},"end":{"line":552,"column":5}},"190":{"start":{"line":506,"column":23},"end":{"line":506,"column":100}},"191":{"start":{"line":507,"column":19},"end":{"line":507,"column":40}},"192":{"start":{"line":509,"column":6},"end":{"line":539,"column":7}},"193":{"start":{"line":511,"column":10},"end":{"line":514,"column":14}},"194":{"start":{"line":516,"column":23},"end":{"line":516,"column":90}},"195":{"start":{"line":517,"column":31},"end":{"line":522,"column":9}},"196":{"start":{"line":523,"column":8},"end":{"line":523,"column":42}},"197":{"start":{"line":524,"column":8},"end":{"line":524,"column":29}},"198":{"start":{"line":525,"column":8},"end":{"line":536,"column":11}},"199":{"start":{"line":538,"column":8},"end":{"line":538,"column":46}},"200":{"start":{"line":541,"column":6},"end":{"line":541,"column":44}},"201":{"start":{"line":541,"column":37},"end":{"line":541,"column":44}},"202":{"start":{"line":542,"column":6},"end":{"line":542,"column":25}},"203":{"start":{"line":544,"column":8},"end":{"line":546,"column":55}},"204":{"start":{"line":547,"column":6},"end":{"line":547,"column":20}},"205":{"start":{"line":548,"column":6},"end":{"line":548,"column":24}},"206":{"start":{"line":550,"column":6},"end":{"line":550,"column":25}},"207":{"start":{"line":551,"column":6},"end":{"line":551,"column":26}},"208":{"start":{"line":555,"column":40},"end":{"line":603,"column":3}},"209":{"start":{"line":556,"column":23},"end":{"line":556,"column":44}},"210":{"start":{"line":557,"column":4},"end":{"line":557,"column":38}},"211":{"start":{"line":558,"column":4},"end":{"line":558,"column":23}},"212":{"start":{"line":559,"column":4},"end":{"line":559,"column":19}},"213":{"start":{"line":560,"column":4},"end":{"line":560,"column":24}},"214":{"start":{"line":561,"column":4},"end":{"line":602,"column":5}},"215":{"start":{"line":563,"column":8},"end":{"line":566,"column":12}},"216":{"start":{"line":568,"column":26},"end":{"line":568,"column":59}},"217":{"start":{"line":569,"column":21},"end":{"line":569,"column":87}},"218":{"start":{"line":570,"column":29},"end":{"line":575,"column":7}},"219":{"start":{"line":576,"column":6},"end":{"line":576,"column":40}},"220":{"start":{"line":577,"column":6},"end":{"line":577,"column":27}},"221":{"start":{"line":578,"column":6},"end":{"line":589,"column":9}},"222":{"start":{"line":591,"column":6},"end":{"line":591,"column":44}},"223":{"start":{"line":591,"column":37},"end":{"line":591,"column":44}},"224":{"start":{"line":592,"column":6},"end":{"line":592,"column":25}},"225":{"start":{"line":594,"column":8},"end":{"line":596,"column":59}},"226":{"start":{"line":597,"column":6},"end":{"line":597,"column":20}},"227":{"start":{"line":598,"column":6},"end":{"line":598,"column":33}},"228":{"start":{"line":600,"column":6},"end":{"line":600,"column":25}},"229":{"start":{"line":601,"column":6},"end":{"line":601,"column":26}},"230":{"start":{"line":606,"column":2},"end":{"line":630,"column":3}},"231":{"start":{"line":607,"column":4},"end":{"line":629,"column":6}},"232":{"start":{"line":632,"column":21},"end":{"line":637,"column":3}},"233":{"start":{"line":639,"column":2},"end":{"line":836,"column":4}},"234":{"start":{"line":649,"column":29},"end":{"line":649,"column":43}},"235":{"start":{"line":664,"column":29},"end":{"line":664,"column":42}},"236":{"start":{"line":681,"column":65},"end":{"line":681,"column":84}},"237":{"start":{"line":690,"column":37},"end":{"line":690,"column":55}},"238":{"start":{"line":705,"column":16},"end":{"line":712,"column":17}},"239":{"start":{"line":706,"column":18},"end":{"line":706,"column":41}},"240":{"start":{"line":707,"column":18},"end":{"line":707,"column":38}},"241":{"start":{"line":708,"column":23},"end":{"line":712,"column":17}},"242":{"start":{"line":709,"column":18},"end":{"line":709,"column":39}},"243":{"start":{"line":711,"column":18},"end":{"line":711,"column":33}},"244":{"start":{"line":728,"column":44},"end":{"line":728,"column":70}},"245":{"start":{"line":728,"column":71},"end":{"line":728,"column":92}},"246":{"start":{"line":740,"column":41},"end":{"line":740,"column":61}},"247":{"start":{"line":741,"column":30},"end":{"line":741,"column":52}},"248":{"start":{"line":742,"column":41},"end":{"line":742,"column":66}},"249":{"start":{"line":743,"column":41},"end":{"line":743,"column":61}},"250":{"start":{"line":749,"column":81},"end":{"line":749,"column":98}},"251":{"start":{"line":756,"column":30},"end":{"line":756,"column":52}},"252":{"start":{"line":757,"column":44},"end":{"line":757,"column":70}},"253":{"start":{"line":757,"column":71},"end":{"line":757,"column":92}},"254":{"start":{"line":763,"column":66},"end":{"line":763,"column":88}},"255":{"start":{"line":770,"column":30},"end":{"line":770,"column":52}},"256":{"start":{"line":782,"column":89},"end":{"line":782,"column":111}},"257":{"start":{"line":792,"column":30},"end":{"line":792,"column":52}},"258":{"start":{"line":796,"column":42},"end":{"line":796,"column":63}},"259":{"start":{"line":805,"column":87},"end":{"line":805,"column":107}},"260":{"start":{"line":814,"column":34},"end":{"line":814,"column":58}},"261":{"start":{"line":814,"column":59},"end":{"line":814,"column":82}},"262":{"start":{"line":817,"column":20},"end":{"line":817,"column":98}},"263":{"start":{"line":817,"column":48},"end":{"line":817,"column":96}}},"fnMap":{"0":{"name":"(anonymous_0)","decl":{"start":{"line":57,"column":35},"end":{"line":57,"column":36}},"loc":{"start":{"line":57,"column":47},"end":{"line":57,"column":53}},"line":57},"1":{"name":"DesktopAppShell","decl":{"start":{"line":88,"column":9},"end":{"line":88,"column":24}},"loc":{"start":{"line":88,"column":74},"end":{"line":215,"column":1}},"line":88},"2":{"name":"(anonymous_2)","decl":{"start":{"line":102,"column":9},"end":{"line":102,"column":10}},"loc":{"start":{"line":102,"column":19},"end":{"line":102,"column":41}},"line":102},"3":{"name":"(anonymous_3)","decl":{"start":{"line":117,"column":31},"end":{"line":117,"column":32}},"loc":{"start":{"line":118,"column":12},"end":{"line":126,"column":21}},"line":118},"4":{"name":"(anonymous_4)","decl":{"start":{"line":122,"column":23},"end":{"line":122,"column":24}},"loc":{"start":{"line":122,"column":29},"end":{"line":122,"column":45}},"line":122},"5":{"name":"(anonymous_5)","decl":{"start":{"line":148,"column":75},"end":{"line":148,"column":76}},"loc":{"start":{"line":148,"column":81},"end":{"line":148,"column":102}},"line":148},"6":{"name":"(anonymous_6)","decl":{"start":{"line":177,"column":77},"end":{"line":177,"column":78}},"loc":{"start":{"line":177,"column":83},"end":{"line":177,"column":104}},"line":177},"7":{"name":"(anonymous_7)","decl":{"start":{"line":196,"column":21},"end":{"line":196,"column":22}},"loc":{"start":{"line":196,"column":27},"end":{"line":196,"column":48}},"line":196},"8":{"name":"App","decl":{"start":{"line":217,"column":24},"end":{"line":217,"column":27}},"loc":{"start":{"line":217,"column":30},"end":{"line":837,"column":1}},"line":217},"9":{"name":"(anonymous_9)","decl":{"start":{"line":223,"column":12},"end":{"line":223,"column":13}},"loc":{"start":{"line":223,"column":18},"end":{"line":241,"column":3}},"line":223},"10":{"name":"(anonymous_10)","decl":{"start":{"line":224,"column":33},"end":{"line":224,"column":34}},"loc":{"start":{"line":224,"column":42},"end":{"line":233,"column":5}},"line":224},"11":{"name":"(anonymous_11)","decl":{"start":{"line":238,"column":11},"end":{"line":238,"column":12}},"loc":{"start":{"line":238,"column":17},"end":{"line":240,"column":5}},"line":238},"12":{"name":"(anonymous_12)","decl":{"start":{"line":245,"column":49},"end":{"line":245,"column":50}},"loc":{"start":{"line":245,"column":55},"end":{"line":245,"column":94}},"line":245},"13":{"name":"(anonymous_13)","decl":{"start":{"line":254,"column":28},"end":{"line":254,"column":29}},"loc":{"start":{"line":254,"column":34},"end":{"line":259,"column":3}},"line":254},"14":{"name":"(anonymous_14)","decl":{"start":{"line":256,"column":42},"end":{"line":256,"column":43}},"loc":{"start":{"line":256,"column":48},"end":{"line":258,"column":5}},"line":256},"15":{"name":"(anonymous_15)","decl":{"start":{"line":257,"column":24},"end":{"line":257,"column":25}},"loc":{"start":{"line":257,"column":31},"end":{"line":257,"column":36}},"line":257},"16":{"name":"(anonymous_16)","decl":{"start":{"line":261,"column":27},"end":{"line":261,"column":28}},"loc":{"start":{"line":261,"column":33},"end":{"line":265,"column":3}},"line":261},"17":{"name":"(anonymous_17)","decl":{"start":{"line":267,"column":27},"end":{"line":267,"column":28}},"loc":{"start":{"line":267,"column":33},"end":{"line":273,"column":3}},"line":267},"18":{"name":"(anonymous_18)","decl":{"start":{"line":277,"column":43},"end":{"line":277,"column":44}},"loc":{"start":{"line":277,"column":49},"end":{"line":284,"column":3}},"line":277},"19":{"name":"(anonymous_19)","decl":{"start":{"line":288,"column":49},"end":{"line":288,"column":50}},"loc":{"start":{"line":288,"column":55},"end":{"line":295,"column":3}},"line":288},"20":{"name":"(anonymous_20)","decl":{"start":{"line":301,"column":12},"end":{"line":301,"column":13}},"loc":{"start":{"line":301,"column":18},"end":{"line":311,"column":3}},"line":301},"21":{"name":"(anonymous_21)","decl":{"start":{"line":302,"column":31},"end":{"line":302,"column":32}},"loc":{"start":{"line":302,"column":37},"end":{"line":306,"column":5}},"line":302},"22":{"name":"(anonymous_22)","decl":{"start":{"line":305,"column":17},"end":{"line":305,"column":18}},"loc":{"start":{"line":305,"column":29},"end":{"line":305,"column":85}},"line":305},"23":{"name":"(anonymous_23)","decl":{"start":{"line":310,"column":11},"end":{"line":310,"column":12}},"loc":{"start":{"line":310,"column":17},"end":{"line":310,"column":73}},"line":310},"24":{"name":"(anonymous_24)","decl":{"start":{"line":317,"column":12},"end":{"line":317,"column":13}},"loc":{"start":{"line":317,"column":18},"end":{"line":349,"column":3}},"line":317},"25":{"name":"restoreSession","decl":{"start":{"line":320,"column":19},"end":{"line":320,"column":33}},"loc":{"start":{"line":320,"column":36},"end":{"line":347,"column":5}},"line":320},"26":{"name":"(anonymous_26)","decl":{"start":{"line":352,"column":25},"end":{"line":352,"column":26}},"loc":{"start":{"line":352,"column":35},"end":{"line":355,"column":3}},"line":352},"27":{"name":"(anonymous_27)","decl":{"start":{"line":357,"column":22},"end":{"line":357,"column":23}},"loc":{"start":{"line":357,"column":67},"end":{"line":367,"column":3}},"line":357},"28":{"name":"(anonymous_28)","decl":{"start":{"line":369,"column":23},"end":{"line":369,"column":24}},"loc":{"start":{"line":369,"column":35},"end":{"line":381,"column":3}},"line":369},"29":{"name":"(anonymous_29)","decl":{"start":{"line":383,"column":30},"end":{"line":383,"column":31}},"loc":{"start":{"line":383,"column":40},"end":{"line":386,"column":3}},"line":383},"30":{"name":"(anonymous_30)","decl":{"start":{"line":388,"column":35},"end":{"line":388,"column":36}},"loc":{"start":{"line":388,"column":54},"end":{"line":403,"column":3}},"line":388},"31":{"name":"(anonymous_31)","decl":{"start":{"line":405,"column":24},"end":{"line":405,"column":25}},"loc":{"start":{"line":405,"column":36},"end":{"line":416,"column":3}},"line":405},"32":{"name":"(anonymous_32)","decl":{"start":{"line":418,"column":35},"end":{"line":418,"column":36}},"loc":{"start":{"line":418,"column":52},"end":{"line":424,"column":3}},"line":418},"33":{"name":"(anonymous_33)","decl":{"start":{"line":429,"column":30},"end":{"line":429,"column":31}},"loc":{"start":{"line":429,"column":45},"end":{"line":436,"column":3}},"line":429},"34":{"name":"(anonymous_34)","decl":{"start":{"line":430,"column":16},"end":{"line":430,"column":17}},"loc":{"start":{"line":430,"column":26},"end":{"line":435,"column":5}},"line":430},"35":{"name":"(anonymous_35)","decl":{"start":{"line":439,"column":19},"end":{"line":439,"column":20}},"loc":{"start":{"line":439,"column":38},"end":{"line":457,"column":3}},"line":439},"36":{"name":"(anonymous_36)","decl":{"start":{"line":449,"column":26},"end":{"line":449,"column":27}},"loc":{"start":{"line":450,"column":10},"end":{"line":450,"column":92}},"line":450},"37":{"name":"(anonymous_37)","decl":{"start":{"line":459,"column":30},"end":{"line":459,"column":31}},"loc":{"start":{"line":459,"column":53},"end":{"line":497,"column":3}},"line":459},"38":{"name":"(anonymous_38)","decl":{"start":{"line":482,"column":60},"end":{"line":482,"column":61}},"loc":{"start":{"line":482,"column":70},"end":{"line":482,"column":79}},"line":482},"39":{"name":"(anonymous_39)","decl":{"start":{"line":499,"column":31},"end":{"line":499,"column":32}},"loc":{"start":{"line":499,"column":50},"end":{"line":553,"column":3}},"line":499},"40":{"name":"(anonymous_40)","decl":{"start":{"line":555,"column":40},"end":{"line":555,"column":41}},"loc":{"start":{"line":555,"column":59},"end":{"line":603,"column":3}},"line":555},"41":{"name":"(anonymous_41)","decl":{"start":{"line":649,"column":23},"end":{"line":649,"column":24}},"loc":{"start":{"line":649,"column":29},"end":{"line":649,"column":43}},"line":649},"42":{"name":"(anonymous_42)","decl":{"start":{"line":664,"column":23},"end":{"line":664,"column":24}},"loc":{"start":{"line":664,"column":29},"end":{"line":664,"column":42}},"line":664},"43":{"name":"(anonymous_43)","decl":{"start":{"line":681,"column":59},"end":{"line":681,"column":60}},"loc":{"start":{"line":681,"column":65},"end":{"line":681,"column":84}},"line":681},"44":{"name":"(anonymous_44)","decl":{"start":{"line":690,"column":31},"end":{"line":690,"column":32}},"loc":{"start":{"line":690,"column":37},"end":{"line":690,"column":55}},"line":690},"45":{"name":"(anonymous_45)","decl":{"start":{"line":704,"column":22},"end":{"line":704,"column":23}},"loc":{"start":{"line":704,"column":28},"end":{"line":713,"column":15}},"line":704},"46":{"name":"(anonymous_46)","decl":{"start":{"line":728,"column":30},"end":{"line":728,"column":31}},"loc":{"start":{"line":728,"column":42},"end":{"line":728,"column":94}},"line":728},"47":{"name":"(anonymous_47)","decl":{"start":{"line":740,"column":35},"end":{"line":740,"column":36}},"loc":{"start":{"line":740,"column":41},"end":{"line":740,"column":61}},"line":740},"48":{"name":"(anonymous_48)","decl":{"start":{"line":741,"column":24},"end":{"line":741,"column":25}},"loc":{"start":{"line":741,"column":30},"end":{"line":741,"column":52}},"line":741},"49":{"name":"(anonymous_49)","decl":{"start":{"line":742,"column":35},"end":{"line":742,"column":36}},"loc":{"start":{"line":742,"column":41},"end":{"line":742,"column":66}},"line":742},"50":{"name":"(anonymous_50)","decl":{"start":{"line":743,"column":35},"end":{"line":743,"column":36}},"loc":{"start":{"line":743,"column":41},"end":{"line":743,"column":61}},"line":743},"51":{"name":"(anonymous_51)","decl":{"start":{"line":749,"column":75},"end":{"line":749,"column":76}},"loc":{"start":{"line":749,"column":81},"end":{"line":749,"column":98}},"line":749},"52":{"name":"(anonymous_52)","decl":{"start":{"line":756,"column":24},"end":{"line":756,"column":25}},"loc":{"start":{"line":756,"column":30},"end":{"line":756,"column":52}},"line":756},"53":{"name":"(anonymous_53)","decl":{"start":{"line":757,"column":30},"end":{"line":757,"column":31}},"loc":{"start":{"line":757,"column":42},"end":{"line":757,"column":94}},"line":757},"54":{"name":"(anonymous_54)","decl":{"start":{"line":763,"column":60},"end":{"line":763,"column":61}},"loc":{"start":{"line":763,"column":66},"end":{"line":763,"column":88}},"line":763},"55":{"name":"(anonymous_55)","decl":{"start":{"line":770,"column":24},"end":{"line":770,"column":25}},"loc":{"start":{"line":770,"column":30},"end":{"line":770,"column":52}},"line":770},"56":{"name":"(anonymous_56)","decl":{"start":{"line":782,"column":83},"end":{"line":782,"column":84}},"loc":{"start":{"line":782,"column":89},"end":{"line":782,"column":111}},"line":782},"57":{"name":"(anonymous_57)","decl":{"start":{"line":792,"column":24},"end":{"line":792,"column":25}},"loc":{"start":{"line":792,"column":30},"end":{"line":792,"column":52}},"line":792},"58":{"name":"(anonymous_58)","decl":{"start":{"line":796,"column":36},"end":{"line":796,"column":37}},"loc":{"start":{"line":796,"column":42},"end":{"line":796,"column":63}},"line":796},"59":{"name":"(anonymous_59)","decl":{"start":{"line":805,"column":81},"end":{"line":805,"column":82}},"loc":{"start":{"line":805,"column":87},"end":{"line":805,"column":107}},"line":805},"60":{"name":"(anonymous_60)","decl":{"start":{"line":814,"column":26},"end":{"line":814,"column":27}},"loc":{"start":{"line":814,"column":32},"end":{"line":814,"column":84}},"line":814},"61":{"name":"(anonymous_61)","decl":{"start":{"line":816,"column":37},"end":{"line":816,"column":38}},"loc":{"start":{"line":816,"column":63},"end":{"line":818,"column":19}},"line":816},"62":{"name":"(anonymous_62)","decl":{"start":{"line":817,"column":38},"end":{"line":817,"column":39}},"loc":{"start":{"line":817,"column":48},"end":{"line":817,"column":96}},"line":817}},"branchMap":{"0":{"loc":{"start":{"line":93,"column":2},"end":{"line":93,"column":57}},"type":"if","locations":[{"start":{"line":93,"column":2},"end":{"line":93,"column":57}},{"start":{},"end":{}}],"line":93},"1":{"loc":{"start":{"line":95,"column":22},"end":{"line":95,"column":68}},"type":"binary-expr","locations":[{"start":{"line":95,"column":22},"end":{"line":95,"column":53}},{"start":{"line":95,"column":57},"end":{"line":95,"column":68}}],"line":95},"2":{"loc":{"start":{"line":97,"column":22},"end":{"line":97,"column":75}},"type":"binary-expr","locations":[{"start":{"line":97,"column":22},"end":{"line":97,"column":36}},{"start":{"line":97,"column":40},"end":{"line":97,"column":57}},{"start":{"line":97,"column":61},"end":{"line":97,"column":75}}],"line":97},"3":{"loc":{"start":{"line":98,"column":19},"end":{"line":103,"column":21}},"type":"binary-expr","locations":[{"start":{"line":98,"column":19},"end":{"line":103,"column":13}},{"start":{"line":103,"column":17},"end":{"line":103,"column":21}}],"line":98},"4":{"loc":{"start":{"line":104,"column":27},"end":{"line":104,"column":98}},"type":"binary-expr","locations":[{"start":{"line":104,"column":27},"end":{"line":104,"column":46}},{"start":{"line":104,"column":50},"end":{"line":104,"column":69}},{"start":{"line":104,"column":73},"end":{"line":104,"column":93}},{"start":{"line":104,"column":97},"end":{"line":104,"column":98}}],"line":104},"5":{"loc":{"start":{"line":105,"column":21},"end":{"line":105,"column":106}},"type":"cond-expr","locations":[{"start":{"line":105,"column":43},"end":{"line":105,"column":46}},{"start":{"line":105,"column":49},"end":{"line":105,"column":106}}],"line":105},"6":{"loc":{"start":{"line":105,"column":56},"end":{"line":105,"column":105}},"type":"binary-expr","locations":[{"start":{"line":105,"column":56},"end":{"line":105,"column":75}},{"start":{"line":105,"column":79},"end":{"line":105,"column":99}},{"start":{"line":105,"column":103},"end":{"line":105,"column":105}}],"line":105},"7":{"loc":{"start":{"line":106,"column":23},"end":{"line":106,"column":109}},"type":"cond-expr","locations":[{"start":{"line":106,"column":45},"end":{"line":106,"column":48}},{"start":{"line":106,"column":51},"end":{"line":106,"column":109}}],"line":106},"8":{"loc":{"start":{"line":121,"column":44},"end":{"line":121,"column":81}},"type":"cond-expr","locations":[{"start":{"line":121,"column":67},"end":{"line":121,"column":76}},{"start":{"line":121,"column":79},"end":{"line":121,"column":81}}],"line":121},"9":{"loc":{"start":{"line":135,"column":19},"end":{"line":135,"column":104}},"type":"cond-expr","locations":[{"start":{"line":135,"column":41},"end":{"line":135,"column":74}},{"start":{"line":135,"column":77},"end":{"line":135,"column":104}}],"line":135},"10":{"loc":{"start":{"line":140,"column":15},"end":{"line":142,"column":104}},"type":"cond-expr","locations":[{"start":{"line":141,"column":18},"end":{"line":141,"column":57}},{"start":{"line":142,"column":18},"end":{"line":142,"column":104}}],"line":140},"11":{"loc":{"start":{"line":147,"column":11},"end":{"line":151,"column":11}},"type":"binary-expr","locations":[{"start":{"line":147,"column":11},"end":{"line":147,"column":31}},{"start":{"line":148,"column":12},"end":{"line":150,"column":21}}],"line":147},"12":{"loc":{"start":{"line":163,"column":19},"end":{"line":163,"column":59}},"type":"binary-expr","locations":[{"start":{"line":163,"column":19},"end":{"line":163,"column":46}},{"start":{"line":163,"column":50},"end":{"line":163,"column":59}}],"line":163},"13":{"loc":{"start":{"line":168,"column":15},"end":{"line":170,"column":110}},"type":"cond-expr","locations":[{"start":{"line":169,"column":18},"end":{"line":169,"column":57}},{"start":{"line":170,"column":18},"end":{"line":170,"column":110}}],"line":168},"14":{"loc":{"start":{"line":190,"column":15},"end":{"line":190,"column":55}},"type":"binary-expr","locations":[{"start":{"line":190,"column":15},"end":{"line":190,"column":42}},{"start":{"line":190,"column":46},"end":{"line":190,"column":55}}],"line":190},"15":{"loc":{"start":{"line":225,"column":20},"end":{"line":225,"column":48}},"type":"binary-expr","locations":[{"start":{"line":225,"column":20},"end":{"line":225,"column":32}},{"start":{"line":225,"column":36},"end":{"line":225,"column":48}}],"line":225},"16":{"loc":{"start":{"line":226,"column":37},"end":{"line":226,"column":58}},"type":"cond-expr","locations":[{"start":{"line":226,"column":45},"end":{"line":226,"column":50}},{"start":{"line":226,"column":53},"end":{"line":226,"column":58}}],"line":226},"17":{"loc":{"start":{"line":228,"column":6},"end":{"line":232,"column":7}},"type":"if","locations":[{"start":{"line":228,"column":6},"end":{"line":232,"column":7}},{"start":{"line":230,"column":13},"end":{"line":232,"column":7}}],"line":228},"18":{"loc":{"start":{"line":236,"column":25},"end":{"line":236,"column":71}},"type":"binary-expr","locations":[{"start":{"line":236,"column":25},"end":{"line":236,"column":46}},{"start":{"line":236,"column":50},"end":{"line":236,"column":63}},{"start":{"line":236,"column":67},"end":{"line":236,"column":71}}],"line":236},"19":{"loc":{"start":{"line":280,"column":13},"end":{"line":280,"column":70}},"type":"cond-expr","locations":[{"start":{"line":280,"column":46},"end":{"line":280,"column":63}},{"start":{"line":280,"column":66},"end":{"line":280,"column":70}}],"line":280},"20":{"loc":{"start":{"line":280,"column":13},"end":{"line":280,"column":43}},"type":"binary-expr","locations":[{"start":{"line":280,"column":13},"end":{"line":280,"column":18}},{"start":{"line":280,"column":22},"end":{"line":280,"column":43}}],"line":280},"21":{"loc":{"start":{"line":291,"column":13},"end":{"line":291,"column":70}},"type":"cond-expr","locations":[{"start":{"line":291,"column":46},"end":{"line":291,"column":63}},{"start":{"line":291,"column":66},"end":{"line":291,"column":70}}],"line":291},"22":{"loc":{"start":{"line":291,"column":13},"end":{"line":291,"column":43}},"type":"binary-expr","locations":[{"start":{"line":291,"column":13},"end":{"line":291,"column":18}},{"start":{"line":291,"column":22},"end":{"line":291,"column":43}}],"line":291},"23":{"loc":{"start":{"line":323,"column":8},"end":{"line":338,"column":9}},"type":"if","locations":[{"start":{"line":323,"column":8},"end":{"line":338,"column":9}},{"start":{"line":334,"column":15},"end":{"line":338,"column":9}}],"line":323},"24":{"loc":{"start":{"line":331,"column":10},"end":{"line":333,"column":11}},"type":"if","locations":[{"start":{"line":331,"column":10},"end":{"line":333,"column":11}},{"start":{},"end":{}}],"line":331},"25":{"loc":{"start":{"line":332,"column":21},"end":{"line":332,"column":69}},"type":"cond-expr","locations":[{"start":{"line":332,"column":41},"end":{"line":332,"column":53}},{"start":{"line":332,"column":56},"end":{"line":332,"column":69}}],"line":332},"26":{"loc":{"start":{"line":354,"column":4},"end":{"line":354,"column":29}},"type":"if","locations":[{"start":{"line":354,"column":4},"end":{"line":354,"column":29}},{"start":{},"end":{}}],"line":354},"27":{"loc":{"start":{"line":357,"column":37},"end":{"line":357,"column":62}},"type":"default-arg","locations":[{"start":{"line":357,"column":57},"end":{"line":357,"column":62}}],"line":357},"28":{"loc":{"start":{"line":362,"column":13},"end":{"line":362,"column":56}},"type":"cond-expr","locations":[{"start":{"line":362,"column":28},"end":{"line":362,"column":40}},{"start":{"line":362,"column":43},"end":{"line":362,"column":56}}],"line":362},"29":{"loc":{"start":{"line":364,"column":4},"end":{"line":366,"column":5}},"type":"if","locations":[{"start":{"line":364,"column":4},"end":{"line":366,"column":5}},{"start":{},"end":{}}],"line":364},"30":{"loc":{"start":{"line":408,"column":6},"end":{"line":412,"column":7}},"type":"if","locations":[{"start":{"line":408,"column":6},"end":{"line":412,"column":7}},{"start":{},"end":{}}],"line":408},"31":{"loc":{"start":{"line":419,"column":4},"end":{"line":419,"column":29}},"type":"if","locations":[{"start":{"line":419,"column":4},"end":{"line":419,"column":29}},{"start":{},"end":{}}],"line":419},"32":{"loc":{"start":{"line":431,"column":6},"end":{"line":431,"column":61}},"type":"if","locations":[{"start":{"line":431,"column":6},"end":{"line":431,"column":61}},{"start":{},"end":{}}],"line":431},"33":{"loc":{"start":{"line":431,"column":10},"end":{"line":431,"column":47}},"type":"binary-expr","locations":[{"start":{"line":431,"column":10},"end":{"line":431,"column":15}},{"start":{"line":431,"column":19},"end":{"line":431,"column":47}}],"line":431},"34":{"loc":{"start":{"line":447,"column":6},"end":{"line":452,"column":7}},"type":"if","locations":[{"start":{"line":447,"column":6},"end":{"line":452,"column":7}},{"start":{},"end":{}}],"line":447},"35":{"loc":{"start":{"line":450,"column":10},"end":{"line":450,"column":92}},"type":"cond-expr","locations":[{"start":{"line":450,"column":17},"end":{"line":450,"column":85}},{"start":{"line":450,"column":88},"end":{"line":450,"column":92}}],"line":450},"36":{"loc":{"start":{"line":450,"column":60},"end":{"line":450,"column":83}},"type":"binary-expr","locations":[{"start":{"line":450,"column":60},"end":{"line":450,"column":78}},{"start":{"line":450,"column":82},"end":{"line":450,"column":83}}],"line":450},"37":{"loc":{"start":{"line":482,"column":28},"end":{"line":482,"column":97}},"type":"binary-expr","locations":[{"start":{"line":482,"column":28},"end":{"line":482,"column":91}},{"start":{"line":482,"column":95},"end":{"line":482,"column":97}}],"line":482},"38":{"loc":{"start":{"line":483,"column":24},"end":{"line":483,"column":97}},"type":"binary-expr","locations":[{"start":{"line":483,"column":24},"end":{"line":483,"column":54}},{"start":{"line":483,"column":58},"end":{"line":483,"column":89}},{"start":{"line":483,"column":93},"end":{"line":483,"column":97}}],"line":483},"39":{"loc":{"start":{"line":484,"column":28},"end":{"line":484,"column":109}},"type":"binary-expr","locations":[{"start":{"line":484,"column":28},"end":{"line":484,"column":62}},{"start":{"line":484,"column":66},"end":{"line":484,"column":101}},{"start":{"line":484,"column":105},"end":{"line":484,"column":109}}],"line":484},"40":{"loc":{"start":{"line":485,"column":22},"end":{"line":485,"column":67}},"type":"binary-expr","locations":[{"start":{"line":485,"column":22},"end":{"line":485,"column":39}},{"start":{"line":485,"column":43},"end":{"line":485,"column":59}},{"start":{"line":485,"column":63},"end":{"line":485,"column":67}}],"line":485},"41":{"loc":{"start":{"line":489,"column":6},"end":{"line":489,"column":44}},"type":"if","locations":[{"start":{"line":489,"column":6},"end":{"line":489,"column":44}},{"start":{},"end":{}}],"line":489},"42":{"loc":{"start":{"line":491,"column":15},"end":{"line":491,"column":81}},"type":"binary-expr","locations":[{"start":{"line":491,"column":15},"end":{"line":491,"column":26}},{"start":{"line":491,"column":30},"end":{"line":491,"column":81}}],"line":491},"43":{"loc":{"start":{"line":509,"column":6},"end":{"line":539,"column":7}},"type":"if","locations":[{"start":{"line":509,"column":6},"end":{"line":539,"column":7}},{"start":{"line":537,"column":13},"end":{"line":539,"column":7}}],"line":509},"44":{"loc":{"start":{"line":511,"column":10},"end":{"line":514,"column":14}},"type":"binary-expr","locations":[{"start":{"line":511,"column":10},"end":{"line":511,"column":45}},{"start":{"line":512,"column":10},"end":{"line":512,"column":39}},{"start":{"line":513,"column":10},"end":{"line":513,"column":33}},{"start":{"line":514,"column":10},"end":{"line":514,"column":14}}],"line":511},"45":{"loc":{"start":{"line":519,"column":22},"end":{"line":519,"column":95}},"type":"binary-expr","locations":[{"start":{"line":519,"column":22},"end":{"line":519,"column":39}},{"start":{"line":519,"column":43},"end":{"line":519,"column":59}},{"start":{"line":519,"column":63},"end":{"line":519,"column":87}},{"start":{"line":519,"column":91},"end":{"line":519,"column":95}}],"line":519},"46":{"loc":{"start":{"line":520,"column":21},"end":{"line":520,"column":94}},"type":"binary-expr","locations":[{"start":{"line":520,"column":21},"end":{"line":520,"column":37}},{"start":{"line":520,"column":41},"end":{"line":520,"column":58}},{"start":{"line":520,"column":62},"end":{"line":520,"column":86}},{"start":{"line":520,"column":90},"end":{"line":520,"column":94}}],"line":520},"47":{"loc":{"start":{"line":541,"column":6},"end":{"line":541,"column":44}},"type":"if","locations":[{"start":{"line":541,"column":6},"end":{"line":541,"column":44}},{"start":{},"end":{}}],"line":541},"48":{"loc":{"start":{"line":544,"column":8},"end":{"line":546,"column":55}},"type":"cond-expr","locations":[{"start":{"line":545,"column":12},"end":{"line":545,"column":23}},{"start":{"line":546,"column":12},"end":{"line":546,"column":55}}],"line":544},"49":{"loc":{"start":{"line":544,"column":8},"end":{"line":544,"column":78}},"type":"binary-expr","locations":[{"start":{"line":544,"column":8},"end":{"line":544,"column":45}},{"start":{"line":544,"column":49},"end":{"line":544,"column":78}}],"line":544},"50":{"loc":{"start":{"line":563,"column":8},"end":{"line":566,"column":12}},"type":"binary-expr","locations":[{"start":{"line":563,"column":8},"end":{"line":563,"column":38}},{"start":{"line":564,"column":8},"end":{"line":564,"column":32}},{"start":{"line":565,"column":8},"end":{"line":565,"column":26}},{"start":{"line":566,"column":8},"end":{"line":566,"column":12}}],"line":563},"51":{"loc":{"start":{"line":568,"column":26},"end":{"line":568,"column":59}},"type":"binary-expr","locations":[{"start":{"line":568,"column":26},"end":{"line":568,"column":48}},{"start":{"line":568,"column":52},"end":{"line":568,"column":59}}],"line":568},"52":{"loc":{"start":{"line":572,"column":20},"end":{"line":572,"column":92}},"type":"binary-expr","locations":[{"start":{"line":572,"column":20},"end":{"line":572,"column":37}},{"start":{"line":572,"column":41},"end":{"line":572,"column":57}},{"start":{"line":572,"column":61},"end":{"line":572,"column":84}},{"start":{"line":572,"column":88},"end":{"line":572,"column":92}}],"line":572},"53":{"loc":{"start":{"line":573,"column":19},"end":{"line":573,"column":91}},"type":"binary-expr","locations":[{"start":{"line":573,"column":19},"end":{"line":573,"column":35}},{"start":{"line":573,"column":39},"end":{"line":573,"column":56}},{"start":{"line":573,"column":60},"end":{"line":573,"column":83}},{"start":{"line":573,"column":87},"end":{"line":573,"column":91}}],"line":573},"54":{"loc":{"start":{"line":591,"column":6},"end":{"line":591,"column":44}},"type":"if","locations":[{"start":{"line":591,"column":6},"end":{"line":591,"column":44}},{"start":{},"end":{}}],"line":591},"55":{"loc":{"start":{"line":594,"column":8},"end":{"line":596,"column":59}},"type":"cond-expr","locations":[{"start":{"line":595,"column":12},"end":{"line":595,"column":23}},{"start":{"line":596,"column":12},"end":{"line":596,"column":59}}],"line":594},"56":{"loc":{"start":{"line":594,"column":8},"end":{"line":594,"column":78}},"type":"binary-expr","locations":[{"start":{"line":594,"column":8},"end":{"line":594,"column":45}},{"start":{"line":594,"column":49},"end":{"line":594,"column":78}}],"line":594},"57":{"loc":{"start":{"line":606,"column":2},"end":{"line":630,"column":3}},"type":"if","locations":[{"start":{"line":606,"column":2},"end":{"line":630,"column":3}},{"start":{},"end":{}}],"line":606},"58":{"loc":{"start":{"line":643,"column":7},"end":{"line":655,"column":7}},"type":"binary-expr","locations":[{"start":{"line":643,"column":7},"end":{"line":643,"column":12}},{"start":{"line":644,"column":8},"end":{"line":654,"column":14}}],"line":643},"59":{"loc":{"start":{"line":658,"column":7},"end":{"line":670,"column":7}},"type":"binary-expr","locations":[{"start":{"line":658,"column":7},"end":{"line":658,"column":11}},{"start":{"line":659,"column":8},"end":{"line":669,"column":14}}],"line":658},"60":{"loc":{"start":{"line":673,"column":7},"end":{"line":673,"column":96}},"type":"binary-expr","locations":[{"start":{"line":673,"column":7},"end":{"line":673,"column":16}},{"start":{"line":673,"column":20},"end":{"line":673,"column":96}}],"line":673},"61":{"loc":{"start":{"line":680,"column":12},"end":{"line":681,"column":88}},"type":"cond-expr","locations":[{"start":{"line":680,"column":23},"end":{"line":680,"column":59}},{"start":{"line":681,"column":12},"end":{"line":681,"column":88}}],"line":680},"62":{"loc":{"start":{"line":687,"column":12},"end":{"line":692,"column":14}},"type":"cond-expr","locations":[{"start":{"line":687,"column":23},"end":{"line":687,"column":59}},{"start":{"line":688,"column":12},"end":{"line":692,"column":14}}],"line":687},"63":{"loc":{"start":{"line":705,"column":16},"end":{"line":712,"column":17}},"type":"if","locations":[{"start":{"line":705,"column":16},"end":{"line":712,"column":17}},{"start":{"line":708,"column":23},"end":{"line":712,"column":17}}],"line":705},"64":{"loc":{"start":{"line":708,"column":23},"end":{"line":712,"column":17}},"type":"if","locations":[{"start":{"line":708,"column":23},"end":{"line":712,"column":17}},{"start":{"line":710,"column":23},"end":{"line":712,"column":17}}],"line":708},"65":{"loc":{"start":{"line":811,"column":14},"end":{"line":822,"column":15}},"type":"cond-expr","locations":[{"start":{"line":812,"column":16},"end":{"line":819,"column":18}},{"start":{"line":821,"column":16},"end":{"line":821,"column":52}}],"line":811},"66":{"loc":{"start":{"line":817,"column":48},"end":{"line":817,"column":96}},"type":"cond-expr","locations":[{"start":{"line":817,"column":55},"end":{"line":817,"column":89}},{"start":{"line":817,"column":92},"end":{"line":817,"column":96}}],"line":817}},"s":{"0":0,"1":0,"2":0,"3":0,"4":0,"5":0,"6":0,"7":0,"8":0,"9":0,"10":0,"11":0,"12":0,"13":0,"14":0,"15":0,"16":0,"17":0,"18":0,"19":0,"20":0,"21":0,"22":0,"23":0,"24":0,"25":0,"26":0,"27":0,"28":0,"29":0,"30":0,"31":0,"32":0,"33":0,"34":0,"35":0,"36":0,"37":0,"38":0,"39":0,"40":0,"41":0,"42":0,"43":0,"44":0,"45":0,"46":0,"47":0,"48":0,"49":0,"50":0,"51":0,"52":0,"53":0,"54":0,"55":0,"56":0,"57":0,"58":0,"59":0,"60":0,"61":0,"62":0,"63":0,"64":0,"65":0,"66":0,"67":0,"68":0,"69":0,"70":0,"71":0,"72":0,"73":0,"74":0,"75":0,"76":0,"77":0,"78":0,"79":0,"80":0,"81":0,"82":0,"83":0,"84":0,"85":0,"86":0,"87":0,"88":0,"89":0,"90":0,"91":0,"92":0,"93":0,"94":0,"95":0,"96":0,"97":0,"98":0,"99":0,"100":0,"101":0,"102":0,"103":0,"104":0,"105":0,"106":0,"107":0,"108":0,"109":0,"110":0,"111":0,"112":0,"113":0,"114":0,"115":0,"116":0,"117":0,"118":0,"119":0,"120":0,"121":0,"122":0,"123":0,"124":0,"125":0,"126":0,"127":0,"128":0,"129":0,"130":0,"131":0,"132":0,"133":0,"134":0,"135":0,"136":0,"137":0,"138":0,"139":0,"140":0,"141":0,"142":0,"143":0,"144":0,"145":0,"146":0,"147":0,"148":0,"149":0,"150":0,"151":0,"152":0,"153":0,"154":0,"155":0,"156":0,"157":0,"158":0,"159":0,"160":0,"161":0,"162":0,"163":0,"164":0,"165":0,"166":0,"167":0,"168":0,"169":0,"170":0,"171":0,"172":0,"173":0,"174":0,"175":0,"176":0,"177":0,"178":0,"179":0,"180":0,"181":0,"182":0,"183":0,"184":0,"185":0,"186":0,"187":0,"188":0,"189":0,"190":0,"191":0,"192":0,"193":0,"194":0,"195":0,"196":0,"197":0,"198":0,"199":0,"200":0,"201":0,"202":0,"203":0,"204":0,"205":0,"206":0,"207":0,"208":0,"209":0,"210":0,"211":0,"212":0,"213":0,"214":0,"215":0,"216":0,"217":0,"218":0,"219":0,"220":0,"221":0,"222":0,"223":0,"224":0,"225":0,"226":0,"227":0,"228":0,"229":0,"230":0,"231":0,"232":0,"233":0,"234":0,"235":0,"236":0,"237":0,"238":0,"239":0,"240":0,"241":0,"242":0,"243":0,"244":0,"245":0,"246":0,"247":0,"248":0,"249":0,"250":0,"251":0,"252":0,"253":0,"254":0,"255":0,"256":0,"257":0,"258":0,"259":0,"260":0,"261":0,"262":0,"263":0},"f":{"0":0,"1":0,"2":0,"3":0,"4":0,"5":0,"6":0,"7":0,"8":0,"9":0,"10":0,"11":0,"12":0,"13":0,"14":0,"15":0,"16":0,"17":0,"18":0,"19":0,"20":0,"21":0,"22":0,"23":0,"24":0,"25":0,"26":0,"27":0,"28":0,"29":0,"30":0,"31":0,"32":0,"33":0,"34":0,"35":0,"36":0,"37":0,"38":0,"39":0,"40":0,"41":0,"42":0,"43":0,"44":0,"45":0,"46":0,"47":0,"48":0,"49":0,"50":0,"51":0,"52":0,"53":0,"54":0,"55":0,"56":0,"57":0,"58":0,"59":0,"60":0,"61":0,"62":0},"b":{"0":[0,0],"1":[0,0],"2":[0,0,0],"3":[0,0],"4":[0,0,0,0],"5":[0,0],"6":[0,0,0],"7":[0,0],"8":[0,0],"9":[0,0],"10":[0,0],"11":[0,0],"12":[0,0],"13":[0,0],"14":[0,0],"15":[0,0],"16":[0,0],"17":[0,0],"18":[0,0,0],"19":[0,0],"20":[0,0],"21":[0,0],"22":[0,0],"23":[0,0],"24":[0,0],"25":[0,0],"26":[0,0],"27":[0],"28":[0,0],"29":[0,0],"30":[0,0],"31":[0,0],"32":[0,0],"33":[0,0],"34":[0,0],"35":[0,0],"36":[0,0],"37":[0,0],"38":[0,0,0],"39":[0,0,0],"40":[0,0,0],"41":[0,0],"42":[0,0],"43":[0,0],"44":[0,0,0,0],"45":[0,0,0,0],"46":[0,0,0,0],"47":[0,0],"48":[0,0],"49":[0,0],"50":[0,0,0,0],"51":[0,0],"52":[0,0,0,0],"53":[0,0,0,0],"54":[0,0],"55":[0,0],"56":[0,0],"57":[0,0],"58":[0,0],"59":[0,0],"60":[0,0],"61":[0,0],"62":[0,0],"63":[0,0],"64":[0,0],"65":[0,0],"66":[0,0]}}
,"D:\\NutriScan-mainn\\Frontend\\src\\geminiService.js": {"path":"D:\\NutriScan-mainn\\Frontend\\src\\geminiService.js","statementMap":{"0":{"start":{"line":7,"column":14},"end":{"line":7,"column":71}},"1":{"start":{"line":7,"column":22},"end":{"line":7,"column":71}},"2":{"start":{"line":7,"column":47},"end":{"line":7,"column":70}},"3":{"start":{"line":11,"column":22},"end":{"line":11,"column":24}},"4":{"start":{"line":12,"column":17},"end":{"line":12,"column":18}},"5":{"start":{"line":14,"column":2},"end":{"line":38,"column":3}},"6":{"start":{"line":15,"column":4},"end":{"line":15,"column":81}},"7":{"start":{"line":15,"column":25},"end":{"line":15,"column":81}},"8":{"start":{"line":17,"column":21},"end":{"line":21,"column":6}},"9":{"start":{"line":23,"column":4},"end":{"line":26,"column":5}},"10":{"start":{"line":24,"column":18},"end":{"line":24,"column":57}},"11":{"start":{"line":24,"column":53},"end":{"line":24,"column":55}},"12":{"start":{"line":25,"column":6},"end":{"line":25,"column":78}},"13":{"start":{"line":28,"column":16},"end":{"line":28,"column":37}},"14":{"start":{"line":29,"column":4},"end":{"line":31,"column":5}},"15":{"start":{"line":30,"column":6},"end":{"line":30,"column":24}},"16":{"start":{"line":32,"column":4},"end":{"line":34,"column":5}},"17":{"start":{"line":33,"column":6},"end":{"line":33,"column":76}},"18":{"start":{"line":36,"column":4},"end":{"line":36,"column":15}},"19":{"start":{"line":37,"column":4},"end":{"line":37,"column":22}},"20":{"start":{"line":40,"column":2},"end":{"line":40,"column":59}},"21":{"start":{"line":44,"column":15},"end":{"line":44,"column":61}},"22":{"start":{"line":45,"column":19},"end":{"line":54,"column":4}},"23":{"start":{"line":56,"column":2},"end":{"line":59,"column":3}},"24":{"start":{"line":57,"column":16},"end":{"line":57,"column":55}},"25":{"start":{"line":57,"column":51},"end":{"line":57,"column":53}},"26":{"start":{"line":58,"column":4},"end":{"line":58,"column":69}},"27":{"start":{"line":61,"column":17},"end":{"line":61,"column":38}},"28":{"start":{"line":62,"column":2},"end":{"line":62,"column":41}},"29":{"start":{"line":66,"column":15},"end":{"line":66,"column":61}},"30":{"start":{"line":67,"column":19},"end":{"line":76,"column":4}},"31":{"start":{"line":78,"column":2},"end":{"line":81,"column":3}},"32":{"start":{"line":79,"column":16},"end":{"line":79,"column":55}},"33":{"start":{"line":79,"column":51},"end":{"line":79,"column":53}},"34":{"start":{"line":80,"column":4},"end":{"line":80,"column":69}},"35":{"start":{"line":83,"column":17},"end":{"line":83,"column":38}},"36":{"start":{"line":84,"column":2},"end":{"line":84,"column":41}}},"fnMap":{"0":{"name":"(anonymous_0)","decl":{"start":{"line":7,"column":14},"end":{"line":7,"column":15}},"loc":{"start":{"line":7,"column":22},"end":{"line":7,"column":71}},"line":7},"1":{"name":"(anonymous_1)","decl":{"start":{"line":7,"column":34},"end":{"line":7,"column":35}},"loc":{"start":{"line":7,"column":47},"end":{"line":7,"column":70}},"line":7},"2":{"name":"pollJobStatus","decl":{"start":{"line":10,"column":15},"end":{"line":10,"column":28}},"loc":{"start":{"line":10,"column":44},"end":{"line":41,"column":1}},"line":10},"3":{"name":"(anonymous_3)","decl":{"start":{"line":24,"column":46},"end":{"line":24,"column":47}},"loc":{"start":{"line":24,"column":53},"end":{"line":24,"column":55}},"line":24},"4":{"name":"analyzeFoodImage","decl":{"start":{"line":43,"column":22},"end":{"line":43,"column":38}},"loc":{"start":{"line":43,"column":73},"end":{"line":63,"column":1}},"line":43},"5":{"name":"(anonymous_5)","decl":{"start":{"line":57,"column":44},"end":{"line":57,"column":45}},"loc":{"start":{"line":57,"column":51},"end":{"line":57,"column":53}},"line":57},"6":{"name":"analyzeFoodText","decl":{"start":{"line":65,"column":22},"end":{"line":65,"column":37}},"loc":{"start":{"line":65,"column":72},"end":{"line":85,"column":1}},"line":65},"7":{"name":"(anonymous_7)","decl":{"start":{"line":79,"column":44},"end":{"line":79,"column":45}},"loc":{"start":{"line":79,"column":51},"end":{"line":79,"column":53}},"line":79}},"branchMap":{"0":{"loc":{"start":{"line":15,"column":4},"end":{"line":15,"column":81}},"type":"if","locations":[{"start":{"line":15,"column":4},"end":{"line":15,"column":81}},{"start":{},"end":{}}],"line":15},"1":{"loc":{"start":{"line":23,"column":4},"end":{"line":26,"column":5}},"type":"if","locations":[{"start":{"line":23,"column":4},"end":{"line":26,"column":5}},{"start":{},"end":{}}],"line":23},"2":{"loc":{"start":{"line":25,"column":22},"end":{"line":25,"column":76}},"type":"binary-expr","locations":[{"start":{"line":25,"column":22},"end":{"line":25,"column":31}},{"start":{"line":25,"column":35},"end":{"line":25,"column":76}}],"line":25},"3":{"loc":{"start":{"line":29,"column":4},"end":{"line":31,"column":5}},"type":"if","locations":[{"start":{"line":29,"column":4},"end":{"line":31,"column":5}},{"start":{},"end":{}}],"line":29},"4":{"loc":{"start":{"line":32,"column":4},"end":{"line":34,"column":5}},"type":"if","locations":[{"start":{"line":32,"column":4},"end":{"line":34,"column":5}},{"start":{},"end":{}}],"line":32},"5":{"loc":{"start":{"line":33,"column":22},"end":{"line":33,"column":74}},"type":"binary-expr","locations":[{"start":{"line":33,"column":22},"end":{"line":33,"column":31}},{"start":{"line":33,"column":35},"end":{"line":33,"column":74}}],"line":33},"6":{"loc":{"start":{"line":44,"column":15},"end":{"line":44,"column":61}},"type":"binary-expr","locations":[{"start":{"line":44,"column":15},"end":{"line":44,"column":36}},{"start":{"line":44,"column":40},"end":{"line":44,"column":53}},{"start":{"line":44,"column":57},"end":{"line":44,"column":61}}],"line":44},"7":{"loc":{"start":{"line":56,"column":2},"end":{"line":59,"column":3}},"type":"if","locations":[{"start":{"line":56,"column":2},"end":{"line":59,"column":3}},{"start":{},"end":{}}],"line":56},"8":{"loc":{"start":{"line":58,"column":20},"end":{"line":58,"column":67}},"type":"binary-expr","locations":[{"start":{"line":58,"column":20},"end":{"line":58,"column":29}},{"start":{"line":58,"column":33},"end":{"line":58,"column":67}}],"line":58},"9":{"loc":{"start":{"line":66,"column":15},"end":{"line":66,"column":61}},"type":"binary-expr","locations":[{"start":{"line":66,"column":15},"end":{"line":66,"column":36}},{"start":{"line":66,"column":40},"end":{"line":66,"column":53}},{"start":{"line":66,"column":57},"end":{"line":66,"column":61}}],"line":66},"10":{"loc":{"start":{"line":78,"column":2},"end":{"line":81,"column":3}},"type":"if","locations":[{"start":{"line":78,"column":2},"end":{"line":81,"column":3}},{"start":{},"end":{}}],"line":78},"11":{"loc":{"start":{"line":80,"column":20},"end":{"line":80,"column":67}},"type":"binary-expr","locations":[{"start":{"line":80,"column":20},"end":{"line":80,"column":29}},{"start":{"line":80,"column":33},"end":{"line":80,"column":67}}],"line":80}},"s":{"0":1,"1":1,"2":1,"3":4,"4":4,"5":4,"6":5,"7":0,"8":5,"9":5,"10":1,"11":0,"12":1,"13":4,"14":4,"15":2,"16":2,"17":1,"18":1,"19":1,"20":0,"21":5,"22":5,"23":4,"24":1,"25":0,"26":1,"27":3,"28":3,"29":2,"30":2,"31":2,"32":1,"33":0,"34":1,"35":1,"36":1},"f":{"0":1,"1":1,"2":4,"3":0,"4":5,"5":0,"6":2,"7":0},"b":{"0":[0,5],"1":[1,4],"2":[1,0],"3":[2,2],"4":[1,1],"5":[1,0],"6":[5,0,0],"7":[1,3],"8":[1,0],"9":[2,0,0],"10":[1,1],"11":[1,0]},"_coverageSchema":"1a1c01bbd47fc00a2c39e90264f33305004495a9","hash":"64a9aaf8ef4d7ceb6ae4cba23c04606f29ca87aa"}
,"D:\\NutriScan-mainn\\Frontend\\src\\test-setup.js": {"path":"D:\\NutriScan-mainn\\Frontend\\src\\test-setup.js","statementMap":{},"fnMap":{},"branchMap":{},"s":{},"f":{},"b":{}}
,"D:\\NutriScan-mainn\\Frontend\\src\\api\\client.js": {"path":"D:\\NutriScan-mainn\\Frontend\\src\\api\\client.js","statementMap":{"0":{"start":{"line":1,"column":19},"end":{"line":1,"column":74}},"1":{"start":{"line":13,"column":31},"end":{"line":13,"column":38}},"2":{"start":{"line":14,"column":2},"end":{"line":18,"column":5}}},"fnMap":{"0":{"name":"apiFetch","decl":{"start":{"line":12,"column":22},"end":{"line":12,"column":30}},"loc":{"start":{"line":12,"column":51},"end":{"line":19,"column":1}},"line":12}},"branchMap":{"0":{"loc":{"start":{"line":1,"column":19},"end":{"line":1,"column":74}},"type":"binary-expr","locations":[{"start":{"line":1,"column":19},"end":{"line":1,"column":47}},{"start":{"line":1,"column":51},"end":{"line":1,"column":74}}],"line":1},"1":{"loc":{"start":{"line":12,"column":37},"end":{"line":12,"column":49}},"type":"default-arg","locations":[{"start":{"line":12,"column":47},"end":{"line":12,"column":49}}],"line":12}},"s":{"0":1,"1":5,"2":5},"f":{"0":5},"b":{"0":[1,1],"1":[3]},"_coverageSchema":"1a1c01bbd47fc00a2c39e90264f33305004495a9","hash":"7703fc7ce84178d857c2b8d76198c3995f92b708"}
,"D:\\NutriScan-mainn\\Frontend\\src\\components\\BarcodeScanner.jsx": {"path":"D:\\NutriScan-mainn\\Frontend\\src\\components\\BarcodeScanner.jsx","statementMap":{"0":{"start":{"line":6,"column":2},"end":{"line":26,"column":15}},"1":{"start":{"line":7,"column":20},"end":{"line":11,"column":5}},"2":{"start":{"line":13,"column":4},"end":{"line":21,"column":6}},"3":{"start":{"line":15,"column":8},"end":{"line":15,"column":24}},"4":{"start":{"line":16,"column":8},"end":{"line":16,"column":28}},"5":{"start":{"line":23,"column":4},"end":{"line":25,"column":6}},"6":{"start":{"line":24,"column":6},"end":{"line":24,"column":99}},"7":{"start":{"line":24,"column":37},"end":{"line":24,"column":97}},"8":{"start":{"line":28,"column":2},"end":{"line":64,"column":4}}},"fnMap":{"0":{"name":"BarcodeScanner","decl":{"start":{"line":5,"column":24},"end":{"line":5,"column":38}},"loc":{"start":{"line":5,"column":59},"end":{"line":65,"column":1}},"line":5},"1":{"name":"(anonymous_1)","decl":{"start":{"line":6,"column":12},"end":{"line":6,"column":13}},"loc":{"start":{"line":6,"column":18},"end":{"line":26,"column":3}},"line":6},"2":{"name":"(anonymous_2)","decl":{"start":{"line":14,"column":6},"end":{"line":14,"column":7}},"loc":{"start":{"line":14,"column":23},"end":{"line":17,"column":7}},"line":14},"3":{"name":"(anonymous_3)","decl":{"start":{"line":18,"column":6},"end":{"line":18,"column":7}},"loc":{"start":{"line":18,"column":15},"end":{"line":20,"column":7}},"line":18},"4":{"name":"(anonymous_4)","decl":{"start":{"line":23,"column":11},"end":{"line":23,"column":12}},"loc":{"start":{"line":23,"column":17},"end":{"line":25,"column":5}},"line":23},"5":{"name":"(anonymous_5)","decl":{"start":{"line":24,"column":28},"end":{"line":24,"column":29}},"loc":{"start":{"line":24,"column":37},"end":{"line":24,"column":97}},"line":24}},"branchMap":{},"s":{"0":0,"1":0,"2":0,"3":0,"4":0,"5":0,"6":0,"7":0,"8":0},"f":{"0":0,"1":0,"2":0,"3":0,"4":0,"5":0},"b":{}}
,"D:\\NutriScan-mainn\\Frontend\\src\\components\\Compare.jsx": {"path":"D:\\NutriScan-mainn\\Frontend\\src\\components\\Compare.jsx","statementMap":{"0":{"start":{"line":7,"column":28},"end":{"line":7,"column":40}},"1":{"start":{"line":8,"column":36},"end":{"line":8,"column":50}},"2":{"start":{"line":9,"column":28},"end":{"line":9,"column":42}},"3":{"start":{"line":10,"column":44},"end":{"line":10,"column":56}},"4":{"start":{"line":11,"column":46},"end":{"line":11,"column":61}},"5":{"start":{"line":12,"column":38},"end":{"line":12,"column":50}},"6":{"start":{"line":13,"column":40},"end":{"line":13,"column":51}},"7":{"start":{"line":14,"column":23},"end":{"line":14,"column":24}},"8":{"start":{"line":15,"column":16},"end":{"line":15,"column":32}},"9":{"start":{"line":17,"column":2},"end":{"line":40,"column":9}},"10":{"start":{"line":18,"column":23},"end":{"line":18,"column":44}},"11":{"start":{"line":20,"column":25},"end":{"line":36,"column":5}},"12":{"start":{"line":21,"column":6},"end":{"line":35,"column":7}},"13":{"start":{"line":22,"column":25},"end":{"line":25,"column":9}},"14":{"start":{"line":26,"column":8},"end":{"line":26,"column":69}},"15":{"start":{"line":26,"column":26},"end":{"line":26,"column":69}},"16":{"start":{"line":27,"column":21},"end":{"line":27,"column":42}},"17":{"start":{"line":28,"column":8},"end":{"line":28,"column":23}},"18":{"start":{"line":30,"column":8},"end":{"line":30,"column":46}},"19":{"start":{"line":30,"column":39},"end":{"line":30,"column":46}},"20":{"start":{"line":31,"column":8},"end":{"line":31,"column":27}},"21":{"start":{"line":32,"column":8},"end":{"line":32,"column":54}},"22":{"start":{"line":34,"column":8},"end":{"line":34,"column":60}},"23":{"start":{"line":34,"column":40},"end":{"line":34,"column":60}},"24":{"start":{"line":38,"column":4},"end":{"line":38,"column":19}},"25":{"start":{"line":39,"column":4},"end":{"line":39,"column":36}},"26":{"start":{"line":39,"column":17},"end":{"line":39,"column":35}},"27":{"start":{"line":42,"column":26},"end":{"line":50,"column":3}},"28":{"start":{"line":43,"column":4},"end":{"line":49,"column":7}},"29":{"start":{"line":44,"column":25},"end":{"line":44,"column":57}},"30":{"start":{"line":44,"column":40},"end":{"line":44,"column":56}},"31":{"start":{"line":45,"column":6},"end":{"line":47,"column":7}},"32":{"start":{"line":46,"column":8},"end":{"line":46,"column":50}},"33":{"start":{"line":46,"column":32},"end":{"line":46,"column":48}},"34":{"start":{"line":48,"column":6},"end":{"line":48,"column":29}},"35":{"start":{"line":52,"column":21},"end":{"line":52,"column":74}},"36":{"start":{"line":52,"column":31},"end":{"line":52,"column":74}},"37":{"start":{"line":52,"column":57},"end":{"line":52,"column":73}},"38":{"start":{"line":54,"column":23},"end":{"line":81,"column":3}},"39":{"start":{"line":55,"column":4},"end":{"line":55,"column":32}},"40":{"start":{"line":55,"column":22},"end":{"line":55,"column":32}},"41":{"start":{"line":56,"column":23},"end":{"line":56,"column":34}},"42":{"start":{"line":58,"column":4},"end":{"line":77,"column":5}},"43":{"start":{"line":59,"column":22},"end":{"line":59,"column":41}},"44":{"start":{"line":60,"column":6},"end":{"line":76,"column":7}},"45":{"start":{"line":61,"column":8},"end":{"line":71,"column":9}},"46":{"start":{"line":62,"column":10},"end":{"line":62,"column":83}},"47":{"start":{"line":64,"column":10},"end":{"line":70,"column":68}},"48":{"start":{"line":70,"column":22},"end":{"line":70,"column":66}},"49":{"start":{"line":73,"column":8},"end":{"line":75,"column":37}},"50":{"start":{"line":74,"column":20},"end":{"line":74,"column":28}},"51":{"start":{"line":75,"column":23},"end":{"line":75,"column":35}},"52":{"start":{"line":79,"column":4},"end":{"line":79,"column":48}},"53":{"start":{"line":79,"column":38},"end":{"line":79,"column":48}},"54":{"start":{"line":80,"column":4},"end":{"line":80,"column":24}},"55":{"start":{"line":83,"column":25},"end":{"line":91,"column":3}},"56":{"start":{"line":84,"column":4},"end":{"line":84,"column":32}},"57":{"start":{"line":84,"column":16},"end":{"line":84,"column":32}},"58":{"start":{"line":85,"column":4},"end":{"line":85,"column":48}},"59":{"start":{"line":85,"column":35},"end":{"line":85,"column":48}},"60":{"start":{"line":86,"column":4},"end":{"line":90,"column":5}},"61":{"start":{"line":87,"column":6},"end":{"line":87,"column":31}},"62":{"start":{"line":89,"column":6},"end":{"line":89,"column":22}},"63":{"start":{"line":93,"column":26},"end":{"line":101,"column":3}},"64":{"start":{"line":94,"column":27},"end":{"line":94,"column":119}},"65":{"start":{"line":95,"column":4},"end":{"line":100,"column":14}},"66":{"start":{"line":103,"column":24},"end":{"line":109,"column":4}},"67":{"start":{"line":104,"column":18},"end":{"line":104,"column":42}},"68":{"start":{"line":105,"column":4},"end":{"line":108,"column":6}},"69":{"start":{"line":111,"column":21},"end":{"line":111,"column":67}},"70":{"start":{"line":112,"column":25},"end":{"line":112,"column":106}},"71":{"start":{"line":114,"column":27},"end":{"line":114,"column":36}},"72":{"start":{"line":115,"column":23},"end":{"line":115,"column":28}},"73":{"start":{"line":117,"column":2},"end":{"line":379,"column":4}},"74":{"start":{"line":122,"column":44},"end":{"line":122,"column":68}},"75":{"start":{"line":166,"column":22},"end":{"line":166,"column":52}},"76":{"start":{"line":167,"column":22},"end":{"line":167,"column":40}},"77":{"start":{"line":174,"column":37},"end":{"line":174,"column":53}},"78":{"start":{"line":175,"column":39},"end":{"line":175,"column":108}},"79":{"start":{"line":176,"column":41},"end":{"line":176,"column":62}},"80":{"start":{"line":178,"column":20},"end":{"line":214,"column":22}},"81":{"start":{"line":181,"column":39},"end":{"line":181,"column":60}},"82":{"start":{"line":187,"column":26},"end":{"line":190,"column":27}},"83":{"start":{"line":188,"column":28},"end":{"line":188,"column":51}},"84":{"start":{"line":189,"column":28},"end":{"line":189,"column":50}},"85":{"start":{"line":225,"column":37},"end":{"line":225,"column":76}},"86":{"start":{"line":225,"column":57},"end":{"line":225,"column":75}},"87":{"start":{"line":233,"column":37},"end":{"line":233,"column":85}},"88":{"start":{"line":233,"column":57},"end":{"line":233,"column":84}},"89":{"start":{"line":245,"column":37},"end":{"line":245,"column":60}},"90":{"start":{"line":258,"column":39},"end":{"line":258,"column":108}},"91":{"start":{"line":259,"column":41},"end":{"line":259,"column":67}},"92":{"start":{"line":260,"column":41},"end":{"line":260,"column":62}},"93":{"start":{"line":262,"column":20},"end":{"line":348,"column":22}},"94":{"start":{"line":298,"column":45},"end":{"line":298,"column":84}},"95":{"start":{"line":299,"column":44},"end":{"line":299,"column":82}},"96":{"start":{"line":300,"column":44},"end":{"line":300,"column":133}},"97":{"start":{"line":301,"column":47},"end":{"line":301,"column":159}},"98":{"start":{"line":302,"column":48},"end":{"line":302,"column":70}},"99":{"start":{"line":303,"column":46},"end":{"line":303,"column":138}},"100":{"start":{"line":305,"column":30},"end":{"line":320,"column":32}},"101":{"start":{"line":358,"column":22},"end":{"line":358,"column":126}}},"fnMap":{"0":{"name":"Compare","decl":{"start":{"line":6,"column":24},"end":{"line":6,"column":31}},"loc":{"start":{"line":6,"column":55},"end":{"line":380,"column":1}},"line":6},"1":{"name":"(anonymous_1)","decl":{"start":{"line":17,"column":12},"end":{"line":17,"column":13}},"loc":{"start":{"line":17,"column":18},"end":{"line":40,"column":3}},"line":17},"2":{"name":"(anonymous_2)","decl":{"start":{"line":20,"column":25},"end":{"line":20,"column":26}},"loc":{"start":{"line":20,"column":37},"end":{"line":36,"column":5}},"line":20},"3":{"name":"(anonymous_3)","decl":{"start":{"line":39,"column":11},"end":{"line":39,"column":12}},"loc":{"start":{"line":39,"column":17},"end":{"line":39,"column":35}},"line":39},"4":{"name":"(anonymous_4)","decl":{"start":{"line":42,"column":26},"end":{"line":42,"column":27}},"loc":{"start":{"line":42,"column":36},"end":{"line":50,"column":3}},"line":42},"5":{"name":"(anonymous_5)","decl":{"start":{"line":43,"column":21},"end":{"line":43,"column":22}},"loc":{"start":{"line":43,"column":29},"end":{"line":49,"column":5}},"line":43},"6":{"name":"(anonymous_6)","decl":{"start":{"line":44,"column":35},"end":{"line":44,"column":36}},"loc":{"start":{"line":44,"column":40},"end":{"line":44,"column":56}},"line":44},"7":{"name":"(anonymous_7)","decl":{"start":{"line":46,"column":27},"end":{"line":46,"column":28}},"loc":{"start":{"line":46,"column":32},"end":{"line":46,"column":48}},"line":46},"8":{"name":"(anonymous_8)","decl":{"start":{"line":52,"column":21},"end":{"line":52,"column":22}},"loc":{"start":{"line":52,"column":31},"end":{"line":52,"column":74}},"line":52},"9":{"name":"(anonymous_9)","decl":{"start":{"line":52,"column":52},"end":{"line":52,"column":53}},"loc":{"start":{"line":52,"column":57},"end":{"line":52,"column":73}},"line":52},"10":{"name":"(anonymous_10)","decl":{"start":{"line":54,"column":23},"end":{"line":54,"column":24}},"loc":{"start":{"line":54,"column":40},"end":{"line":81,"column":3}},"line":54},"11":{"name":"(anonymous_11)","decl":{"start":{"line":70,"column":17},"end":{"line":70,"column":18}},"loc":{"start":{"line":70,"column":22},"end":{"line":70,"column":66}},"line":70},"12":{"name":"(anonymous_12)","decl":{"start":{"line":74,"column":15},"end":{"line":74,"column":16}},"loc":{"start":{"line":74,"column":20},"end":{"line":74,"column":28}},"line":74},"13":{"name":"(anonymous_13)","decl":{"start":{"line":75,"column":18},"end":{"line":75,"column":19}},"loc":{"start":{"line":75,"column":23},"end":{"line":75,"column":35}},"line":75},"14":{"name":"(anonymous_14)","decl":{"start":{"line":83,"column":25},"end":{"line":83,"column":26}},"loc":{"start":{"line":83,"column":53},"end":{"line":91,"column":3}},"line":83},"15":{"name":"(anonymous_15)","decl":{"start":{"line":93,"column":26},"end":{"line":93,"column":27}},"loc":{"start":{"line":93,"column":36},"end":{"line":101,"column":3}},"line":93},"16":{"name":"(anonymous_16)","decl":{"start":{"line":103,"column":37},"end":{"line":103,"column":38}},"loc":{"start":{"line":103,"column":45},"end":{"line":109,"column":3}},"line":103},"17":{"name":"(anonymous_17)","decl":{"start":{"line":122,"column":38},"end":{"line":122,"column":39}},"loc":{"start":{"line":122,"column":44},"end":{"line":122,"column":68}},"line":122},"18":{"name":"(anonymous_18)","decl":{"start":{"line":165,"column":30},"end":{"line":165,"column":31}},"loc":{"start":{"line":165,"column":37},"end":{"line":168,"column":21}},"line":165},"19":{"name":"(anonymous_19)","decl":{"start":{"line":173,"column":66},"end":{"line":173,"column":67}},"loc":{"start":{"line":173,"column":76},"end":{"line":215,"column":19}},"line":173},"20":{"name":"(anonymous_20)","decl":{"start":{"line":181,"column":33},"end":{"line":181,"column":34}},"loc":{"start":{"line":181,"column":39},"end":{"line":181,"column":60}},"line":181},"21":{"name":"(anonymous_21)","decl":{"start":{"line":186,"column":35},"end":{"line":186,"column":36}},"loc":{"start":{"line":186,"column":46},"end":{"line":191,"column":25}},"line":186},"22":{"name":"(anonymous_22)","decl":{"start":{"line":225,"column":31},"end":{"line":225,"column":32}},"loc":{"start":{"line":225,"column":37},"end":{"line":225,"column":76}},"line":225},"23":{"name":"(anonymous_23)","decl":{"start":{"line":225,"column":52},"end":{"line":225,"column":53}},"loc":{"start":{"line":225,"column":57},"end":{"line":225,"column":75}},"line":225},"24":{"name":"(anonymous_24)","decl":{"start":{"line":233,"column":31},"end":{"line":233,"column":32}},"loc":{"start":{"line":233,"column":37},"end":{"line":233,"column":85}},"line":233},"25":{"name":"(anonymous_25)","decl":{"start":{"line":233,"column":52},"end":{"line":233,"column":53}},"loc":{"start":{"line":233,"column":57},"end":{"line":233,"column":84}},"line":233},"26":{"name":"(anonymous_26)","decl":{"start":{"line":245,"column":31},"end":{"line":245,"column":32}},"loc":{"start":{"line":245,"column":37},"end":{"line":245,"column":60}},"line":245},"27":{"name":"(anonymous_27)","decl":{"start":{"line":257,"column":37},"end":{"line":257,"column":38}},"loc":{"start":{"line":257,"column":47},"end":{"line":349,"column":19}},"line":257},"28":{"name":"(anonymous_28)","decl":{"start":{"line":297,"column":72},"end":{"line":297,"column":73}},"loc":{"start":{"line":297,"column":89},"end":{"line":321,"column":29}},"line":297},"29":{"name":"(anonymous_29)","decl":{"start":{"line":357,"column":39},"end":{"line":357,"column":40}},"loc":{"start":{"line":358,"column":22},"end":{"line":358,"column":126}},"line":358}},"branchMap":{"0":{"loc":{"start":{"line":26,"column":8},"end":{"line":26,"column":69}},"type":"if","locations":[{"start":{"line":26,"column":8},"end":{"line":26,"column":69}},{"start":{},"end":{}}],"line":26},"1":{"loc":{"start":{"line":30,"column":8},"end":{"line":30,"column":46}},"type":"if","locations":[{"start":{"line":30,"column":8},"end":{"line":30,"column":46}},{"start":{},"end":{}}],"line":30},"2":{"loc":{"start":{"line":34,"column":8},"end":{"line":34,"column":60}},"type":"if","locations":[{"start":{"line":34,"column":8},"end":{"line":34,"column":60}},{"start":{},"end":{}}],"line":34},"3":{"loc":{"start":{"line":45,"column":6},"end":{"line":47,"column":7}},"type":"if","locations":[{"start":{"line":45,"column":6},"end":{"line":47,"column":7}},{"start":{},"end":{}}],"line":45},"4":{"loc":{"start":{"line":55,"column":4},"end":{"line":55,"column":32}},"type":"if","locations":[{"start":{"line":55,"column":4},"end":{"line":55,"column":32}},{"start":{},"end":{}}],"line":55},"5":{"loc":{"start":{"line":58,"column":4},"end":{"line":77,"column":5}},"type":"if","locations":[{"start":{"line":58,"column":4},"end":{"line":77,"column":5}},{"start":{},"end":{}}],"line":58},"6":{"loc":{"start":{"line":60,"column":6},"end":{"line":76,"column":7}},"type":"if","locations":[{"start":{"line":60,"column":6},"end":{"line":76,"column":7}},{"start":{"line":72,"column":13},"end":{"line":76,"column":7}}],"line":60},"7":{"loc":{"start":{"line":60,"column":10},"end":{"line":60,"column":60}},"type":"binary-expr","locations":[{"start":{"line":60,"column":10},"end":{"line":60,"column":33}},{"start":{"line":60,"column":37},"end":{"line":60,"column":60}}],"line":60},"8":{"loc":{"start":{"line":79,"column":4},"end":{"line":79,"column":48}},"type":"if","locations":[{"start":{"line":79,"column":4},"end":{"line":79,"column":48}},{"start":{},"end":{}}],"line":79},"9":{"loc":{"start":{"line":83,"column":33},"end":{"line":83,"column":48}},"type":"default-arg","locations":[{"start":{"line":83,"column":44},"end":{"line":83,"column":48}}],"line":83},"10":{"loc":{"start":{"line":84,"column":4},"end":{"line":84,"column":32}},"type":"if","locations":[{"start":{"line":84,"column":4},"end":{"line":84,"column":32}},{"start":{},"end":{}}],"line":84},"11":{"loc":{"start":{"line":85,"column":4},"end":{"line":85,"column":48}},"type":"if","locations":[{"start":{"line":85,"column":4},"end":{"line":85,"column":48}},{"start":{},"end":{}}],"line":85},"12":{"loc":{"start":{"line":94,"column":27},"end":{"line":94,"column":119}},"type":"binary-expr","locations":[{"start":{"line":94,"column":27},"end":{"line":94,"column":70}},{"start":{"line":94,"column":74},"end":{"line":94,"column":113}},{"start":{"line":94,"column":117},"end":{"line":94,"column":119}}],"line":94},"13":{"loc":{"start":{"line":95,"column":11},"end":{"line":100,"column":13}},"type":"binary-expr","locations":[{"start":{"line":95,"column":11},"end":{"line":95,"column":25}},{"start":{"line":96,"column":9},"end":{"line":96,"column":45}},{"start":{"line":97,"column":9},"end":{"line":97,"column":39}},{"start":{"line":98,"column":9},"end":{"line":98,"column":39}},{"start":{"line":99,"column":9},"end":{"line":99,"column":33}},{"start":{"line":100,"column":9},"end":{"line":100,"column":13}}],"line":95},"14":{"loc":{"start":{"line":106,"column":6},"end":{"line":107,"column":55}},"type":"binary-expr","locations":[{"start":{"line":106,"column":6},"end":{"line":106,"column":62}},{"start":{"line":107,"column":6},"end":{"line":107,"column":55}}],"line":106},"15":{"loc":{"start":{"line":106,"column":7},"end":{"line":106,"column":45}},"type":"binary-expr","locations":[{"start":{"line":106,"column":7},"end":{"line":106,"column":39}},{"start":{"line":106,"column":43},"end":{"line":106,"column":45}}],"line":106},"16":{"loc":{"start":{"line":107,"column":7},"end":{"line":107,"column":38}},"type":"binary-expr","locations":[{"start":{"line":107,"column":7},"end":{"line":107,"column":32}},{"start":{"line":107,"column":36},"end":{"line":107,"column":38}}],"line":107},"17":{"loc":{"start":{"line":122,"column":21},"end":{"line":122,"column":77}},"type":"cond-expr","locations":[{"start":{"line":122,"column":38},"end":{"line":122,"column":68}},{"start":{"line":122,"column":71},"end":{"line":122,"column":77}}],"line":122},"18":{"loc":{"start":{"line":132,"column":9},"end":{"line":365,"column":9}},"type":"cond-expr","locations":[{"start":{"line":133,"column":10},"end":{"line":136,"column":16}},{"start":{"line":137,"column":12},"end":{"line":365,"column":9}}],"line":132},"19":{"loc":{"start":{"line":137,"column":12},"end":{"line":365,"column":9}},"type":"cond-expr","locations":[{"start":{"line":138,"column":10},"end":{"line":141,"column":16}},{"start":{"line":142,"column":12},"end":{"line":365,"column":9}}],"line":137},"20":{"loc":{"start":{"line":142,"column":12},"end":{"line":365,"column":9}},"type":"cond-expr","locations":[{"start":{"line":143,"column":10},"end":{"line":149,"column":16}},{"start":{"line":151,"column":10},"end":{"line":364,"column":16}}],"line":142},"21":{"loc":{"start":{"line":152,"column":13},"end":{"line":363,"column":13}}
[...]
":{"line":13,"column":43}},{"start":{"line":13,"column":47},"end":{"line":13,"column":59}}],"line":13},"6":{"loc":{"start":{"line":15,"column":9},"end":{"line":15,"column":48}},"type":"cond-expr","locations":[{"start":{"line":15,"column":35},"end":{"line":15,"column":41}},{"start":{"line":15,"column":44},"end":{"line":15,"column":48}}],"line":15},"7":{"loc":{"start":{"line":21,"column":4},"end":{"line":21,"column":39}},"type":"if","locations":[{"start":{"line":21,"column":4},"end":{"line":21,"column":39}},{"start":{},"end":{}}],"line":21},"8":{"loc":{"start":{"line":29,"column":4},"end":{"line":29,"column":86}},"type":"if","locations":[{"start":{"line":29,"column":4},"end":{"line":29,"column":86}},{"start":{},"end":{}}],"line":29},"9":{"loc":{"start":{"line":29,"column":8},"end":{"line":29,"column":70}},"type":"binary-expr","locations":[{"start":{"line":29,"column":8},"end":{"line":29,"column":14}},{"start":{"line":29,"column":18},"end":{"line":29,"column":44}},{"start":{"line":29,"column":48},"end":{"line":29,"column":70}}],"line":29},"10":{"loc":{"start":{"line":34,"column":31},"end":{"line":34,"column":40}},"type":"default-arg","locations":[{"start":{"line":34,"column":38},"end":{"line":34,"column":40}}],"line":34},"11":{"loc":{"start":{"line":42,"column":30},"end":{"line":42,"column":39}},"type":"default-arg","locations":[{"start":{"line":42,"column":37},"end":{"line":42,"column":39}}],"line":42},"12":{"loc":{"start":{"line":54,"column":34},"end":{"line":54,"column":43}},"type":"default-arg","locations":[{"start":{"line":54,"column":41},"end":{"line":54,"column":43}}],"line":54},"13":{"loc":{"start":{"line":64,"column":2},"end":{"line":64,"column":51}},"type":"if","locations":[{"start":{"line":64,"column":2},"end":{"line":64,"column":51}},{"start":{},"end":{}}],"line":64},"14":{"loc":{"start":{"line":67,"column":4},"end":{"line":71,"column":9}},"type":"binary-expr","locations":[{"start":{"line":67,"column":4},"end":{"line":67,"column":28}},{"start":{"line":68,"column":7},"end":{"line":68,"column":30}},{"start":{"line":69,"column":7},"end":{"line":69,"column":30}},{"start":{"line":70,"column":7},"end":{"line":70,"column":29}},{"start":{"line":71,"column":7},"end":{"line":71,"column":9}}],"line":67},"15":{"loc":{"start":{"line":74,"column":9},"end":{"line":74,"column":40}},"type":"cond-expr","locations":[{"start":{"line":74,"column":17},"end":{"line":74,"column":33}},{"start":{"line":74,"column":36},"end":{"line":74,"column":40}}],"line":74},"16":{"loc":{"start":{"line":79,"column":2},"end":{"line":79,"column":49}},"type":"if","locations":[{"start":{"line":79,"column":2},"end":{"line":79,"column":49}},{"start":{},"end":{}}],"line":79},"17":{"loc":{"start":{"line":82,"column":2},"end":{"line":82,"column":65}},"type":"if","locations":[{"start":{"line":82,"column":2},"end":{"line":82,"column":65}},{"start":{},"end":{}}],"line":82},"18":{"loc":{"start":{"line":82,"column":6},"end":{"line":82,"column":51}},"type":"binary-expr","locations":[{"start":{"line":82,"column":6},"end":{"line":82,"column":26}},{"start":{"line":82,"column":30},"end":{"line":82,"column":51}}],"line":82},"19":{"loc":{"start":{"line":94,"column":2},"end":{"line":94,"column":55}},"type":"if","locations":[{"start":{"line":94,"column":2},"end":{"line":94,"column":55}},{"start":{},"end":{}}],"line":94},"20":{"loc":{"start":{"line":97,"column":2},"end":{"line":97,"column":68}},"type":"if","locations":[{"start":{"line":97,"column":2},"end":{"line":97,"column":68}},{"start":{},"end":{}}],"line":97},"21":{"loc":{"start":{"line":100,"column":2},"end":{"line":100,"column":97}},"type":"if","locations":[{"start":{"line":100,"column":2},"end":{"line":100,"column":97}},{"start":{},"end":{}}],"line":100},"22":{"loc":{"start":{"line":100,"column":6},"end":{"line":100,"column":52}},"type":"binary-expr","locations":[{"start":{"line":100,"column":6},"end":{"line":100,"column":27}},{"start":{"line":100,"column":31},"end":{"line":100,"column":52}}],"line":100},"23":{"loc":{"start":{"line":103,"column":2},"end":{"line":103,"column":110}},"type":"if","locations":[{"start":{"line":103,"column":2},"end":{"line":103,"column":110}},{"start":{},"end":{}}],"line":103},"24":{"loc":{"start":{"line":103,"column":6},"end":{"line":103,"column":55}},"type":"binary-expr","locations":[{"start":{"line":103,"column":6},"end":{"line":103,"column":30}},{"start":{"line":103,"column":34},"end":{"line":103,"column":55}}],"line":103},"25":{"loc":{"start":{"line":106,"column":2},"end":{"line":106,"column":63}},"type":"if","locations":[{"start":{"line":106,"column":2},"end":{"line":106,"column":63}},{"start":{},"end":{}}],"line":106},"26":{"loc":{"start":{"line":109,"column":2},"end":{"line":109,"column":105}},"type":"if","locations":[{"start":{"line":109,"column":2},"end":{"line":109,"column":105}},{"start":{},"end":{}}],"line":109},"27":{"loc":{"start":{"line":109,"column":6},"end":{"line":109,"column":53}},"type":"binary-expr","locations":[{"start":{"line":109,"column":6},"end":{"line":109,"column":28}},{"start":{"line":109,"column":32},"end":{"line":109,"column":53}}],"line":109},"28":{"loc":{"start":{"line":114,"column":36},"end":{"line":114,"column":45}},"type":"default-arg","locations":[{"start":{"line":114,"column":43},"end":{"line":114,"column":45}}],"line":114},"29":{"loc":{"start":{"line":114,"column":47},"end":{"line":114,"column":59}},"type":"default-arg","locations":[{"start":{"line":114,"column":58},"end":{"line":114,"column":59}}],"line":114},"30":{"loc":{"start":{"line":117,"column":21},"end":{"line":117,"column":77}},"type":"cond-expr","locations":[{"start":{"line":117,"column":57},"end":{"line":117,"column":73}},{"start":{"line":117,"column":76},"end":{"line":117,"column":77}}],"line":117},"31":{"loc":{"start":{"line":150,"column":14},"end":{"line":150,"column":62}},"type":"cond-expr","locations":[{"start":{"line":150,"column":34},"end":{"line":150,"column":38}},{"start":{"line":150,"column":41},"end":{"line":150,"column":62}}],"line":150},"32":{"loc":{"start":{"line":151,"column":13},"end":{"line":151,"column":59}},"type":"cond-expr","locations":[{"start":{"line":151,"column":32},"end":{"line":151,"column":36}},{"start":{"line":151,"column":39},"end":{"line":151,"column":59}}],"line":151},"33":{"loc":{"start":{"line":152,"column":11},"end":{"line":152,"column":53}},"type":"cond-expr","locations":[{"start":{"line":152,"column":28},"end":{"line":152,"column":32}},{"start":{"line":152,"column":35},"end":{"line":152,"column":53}}],"line":152},"34":{"loc":{"start":{"line":153,"column":12},"end":{"line":153,"column":56}},"type":"cond-expr","locations":[{"start":{"line":153,"column":30},"end":{"line":153,"column":34}},{"start":{"line":153,"column":37},"end":{"line":153,"column":56}}],"line":153},"35":{"loc":{"start":{"line":154,"column":10},"end":{"line":154,"column":50}},"type":"cond-expr","locations":[{"start":{"line":154,"column":26},"end":{"line":154,"column":30}},{"start":{"line":154,"column":33},"end":{"line":154,"column":50}}],"line":154},"36":{"loc":{"start":{"line":158,"column":29},"end":{"line":158,"column":41}},"type":"default-arg","locations":[{"start":{"line":158,"column":40},"end":{"line":158,"column":41}}],"line":158},"37":{"loc":{"start":{"line":160,"column":2},"end":{"line":160,"column":35}},"type":"if","locations":[{"start":{"line":160,"column":2},"end":{"line":160,"column":35}},{"start":{},"end":{}}],"line":160},"38":{"loc":{"start":{"line":161,"column":9},"end":{"line":161,"column":77}},"type":"cond-expr","locations":[{"start":{"line":161,"column":36},"end":{"line":161,"column":50}},{"start":{"line":161,"column":53},"end":{"line":161,"column":77}}],"line":161},"39":{"loc":{"start":{"line":164,"column":34},"end":{"line":164,"column":43}},"type":"default-arg","locations":[{"start":{"line":164,"column":41},"end":{"line":164,"column":43}}],"line":164},"40":{"loc":{"start":{"line":164,"column":45},"end":{"line":164,"column":57}},"type":"default-arg","locations":[{"start":{"line":164,"column":56},"end":{"line":164,"column":57}}],"line":164}},"s":{"0":1,"1":179,"2":154,"3":25,"4":12,"5":13,"6":13,"7":1,"8":1,"9":237,"10":214,"11":23,"12":23,"13":1,"14":72,"15":227,"16":227,"17":18,"18":54,"19":1,"20":46,"21":172,"22":172,"23":20,"24":26,"25":1,"26":29,"27":1,"28":17,"29":17,"30":1,"31":9,"32":9,"33":9,"34":9,"35":2,"36":7,"37":7,"38":7,"39":1,"40":24,"41":138,"42":24,"43":9,"44":15,"45":66,"46":15,"47":11,"48":4,"49":1,"50":6,"51":6,"52":2,"53":4,"54":4,"55":0,"56":4,"57":4,"58":0,"59":4,"60":4,"61":1,"62":3,"63":3,"64":0,"65":3,"66":3,"67":0,"68":3,"69":1,"70":6,"71":6,"72":6,"73":6,"74":6,"75":6,"76":6,"77":6,"78":6,"79":1,"80":10,"81":10,"82":5,"83":5,"84":1,"85":2,"86":2},"f":{"0":179,"1":237,"2":72,"3":46,"4":29,"5":17,"6":9,"7":24,"8":138,"9":66,"10":6,"11":6,"12":10,"13":2},"b":{"0":[4],"1":[154,25],"2":[179,27,26],"3":[12,13],"4":[214,23],"5":[237,28,23],"6":[23,0],"7":[18,209],"8":[20,152],"9":[172,21,21],"10":[1],"11":[0],"12":[0],"13":[2,7],"14":[7,6,6,6,6],"15":[1,6],"16":[9,15],"17":[11,4],"18":[15,4],"19":[2,4],"20":[0,4],"21":[0,4],"22":[4,0],"23":[1,3],"24":[4,1],"25":[0,3],"26":[0,3],"27":[3,0],"28":[0],"29":[3],"30":[6,0],"31":[2,4],"32":[3,3],"33":[3,3],"34":[3,3],"35":[3,3],"36":[4],"37":[5,5],"38":[3,2],"39":[0],"40":[2]},"_coverageSchema":"1a1c01bbd47fc00a2c39e90264f33305004495a9","hash":"aba574c08ad7e664c2a3bd3951fd80431a8b24e1"}
,"D:\\NutriScan-mainn\\Frontend\\src\\utils\\platformUtils.js": {"path":"D:\\NutriScan-mainn\\Frontend\\src\\utils\\platformUtils.js","statementMap":{"0":{"start":{"line":13,"column":15},"end":{"line":13,"column":79}},"1":{"start":{"line":16,"column":2},"end":{"line":16,"column":28}},"2":{"start":{"line":16,"column":15},"end":{"line":16,"column":28}},"3":{"start":{"line":17,"column":33},"end":{"line":17,"column":48}},"4":{"start":{"line":21,"column":2},"end":{"line":21,"column":40}},"5":{"start":{"line":21,"column":28},"end":{"line":21,"column":40}},"6":{"start":{"line":22,"column":2},"end":{"line":22,"column":69}},"7":{"start":{"line":22,"column":57},"end":{"line":22,"column":69}},"8":{"start":{"line":23,"column":2},"end":{"line":23,"column":15}},"9":{"start":{"line":28,"column":21},"end":{"line":32,"column":4}},"10":{"start":{"line":29,"column":2},"end":{"line":29,"column":28}},"11":{"start":{"line":29,"column":15},"end":{"line":29,"column":28}},"12":{"start":{"line":30,"column":13},"end":{"line":30,"column":38}},"13":{"start":{"line":31,"column":2},"end":{"line":31,"column":46}},"14":{"start":{"line":35,"column":25},"end":{"line":35,"column":73}},"15":{"start":{"line":38,"column":21},"end":{"line":38,"column":31}},"16":{"start":{"line":48,"column":2},"end":{"line":48,"column":45}},"17":{"start":{"line":48,"column":38},"end":{"line":48,"column":45}},"18":{"start":{"line":50,"column":2},"end":{"line":58,"column":3}},"19":{"start":{"line":53,"column":4},"end":{"line":53,"column":62}},"20":{"start":{"line":54,"column":9},"end":{"line":58,"column":3}},"21":{"start":{"line":55,"column":4},"end":{"line":55,"column":29}},"22":{"start":{"line":57,"column":4},"end":{"line":57,"column":37}}},"fnMap":{"0":{"name":"isLocalAppShellOrigin","decl":{"start":{"line":15,"column":9},"end":{"line":15,"column":30}},"loc":{"start":{"line":15,"column":33},"end":{"line":24,"column":1}},"line":15},"1":{"name":"(anonymous_1)","decl":{"start":{"line":28,"column":22},"end":{"line":28,"column":23}},"loc":{"start":{"line":28,"column":28},"end":{"line":32,"column":1}},"line":28},"2":{"name":"onCordovaReady","decl":{"start":{"line":47,"column":16},"end":{"line":47,"column":30}},"loc":{"start":{"line":47,"column":41},"end":{"line":59,"column":1}},"line":47}},"branchMap":{"0":{"loc":{"start":{"line":13,"column":15},"end":{"line":13,"column":79}},"type":"binary-expr","locations":[{"start":{"line":13,"column":15},"end":{"line":13,"column":44}},{"start":{"line":13,"column":48},"end":{"line":13,"column":79}}],"line":13},"1":{"loc":{"start":{"line":16,"column":2},"end":{"line":16,"column":28}},"type":"if","locations":[{"start":{"line":16,"column":2},"end":{"line":16,"column":28}},{"start":{},"end":{}}],"line":16},"2":{"loc":{"start":{"line":21,"column":2},"end":{"line":21,"column":40}},"type":"if","locations":[{"start":{"line":21,"column":2},"end":{"line":21,"column":40}},{"start":{},"end":{}}],"line":21},"3":{"loc":{"start":{"line":22,"column":2},"end":{"line":22,"column":69}},"type":"if","locations":[{"start":{"line":22,"column":2},"end":{"line":22,"column":69}},{"start":{},"end":{}}],"line":22},"4":{"loc":{"start":{"line":22,"column":6},"end":{"line":22,"column":55}},"type":"binary-expr","locations":[{"start":{"line":22,"column":6},"end":{"line":22,"column":27}},{"start":{"line":22,"column":31},"end":{"line":22,"column":55}}],"line":22},"5":{"loc":{"start":{"line":29,"column":2},"end":{"line":29,"column":28}},"type":"if","locations":[{"start":{"line":29,"column":2},"end":{"line":29,"column":28}},{"start":{},"end":{}}],"line":29},"6":{"loc":{"start":{"line":30,"column":13},"end":{"line":30,"column":38}},"type":"binary-expr","locations":[{"start":{"line":30,"column":13},"end":{"line":30,"column":32}},{"start":{"line":30,"column":36},"end":{"line":30,"column":38}}],"line":30},"7":{"loc":{"start":{"line":35,"column":33},"end":{"line":35,"column":72}},"type":"binary-expr","locations":[{"start":{"line":35,"column":33},"end":{"line":35,"column":56}},{"start":{"line":35,"column":60},"end":{"line":35,"column":72}}],"line":35},"8":{"loc":{"start":{"line":48,"column":2},"end":{"line":48,"column":45}},"type":"if","locations":[{"start":{"line":48,"column":2},"end":{"line":48,"column":45}},{"start":{},"end":{}}],"line":48},"9":{"loc":{"start":{"line":50,"column":2},"end":{"line":58,"column":3}},"type":"if","locations":[{"start":{"line":50,"column":2},"end":{"line":58,"column":3}},{"start":{"line":54,"column":9},"end":{"line":58,"column":3}}],"line":50},"10":{"loc":{"start":{"line":50,"column":6},"end":{"line":50,"column":25}},"type":"binary-expr","locations":[{"start":{"line":50,"column":6},"end":{"line":50,"column":15}},{"start":{"line":50,"column":19},"end":{"line":50,"column":25}}],"line":50},"11":{"loc":{"start":{"line":54,"column":9},"end":{"line":58,"column":3}},"type":"if","locations":[{"start":{"line":54,"column":9},"end":{"line":58,"column":3}},{"start":{"line":56,"column":9},"end":{"line":58,"column":3}}],"line":54}},"s":{"0":1,"1":1,"2":0,"3":1,"4":1,"5":0,"6":1,"7":0,"8":1,"9":1,"10":1,"11":0,"12":1,"13":1,"14":1,"15":1,"16":5,"17":3,"18":2,"19":0,"20":2,"21":2,"22":0},"f":{"0":1,"1":1,"2":5},"b":{"0":[1,1],"1":[0,1],"2":[0,1],"3":[0,1],"4":[1,0],"5":[0,1],"6":[1,0],"7":[1,0],"8":[3,2],"9":[0,2],"10":[2,0],"11":[2,0]},"_coverageSchema":"1a1c01bbd47fc00a2c39e90264f33305004495a9","hash":"a9a83b121eb9f77d804fcfa60066f7d6f8f40e52"}
,"D:\\NutriScan-mainn\\Frontend\\src\\utils\\scoreColor.js": {"path":"D:\\NutriScan-mainn\\Frontend\\src\\utils\\scoreColor.js","statementMap":{"0":{"start":{"line":8,"column":28},"end":{"line":14,"column":1}},"1":{"start":{"line":22,"column":2},"end":{"line":22,"column":44}},"2":{"start":{"line":22,"column":18},"end":{"line":22,"column":44}},"3":{"start":{"line":23,"column":2},"end":{"line":23,"column":43}},"4":{"start":{"line":23,"column":18},"end":{"line":23,"column":43}},"5":{"start":{"line":24,"column":2},"end":{"line":24,"column":46}},"6":{"start":{"line":24,"column":18},"end":{"line":24,"column":46}},"7":{"start":{"line":25,"column":2},"end":{"line":25,"column":43}},"8":{"start":{"line":25,"column":18},"end":{"line":25,"column":43}},"9":{"start":{"line":26,"column":2},"end":{"line":26,"column":28}},"10":{"start":{"line":35,"column":2},"end":{"line":35,"column":90}},"11":{"start":{"line":35,"column":18},"end":{"line":35,"column":90}},"12":{"start":{"line":36,"column":2},"end":{"line":36,"column":90}},"13":{"start":{"line":36,"column":18},"end":{"line":36,"column":90}},"14":{"start":{"line":37,"column":2},"end":{"line":37,"column":90}},"15":{"start":{"line":37,"column":18},"end":{"line":37,"column":90}},"16":{"start":{"line":38,"column":2},"end":{"line":38,"column":86}},"17":{"start":{"line":49,"column":17},"end":{"line":49,"column":34}},"18":{"start":{"line":50,"column":17},"end":{"line":50,"column":31}},"19":{"start":{"line":52,"column":2},"end":{"line":52,"column":128}},"20":{"start":{"line":52,"column":18},"end":{"line":52,"column":128}},"21":{"start":{"line":53,"column":2},"end":{"line":53,"column":128}},"22":{"start":{"line":53,"column":18},"end":{"line":53,"column":128}},"23":{"start":{"line":54,"column":2},"end":{"line":54,"column":128}},"24":{"start":{"line":54,"column":18},"end":{"line":54,"column":128}},"25":{"start":{"line":55,"column":2},"end":{"line":55,"column":128}},"26":{"start":{"line":55,"column":18},"end":{"line":55,"column":128}},"27":{"start":{"line":56,"column":2},"end":{"line":56,"column":123}}},"fnMap":{"0":{"name":"scoreColor","decl":{"start":{"line":21,"column":16},"end":{"line":21,"column":26}},"loc":{"start":{"line":21,"column":34},"end":{"line":27,"column":1}},"line":21},"1":{"name":"scoreBg","decl":{"start":{"line":34,"column":16},"end":{"line":34,"column":23}},"loc":{"start":{"line":34,"column":31},"end":{"line":39,"column":1}},"line":34},"2":{"name":"scoreVerdict","decl":{"start":{"line":48,"column":16},"end":{"line":48,"column":28}},"loc":{"start":{"line":48,"column":80},"end":{"line":57,"column":1}},"line":48}},"branchMap":{"0":{"loc":{"start":{"line":22,"column":2},"end":{"line":22,"column":44}},"type":"if","locations":[{"start":{"line":22,"column":2},"end":{"line":22,"column":44}},{"start":{},"end":{}}],"line":22},"1":{"loc":{"start":{"line":23,"column":2},"end":{"line":23,"column":43}},"type":"if","locations":[{"start":{"line":23,"column":2},"end":{"line":23,"column":43}},{"start":{},"end":{}}],"line":23},"2":{"loc":{"start":{"line":24,"column":2},"end":{"line":24,"column":46}},"type":"if","locations":[{"start":{"line":24,"column":2},"end":{"line":24,"column":46}},{"start":{},"end":{}}],"line":24},"3":{"loc":{"start":{"line":25,"column":2},"end":{"line":25,"column":43}},"type":"if","locations":[{"start":{"line":25,"column":2},"end":{"line":25,"column":43}},{"start":{},"end":{}}],"line":25},"4":{"loc":{"start":{"line":35,"column":2},"end":{"line":35,"column":90}},"type":"if","locations":[{"start":{"line":35,"column":2},"end":{"line":35,"column":90}},{"start":{},"end":{}}],"line":35},"5":{"loc":{"start":{"line":36,"column":2},"end":{"line":36,"column":90}},"type":"if","locations":[{"start":{"line":36,"column":2},"end":{"line":36,"column":90}},{"start":{},"end":{}}],"line":36},"6":{"loc":{"start":{"line":37,"column":2},"end":{"line":37,"column":90}},"type":"if","locations":[{"start":{"line":37,"column":2},"end":{"line":37,"column":90}},{"start":{},"end":{}}],"line":37},"7":{"loc":{"start":{"line":52,"column":2},"end":{"line":52,"column":128}},"type":"if","locations":[{"start":{"line":52,"column":2},"end":{"line":52,"column":128}},{"start":{},"end":{}}],"line":52},"8":{"loc":{"start":{"line":53,"column":2},"end":{"line":53,"column":128}},"type":"if","locations":[{"start":{"line":53,"column":2},"end":{"line":53,"column":128}},{"start":{},"end":{}}],"line":53},"9":{"loc":{"start":{"line":54,"column":2},"end":{"line":54,"column":128}},"type":"if","locations":[{"start":{"line":54,"column":2},"end":{"line":54,"column":128}},{"start":{},"end":{}}],"line":54},"10":{"loc":{"start":{"line":55,"column":2},"end":{"line":55,"column":128}},"type":"if","locations":[{"start":{"line":55,"column":2},"end":{"line":55,"column":128}},{"start":{},"end":{}}],"line":55}},"s":{"0":1,"1":15,"2":3,"3":12,"4":3,"5":9,"6":3,"7":6,"8":3,"9":3,"10":9,"11":3,"12":6,"13":2,"14":4,"15":2,"16":2,"17":5,"18":5,"19":5,"20":1,"21":4,"22":1,"23":3,"24":1,"25":2,"26":1,"27":1},"f":{"0":15,"1":9,"2":5},"b":{"0":[3,12],"1":[3,9],"2":[3,6],"3":[3,3],"4":[3,6],"5":[2,4],"6":[2,2],"7":[1,4],"8":[1,3],"9":[1,2],"10":[1,1]},"_coverageSchema":"1a1c01bbd47fc00a2c39e90264f33305004495a9","hash":"360e5ba906bc8519223cd8f4c8f689e1aeea9642"}
}
