TN:
SF:src\App.jsx
FN:57,(anonymous_0)
FN:88,DesktopAppShell
FN:102,(anonymous_2)
FN:117,(anonymous_3)
FN:122,(anonymous_4)
FN:148,(anonymous_5)
FN:177,(anonymous_6)
FN:196,(anonymous_7)
FN:217,App
FN:223,(anonymous_9)
FN:224,(anonymous_10)
FN:238,(anonymous_11)
FN:245,(anonymous_12)
FN:254,(anonymous_13)
FN:256,(anonymous_14)
FN:257,(anonymous_15)
FN:261,(anonymous_16)
FN:267,(anonymous_17)
FN:277,(anonymous_18)
FN:288,(anonymous_19)
FN:301,(anonymous_20)
FN:302,(anonymous_21)
FN:305,(anonymous_22)
FN:310,(anonymous_23)
FN:317,(anonymous_24)
FN:320,restoreSession
FN:352,(anonymous_26)
FN:357,(anonymous_27)
FN:369,(anonymous_28)
FN:383,(anonymous_29)
FN:388,(anonymous_30)
FN:405,(anonymous_31)
FN:418,(anonymous_32)
FN:429,(anonymous_33)
FN:430,(anonymous_34)
FN:439,(anonymous_35)
FN:449,(anonymous_36)
FN:459,(anonymous_37)
FN:482,(anonymous_38)
FN:499,(anonymous_39)
FN:555,(anonymous_40)
FN:649,(anonymous_41)
FN:664,(anonymous_42)
FN:681,(anonymous_43)
FN:690,(anonymous_44)
FN:704,(anonymous_45)
FN:728,(anonymous_46)
FN:740,(anonymous_47)
FN:741,(anonymous_48)
FN:742,(anonymous_49)
FN:743,(anonymous_50)
FN:749,(anonymous_51)
FN:756,(anonymous_52)
FN:757,(anonymous_53)
FN:763,(anonymous_54)
FN:770,(anonymous_55)
FN:782,(anonymous_56)
FN:792,(anonymous_57)
FN:796,(anonymous_58)
FN:805,(anonymous_59)
FN:814,(anonymous_60)
FN:816,(anonymous_61)
FN:817,(anonymous_62)
FNF:63
FNH:0
FNDA:0,(anonymous_0)
FNDA:0,DesktopAppShell
FNDA:0,(anonymous_2)
FNDA:0,(anonymous_3)
FNDA:0,(anonymous_4)
FNDA:0,(anonymous_5)
FNDA:0,(anonymous_6)
FNDA:0,(anonymous_7)
FNDA:0,App
FNDA:0,(anonymous_9)
FNDA:0,(anonymous_10)
FNDA:0,(anonymous_11)
FNDA:0,(anonymous_12)
FNDA:0,(anonymous_13)
FNDA:0,(anonymous_14)
FNDA:0,(anonymous_15)
FNDA:0,(anonymous_16)
FNDA:0,(anonymous_17)
FNDA:0,(anonymous_18)
FNDA:0,(anonymous_19)
FNDA:0,(anonymous_20)
FNDA:0,(anonymous_21)
FNDA:0,(anonymous_22)
FNDA:0,(anonymous_23)
FNDA:0,(anonymous_24)
FNDA:0,restoreSession
FNDA:0,(anonymous_26)
FNDA:0,(anonymous_27)
FNDA:0,(anonymous_28)
FNDA:0,(anonymous_29)
FNDA:0,(anonymous_30)
FNDA:0,(anonymous_31)
FNDA:0,(anonymous_32)
FNDA:0,(anonymous_33)
FNDA:0,(anonymous_34)
FNDA:0,(anonymous_35)
FNDA:0,(anonymous_36)
FNDA:0,(anonymous_37)
FNDA:0,(anonymous_38)
FNDA:0,(anonymous_39)
FNDA:0,(anonymous_40)
FNDA:0,(anonymous_41)
FNDA:0,(anonymous_42)
FNDA:0,(anonymous_43)
FNDA:0,(anonymous_44)
FNDA:0,(anonymous_45)
FNDA:0,(anonymous_46)
FNDA:0,(anonymous_47)
FNDA:0,(anonymous_48)
FNDA:0,(anonymous_49)
FNDA:0,(anonymous_50)
FNDA:0,(anonymous_51)
FNDA:0,(anonymous_52)
FNDA:0,(anonymous_53)
FNDA:0,(anonymous_54)
FNDA:0,(anonymous_55)
FNDA:0,(anonymous_56)
FNDA:0,(anonymous_57)
FNDA:0,(anonymous_58)
FNDA:0,(anonymous_59)
FNDA:0,(anonymous_60)
FNDA:0,(anonymous_61)
FNDA:0,(anonymous_62)
DA:42,0
DA:56,0
DA:57,0
DA:60,0
DA:74,0
DA:89,0
DA:90,0
DA:93,0
DA:95,0
DA:97,0
DA:98,0
DA:102,0
DA:104,0
DA:105,0
DA:106,0
DA:108,0
DA:118,0
DA:122,0
DA:148,0
DA:177,0
DA:196,0
DA:218,0
DA:219,0
DA:220,0
DA:223,0
DA:224,0
DA:225,0
DA:226,0
DA:227,0
DA:228,0
DA:229,0
DA:231,0
DA:235,0
DA:236,0
DA:238,0
DA:239,0
DA:245,0
DA:247,0
DA:249,0
DA:251,0
DA:252,0
DA:254,0
DA:255,0
DA:256,0
DA:257,0
DA:261,0
DA:262,0
DA:263,0
DA:264,0
DA:267,0
DA:268,0
DA:269,0
DA:270,0
DA:271,0
DA:272,0
DA:277,0
DA:278,0
DA:279,0
DA:280,0
DA:282,0
DA:287,0
DA:288,0
DA:289,0
DA:290,0
DA:291,0
DA:293,0
DA:296,0
DA:297,0
DA:298,0
DA:299,0
DA:301,0
DA:302,0
DA:303,0
DA:305,0
DA:308,0
DA:309,0
DA:310,0
DA:317,0
DA:318,0
DA:321,0
DA:322,0
DA:323,0
DA:324,0
DA:325,0
DA:326,0
DA:327,0
DA:328,0
DA:331,0
DA:332,0
DA:335,0
DA:336,0
DA:337,0
DA:340,0
DA:341,0
DA:342,0
DA:343,0
DA:345,0
DA:348,0
DA:352,0
DA:353,0
DA:354,0
DA:357,0
DA:358,0
DA:359,0
DA:360,0
DA:361,0
DA:362,0
DA:364,0
DA:365,0
DA:369,0
DA:370,0
DA:371,0
DA:375,0
DA:376,0
DA:377,0
DA:378,0
DA:379,0
DA:380,0
DA:383,0
DA:384,0
DA:385,0
DA:388,0
DA:389,0
DA:390,0
DA:392,0
DA:393,0
DA:400,0
DA:402,0
DA:405,0
DA:406,0
DA:407,0
DA:408,0
DA:409,0
DA:410,0
DA:411,0
DA:414,0
DA:418,0
DA:419,0
DA:420,0
DA:421,0
DA:422,0
DA:423,0
DA:429,0
DA:430,0
DA:431,0
DA:432,0
DA:433,0
DA:434,0
DA:439,0
DA:440,0
DA:441,0
DA:447,0
DA:448,0
DA:449,0
DA:450,0
DA:454,0
DA:456,0
DA:459,0
DA:460,0
DA:461,0
DA:462,0
DA:463,0
DA:464,0
DA:465,0
DA:466,0
DA:467,0
DA:468,0
DA:469,0
DA:482,0
DA:489,0
DA:490,0
DA:491,0
DA:492,0
DA:494,0
DA:495,0
DA:499,0
DA:500,0
DA:501,0
DA:502,0
DA:503,0
DA:504,0
DA:505,0
DA:506,0
DA:507,0
DA:509,0
DA:511,0
DA:516,0
DA:517,0
DA:523,0
DA:524,0
DA:525,0
DA:538,0
DA:541,0
DA:542,0
DA:544,0
DA:547,0
DA:548,0
DA:550,0
DA:551,0
DA:555,0
DA:556,0
DA:557,0
DA:558,0
DA:559,0
DA:560,0
DA:561,0
DA:563,0
DA:568,0
DA:569,0
DA:570,0
DA:576,0
DA:577,0
DA:578,0
DA:591,0
DA:592,0
DA:594,0
DA:597,0
DA:598,0
DA:600,0
DA:601,0
DA:606,0
DA:607,0
DA:632,0
DA:639,0
DA:649,0
DA:664,0
DA:681,0
DA:690,0
DA:705,0
DA:706,0
DA:707,0
DA:708,0
DA:709,0
DA:711,0
DA:728,0
DA:740,0
DA:741,0
DA:742,0
DA:743,0
DA:749,0
DA:756,0
DA:757,0
DA:763,0
DA:770,0
DA:782,0
DA:792,0
DA:796,0
DA:805,0
DA:814,0
DA:817,0
LF:250
LH:0
BRDA:93,0,0,0
BRDA:93,0,1,0
BRDA:95,1,0,0
BRDA:95,1,1,0
BRDA:97,2,0,0
BRDA:97,2,1,0
BRDA:97,2,2,0
BRDA:98,3,0,0
BRDA:98,3,1,0
BRDA:104,4,0,0
BRDA:104,4,1,0
BRDA:104,4,2,0
BRDA:104,4,3,0
BRDA:105,5,0,0
BRDA:105,5,1,0
BRDA:105,6,0,0
BRDA:105,6,1,0
BRDA:105,6,2,0
BRDA:106,7,0,0
BRDA:106,7,1,0
BRDA:121,8,0,0
BRDA:121,8,1,0
BRDA:135,9,0,0
BRDA:135,9,1,0
BRDA:140,10,0,0
BRDA:140,10,1,0
BRDA:147,11,0,0
BRDA:147,11,1,0
BRDA:163,12,0,0
BRDA:163,12,1,0
BRDA:168,13,0,0
BRDA:168,13,1,0
BRDA:190,14,0,0
BRDA:190,14,1,0
BRDA:225,15,0,0
BRDA:225,15,1,0
BRDA:226,16,0,0
BRDA:226,16,1,0
BRDA:228,17,0,0
BRDA:228,17,1,0
BRDA:236,18,0,0
BRDA:236,18,1,0
BRDA:236,18,2,0
BRDA:280,19,0,0
BRDA:280,19,1,0
BRDA:280,20,0,0
BRDA:280,20,1,0
BRDA:291,21,0,0
BRDA:291,21,1,0
BRDA:291,22,0,0
BRDA:291,22,1,0
BRDA:323,23,0,0
BRDA:323,23,1,0
BRDA:331,24,0,0
BRDA:331,24,1,0
BRDA:332,25,0,0
BRDA:332,25,1,0
BRDA:354,26,0,0
BRDA:354,26,1,0
BRDA:357,27,0,0
BRDA:362,28,0,0
BRDA:362,28,1,0
BRDA:364,29,0,0
BRDA:364,29,1,0
BRDA:408,30,0,0
BRDA:408,30,1,0
BRDA:419,31,0,0
BRDA:419,31,1,0
BRDA:431,32,0,0
BRDA:431,32,1,0
BRDA:431,33,0,0
BRDA:431,33,1,0
BRDA:447,34,0,0
BRDA:447,34,1,0
BRDA:450,35,0,0
BRDA:450,35,1,0
BRDA:450,36,0,0
BRDA:450,36,1,0
BRDA:482,37,0,0
BRDA:482,37,1,0
BRDA:483,38,0,0
BRDA:483,38,1,0
BRDA:483,38,2,0
BRDA:484,39,0,0
BRDA:484,39,1,0
BRDA:484,39,2,0
BRDA:485,40,0,0
BRDA:485,40,1,0
BRDA:485,40,2,0
BRDA:489,41,0,0
BRDA:489,41,1,0
BRDA:491,42,0,0
BRDA:491,42,1,0
BRDA:509,43,0,0
BRDA:509,43,1,0
BRDA:511,44,0,0
BRDA:511,44,1,0
BRDA:511,44,2,0
BRDA:511,44,3,0
BRDA:519,45,0,0
BRDA:519,45,1,0
BRDA:519,45,2,0
BRDA:519,45,3,0
BRDA:520,46,0,0
BRDA:520,46,1,0
BRDA:520,46,2,0
BRDA:520,46,3,0
BRDA:541,47,0,0
BRDA:541,47,1,0
BRDA:544,48,0,0
BRDA:544,48,1,0
BRDA:544,49,0,0
BRDA:544,49,1,0
BRDA:563,50,0,0
BRDA:563,50,1,0
BRDA:563,50,2,0
BRDA:563,50,3,0
BRDA:568,51,0,0
BRDA:568,51,1,0
BRDA:572,52,0,0
BRDA:572,52,1,0
BRDA:572,52,2,0
BRDA:572,52,3,0
BRDA:573,53,0,0
BRDA:573,53,1,0
BRDA:573,53,2,0
BRDA:573,53,3,0
BRDA:591,54,0,0
BRDA:591,54,1,0
BRDA:594,55,0,0
BRDA:594,55,1,0
BRDA:594,56,0,0
BRDA:594,56,1,0
BRDA:606,57,0,0
BRDA:606,57,1,0
BRDA:643,58,0,0
BRDA:643,58,1,0
BRDA:658,59,0,0
BRDA:658,59,1,0
BRDA:673,60,0,0
BRDA:673,60,1,0
BRDA:680,61,0,0
BRDA:680,61,1,0
BRDA:687,62,0,0
BRDA:687,62,1,0
BRDA:705,63,0,0
BRDA:705,63,1,0
BRDA:708,64,0,0
BRDA:708,64,1,0
BRDA:811,65,0,0
BRDA:811,65,1,0
BRDA:817,66,0,0
BRDA:817,66,1,0
BRF:153
BRH:0
end_of_record
TN:
SF:src\geminiService.js
FN:7,(anonymous_0)
FN:7,(anonymous_1)
FN:10,pollJobStatus
FN:24,(anonymous_3)
FN:43,analyzeFoodImage
FN:57,(anonymous_5)
FN:65,analyzeFoodText
FN:79,(anonymous_7)
FNF:8
FNH:5
FNDA:1,(anonymous_0)
FNDA:1,(anonymous_1)
FNDA:4,pollJobStatus
FNDA:0,(anonymous_3)
FNDA:5,analyzeFoodImage
FNDA:0,(anonymous_5)
FNDA:2,analyzeFoodText
FNDA:0,(anonymous_7)
DA:7,1
DA:11,4
DA:12,4
DA:14,4
DA:15,5
DA:17,5
DA:23,5
DA:24,1
DA:25,1
DA:28,4
DA:29,4
DA:30,2
DA:32,2
DA:33,1
DA:36,1
DA:37,1
DA:40,0
DA:44,5
DA:45,5
DA:56,4
DA:57,1
DA:58,1
DA:61,3
DA:62,3
DA:66,2
DA:67,2
DA:78,2
DA:79,1
DA:80,1
DA:83,1
DA:84,1
LF:31
LH:30
BRDA:15,0,0,0
BRDA:15,0,1,5
BRDA:23,1,0,1
BRDA:23,1,1,4
BRDA:25,2,0,1
BRDA:25,2,1,0
BRDA:29,3,0,2
BRDA:29,3,1,2
BRDA:32,4,0,1
BRDA:32,4,1,1
BRDA:33,5,0,1
BRDA:33,5,1,0
BRDA:44,6,0,5
BRDA:44,6,1,0
BRDA:44,6,2,0
BRDA:56,7,0,1
BRDA:56,7,1,3
BRDA:58,8,0,1
BRDA:58,8,1,0
BRDA:66,9,0,2
BRDA:66,9,1,0
BRDA:66,9,2,0
BRDA:78,10,0,1
BRDA:78,10,1,1
BRDA:80,11,0,1
BRDA:80,11,1,0
BRF:26
BRH:17
end_of_record
TN:
SF:src\test-setup.js
FNF:0
FNH:0
LF:0
LH:0
BRF:0
BRH:0
end_of_record
TN:
SF:src\api\client.js
FN:12,apiFetch
FNF:1
FNH:1
FNDA:5,apiFetch
DA:1,1
DA:13,5
DA:14,5
LF:3
LH:3
BRDA:1,0,0,1
BRDA:1,0,1,1
BRDA:12,1,0,3
BRF:3
BRH:3
end_of_record
TN:
SF:src\components\BarcodeScanner.jsx
FN:5,BarcodeScanner
FN:6,(anonymous_1)
FN:14,(anonymous_2)
FN:18,(anonymous_3)
FN:23,(anonymous_4)
FN:24,(anonymous_5)
FNF:6
FNH:0
FNDA:0,BarcodeScanner
FNDA:0,(anonymous_1)
FNDA:0,(anonymous_2)
FNDA:0,(anonymous_3)
FNDA:0,(anonymous_4)
FNDA:0,(anonymous_5)
DA:6,0
DA:7,0
DA:13,0
DA:15,0
DA:16,0
DA:23,0
DA:24,0
DA:28,0
LF:8
LH:0
BRF:0
BRH:0
end_of_record
TN:
SF:src\components\Compare.jsx
FN:6,Compare
FN:17,(anonymous_1)
FN:20,(anonymous_2)
FN:39,(anonymous_3)
FN:42,(anonymous_4)
FN:43,(anonymous_5)
FN:44,(anonymous_6)
FN:46,(anonymous_7)
FN:52,(anonymous_8)
FN:52,(anonymous_9)
FN:54,(anonymous_10)
FN:70,(anonymous_11)
FN:74,(anonymous_12)
FN:75,(anonymous_13)
FN:83,(anonymous_14)
FN:93,(anonymous_15)
FN:103,(anonymous_16)
FN:122,(anonymous_17)
FN:165,(anonymous_18)
FN:173,(anonymous_19)
FN:181,(anonymous_20)
FN:186,(anonymous_21)
FN:225,(anonymous_22)
FN:225,(anonymous_23)
FN:233,(anonymous_24)
FN:233,(anonymous_25)
FN:245,(anonymous_26)
FN:257,(anonymous_27)
FN:297,(anonymous_28)
FN:357,(anonymous_29)
FNF:30
FNH:0
FNDA:0,Compare
FNDA:0,(anonymous_1)
FNDA:0,(anonymous_2)
FNDA:0,(anonymous_3)
FNDA:0,(anonymous_4)
FNDA:0,(anonymous_5)
FNDA:0,(anonymous_6)
FNDA:0,(anonymous_7)
FNDA:0,(anonymous_8)
FNDA:0,(anonymous_9)
FNDA:0,(anonymous_10)
FNDA:0,(anonymous_11)
FNDA:0,(anonymous_12)
FNDA:0,(anonymous_13)
FNDA:0,(anonymous_14)
FNDA:0,(anonymous_15)
FNDA:0,(anonymous_16)
FNDA:0,(anonymous_17)
FNDA:0,(anonymous_18)
FNDA:0,(anonymous_19)
FNDA:0,(anonymous_20)
FNDA:0,(anonymous_21)
FNDA:0,(anonymous_22)
FNDA:0,(anonymous_23)
FNDA:0,(anonymous_24)
FNDA:0,(anonymous_25)
FNDA:0,(anonymous_26)
FNDA:0,(anonymous_27)
FNDA:0,(anonymous_28)
FNDA:0,(anonymous_29)
DA:7,0
DA:8,0
DA:9,0
DA:10,0
DA:11,0
DA:12,0
DA:13,0
DA:14,0
DA:15,0
DA:17,0
DA:18,0
DA:20,0
DA:21,0
DA:22,0
DA:26,0
DA:27,0
DA:28,0
DA:30,0
DA:31,0
DA:32,0
DA:34,0
DA:38,0
DA:39,0
DA:42,0
DA:43,0
DA:44,0
DA:45,0
DA:46,0
DA:48,0
DA:52,0
DA:54,0
DA:55,0
DA:56,0
DA:58,0
DA:59,0
DA:60,0
DA:61,0
DA:62,0
DA:64,0
DA:70,0
DA:73,0
DA:74,0
DA:75,0
DA:79,0
DA:80,0
DA:83,0
DA:84,0
DA:85,0
DA:86,0
DA:87,0
DA:89,0
DA:93,0
DA:94,0
DA:95,0
DA:103,0
DA:104,0
DA:105,0
DA:111,0
DA:112,0
DA:114,0
DA:115,0
DA:117,0
DA:122,0
DA:166,0
DA:167,0
DA:174,0
DA:175,0
DA:176,0
DA:178,0
DA:181,0
DA:187,0
DA:188,0
DA:189,0
DA:225,0
DA:233,0
DA:245,0
DA:258,0
DA:259,0
DA:260,0
DA:262,0
DA:298,0
DA:299,0
DA:300,0
DA:301,0
DA:302,0
DA:303,0
DA:305,0
DA:358,0
LF:88
LH:0
BRDA:26,0,0,0
BRDA:26,0,1,0
BRDA:30,1,0,0
BRDA:30,1,1,0
BRDA:34,2,0,0
BRDA:34,2,1,0
BRDA:45,3,0,0
BRDA:45,3,1,0
BRDA:55,4,0,0
BRDA:55,4,1,0
BRDA:58,5,0,0
BRDA:58,5,1,0
BRDA:60,6,0,0
BRDA:60,6,1,0
BRDA:60,7,0,0
BRDA:60,7,1,0
BRDA:79,8,0,0
BRDA:79,8,1,0
BRDA:83,9,0,0
BRDA:84,10,0,0
BRDA:84,10,1,0
BRDA:85,11,0,0
BRDA:85,11,1,0
BRDA:94,12,0,0
BRDA:94,12,1,0
BRDA:94,12,2,0
BRDA:95,13,0,0
BRDA:95,13,1,0
BRDA:95,13,2,0
BRDA:95,13,3,0
BRDA:95,13,4,0
BRDA:95,13,5,0
BRDA:106,14,0,0
BRDA:106,14,1,0
BRDA:106,15,0,0
BRDA:106,15,1,0
BRDA:107,16,0,0
BRDA:107,16,1,0
BRDA:122,17,0,0
BRDA:122,17,1,0
BRDA:132,18,0,0
BRDA:132,18,1,0
BRDA:137,19,0,0
BRDA:137,19,1,0
BRDA:142,20,0,0
BRDA:142,20,1,0
BRDA:152,21,0,0
BRDA:152,21,1,0
BRDA:173,22,0,0
BRDA:173,22,1,0
BRDA:175,23,0,0
BRDA:175,23,1,0
BRDA:175,24,0,0
BRDA:175,24,1,0
BRDA:182,25,0,0
BRDA:182,25,1,0
BRDA:187,26,0,0
BRDA:187,26,1,0
BRDA:187,27,0,0
BRDA:187,27,1,0
BRDA:194,28,0,0
BRDA:194,28,1,0
BRDA:198,29,0,0
BRDA:198,29,1,0
BRDA:206,30,0,0
BRDA:206,30,1,0
BRDA:207,31,0,0
BRDA:207,31,1,0
BRDA:222,32,0,0
BRDA:222,32,1,0
BRDA:242,33,0,0
BRDA:242,33,1,0
BRDA:249,34,0,0
BRDA:249,34,1,0
BRDA:258,35,0,0
BRDA:258,35,1,0
BRDA:258,36,0,0
BRDA:258,36,1,0
BRDA:268,37,0,0
BRDA:268,37,1,0
BRDA:269,38,0,0
BRDA:269,38,1,0
BRDA:272,39,0,0
BRDA:272,39,1,0
BRDA:273,40,0,0
BRDA:273,40,1,0
BRDA:274,41,0,0
BRDA:274,41,1,0
BRDA:297,42,0,0
BRDA:297,42,1,0
BRDA:300,43,0,0
BRDA:300,43,1,0
BRDA:300,44,0,0
BRDA:300,44,1,0
BRDA:301,45,0,0
BRDA:301,45,1,0
BRDA:301,46,0,0
BRDA:301,46,1,0
BRDA:301,47,0,0
BRDA:301,47,1,0
BRDA:301,48,0,0
BRDA:301,48,1,0
BRDA:303,49,0,0
BRDA:303,49,1,0
BRDA:303,50,0,0
BRDA:303,50,1,0
BRDA:309,51,0,0
BRDA:309,51,1,0
BRDA:309,52,0,0
BRDA:309,52,1,0
BRDA:311,53,0,0
BRDA:311,53,1,0
BRDA:313,54,0,0
BRDA:313,54,1,0
BRDA:335,55,0,0
BRDA:335,55,1,0
BRDA:340,56,0,0
BRDA:340,56,1,0
BRF:118
BRH:0
end_of_record
TN:
SF:src\components\Dashboard.jsx
FN:23,(anonymous_0)
FN:30,(anonymous_1)
FN:32,(anonymous_2)
FN:38,(anonymous_3)
FN:45,(anonymous_4)
FN:51,(anonymous_5)
FN:56,(anonymous_6)
FN:66,(anonymous_7)
FN:72,(anonymous_8)
FN:78,(anonymous_9)
FN:86,(anonymous_10)
FN:92,(anonymous_11)
FN:96,(anonymous_12)
FN:109,(anonymous_13)
FN:110,(anonymous_14)
FN:113,(anonymous_15)
FN:119,(anonymous_16)
FN:141,(anonymous_17)
FN:200,(anonymous_18)
FN:206,ProgressRing
FN:246,MacroBar
FN:274,WeekSelector
FN:284,(anonymous_22)
FN:304,(anonymous_23)
FN:318,(anonymous_24)
FN:326,(anonymous_25)
FN:336,(anonymous_26)
FN:362,(anonymous_27)
FN:388,DailyNutritionCard
FN:391,(anonymous_29)
FN:393,(anonymous_30)
FN:448,RecentScanCard
FN:459,(anonymous_32)
FN:467,(anonymous_33)
FN:494,(anonymous_34)
FN:511,Dashboard
FN:526,(anonymous_36)
FN:527,(anonymous_37)
FN:528,(anonymous_38)
FN:531,(anonymous_39)
FN:534,(anonymous_40)
FN:553,(anonymous_41)
FN:558,(anonymous_42)
FN:559,(anonymous_43)
FN:567,(anonymous_44)
FN:568,(anonymous_45)
FN:575,(anonymous_46)
FN:583,(anonymous_47)
FN:589,(anonymous_48)
FN:596,(anonymous_49)
FN:655,(anonymous_50)
FN:665,(anonymous_51)
FN:723,(anonymous_52)
FN:751,(anonymous_53)
FN:758,(anonymous_54)
FN:781,(anonymous_55)
FN:786,(anonymous_56)
FNF:57
FNH:0
FNDA:0,(anonymous_0)
FNDA:0,(anonymous_1)
FNDA:0,(anonymous_2)
FNDA:0,(anonymous_3)
FNDA:0,(anonymous_4)
FNDA:0,(anonymous_5)
FNDA:0,(anonymous_6)
FNDA:0,(anonymous_7)
FNDA:0,(anonymous_8)
FNDA:0,(anonymous_9)
FNDA:0,(anonymous_10)
FNDA:0,(anonymous_11)
FNDA:0,(anonymous_12)
FNDA:0,(anonymous_13)
FNDA:0,(anonymous_14)
FNDA:0,(anonymous_15)
FNDA:0,(anonymous_16)
FNDA:0,(anonymous_17)
FNDA:0,(anonymous_18)
FNDA:0,ProgressRing
FNDA:0,MacroBar
FNDA:0,WeekSelector
FNDA:0,(anonymous_22)
FNDA:0,(anonymous_23)
FNDA:0,(anonymous_24)
FNDA:0,(anonymous_25)
FNDA:0,(anonymous_26)
FNDA:0,(anonymous_27)
FNDA:0,DailyNutritionCard
FNDA:0,(anonymous_29)
FNDA:0,(anonymous_30)
FNDA:0,RecentScanCard
FNDA:0,(anonymous_32)
FNDA:0,(anonymous_33)
FNDA:0,(anonymous_34)
FNDA:0,Dashboard
FNDA:0,(anonymous_36)
FNDA:0,(anonymous_37)
FNDA:0,(anonymous_38)
FNDA:0,(anonymous_39)
FNDA:0,(anonymous_40)
FNDA:0,(anonymous_41)
FNDA:0,(anonymous_42)
FNDA:0,(anonymous_43)
FNDA:0,(anonymous_44)
FNDA:0,(anonymous_45)
FNDA:0,(anonymous_46)
FNDA:0,(anonymous_47)
FNDA:0,(anonymous_48)
FNDA:0,(anonymous_49)
FNDA:0,(anonymous_50)
FNDA:0,(anonymous_51)
FNDA:0,(anonymous_52)
FNDA:0,(anonymous_53)
FNDA:0,(anonymous_54)
FNDA:0,(anonymous_55)
FNDA:0,(anonymous_56)
DA:23,0
DA:24,0
DA:25,0
DA:26,0
DA:27,0
DA:30,0
DA:32,0
DA:33,0
DA:34,0
DA:35,0
DA:38,0
DA:39,0
DA:40,0
DA:41,0
DA:42,0
DA:45,0
DA:46,0
DA:47,0
DA:48,0
DA:51,0
DA:52,0
DA:53,0
DA:56,0
DA:57,0
DA:58,0
DA:59,0
DA:60,0
DA:62,0
DA:66,0
DA:67,0
DA:68,0
DA:69,0
DA:72,0
DA:73,0
DA:74,0
DA:75,0
DA:78,0
DA:79,0
DA:80,0
DA:81,0
DA:83,0
DA:86,0
DA:87,0
DA:88,0
DA:89,0
DA:92,0
DA:93,0
DA:96,0
DA:97,0
DA:102,0
DA:104,0
DA:105,0
DA:106,0
DA:109,0
DA:110,0
DA:111,0
DA:113,0
DA:114,0
DA:116,0
DA:119,0
DA:120,0
DA:121,0
DA:123,0
DA:124,0
DA:126,0
DA:127,0
DA:129,0
DA:130,0
DA:132,0
DA:133,0
DA:135,0
DA:136,0
DA:138,0
DA:141,0
DA:142,0
DA:143,0
DA:144,0
DA:145,0
DA:146,0
DA:148,0
DA:198,0
DA:200,0
DA:207,0
DA:208,0
DA:209,0
DA:210,0
DA:212,0
DA:247,0
DA:248,0
DA:284,0
DA:285,0
DA:286,0
DA:287,0
DA:292,0
DA:304,0
DA:318,0
DA:327,0
DA:328,0
DA:329,0
DA:330,0
DA:332,0
DA:336,0
DA:362,0
DA:389,0
DA:391,0
DA:392,0
DA:393,0
DA:394,0
DA:395,0
DA:396,0
DA:397,0
DA:398,0
DA:399,0
DA:400,0
DA:401,0
DA:402,0
DA:404,0
DA:407,0
DA:409,0
DA:449,0
DA:450,0
DA:451,0
DA:452,0
DA:453,0
DA:455,0
DA:459,0
DA:467,0
DA:495,0
DA:519,0
DA:521,0
DA:522,0
DA:523,0
DA:526,0
DA:527,0
DA:528,0
DA:531,0
DA:532,0
DA:534,0
DA:535,0
DA:536,0
DA:540,0
DA:541,0
DA:542,0
DA:544,0
DA:545,0
DA:546,0
DA:548,0
DA:552,0
DA:553,0
DA:557,0
DA:559,0
DA:560,0
DA:561,0
DA:566,0
DA:568,0
DA:569,0
DA:570,0
DA:575,0
DA:576,0
DA:577,0
DA:578,0
DA:579,0
DA:580,0
DA:583,0
DA:584,0
DA:585,0
DA:586,0
DA:589,0
DA:590,0
DA:591,0
DA:592,0
DA:593,0
DA:596,0
DA:597,0
DA:616,0
DA:617,0
DA:618,0
DA:620,0
DA:655,0
DA:665,0
DA:723,0
DA:751,0
DA:759,0
DA:782,0
DA:786,0
LF:185
LH:0
BRDA:33,0,0,0
BRDA:33,0,1,0
BRDA:33,0,2,0
BRDA:34,1,0,0
BRDA:34,1,1,0
BRDA:35,2,0,0
BRDA:35,2,1,0
BRDA:35,3,0,0
BRDA:35,3,1,0
BRDA:56,4,0,0
BRDA:57,5,0,0
BRDA:57,5,1,0
BRDA:57,6,0,0
BRDA:57,6,1,0
BRDA:58,7,0,0
BRDA:58,7,1,0
BRDA:67,8,0,0
BRDA:67,8,1,0
BRDA:67,9,0,0
BRDA:67,9,1,0
BRDA:67,9,2,0
BRDA:69,10,0,0
BRDA:69,10,1,0
BRDA:72,11,0,0
BRDA:74,12,0,0
BRDA:74,12,1,0
BRDA:75,13,0,0
BRDA:75,13,1,0
BRDA:81,14,0,0
BRDA:81,14,1,0
BRDA:87,15,0,0
BRDA:87,15,1,0
BRDA:88,16,0,0
BRDA:88,16,1,0
BRDA:89,17,0,0
BRDA:89,17,1,0
BRDA:89,17,2,0
BRDA:89,17,3,0
BRDA:89,17,4,0
BRDA:93,18,0,0
BRDA:93,18,1,0
BRDA:93,18,2,0
BRDA:102,19,0,0
BRDA:102,19,1,0
BRDA:104,20,0,0
BRDA:104,20,1,0
BRDA:104,20,2,0
BRDA:106,21,0,0
BRDA:106,21,1,0
BRDA:109,22,0,0
BRDA:111,23,0,0
BRDA:111,23,1,0
BRDA:114,24,0,0
BRDA:114,24,1,0
BRDA:114,25,0,0
BRDA:114,25,1,0
BRDA:121,26,0,0
BRDA:121,26,1,0
BRDA:124,27,0,0
BRDA:124,27,1,0
BRDA:127,28,0,0
BRDA:127,28,1,0
BRDA:127,29,0,0
BRDA:127,29,1,0
BRDA:130,30,0,0
BRDA:130,30,1,0
BRDA:130,31,0,0
BRDA:130,31,1,0
BRDA:133,32,0,0
BRDA:133,32,1,0
BRDA:136,33,0,0
BRDA:136,33,1,0
BRDA:136,34,0,0
BRDA:136,34,1,0
BRDA:141,35,0,0
BRDA:146,36,0,0
BRDA:146,36,1,0
BRDA:152,37,0,0
BRDA:152,37,1,0
BRDA:162,38,0,0
BRDA:162,38,1,0
BRDA:172,39,0,0
BRDA:172,39,1,0
BRDA:179,40,0,0
BRDA:179,40,1,0
BRDA:183,41,0,0
BRDA:183,41,1,0
BRDA:200,42,0,0
BRDA:200,42,1,0
BRDA:200,43,0,0
BRDA:200,43,1,0
BRDA:206,44,0,0
BRDA:206,45,0,0
BRDA:207,46,0,0
BRDA:207,46,1,0
BRDA:247,47,0,0
BRDA:247,47,1,0
BRDA:340,48,0,0
BRDA:340,48,1,0
BRDA:343,49,0,0
BRDA:343,49,1,0
BRDA:343,50,0,0
BRDA:343,50,1,0
BRDA:352,51,0,0
BRDA:352,51,1,0
BRDA:352,52,0,0
BRDA:352,52,1,0
BRDA:394,53,0,0
BRDA:394,53,1,0
BRDA:395,54,0,0
BRDA:395,54,1,0
BRDA:396,55,0,0
BRDA:396,55,1,0
BRDA:397,56,0,0
BRDA:397,56,1,0
BRDA:398,57,0,0
BRDA:398,57,1,0
BRDA:449,58,0,0
BRDA:449,58,1,0
BRDA:450,59,0,0
BRDA:450,59,1,0
BRDA:453,60,0,0
BRDA:453,60,1,0
BRDA:453,60,2,0
BRDA:462,61,0,0
BRDA:462,61,1,0
BRDA:465,62,0,0
BRDA:465,62,1,0
BRDA:480,63,0,0
BRDA:480,63,1,0
BRDA:482,64,0,0
BRDA:482,64,1,0
BRDA:540,65,0,0
BRDA:540,65,1,0
BRDA:542,66,0,0
BRDA:542,66,1,0
BRDA:544,67,0,0
BRDA:544,67,1,0
BRDA:548,68,0,0
BRDA:548,68,1,0
BRDA:561,69,0,0
BRDA:561,69,1,0
BRDA:570,70,0,0
BRDA:570,70,1,0
BRDA:599,71,0,0
BRDA:599,71,1,0
BRDA:600,72,0,0
BRDA:600,72,1,0
BRDA:601,73,0,0
BRDA:601,73,1,0
BRDA:609,74,0,0
BRDA:609,74,1,0
BRDA:609,74,2,0
BRDA:612,75,0,0
BRDA:612,75,1,0
BRDA:616,76,0,0
BRDA:616,76,1,0
BRDA:616,76,2,0
BRDA:617,77,0,0
BRDA:617,77,1,0
BRDA:636,78,0,0
BRDA:636,78,1,0
BRDA:704,79,0,0
BRDA:704,79,1,0
BRDA:716,80,0,0
BRDA:716,80,1,0
BRDA:729,81,0,0
BRDA:729,81,1,0
BRDA:737,82,0,0
BRDA:737,82,1,0
BRDA:741,83,0,0
BRDA:741,83,1,0
BRDA:741,84,0,0
BRDA:741,84,1,0
BRDA:758,85,0,0
BRDA:758,85,1,0
BRF:176
BRH:0
end_of_record
TN:
SF:src\components\DashboardRedesign.jsx
FN:85,(anonymous_0)
FN:105,ScoreGauge
FN:137,MacroMiniBar
FN:159,ScanCard
FN:175,(anonymous_4)
FN:197,(anonymous_5)
FN:210,Sidebar
FN:224,(anonymous_7)
FN:230,(anonymous_8)
FN:283,DashboardRedesign
FN:283,(anonymous_10)
FN:283,(anonymous_11)
FN:288,(anonymous_12)
FN:342,(anonymous_13)
FN:342,(anonymous_14)
FN:356,(anonymous_15)
FN:371,(anonymous_16)
FN:412,(anonymous_17)
FN:418,(anonymous_18)
FN:444,(anonymous_19)
FN:449,(anonymous_20)
FN:450,(anonymous_21)
FN:468,MobileNav
FN:479,(anonymous_23)
FN:485,(anonymous_24)
FN:499,(anonymous_25)
FN:516,ScopedStyles
FNF:27
FNH:0
FNDA:0,(anonymous_0)
FNDA:0,ScoreGauge
FNDA:0,MacroMiniBar
FNDA:0,ScanCard
FNDA:0,(anonymous_4)
FNDA:0,(anonymous_5)
FNDA:0,Sidebar
FNDA:0,(anonymous_7)
FNDA:0,(anonymous_8)
FNDA:0,DashboardRedesign
FNDA:0,(anonymous_10)
FNDA:0,(anonymous_11)
FNDA:0,(anonymous_12)
FNDA:0,(anonymous_13)
FNDA:0,(anonymous_14)
FNDA:0,(anonymous_15)
FNDA:0,(anonymous_16)
FNDA:0,(anonymous_17)
FNDA:0,(anonymous_18)
FNDA:0,(anonymous_19)
FNDA:0,(anonymous_20)
FNDA:0,(anonymous_21)
FNDA:0,MobileNav
FNDA:0,(anonymous_23)
FNDA:0,(anonymous_24)
FNDA:0,(anonymous_25)
FNDA:0,ScopedStyles
DA:33,0
DA:35,0
DA:62,0
DA:74,0
DA:85,0
DA:86,0
DA:93,0
DA:106,0
DA:107,0
DA:108,0
DA:109,0
DA:110,0
DA:112,0
DA:138,0
DA:139,0
DA:160,0
DA:161,0
DA:175,0
DA:198,0
DA:211,0
DA:212,0
DA:225,0
DA:226,0
DA:230,0
DA:284,0
DA:285,0
DA:286,0
DA:288,0
DA:290,0
DA:342,0
DA:356,0
DA:371,0
DA:413,0
DA:414,0
DA:418,0
DA:444,0
DA:450,0
DA:469,0
DA:476,0
DA:480,0
DA:481,0
DA:485,0
DA:494,0
DA:495,0
DA:499,0
DA:517,0
LF:46
LH:0
BRDA:86,0,0,0
BRDA:86,0,1,0
BRDA:88,1,0,0
BRDA:88,1,1,0
BRDA:105,2,0,0
BRDA:211,3,0,0
BRDA:211,3,1,0
BRDA:233,4,0,0
BRDA:233,4,1,0
BRDA:238,5,0,0
BRDA:238,5,1,0
BRDA:240,6,0,0
BRDA:240,6,1,0
BRDA:262,7,0,0
BRDA:262,7,1,0
BRDA:283,8,0,0
BRDA:283,9,0,0
BRDA:291,10,0,0
BRDA:291,10,1,0
BRDA:346,11,0,0
BRDA:346,11,1,0
BRDA:421,12,0,0
BRDA:421,12,1,0
BRDA:428,13,0,0
BRDA:428,13,1,0
BRDA:428,14,0,0
BRDA:428,14,1,0
BRDA:480,15,0,0
BRDA:480,15,1,0
BRDA:502,16,0,0
BRDA:502,16,1,0
BRDA:503,17,0,0
BRDA:503,17,1,0
BRF:33
BRH:0
end_of_record
TN:
SF:src\components\ErrorBoundary.jsx
FN:13,(anonymous_0)
FN:19,(anonymous_1)
FN:23,(anonymous_2)
FN:27,(anonymous_3)
FN:32,(anonymous_4)
FN:104,(anonymous_5)
FNF:6
FNH:0
FNDA:0,(anonymous_0)
FNDA:0,(anonymous_1)
FNDA:0,(anonymous_2)
FNDA:0,(anonymous_3)
FNDA:0,(anonymous_4)
FNDA:0,(anonymous_5)
DA:14,0
DA:15,0
DA:16,0
DA:20,0
DA:24,0
DA:28,0
DA:29,0
DA:33,0
DA:35,0
DA:36,0
DA:39,0
DA:104,0
LF:12
LH:0
BRDA:33,0,0,0
BRDA:33,0,1,0
BRDA:35,1,0,0
BRDA:35,1,1,0
BRDA:76,2,0,0
BRDA:76,2,1,0
BRF:6
BRH:0
end_of_record
TN:
SF:src\components\FeatureRequests.jsx
FN:29,FeatureRequests
FN:46,(anonymous_1)
FN:49,(anonymous_2)
FN:52,(anonymous_3)
FN:71,(anonymous_4)
FN:75,(anonymous_5)
FN:75,(anonymous_6)
FN:105,(anonymous_7)
FN:137,(anonymous_8)
FN:144,(anonymous_9)
FN:154,(anonymous_10)
FN:160,(anonymous_11)
FN:167,(anonymous_12)
FN:168,(anonymous_13)
FN:169,(anonymous_14)
FN:170,(anonymous_15)
FN:174,(anonymous_16)
FN:176,(anonymous_17)
FN:178,(anonymous_18)
FN:192,(anonymous_19)
FN:205,(anonymous_20)
FN:207,(anonymous_21)
FN:212,(anonymous_22)
FN:216,(anonymous_23)
FN:229,(anonymous_24)
FN:251,(anonymous_25)
FN:255,(anonymous_26)
FN:263,(anonymous_27)
FN:309,(anonymous_28)
FN:324,(anonymous_29)
FN:334,(anonymous_30)
FN:339,(anonymous_31)
FN:351,(anonymous_32)
FNF:33
FNH:0
FNDA:0,FeatureRequests
FNDA:0,(anonymous_1)
FNDA:0,(anonymous_2)
FNDA:0,(anonymous_3)
FNDA:0,(anonymous_4)
FNDA:0,(anonymous_5)
FNDA:0,(anonymous_6)
FNDA:0,(anonymous_7)
FNDA:0,(anonymous_8)
FNDA:0,(anonymous_9)
FNDA:0,(anonymous_10)
FNDA:0,(anonymous_11)
FNDA:0,(anonymous_12)
FNDA:0,(anonymous_13)
FNDA:0,(anonymous_14)
FNDA:0,(anonymous_15)
FNDA:0,(anonymous_16)
FNDA:0,(anonymous_17)
FNDA:0,(anonymous_18)
FNDA:0,(anonymous_19)
FNDA:0,(anonymous_20)
FNDA:0,(anonymous_21)
FNDA:0,(anonymous_22)
FNDA:0,(anonymous_23)
FNDA:0,(anonymous_24)
FNDA:0,(anonymous_25)
FNDA:0,(anonymous_26)
FNDA:0,(anonymous_27)
FNDA:0,(anonymous_28)
FNDA:0,(anonymous_29)
FNDA:0,(anonymous_30)
FNDA:0,(anonymous_31)
FNDA:0,(anonymous_32)
DA:21,0
DA:22,0
DA:30,0
DA:31,0
DA:32,0
DA:34,0
DA:35,0
DA:36,0
DA:37,0
DA:40,0
DA:41,0
DA:42,0
DA:43,0
DA:44,0
DA:46,0
DA:47,0
DA:48,0
DA:49,0
DA:52,0
DA:53,0
DA:54,0
DA:55,0
DA:59,0
DA:60,0
DA:61,0
DA:63,0
DA:64,0
DA:65,0
DA:67,0
DA:71,0
DA:72,0
DA:75,0
DA:76,0
DA:77,0
DA:78,0
DA:79,0
DA:81,0
DA:82,0
DA:84,0
DA:86,0
DA:89,0
DA:90,0
DA:100,0
DA:101,0
DA:105,0
DA:106,0
DA:107,0
DA:109,0
DA:110,0
DA:111,0
DA:125,0
DA:127,0
DA:128,0
DA:130,0
DA:131,0
DA:133,0
DA:137,0
DA:138,0
DA:139,0
DA:140,0
DA:141,0
DA:144,0
DA:145,0
DA:146,0
DA:147,0
DA:148,0
DA:149,0
DA:150,0
DA:151,0
DA:154,0
DA:155,0
DA:158,0
DA:159,0
DA:160,0
DA:161,0
DA:167,0
DA:168,0
DA:169,0
DA:170,0
DA:173,0
DA:174,0
DA:175,0
DA:176,0
DA:177,0
DA:178,0
DA:181,0
DA:184,0
DA:192,0
DA:205,0
DA:207,0
DA:213,0
DA:216,0
DA:229,0
DA:251,0
DA:256,0
DA:257,0
DA:259,0
DA:263,0
DA:309,0
DA:324,0
DA:335,0
DA:339,0
DA:351,0
LF:103
LH:0
BRDA:57,0,0,0
BRDA:57,0,1,0
BRDA:59,1,0,0
BRDA:59,1,1,0
BRDA:63,2,0,0
BRDA:63,2,1,0
BRDA:67,3,0,0
BRDA:67,3,1,0
BRDA:72,4,0,0
BRDA:72,4,1,0
BRDA:76,5,0,0
BRDA:76,5,1,0
BRDA:78,6,0,0
BRDA:78,6,1,0
BRDA:82,7,0,0
BRDA:82,7,1,0
BRDA:107,8,0,0
BRDA:107,8,1,0
BRDA:107,9,0,0
BRDA:107,9,1,0
BRDA:125,10,0,0
BRDA:125,10,1,0
BRDA:148,11,0,0
BRDA:148,11,1,0
BRDA:149,12,0,0
BRDA:149,12,1,0
BRDA:150,13,0,0
BRDA:150,13,1,0
BRDA:158,14,0,0
BRDA:158,14,1,0
BRDA:161,15,0,0
BRDA:161,15,1,0
BRDA:167,16,0,0
BRDA:167,16,1,0
BRDA:168,17,0,0
BRDA:168,17,1,0
BRDA:169,18,0,0
BRDA:169,18,1,0
BRDA:170,19,0,0
BRDA:170,19,1,0
BRDA:173,20,0,0
BRDA:173,20,1,0
BRDA:175,21,0,0
BRDA:175,21,1,0
BRDA:177,22,0,0
BRDA:177,22,1,0
BRDA:207,23,0,0
BRDA:207,23,1,0
BRDA:215,24,0,0
BRDA:215,24,1,0
BRDA:237,25,0,0
BRDA:237,25,1,0
BRDA:242,26,0,0
BRDA:242,26,1,0
BRDA:244,27,0,0
BRDA:244,27,1,0
BRDA:256,28,0,0
BRDA:256,28,1,0
BRDA:256,29,0,0
BRDA:256,29,1,0
BRDA:257,30,0,0
BRDA:257,30,1,0
BRDA:264,31,0,0
BRDA:264,31,1,0
BRDA:267,32,0,0
BRDA:267,32,1,0
BRDA:275,33,0,0
BRDA:275,33,1,0
BRDA:279,34,0,0
BRDA:279,34,1,0
BRDA:290,35,0,0
BRDA:290,35,1,0
BRDA:307,36,0,0
BRDA:307,36,1,0
BRDA:338,37,0,0
BRDA:338,37,1,0
BRDA:361,38,0,0
BRDA:361,38,1,0
BRDA:361,38,2,0
BRDA:363,39,0,0
BRDA:363,39,1,0
BRF:81
BRH:0
end_of_record
TN:
SF:src\components\FoodDatabase.jsx
FN:6,FoodDatabase
FN:19,(anonymous_1)
FN:23,(anonymous_2)
FN:53,(anonymous_3)
FN:60,(anonymous_4)
FN:66,(anonymous_5)
FN:103,(anonymous_6)
FN:113,(anonymous_7)
FN:117,(anonymous_8)
FN:125,(anonymous_9)
FNF:10
FNH:0
FNDA:0,FoodDatabase
FNDA:0,(anonymous_1)
FNDA:0,(anonymous_2)
FNDA:0,(anonymous_3)
FNDA:0,(anonymous_4)
FNDA:0,(anonymous_5)
FNDA:0,(anonymous_6)
FNDA:0,(anonymous_7)
FNDA:0,(anonymous_8)
FNDA:0,(anonymous_9)
DA:7,0
DA:8,0
DA:9,0
DA:10,0
DA:11,0
DA:19,0
DA:20,0
DA:21,0
DA:23,0
DA:24,0
DA:25,0
DA:27,0
DA:28,0
DA:31,0
DA:36,0
DA:37,0
DA:38,0
DA:40,0
DA:42,0
DA:43,0
DA:44,0
DA:47,0
DA:51,0
DA:53,0
DA:54,0
DA:55,0
DA:56,0
DA:60,0
DA:61,0
DA:62,0
DA:63,0
DA:66,0
DA:67,0
DA:68,0
DA:76,0
DA:103,0
DA:114,0
DA:118,0
DA:120,0
DA:125,0
LF:40
LH:0
BRDA:28,0,0,0
BRDA:28,0,1,0
BRDA:36,1,0,0
BRDA:36,1,1,0
BRDA:38,2,0,0
BRDA:38,2,1,0
BRDA:40,3,0,0
BRDA:40,3,1,0
BRDA:42,4,0,0
BRDA:42,4,1,0
BRDA:44,5,0,0
BRDA:44,5,1,0
BRDA:47,6,0,0
BRDA:47,6,1,0
BRDA:51,7,0,0
BRDA:51,7,1,0
BRDA:61,8,0,0
BRDA:61,8,1,0
BRDA:62,9,0,0
BRDA:62,9,1,0
BRDA:67,10,0,0
BRDA:67,10,1,0
BRDA:67,10,2,0
BRDA:68,11,0,0
BRDA:68,11,1,0
BRDA:68,11,2,0
BRDA:68,11,3,0
BRDA:68,11,4,0
BRDA:68,11,5,0
BRDA:109,12,0,0
BRDA:109,12,1,0
BRDA:112,13,0,0
BRDA:112,13,1,0
BRDA:116,14,0,0
BRDA:116,14,1,0
BRDA:128,15,0,0
BRDA:128,15,1,0
BRDA:135,16,0,0
BRDA:135,16,1,0
BRDA:136,17,0,0
BRDA:136,17,1,0
BRDA:138,18,0,0
BRDA:138,18,1,0
BRDA:139,19,0,0
BRDA:139,19,1,0
BRF:45
BRH:0
end_of_record
TN:
SF:src\components\History.jsx
FN:6,(anonymous_0)
FN:16,History
FN:23,(anonymous_2)
FN:26,(anonymous_3)
FN:46,(anonymous_4)
FN:49,(anonymous_5)
FN:53,(anonymous_6)
FN:60,(anonymous_7)
FN:80,(anonymous_8)
FN:102,(anonymous_9)
FN:126,(anonymous_10)
FN:144,(anonymous_11)
FN:151,(anonymous_12)
FNF:13
FNH:0
FNDA:0,(anonymous_0)
FNDA:0,History
FNDA:0,(anonymous_2)
FNDA:0,(anonymous_3)
FNDA:0,(anonymous_4)
FNDA:0,(anonymous_5)
FNDA:0,(anonymous_6)
FNDA:0,(anonymous_7)
FNDA:0,(anonymous_8)
FNDA:0,(anonymous_9)
FNDA:0,(anonymous_10)
FNDA:0,(anonymous_11)
FNDA:0,(anonymous_12)
DA:6,0
DA:7,0
DA:8,0
DA:9,0
DA:10,0
DA:12,0
DA:17,0
DA:18,0
DA:19,0
DA:20,0
DA:21,0
DA:23,0
DA:24,0
DA:26,0
DA:27,0
DA:28,0
DA:32,0
DA:33,0
DA:34,0
DA:36,0
DA:37,0
DA:38,0
DA:40,0
DA:44,0
DA:46,0
DA:49,0
DA:50,0
DA:51,0
DA:53,0
DA:54,0
DA:60,0
DA:61,0
DA:80,0
DA:81,0
DA:82,0
DA:83,0
DA:86,0
DA:102,0
DA:127,0
DA:128,0
DA:137,0
DA:139,0
DA:144,0
DA:151,0
LF:44
LH:0
BRDA:7,0,0,0
BRDA:7,0,1,0
BRDA:8,1,0,0
BRDA:8,1,1,0
BRDA:32,2,0,0
BRDA:32,2,1,0
BRDA:34,3,0,0
BRDA:34,3,1,0
BRDA:36,4,0,0
BRDA:36,4,1,0
BRDA:40,5,0,0
BRDA:40,5,1,0
BRDA:51,6,0,0
BRDA:51,6,1,0
BRDA:54,7,0,0
BRDA:54,7,1,0
BRDA:54,7,2,0
BRDA:54,8,0,0
BRDA:54,8,1,0
BRDA:55,9,0,0
BRDA:55,9,1,0
BRDA:56,10,0,0
BRDA:56,10,1,0
BRDA:63,11,0,0
BRDA:63,11,1,0
BRDA:64,12,0,0
BRDA:64,12,1,0
BRDA:65,13,0,0
BRDA:65,13,1,0
BRDA:73,14,0,0
BRDA:73,14,1,0
BRDA:73,14,2,0
BRDA:76,15,0,0
BRDA:76,15,1,0
BRDA:81,16,0,0
BRDA:81,16,1,0
BRDA:82,17,0,0
BRDA:82,17,1,0
BRDA:108,18,0,0
BRDA:108,18,1,0
BRDA:113,19,0,0
BRDA:113,19,1,0
BRDA:118,20,0,0
BRDA:118,20,1,0
BRDA:122,21,0,0
BRDA:122,21,1,0
BRDA:127,22,0,0
BRDA:127,22,1,0
BRDA:128,23,0,0
BRDA:128,23,1,0
BRDA:128,24,0,0
BRDA:128,24,1,0
BRDA:146,25,0,0
BRDA:146,25,1,0
BRDA:150,26,0,0
BRDA:150,26,1,0
BRDA:160,27,0,0
BRDA:160,27,1,0
BRDA:163,28,0,0
BRDA:163,28,1,0
BRF:60
BRH:0
end_of_record
TN:
SF:src\components\Home.jsx
FN:17,Home
FN:32,(anonymous_1)
FN:38,(anonymous_2)
FN:61,(anonymous_3)
FN:74,(anonymous_4)
FN:87,(anonymous_5)
FN:88,(anonymous_6)
FN:94,(anonymous_7)
FN:96,(anonymous_8)
FN:97,(anonymous_9)
FN:101,(anonymous_10)
FN:134,(anonymous_11)
FN:152,(anonymous_12)
FN:163,(anonymous_13)
FN:165,(anonymous_14)
FN:332,(anonymous_15)
FN:352,(anonymous_16)
FN:360,(anonymous_17)
FN:363,(anonymous_18)
FNF:19
FNH:0
FNDA:0,Home
FNDA:0,(anonymous_1)
FNDA:0,(anonymous_2)
FNDA:0,(anonymous_3)
FNDA:0,(anonymous_4)
FNDA:0,(anonymous_5)
FNDA:0,(anonymous_6)
FNDA:0,(anonymous_7)
FNDA:0,(anonymous_8)
FNDA:0,(anonymous_9)
FNDA:0,(anonymous_10)
FNDA:0,(anonymous_11)
FNDA:0,(anonymous_12)
FNDA:0,(anonymous_13)
FNDA:0,(anonymous_14)
FNDA:0,(anonymous_15)
FNDA:0,(anonymous_16)
FNDA:0,(anonymous_17)
FNDA:0,(anonymous_18)
DA:18,0
DA:19,0
DA:20,0
DA:21,0
DA:22,0
DA:23,0
DA:24,0
DA:25,0
DA:26,0
DA:27,0
DA:28,0
DA:29,0
DA:30,0
DA:32,0
DA:33,0
DA:34,0
DA:35,0
DA:38,0
DA:39,0
DA:40,0
DA:41,0
DA:44,0
DA:45,0
DA:46,0
DA:47,0
DA:49,0
DA:50,0
DA:51,0
DA:53,0
DA:54,0
DA:55,0
DA:56,0
DA:61,0
DA:62,0
DA:63,0
DA:64,0
DA:65,0
DA:66,0
DA:67,0
DA:69,0
DA:74,0
DA:75,0
DA:76,0
DA:77,0
DA:78,0
DA:79,0
DA:80,0
DA:82,0
DA:87,0
DA:88,0
DA:89,0
DA:90,0
DA:91,0
DA:94,0
DA:95,0
DA:96,0
DA:97,0
DA:101,0
DA:102,0
DA:103,0
DA:104,0
DA:106,0
DA:107,0
DA:108,0
DA:109,0
DA:110,0
DA:111,0
DA:112,0
DA:113,0
DA:114,0
DA:115,0
DA:117,0
DA:118,0
DA:119,0
DA:121,0
DA:122,0
DA:123,0
DA:124,0
DA:125,0
DA:126,0
DA:127,0
DA:129,0
DA:130,0
DA:134,0
DA:135,0
DA:136,0
DA:137,0
DA:139,0
DA:140,0
DA:141,0
DA:142,0
DA:143,0
DA:144,0
DA:145,0
DA:146,0
DA:147,0
DA:148,0
DA:152,0
DA:153,0
DA:154,0
DA:155,0
DA:157,0
DA:158,0
DA:159,0
DA:163,0
DA:164,0
DA:165,0
DA:168,0
DA:332,0
DA:352,0
DA:360,0
DA:363,0
LF:112
LH:0
BRDA:33,0,0,0
BRDA:33,0,1,0
BRDA:34,1,0,0
BRDA:34,1,1,0
BRDA:45,2,0,0
BRDA:45,2,1,0
BRDA:55,3,0,0
BRDA:55,3,1,0
BRDA:55,4,0,0
BRDA:55,4,1,0
BRDA:65,5,0,0
BRDA:65,5,1,0
BRDA:78,6,0,0
BRDA:78,6,1,0
BRDA:78,7,0,0
BRDA:78,7,1,0
BRDA:102,8,0,0
BRDA:102,8,1,0
BRDA:107,9,0,0
BRDA:107,9,1,0
BRDA:112,10,0,0
BRDA:112,10,1,0
BRDA:113,11,0,0
BRDA:113,11,1,0
BRDA:117,12,0,0
BRDA:117,12,1,0
BRDA:135,13,0,0
BRDA:135,13,1,0
BRDA:139,14,0,0
BRDA:139,14,1,0
BRDA:139,15,0,0
BRDA:139,15,1,0
BRDA:146,16,0,0
BRDA:146,16,1,0
BRDA:153,17,0,0
BRDA:153,17,1,0
BRDA:157,18,0,0
BRDA:157,18,1,0
BRDA:163,19,0,0
BRDA:170,20,0,0
BRDA:170,20,1,0
BRDA:175,21,0,0
BRDA:175,21,1,0
BRDA:180,22,0,0
BRDA:180,22,1,0
BRDA:230,23,0,0
BRDA:230,23,1,0
BRDA:237,24,0,0
BRDA:237,24,1,0
BRDA:239,25,0,0
BRDA:239,25,1,0
BRDA:264,26,0,0
BRDA:264,26,1,0
BRDA:297,27,0,0
BRDA:297,27,1,0
BRDA:300,28,0,0
BRDA:300,28,1,0
BRDA:306,29,0,0
BRDA:306,29,1,0
BRDA:310,30,0,0
BRDA:310,30,1,0
BRDA:354,31,0,0
BRDA:354,31,1,0
BRDA:355,32,0,0
BRDA:355,32,1,0
BRDA:367,33,0,0
BRDA:367,33,1,0
BRDA:370,34,0,0
BRDA:370,34,1,0
BRDA:370,34,2,0
BRF:70
BRH:0
end_of_record
TN:
SF:src\components\LanguageSwitcher.jsx
FN:16,LanguageSwitcher
FN:22,(anonymous_1)
FN:24,(anonymous_2)
FN:25,handleClickOutside
FN:31,(anonymous_4)
FN:34,(anonymous_5)
FN:43,(anonymous_6)
FN:63,(anonymous_7)
FN:68,(anonymous_8)
FNF:9
FNH:0
FNDA:0,LanguageSwitcher
FNDA:0,(anonymous_1)
FNDA:0,(anonymous_2)
FNDA:0,handleClickOutside
FNDA:0,(anonymous_4)
FNDA:0,(anonymous_5)
FNDA:0,(anonymous_6)
FNDA:0,(anonymous_7)
FNDA:0,(anonymous_8)
DA:5,0
DA:17,0
DA:18,0
DA:19,0
DA:22,0
DA:24,0
DA:26,0
DA:27,0
DA:30,0
DA:31,0
DA:34,0
DA:35,0
DA:36,0
DA:37,0
DA:40,0
DA:43,0
DA:64,0
DA:65,0
DA:68,0
LF:19
LH:0
BRDA:22,0,0,0
BRDA:22,0,1,0
BRDA:22,1,0,0
BRDA:22,1,1,0
BRDA:26,2,0,0
BRDA:26,2,1,0
BRDA:26,3,0,0
BRDA:26,3,1,0
BRDA:51,4,0,0
BRDA:51,4,1,0
BRDA:54,5,0,0
BRDA:54,5,1,0
BRDA:70,6,0,0
BRDA:70,6,1,0
BRDA:80,7,0,0
BRDA:80,7,1,0
BRF:16
BRH:0
end_of_record
TN:
SF:src\components\LoadingState.jsx
FN:8,stepFromElapsed
FN:16,formatElapsed
FN:22,LoadingState
FN:28,(anonymous_3)
FN:30,(anonymous_4)
FN:30,(anonymous_5)
FN:31,(anonymous_6)
FN:106,(anonymous_7)
FNF:8
FNH:0
FNDA:0,stepFromElapsed
FNDA:0,formatElapsed
FNDA:0,LoadingState
FNDA:0,(anonymous_3)
FNDA:0,(anonymous_4)
FNDA:0,(anonymous_5)
FNDA:0,(anonymous_6)
FNDA:0,(anonymous_7)
DA:6,0
DA:9,0
DA:10,0
DA:11,0
DA:13,0
DA:17,0
DA:18,0
DA:19,0
DA:23,0
DA:25,0
DA:26,0
DA:28,0
DA:29,0
DA:30,0
DA:31,0
DA:34,0
DA:41,0
DA:42,0
DA:43,0
DA:47,0
DA:52,0
DA:107,0
DA:108,0
DA:109,0
LF:24
LH:0
BRDA:11,0,0,0
BRDA:11,0,1,0
BRDA:19,1,0,0
BRDA:19,1,1,0
BRDA:26,2,0,0
BRDA:26,2,1,0
BRDA:29,3,0,0
BRDA:29,3,1,0
BRDA:43,4,0,0
BRDA:43,4,1,0
BRDA:47,5,0,0
BRDA:47,5,1,0
BRDA:48,6,0,0
BRDA:48,6,1,0
BRDA:49,7,0,0
BRDA:49,7,1,0
BRDA:114,8,0,0
BRDA:114,8,1,0
BRDA:114,9,0,0
BRDA:114,9,1,0
BRDA:115,10,0,0
BRDA:115,10,1,0
BRDA:122,11,0,0
BRDA:122,11,1,0
BRDA:122,12,0,0
BRDA:122,12,1,0
BRDA:123,13,0,0
BRDA:123,13,1,0
BRDA:123,14,0,0
BRDA:123,14,1,0
BRDA:126,15,0,0
BRDA:126,15,1,0
BRDA:128,16,0,0
BRDA:128,16,1,0
BRDA:128,17,0,0
BRDA:128,17,1,0
BRDA:133,18,0,0
BRDA:133,18,1,0
BRDA:137,19,0,0
BRDA:137,19,1,0
BRDA:149,20,0,0
BRDA:149,20,1,0
BRF:42
BRH:0
end_of_record
TN:
SF:src\components\Login.jsx
FN:5,Login
FN:12,(anonymous_1)
FN:111,(anonymous_2)
FN:126,(anonymous_3)
FN:134,(anonymous_4)
FNF:5
FNH:4
FNDA:34,Login
FNDA:2,(anonymous_1)
FNDA:14,(anonymous_2)
FNDA:12,(anonymous_3)
FNDA:0,(anonymous_4)
DA:6,34
DA:7,34
DA:8,34
DA:9,34
DA:10,34
DA:12,34
DA:13,2
DA:14,2
DA:15,2
DA:16,2
DA:17,2
DA:26,2
DA:27,2
DA:28,1
DA:30,1
DA:32,2
DA:36,34
DA:111,14
DA:126,12
DA:134,0
LF:20
LH:19
BRDA:27,0,0,1
BRDA:27,0,1,1
BRDA:97,1,0,34
BRDA:97,1,1,1
BRDA:123,2,0,0
BRDA:123,2,1,34
BRDA:137,3,0,0
BRDA:137,3,1,34
BRDA:154,4,0,2
BRDA:154,4,1,32
BRF:10
BRH:8
end_of_record
TN:
SF:src\components\MobileBottomNav.jsx
FN:13,MobileBottomNav
FN:17,(anonymous_1)
FN:26,(anonymous_2)
FN:35,(anonymous_3)
FN:65,(anonymous_4)
FNF:5
FNH:0
FNDA:0,MobileBottomNav
FNDA:0,(anonymous_1)
FNDA:0,(anonymous_2)
FNDA:0,(anonymous_3)
FNDA:0,(anonymous_4)
DA:5,0
DA:14,0
DA:15,0
DA:17,0
DA:18,0
DA:20,0
DA:27,0
DA:29,0
DA:30,0
DA:35,0
DA:60,0
DA:65,0
LF:12
LH:0
BRDA:18,0,0,0
BRDA:18,0,1,0
BRDA:29,1,0,0
BRDA:29,1,1,0
BRDA:41,2,0,0
BRDA:41,2,1,0
BRDA:51,3,0,0
BRDA:51,3,1,0
BRDA:71,4,0,0
BRDA:71,4,1,0
BRDA:76,5,0,0
BRDA:76,5,1,0
BRDA:82,6,0,0
BRDA:82,6,1,0
BRF:14
BRH:0
end_of_record
TN:
SF:src\components\Onboarding.jsx
FN:7,StepIndicator
FN:10,(anonymous_1)
FN:40,AgePicker
FN:43,(anonymous_3)
FN:48,(anonymous_4)
FN:55,(anonymous_5)
FN:58,(anonymous_6)
FN:85,(anonymous_7)
FN:89,(anonymous_8)
FN:109,WeightPicker
FN:116,(anonymous_10)
FN:123,(anonymous_11)
FN:139,(anonymous_12)
FN:140,(anonymous_13)
FN:159,(anonymous_14)
FN:159,(anonymous_15)
FN:160,(anonymous_16)
FN:160,(anonymous_17)
FN:163,(anonymous_18)
FN:184,HeightPicker
FN:214,(anonymous_20)
FN:231,(anonymous_21)
FN:240,GenderPicker
FN:248,(anonymous_23)
FN:251,(anonymous_24)
FN:274,DateOfBirthPicker
FN:282,(anonymous_26)
FN:294,Onboarding
FN:298,(anonymous_28)
FN:309,(anonymous_29)
FN:309,(anonymous_30)
FN:311,(anonymous_31)
FN:317,(anonymous_32)
FN:322,(anonymous_33)
FN:329,(anonymous_34)
FN:454,(anonymous_35)
FN:462,(anonymous_36)
FN:470,(anonymous_37)
FN:471,(anonymous_38)
FN:479,(anonymous_39)
FN:487,(anonymous_40)
FNF:41
FNH:0
FNDA:0,StepIndicator
FNDA:0,(anonymous_1)
FNDA:0,AgePicker
FNDA:0,(anonymous_3)
FNDA:0,(anonymous_4)
FNDA:0,(anonymous_5)
FNDA:0,(anonymous_6)
FNDA:0,(anonymous_7)
FNDA:0,(anonymous_8)
FNDA:0,WeightPicker
FNDA:0,(anonymous_10)
FNDA:0,(anonymous_11)
FNDA:0,(anonymous_12)
FNDA:0,(anonymous_13)
FNDA:0,(anonymous_14)
FNDA:0,(anonymous_15)
FNDA:0,(anonymous_16)
FNDA:0,(anonymous_17)
FNDA:0,(anonymous_18)
FNDA:0,HeightPicker
FNDA:0,(anonymous_20)
FNDA:0,(anonymous_21)
FNDA:0,GenderPicker
FNDA:0,(anonymous_23)
FNDA:0,(anonymous_24)
FNDA:0,DateOfBirthPicker
FNDA:0,(anonymous_26)
FNDA:0,Onboarding
FNDA:0,(anonymous_28)
FNDA:0,(anonymous_29)
FNDA:0,(anonymous_30)
FNDA:0,(anonymous_31)
FNDA:0,(anonymous_32)
FNDA:0,(anonymous_33)
FNDA:0,(anonymous_34)
FNDA:0,(anonymous_35)
FNDA:0,(anonymous_36)
FNDA:0,(anonymous_37)
FNDA:0,(anonymous_38)
FNDA:0,(anonymous_39)
FNDA:0,(anonymous_40)
DA:8,0
DA:11,0
DA:12,0
DA:13,0
DA:41,0
DA:42,0
DA:43,0
DA:44,0
DA:45,0
DA:46,0
DA:48,0
DA:49,0
DA:50,0
DA:51,0
DA:55,0
DA:56,0
DA:57,0
DA:58,0
DA:59,0
DA:60,0
DA:61,0
DA:62,0
DA:63,0
DA:64,0
DA:65,0
DA:69,0
DA:86,0
DA:87,0
DA:88,0
DA:89,0
DA:110,0
DA:111,0
DA:112,0
DA:113,0
DA:114,0
DA:116,0
DA:117,0
DA:118,0
DA:119,0
DA:123,0
DA:124,0
DA:125,0
DA:126,0
DA:127,0
DA:128,0
DA:129,0
DA:132,0
DA:133,0
DA:135,0
DA:140,0
DA:159,0
DA:160,0
DA:164,0
DA:165,0
DA:166,0
DA:185,0
DA:187,0
DA:214,0
DA:231,0
DA:241,0
DA:246,0
DA:249,0
DA:250,0
DA:251,0
DA:275,0
DA:282,0
DA:295,0
DA:296,0
DA:297,0
DA:298,0
DA:309,0
DA:311,0
DA:312,0
DA:313,0
DA:317,0
DA:318,0
DA:319,0
DA:322,0
DA:323,0
DA:324,0
DA:326,0
DA:329,0
DA:330,0
DA:331,0
DA:332,0
DA:334,0
DA:335,0
DA:336,0
DA:339,0
DA:343,0
DA:349,0
DA:350,0
DA:353,0
DA:362,0
DA:371,0
DA:372,0
DA:373,0
DA:375,0
DA:377,0
DA:378,0
DA:381,0
DA:385,0
DA:454,0
DA:462,0
DA:470,0
DA:471,0
DA:479,0
DA:487,0
LF:108
LH:0
BRDA:17,0,0,0
BRDA:17,0,1,0
BRDA:18,1,0,0
BRDA:18,1,1,0
BRDA:23,2,0,0
BRDA:23,2,1,0
BRDA:26,3,0,0
BRDA:26,3,1,0
BRDA:27,4,0,0
BRDA:27,4,1,0
BRDA:29,5,0,0
BRDA:29,5,1,0
BRDA:49,6,0,0
BRDA:49,6,1,0
BRDA:49,7,0,0
BRDA:49,7,1,0
BRDA:59,8,0,0
BRDA:59,8,1,0
BRDA:93,9,0,0
BRDA:93,9,1,0
BRDA:93,10,0,0
BRDA:93,10,1,0
BRDA:94,11,0,0
BRDA:94,11,1,0
BRDA:95,12,0,0
BRDA:95,12,1,0
BRDA:95,13,0,0
BRDA:95,13,1,0
BRDA:96,14,0,0
BRDA:96,14,1,0
BRDA:96,15,0,0
BRDA:96,15,1,0
BRDA:117,16,0,0
BRDA:117,16,1,0
BRDA:117,17,0,0
BRDA:117,17,1,0
BRDA:124,18,0,0
BRDA:124,18,1,0
BRDA:132,19,0,0
BRDA:132,19,1,0
BRDA:133,20,0,0
BRDA:133,20,1,0
BRDA:143,21,0,0
BRDA:143,21,1,0
BRDA:144,22,0,0
BRDA:144,22,1,0
BRDA:146,23,0,0
BRDA:146,23,1,0
BRDA:169,24,0,0
BRDA:169,24,1,0
BRDA:169,25,0,0
BRDA:169,25,1,0
BRDA:170,26,0,0
BRDA:170,26,1,0
BRDA:172,27,0,0
BRDA:172,27,1,0
BRDA:185,28,0,0
BRDA:185,28,1,0
BRDA:255,29,0,0
BRDA:255,29,1,0
BRDA:256,30,0,0
BRDA:256,30,1,0
BRDA:263,31,0,0
BRDA:263,31,1,0
BRDA:281,32,0,0
BRDA:281,32,1,0
BRDA:299,33,0,0
BRDA:299,33,1,0
BRDA:300,34,0,0
BRDA:300,34,1,0
BRDA:301,35,0,0
BRDA:301,35,1,0
BRDA:303,36,0,0
BRDA:303,36,1,0
BRDA:303,36,2,0
BRDA:304,37,0,0
BRDA:304,37,1,0
BRDA:305,38,0,0
BRDA:305,38,1,0
BRDA:306,39,0,0
BRDA:306,39,1,0
BRDA:312,40,0,0
BRDA:312,40,1,0
BRDA:318,41,0,0
BRDA:318,41,1,0
BRDA:323,42,0,0
BRDA:323,42,1,0
BRDA:330,43,0,0
BRDA:330,43,1,0
BRDA:334,44,0,0
BRDA:334,44,1,0
BRDA:336,45,0,0
BRDA:336,45,1,0
BRDA:339,46,0,0
BRDA:339,46,1,0
BRDA:350,47,0,0
BRDA:350,47,1,0
BRDA:355,48,0,0
BRDA:355,48,1,0
BRDA:356,49,0,0
BRDA:356,49,1,0
BRDA:357,50,0,0
BRDA:357,50,1,0
BRDA:358,51,0,0
BRDA:358,51,1,0
BRDA:359,52,0,0
BRDA:359,52,1,0
BRDA:372,53,0,0
BRDA:372,53,1,0
BRDA:373,54,0,0
BRDA:373,54,1,0
BRDA:373,54,2,0
BRDA:378,55,0,0
BRDA:378,55,1,0
BRDA:432,56,0,0
BRDA:432,56,1,0
BRDA:451,57,0,0
BRDA:451,57,1,0
BRDA:459,58,0,0
BRDA:459,58,1,0
BRDA:467,59,0,0
BRDA:467,59,1,0
BRDA:476,60,0,0
BRDA:476,60,1,0
BRDA:484,61,0,0
BRDA:484,61,1,0
BRDA:498,62,0,0
BRDA:498,62,1,0
BRDA:508,63,0,0
BRDA:508,63,1,0
BRDA:517,64,0,0
BRDA:517,64,1,0
BRF:132
BRH:0
end_of_record
TN:
SF:src\components\Paywall.jsx
FN:14,Paywall
FN:20,(anonymous_1)
FN:38,(anonymous_2)
FNF:3
FNH:2
FNDA:4,Paywall
FNDA:2,(anonymous_1)
FNDA:0,(anonymous_2)
DA:15,4
DA:17,4
DA:22,2
DA:38,0
LF:4
LH:3
BRDA:22,0,0,1
BRDA:22,0,1,1
BRDA:38,1,0,0
BRDA:38,1,1,0
BRF:4
BRH:2
end_of_record
TN:
SF:src\components\PaywallContent.jsx
FN:32,metaFor
FN:36,PaywallContent
FN:41,(anonymous_2)
FN:43,(anonymous_3)
FN:49,(anonymous_4)
FN:51,(anonymous_5)
FN:57,(anonymous_6)
FN:77,(anonymous_7)
FN:102,(anonymous_8)
FN:109,(anonymous_9)
FNF:10
FNH:8
FNDA:3,metaFor
FNDA:7,PaywallContent
FNDA:7,(anonymous_2)
FNDA:0,(anonymous_3)
FNDA:3,(anonymous_4)
FNDA:1,(anonymous_5)
FNDA:1,(anonymous_6)
FNDA:35,(anonymous_7)
FNDA:3,(anonymous_8)
FNDA:0,(anonymous_9)
DA:13,1
DA:22,1
DA:33,3
DA:38,7
DA:40,7
DA:41,7
DA:42,7
DA:43,7
DA:47,7
DA:49,7
DA:51,7
DA:52,1
DA:53,1
DA:54,1
DA:57,7
DA:58,1
DA:59,1
DA:62,7
DA:78,35
DA:103,3
DA:104,3
DA:105,3
DA:109,0
LF:23
LH:22
BRDA:33,0,0,3
BRDA:33,0,1,0
BRDA:33,1,0,0
BRDA:33,1,1,0
BRDA:42,2,0,7
BRDA:42,2,1,2
BRDA:49,3,0,7
BRDA:49,3,1,7
BRDA:49,3,2,4
BRDA:52,4,0,0
BRDA:52,4,1,1
BRDA:54,5,0,1
BRDA:54,5,1,0
BRDA:54,6,0,1
BRDA:54,6,1,1
BRDA:59,7,0,1
BRDA:59,7,1,0
BRDA:59,8,0,1
BRDA:59,8,1,1
BRDA:88,9,0,1
BRDA:88,9,1,6
BRDA:92,10,0,1
BRDA:92,10,1,5
BRDA:92,11,0,6
BRDA:92,11,1,1
BRDA:96,12,0,2
BRDA:96,12,1,3
BRDA:112,13,0,3
BRDA:112,13,1,0
BRDA:117,14,0,3
BRDA:117,14,1,0
BRDA:125,15,0,3
BRDA:125,15,1,0
BRDA:140,16,0,7
BRDA:140,16,1,1
BRDA:151,17,0,7
BRDA:151,17,1,3
BRDA:151,17,2,3
BRDA:155,18,0,0
BRDA:155,18,1,7
BRDA:166,19,0,7
BRDA:166,19,1,6
BRDA:166,19,2,6
BRF:43
BRH:33
end_of_record
TN:
SF:src\components\PaywallModal.jsx
FN:5,(anonymous_0)
FN:12,(anonymous_1)
FN:26,(anonymous_2)
FN:100,(anonymous_3)
FN:108,(anonymous_4)
FN:136,(anonymous_5)
FN:145,(anonymous_6)
FNF:7
FNH:0
FNDA:0,(anonymous_0)
FNDA:0,(anonymous_1)
FNDA:0,(anonymous_2)
FNDA:0,(anonymous_3)
FNDA:0,(anonymous_4)
FNDA:0,(anonymous_5)
FNDA:0,(anonymous_6)
DA:5,0
DA:6,0
DA:7,0
DA:8,0
DA:10,0
DA:12,0
DA:13,0
DA:14,0
DA:16,0
DA:17,0
DA:21,0
DA:22,0
DA:26,0
DA:27,0
DA:31,0
DA:32,0
DA:34,0
DA:38,0
DA:73,0
DA:101,0
DA:108,0
DA:137,0
DA:146,0
DA:147,0
LF:24
LH:0
BRDA:10,0,0,0
BRDA:10,0,1,0
BRDA:21,1,0,0
BRDA:21,1,1,0
BRDA:32,2,0,0
BRDA:32,2,1,0
BRDA:104,3,0,0
BRDA:104,3,1,0
BRDA:110,4,0,0
BRDA:110,4,1,0
BRDA:128,5,0,0
BRDA:128,5,1,0
BRDA:151,6,0,0
BRDA:151,6,1,0
BRDA:154,7,0,0
BRDA:154,7,1,0
BRDA:156,8,0,0
BRDA:156,8,1,0
BRDA:170,9,0,0
BRDA:170,9,1,0
BRF:20
BRH:0
end_of_record
TN:
SF:src\components\Profile.jsx
FN:140,(anonymous_0)
FN:162,ProfileSection
FN:171,ProfileAction
FN:189,ProfileModal
FN:203,compressProfileImage
FN:204,(anonymous_5)
FN:207,(anonymous_6)
FN:210,(anonymous_7)
FN:221,(anonymous_8)
FN:225,(anonymous_9)
FN:238,formatPersonalValue
FN:248,PersonalDetailsPage
FN:255,(anonymous_12)
FN:267,(anonymous_13)
FN:273,(anonymous_14)
FN:279,(anonymous_15)
FN:318,(anonymous_16)
FN:335,(anonymous_17)
FN:348,(anonymous_18)
FN:352,(anonymous_19)
FN:360,(anonymous_20)
FN:361,(anonymous_21)
FN:367,(anonymous_22)
FN:380,(anonymous_23)
FN:397,MedicalProfilePage
FN:405,(anonymous_25)
FN:408,(anonymous_26)
FN:412,(anonymous_27)
FN:412,(anonymous_28)
FN:415,(anonymous_29)
FN:417,(anonymous_30)
FN:418,(anonymous_31)
FN:433,(anonymous_32)
FN:435,(anonymous_33)
FN:436,(anonymous_34)
FN:437,(anonymous_35)
FN:442,(anonymous_36)
FN:444,(anonymous_37)
FN:444,(anonymous_38)
FN:449,(anonymous_39)
FN:501,(anonymous_40)
FN:514,(anonymous_41)
FN:515,(anonymous_42)
FN:526,(anonymous_43)
FN:527,(anonymous_44)
FN:536,(anonymous_45)
FN:545,(anonymous_46)
FN:550,(anonymous_47)
FN:579,HealthGoalsPage
FN:587,(anonymous_49)
FN:592,(anonymous_50)
FN:594,(anonymous_51)
FN:595,(anonymous_52)
FN:610,(anonymous_53)
FN:612,(anonymous_54)
FN:614,(anonymous_55)
FN:619,(anonymous_56)
FN:671,(anonymous_57)
FN:684,(anonymous_58)
FN:685,(anonymous_59)
FN:695,(anonymous_60)
FN:702,(anonymous_61)
FN:729,Profile
FN:733,(anonymous_63)
FN:740,(anonymous_64)
FN:747,(anonymous_65)
FN:752,(anonymous_66)
FN:759,(anonymous_67)
FN:761,(anonymous_68)
FN:764,(anonymous_69)
FN:765,(anonymous_70)
FN:772,(anonymous_71)
FN:773,(anonymous_72)
FN:778,(anonymous_73)
FN:807,(anonymous_74)
FN:850,(anonymous_75)
FN:864,(anonymous_76)
FN:876,(anonymous_77)
FN:882,(anonymous_78)
FN:893,(anonymous_79)
FN:900,(anonymous_80)
FN:912,(anonymous_81)
FN:923,(anonymous_82)
FN:934,(anonymous_83)
FN:938,(anonymous_84)
FN:948,(anonymous_85)
FN:969,(anonymous_86)
FN:993,(anonymous_87)
FN:1004,(anonymous_88)
FN:1015,(anonymous_89)
FN:1048,(anonymous_90)
FN:1068,(anonymous_91)
FN:1073,(anonymous_92)
FN:1081,(anonymous_93)
FN:1082,(anonymous_94)
FN:1082,(anonymous_95)
FN:1093,(anonymous_96)
FN:1094,(anonymous_97)
FN:1095,(anonymous_98)
FN:1101,(anonymous_99)
FN:1102,(anonymous_100)
FN:1107,(anonymous_101)
FN:1132,(anonymous_102)
FN:1150,(anonymous_103)
FN:1172,(anonymous_104)
FN:1183,(anonymous_105)
FN:1185,(anonymous_106)
FN:1190,(anonymous_107)
FN:1201,(anonymous_108)
FN:1207,(anonymous_109)
FN:1240,(anonymous_110)
FNF:111
FNH:0
FNDA:0,(anonymous_0)
FNDA:0,ProfileSection
FNDA:0,ProfileAction
FNDA:0,ProfileModal
FNDA:0,compressProfileImage
FNDA:0,(anonymous_5)
FNDA:0,(anonymous_6)
FNDA:0,(anonymous_7)
FNDA:0,(anonymous_8)
FNDA:0,(anonymous_9)
FNDA:0,formatPersonalValue
FNDA:0,PersonalDetailsPage
FNDA:0,(anonymous_12)
FNDA:0,(anonymous_13)
FNDA:0,(anonymous_14)
FNDA:0,(anonymous_15)
FNDA:0,(anonymous_16)
FNDA:0,(anonymous_17)
FNDA:0,(anonymous_18)
FNDA:0,(anonymous_19)
FNDA:0,(anonymous_20)
FNDA:0,(anonymous_21)
FNDA:0,(anonymous_22)
FNDA:0,(anonymous_23)
FNDA:0,MedicalProfilePage
FNDA:0,(anonymous_25)
FNDA:0,(anonymous_26)
FNDA:0,(anonymous_27)
FNDA:0,(anonymous_28)
FNDA:0,(anonymous_29)
FNDA:0,(anonymous_30)
FNDA:0,(anonymous_31)
FNDA:0,(anonymous_32)
FNDA:0,(anonymous_33)
FNDA:0,(anonymous_34)
FNDA:0,(anonymous_35)
FNDA:0,(anonymous_36)
FNDA:0,(anonymous_37)
FNDA:0,(anonymous_38)
FNDA:0,(anonymous_39)
FNDA:0,(anonymous_40)
FNDA:0,(anonymous_41)
FNDA:0,(anonymous_42)
FNDA:0,(anonymous_43)
FNDA:0,(anonymous_44)
FNDA:0,(anonymous_45)
FNDA:0,(anonymous_46)
FNDA:0,(anonymous_47)
FNDA:0,HealthGoalsPage
FNDA:0,(anonymous_49)
FNDA:0,(anonymous_50)
FNDA:0,(anonymous_51)
FNDA:0,(anonymous_52)
FNDA:0,(anonymous_53)
FNDA:0,(anonymous_54)
FNDA:0,(anonymous_55)
FNDA:0,(anonymous_56)
FNDA:0,(anonymous_57)
FNDA:0,(anonymous_58)
FNDA:0,(anonymous_59)
FNDA:0,(anonymous_60)
FNDA:0,(anonymous_61)
FNDA:0,Profile
FNDA:0,(anonymous_63)
FNDA:0,(anonymous_64)
FNDA:0,(anonymous_65)
FNDA:0,(anonymous_66)
FNDA:0,(anonymous_67)
FNDA:0,(anonymous_68)
FNDA:0,(anonymous_69)
FNDA:0,(anonymous_70)
FNDA:0,(anonymous_71)
FNDA:0,(anonymous_72)
FNDA:0,(anonymous_73)
FNDA:0,(anonymous_74)
FNDA:0,(anonymous_75)
FNDA:0,(anonymous_76)
FNDA:0,(anonymous_77)
FNDA:0,(anonymous_78)
FNDA:0,(anonymous_79)
FNDA:0,(anonymous_80)
FNDA:0,(anonymous_81)
FNDA:0,(anonymous_82)
FNDA:0,(anonymous_83)
FNDA:0,(anonymous_84)
FNDA:0,(anonymous_85)
FNDA:0,(anonymous_86)
FNDA:0,(anonymous_87)
FNDA:0,(anonymous_88)
FNDA:0,(anonymous_89)
FNDA:0,(anonymous_90)
FNDA:0,(anonymous_91)
FNDA:0,(anonymous_92)
FNDA:0,(anonymous_93)
FNDA:0,(anonymous_94)
FNDA:0,(anonymous_95)
FNDA:0,(anonymous_96)
FNDA:0,(anonymous_97)
FNDA:0,(anonymous_98)
FNDA:0,(anonymous_99)
FNDA:0,(anonymous_100)
FNDA:0,(anonymous_101)
FNDA:0,(anonymous_102)
FNDA:0,(anonymous_103)
FNDA:0,(anonymous_104)
FNDA:0,(anonymous_105)
FNDA:0,(anonymous_106)
FNDA:0,(anonymous_107)
FNDA:0,(anonymous_108)
FNDA:0,(anonymous_109)
FNDA:0,(anonymous_110)
DA:29,0
DA:100,0
DA:138,0
DA:140,0
DA:141,0
DA:142,0
DA:145,0
DA:151,0
DA:163,0
DA:172,0
DA:190,0
DA:204,0
DA:205,0
DA:207,0
DA:208,0
DA:210,0
DA:211,0
DA:212,0
DA:213,0
DA:214,0
DA:215,0
DA:216,0
DA:217,0
DA:218,0
DA:221,0
DA:222,0
DA:225,0
DA:226,0
DA:230,0
DA:239,0
DA:240,0
DA:241,0
DA:242,0
DA:243,0
DA:245,0
DA:255,0
DA:262,0
DA:263,0
DA:264,0
DA:265,0
DA:267,0
DA:268,0
DA:269,0
DA:270,0
DA:273,0
DA:274,0
DA:275,0
DA:276,0
DA:279,0
DA:280,0
DA:281,0
DA:282,0
DA:283,0
DA:286,0
DA:287,0
DA:289,0
DA:290,0
DA:305,0
DA:306,0
DA:307,0
DA:308,0
DA:309,0
DA:311,0
DA:312,0
DA:314,0
DA:318,0
DA:319,0
DA:320,0
DA:323,0
DA:336,0
DA:337,0
DA:339,0
DA:348,0
DA:353,0
DA:360,0
DA:361,0
DA:367,0
DA:380,0
DA:404,0
DA:405,0
DA:406,0
DA:408,0
DA:410,0
DA:411,0
DA:412,0
DA:414,0
DA:415,0
DA:416,0
DA:417,0
DA:419,0
DA:420,0
DA:421,0
DA:423,0
DA:424,0
DA:425,0
DA:426,0
DA:429,0
DA:433,0
DA:434,0
DA:435,0
DA:436,0
DA:437,0
DA:442,0
DA:443,0
DA:444,0
DA:445,0
DA:449,0
DA:450,0
DA:451,0
DA:452,0
DA:455,0
DA:456,0
DA:458,0
DA:459,0
DA:473,0
DA:474,0
DA:475,0
DA:476,0
DA:478,0
DA:479,0
DA:481,0
DA:485,0
DA:501,0
DA:515,0
DA:527,0
DA:528,0
DA:529,0
DA:536,0
DA:546,0
DA:550,0
DA:586,0
DA:587,0
DA:588,0
DA:589,0
DA:591,0
DA:592,0
DA:593,0
DA:594,0
DA:596,0
DA:597,0
DA:598,0
DA:600,0
DA:601,0
DA:602,0
DA:603,0
DA:606,0
DA:610,0
DA:611,0
DA:612,0
DA:613,0
DA:614,0
DA:619,0
DA:620,0
DA:621,0
DA:622,0
DA:625,0
DA:626,0
DA:628,0
DA:629,0
DA:643,0
DA:644,0
DA:645,0
DA:646,0
DA:648,0
DA:649,0
DA:651,0
DA:655,0
DA:671,0
DA:685,0
DA:696,0
DA:697,0
DA:702,0
DA:730,0
DA:731,0
DA:732,0
DA:733,0
DA:734,0
DA:735,0
DA:736,0
DA:737,0
DA:738,0
DA:739,0
DA:740,0
DA:741,0
DA:742,0
DA:744,0
DA:745,0
DA:746,0
DA:747,0
DA:748,0
DA:752,0
DA:756,0
DA:757,0
DA:759,0
DA:760,0
DA:761,0
DA:764,0
DA:765,0
DA:766,0
DA:767,0
DA:768,0
DA:770,0
DA:771,0
DA:772,0
DA:773,0
DA:774,0
DA:778,0
DA:779,0
DA:780,0
DA:781,0
DA:782,0
DA:783,0
DA:786,0
DA:797,0
DA:798,0
DA:800,0
DA:808,0
DA:809,0
DA:825,0
DA:826,0
DA:827,0
DA:828,0
DA:829,0
DA:830,0
DA:833,0
DA:836,0
DA:837,0
DA:849,0
DA:850,0
DA:851,0
DA:852,0
DA:854,0
DA:856,0
DA:857,0
DA:859,0
DA:864,0
DA:865,0
DA:866,0
DA:867,0
DA:868,0
DA:869,0
DA:870,0
DA:871,0
DA:872,0
DA:873,0
DA:876,0
DA:877,0
DA:878,0
DA:879,0
DA:882,0
DA:883,0
DA:884,0
DA:885,0
DA:886,0
DA:893,0
DA:894,0
DA:895,0
DA:898,0
DA:899,0
DA:900,0
DA:901,0
DA:902,0
DA:905,0
DA:906,0
DA:908,0
DA:912,0
DA:913,0
DA:914,0
DA:915,0
DA:922,0
DA:923,0
DA:924,0
DA:926,0
DA:928,0
DA:930,0
DA:934,0
DA:935,0
DA:938,0
DA:939,0
DA:940,0
DA:942,0
DA:943,0
DA:944,0
DA:945,0
DA:948,0
DA:949,0
DA:950,0
DA:952,0
DA:953,0
DA:954,0
DA:956,0
DA:968,0
DA:969,0
DA:970,0
DA:973,0
DA:974,0
DA:976,0
DA:977,0
DA:979,0
DA:980,0
DA:984,0
DA:987,0
DA:988,0
DA:993,0
DA:999,0
DA:1000,0
DA:1004,0
DA:1010,0
DA:1011,0
DA:1015,0
DA:1021,0
DA:1048,0
DA:1068,0
DA:1073,0
DA:1081,0
DA:1082,0
DA:1093,0
DA:1094,0
DA:1095,0
DA:1101,0
DA:1102,0
DA:1107,0
DA:1132,0
DA:1150,0
DA:1172,0
DA:1183,0
DA:1186,0
DA:1190,0
DA:1201,0
DA:1207,0
DA:1240,0
LF:331
LH:0
BRDA:141,0,0,0
BRDA:141,0,1,0
BRDA:146,1,0,0
BRDA:146,1,1,0
BRDA:147,2,0,0
BRDA:147,2,1,0
BRDA:171,3,0,0
BRDA:174,4,0,0
BRDA:174,4,1,0
BRDA:178,5,0,0
BRDA:178,5,1,0
BRDA:203,6,0,0
BRDA:203,7,0,0
BRDA:239,8,0,0
BRDA:239,8,1,0
BRDA:239,9,0,0
BRDA:239,9,1,0
BRDA:239,9,2,0
BRDA:240,10,0,0
BRDA:240,10,1,0
BRDA:242,11,0,0
BRDA:242,11,1,0
BRDA:245,12,0,0
BRDA:245,12,1,0
BRDA:256,13,0,0
BRDA:256,13,1,0
BRDA:257,14,0,0
BRDA:257,14,1,0
BRDA:258,15,0,0
BRDA:258,15,1,0
BRDA:258,15,2,0
BRDA:259,16,0,0
BRDA:259,16,1,0
BRDA:260,17,0,0
BRDA:260,17,1,0
BRDA:270,18,0,0
BRDA:270,18,1,0
BRDA:282,19,0,0
BRDA:282,19,1,0
BRDA:299,20,0,0
BRDA:299,20,1,0
BRDA:305,21,0,0
BRDA:305,21,1,0
BRDA:319,22,0,0
BRDA:319,22,1,0
BRDA:320,23,0,0
BRDA:320,23,1,0
BRDA:343,24,0,0
BRDA:343,24,1,0
BRDA:345,25,0,0
BRDA:345,25,1,0
BRDA:391,26,0,0
BRDA:391,26,1,0
BRDA:402,27,0,0
BRDA:406,28,0,0
BRDA:406,28,1,0
BRDA:421,29,0,0
BRDA:421,29,1,0
BRDA:421,30,0,0
BRDA:421,30,1,0
BRDA:423,31,0,0
BRDA:423,31,1,0
BRDA:426,32,0,0
BRDA:426,32,1,0
BRDA:426,33,0,0
BRDA:426,33,1,0
BRDA:436,34,0,0
BRDA:436,34,1,0
BRDA:445,35,0,0
BRDA:445,35,1,0
BRDA:450,36,0,0
BRDA:450,36,1,0
BRDA:473,37,0,0
BRDA:473,37,1,0
BRDA:507,38,0,0
BRDA:507,38,1,0
BRDA:526,39,0,0
BRDA:526,39,1,0
BRDA:532,40,0,0
BRDA:532,40,1,0
BRDA:540,41,0,0
BRDA:540,41,1,0
BRDA:543,42,0,0
BRDA:543,42,1,0
BRDA:549,43,0,0
BRDA:549,43,1,0
BRDA:564,44,0,0
BRDA:564,44,1,0
BRDA:572,45,0,0
BRDA:572,45,1,0
BRDA:572,46,0,0
BRDA:572,46,1,0
BRDA:584,47,0,0
BRDA:587,48,0,0
BRDA:587,48,1,0
BRDA:598,49,0,0
BRDA:598,49,1,0
BRDA:598,50,0,0
BRDA:598,50,1,0
BRDA:600,51,0,0
BRDA:600,51,1,0
BRDA:603,52,0,0
BRDA:603,52,1,0
BRDA:603,53,0,0
BRDA:603,53,1,0
BRDA:613,54,0,0
BRDA:613,54,1,0
BRDA:620,55,0,0
BRDA:620,55,1,0
BRDA:643,56,0,0
BRDA:643,56,1,0
BRDA:677,57,0,0
BRDA:677,57,1,0
BRDA:695,58,0,0
BRDA:695,58,1,0
BRDA:700,59,0,0
BRDA:700,59,1,0
BRDA:706,60,0,0
BRDA:706,60,1,0
BRDA:714,61,0,0
BRDA:714,61,1,0
BRDA:722,62,0,0
BRDA:722,62,1,0
BRDA:722,63,0,0
BRDA:722,63,1,0
BRDA:733,64,0,0
BRDA:733,64,1,0
BRDA:733,64,2,0
BRDA:740,65,0,0
BRDA:740,65,1,0
BRDA:744,66,0,0
BRDA:744,66,1,0
BRDA:745,67,0,0
BRDA:745,67,1,0
BRDA:745,67,2,0
BRDA:746,68,0,0
BRDA:746,68,1,0
BRDA:746,68,2,0
BRDA:746,68,3,0
BRDA:748,69,0,0
BRDA:748,69,1,0
BRDA:759,70,0,0
BRDA:766,71,0,0
BRDA:766,71,1,0
BRDA:782,72,0,0
BRDA:782,72,1,0
BRDA:797,73,0,0
BRDA:797,73,1,0
BRDA:825,74,0,0
BRDA:825,74,1,0
BRDA:828,75,0,0
BRDA:828,75,1,0
BRDA:841,76,0,0
BRDA:841,76,1,0
BRDA:842,77,0,0
BRDA:842,77,1,0
BRDA:857,78,0,0
BRDA:857,78,1,0
BRDA:865,79,0,0
BRDA:865,79,1,0
BRDA:869,80,0,0
BRDA:869,80,1,0
BRDA:872,81,0,0
BRDA:872,81,1,0
BRDA:872,82,0,0
BRDA:872,82,1,0
BRDA:873,83,0,0
BRDA:873,83,1,0
BRDA:894,84,0,0
BRDA:894,84,1,0
BRDA:895,85,0,0
BRDA:895,85,1,0
BRDA:906,86,0,0
BRDA:906,86,1,0
BRDA:922,87,0,0
BRDA:922,87,1,0
BRDA:924,88,0,0
BRDA:924,88,1,0
BRDA:940,89,0,0
BRDA:940,89,1,0
BRDA:942,90,0,0
BRDA:942,90,1,0
BRDA:968,91,0,0
BRDA:968,91,1,0
BRDA:970,92,0,0
BRDA:970,92,1,0
BRDA:987,93,0,0
BRDA:987,93,1,0
BRDA:999,94,0,0
BRDA:999,94,1,0
BRDA:1010,95,0,0
BRDA:1010,95,1,0
BRDA:1023,96,0,0
BRDA:1023,96,1,0
BRDA:1024,97,0,0
BRDA:1024,97,1,0
BRDA:1046,98,0,0
BRDA:1046,98,1,0
BRDA:1052,99,0,0
BRDA:1052,99,1,0
BRDA:1060,100,0,0
BRDA:1060,100,1,0
BRDA:1062,101,0,0
BRDA:1062,101,1,0
BRDA:1067,102,0,0
BRDA:1067,102,1,0
BRDA:1082,103,0,0
BRDA:1082,103,1,0
BRDA:1088,104,0,0
BRDA:1088,104,1,0
BRDA:1095,105,0,0
BRDA:1095,105,1,0
BRDA:1107,106,0,0
BRDA:1107,106,1,0
BRDA:1110,107,0,0
BRDA:1110,107,1,0
BRDA:1110,107,2,0
BRDA:1125,108,0,0
BRDA:1125,108,1,0
BRDA:1131,109,0,0
BRDA:1131,109,1,0
BRDA:1134,110,0,0
BRDA:1134,110,1,0
BRDA:1153,111,0,0
BRDA:1153,111,1,0
BRDA:1166,112,0,0
BRDA:1166,112,1,0
BRDA:1182,113,0,0
BRDA:1182,113,1,0
BRDA:1188,114,0,0
BRDA:1188,114,1,0
BRDA:1200,115,0,0
BRDA:1200,115,1,0
BRDA:1206,116,0,0
BRDA:1206,116,1,0
BRDA:1212,117,0,0
BRDA:1212,117,1,0
BRDA:1233,118,0,0
BRDA:1233,118,1,0
BRDA:1251,119,0,0
BRDA:1251,119,1,0
BRDA:1265,120,0,0
BRDA:1265,120,1,0
BRF:243
BRH:0
end_of_record
TN:
SF:src\components\Results.jsx
FN:8,HealthRingLarge
FN:41,Results
FN:45,(anonymous_2)
FN:46,(anonymous_3)
FN:51,(anonymous_4)
FN:53,(anonymous_5)
FN:58,(anonymous_6)
FN:68,(anonymous_7)
FN:72,(anonymous_8)
FN:96,(anonymous_9)
FN:109,(anonymous_10)
FN:119,(anonymous_11)
FN:124,(anonymous_12)
FN:204,(anonymous_13)
FN:205,(anonymous_14)
FN:227,(anonymous_15)
FN:252,(anonymous_16)
FN:259,(anonymous_17)
FN:273,(anonymous_18)
FN:305,(anonymous_19)
FN:326,(anonymous_20)
FN:327,(anonymous_21)
FNF:22
FNH:0
FNDA:0,HealthRingLarge
FNDA:0,Results
FNDA:0,(anonymous_2)
FNDA:0,(anonymous_3)
FNDA:0,(anonymous_4)
FNDA:0,(anonymous_5)
FNDA:0,(anonymous_6)
FNDA:0,(anonymous_7)
FNDA:0,(anonymous_8)
FNDA:0,(anonymous_9)
FNDA:0,(anonymous_10)
FNDA:0,(anonymous_11)
FNDA:0,(anonymous_12)
FNDA:0,(anonymous_13)
FNDA:0,(anonymous_14)
FNDA:0,(anonymous_15)
FNDA:0,(anonymous_16)
FNDA:0,(anonymous_17)
FNDA:0,(anonymous_18)
FNDA:0,(anonymous_19)
FNDA:0,(anonymous_20)
FNDA:0,(anonymous_21)
DA:9,0
DA:10,0
DA:11,0
DA:12,0
DA:13,0
DA:14,0
DA:16,0
DA:42,0
DA:43,0
DA:44,0
DA:45,0
DA:46,0
DA:47,0
DA:48,0
DA:49,0
DA:51,0
DA:52,0
DA:53,0
DA:56,0
DA:58,0
DA:59,0
DA:60,0
DA:61,0
DA:62,0
DA:63,0
DA:66,0
DA:68,0
DA:69,0
DA:70,0
DA:71,0
DA:72,0
DA:73,0
DA:74,0
DA:75,0
DA:76,0
DA:77,0
DA:78,0
DA:80,0
DA:81,0
DA:82,0
DA:83,0
DA:84,0
DA:85,0
DA:86,0
DA:89,0
DA:90,0
DA:92,0
DA:96,0
DA:97,0
DA:98,0
DA:99,0
DA:100,0
DA:101,0
DA:103,0
DA:109,0
DA:113,0
DA:116,0
DA:117,0
DA:119,0
DA:120,0
DA:121,0
DA:124,0
DA:125,0
DA:126,0
DA:127,0
DA:128,0
DA:129,0
DA:130,0
DA:133,0
DA:134,0
DA:135,0
DA:144,0
DA:145,0
DA:147,0
DA:150,0
DA:155,0
DA:204,0
DA:206,0
DA:228,0
DA:252,0
DA:259,0
DA:274,0
DA:275,0
DA:276,0
DA:277,0
DA:278,0
DA:279,0
DA:281,0
DA:306,0
DA:326,0
DA:328,0
DA:329,0
DA:330,0
DA:331,0
DA:332,0
DA:334,0
LF:96
LH:0
BRDA:14,0,0,0
BRDA:14,0,1,0
BRDA:14,1,0,0
BRDA:14,1,1,0
BRDA:14,2,0,0
BRDA:14,2,1,0
BRDA:45,3,0,0
BRDA:45,3,1,0
BRDA:46,4,0,0
BRDA:46,4,1,0
BRDA:51,5,0,0
BRDA:56,6,0,0
BRDA:56,6,1,0
BRDA:59,7,0,0
BRDA:59,7,1,0
BRDA:60,8,0,0
BRDA:60,8,1,0
BRDA:61,9,0,0
BRDA:61,9,1,0
BRDA:62,10,0,0
BRDA:62,10,1,0
BRDA:69,11,0,0
BRDA:69,11,1,0
BRDA:77,12,0,0
BRDA:77,12,1,0
BRDA:77,13,0,0
BRDA:77,13,1,0
BRDA:97,14,0,0
BRDA:97,14,1,0
BRDA:99,15,0,0
BRDA:99,15,1,0
BRDA:99,16,0,0
BRDA:99,16,1,0
BRDA:116,17,0,0
BRDA:116,17,1,0
BRDA:116,18,0,0
BRDA:116,18,1,0
BRDA:126,19,0,0
BRDA:126,19,1,0
BRDA:126,20,0,0
BRDA:126,20,1,0
BRDA:133,21,0,0
BRDA:133,21,1,0
BRDA:144,22,0,0
BRDA:144,22,1,0
BRDA:157,23,0,0
BRDA:157,23,1,0
BRDA:158,24,0,0
BRDA:158,24,1,0
BRDA:174,25,0,0
BRDA:174,25,1,0
BRDA:175,26,0,0
BRDA:175,26,1,0
BRDA:179,27,0,0
BRDA:179,27,1,0
BRDA:197,28,0,0
BRDA:197,28,1,0
BRDA:206,29,0,0
BRDA:206,29,1,0
BRDA:242,30,0,0
BRDA:242,30,1,0
BRDA:243,31,0,0
BRDA:243,31,1,0
BRDA:253,32,0,0
BRDA:253,32,1,0
BRDA:254,33,0,0
BRDA:254,33,1,0
BRDA:260,34,0,0
BRDA:260,34,1,0
BRDA:261,35,0,0
BRDA:261,35,1,0
BRDA:268,36,0,0
BRDA:268,36,1,0
BRDA:268,37,0,0
BRDA:268,37,1,0
BRDA:268,37,2,0
BRDA:273,38,0,0
BRDA:273,38,1,0
BRDA:275,39,0,0
BRDA:275,39,1,0
BRDA:276,40,0,0
BRDA:276,40,1,0
BRDA:277,41,0,0
BRDA:277,41,1,0
BRDA:277,42,0,0
BRDA:277,42,1,0
BRDA:278,43,0,0
BRDA:278,43,1,0
BRDA:278,44,0,0
BRDA:278,44,1,0
BRDA:278,45,0,0
BRDA:278,45,1,0
BRDA:279,46,0,0
BRDA:279,46,1,0
BRDA:279,47,0,0
BRDA:279,47,1,0
BRDA:279,48,0,0
BRDA:279,48,1,0
BRDA:283,49,0,0
BRDA:283,49,1,0
BRDA:284,50,0,0
BRDA:284,50,1,0
BRDA:285,51,0,0
BRDA:285,51,1,0
BRDA:293,52,0,0
BRDA:293,52,1,0
BRDA:298,53,0,0
BRDA:298,53,1,0
BRDA:298,53,2,0
BRDA:318,54,0,0
BRDA:318,54,1,0
BRDA:318,54,2,0
BRDA:326,55,0,0
BRDA:326,55,1,0
BRDA:326,56,0,0
BRDA:326,56,1,0
BRDA:326,57,0,0
BRDA:326,57,1,0
BRDA:326,58,0,0
BRDA:326,58,1,0
BRDA:330,59,0,0
BRDA:330,59,1,0
BRDA:330,60,0,0
BRDA:330,60,1,0
BRDA:331,61,0,0
BRDA:331,61,1,0
BRDA:331,62,0,0
BRDA:331,62,1,0
BRDA:332,63,0,0
BRDA:332,63,1,0
BRDA:332,64,0,0
BRDA:332,64,1,0
BRF:132
BRH:0
end_of_record
TN:
SF:src\components\ScanQuotaBar.jsx
FN:4,ScanQuotaBar
FN:9,(anonymous_1)
FN:12,(anonymous_2)
FN:39,(anonymous_3)
FNF:4
FNH:0
FNDA:0,ScanQuotaBar
FNDA:0,(anonymous_1)
FNDA:0,(anonymous_2)
FNDA:0,(anonymous_3)
DA:5,0
DA:6,0
DA:7,0
DA:9,0
DA:10,0
DA:12,0
DA:13,0
DA:14,0
DA:15,0
DA:19,0
DA:20,0
DA:21,0
DA:22,0
DA:24,0
DA:26,0
DA:27,0
DA:28,0
DA:30,0
DA:31,0
DA:32,0
DA:34,0
DA:38,0
DA:39,0
DA:42,0
DA:43,0
DA:51,0
DA:53,0
DA:54,0
DA:55,0
DA:56,0
DA:59,0
DA:60,0
DA:61,0
DA:63,0
DA:64,0
DA:65,0
DA:66,0
DA:67,0
DA:68,0
DA:69,0
DA:72,0
LF:41
LH:0
BRDA:19,0,0,0
BRDA:19,0,1,0
BRDA:20,1,0,0
BRDA:20,1,1,0
BRDA:28,2,0,0
BRDA:28,2,1,0
BRDA:30,3,0,0
BRDA:30,3,1,0
BRDA:34,4,0,0
BRDA:34,4,1,0
BRDA:42,5,0,0
BRDA:42,5,1,0
BRDA:51,6,0,0
BRDA:51,6,1,0
BRDA:51,7,0,0
BRDA:51,7,1,0
BRDA:53,8,0,0
BRDA:53,8,1,0
BRDA:54,9,0,0
BRDA:54,9,1,0
BRDA:63,10,0,0
BRDA:63,10,1,0
BRDA:67,11,0,0
BRDA:67,11,1,0
BRDA:78,12,0,0
BRDA:78,12,1,0
BRDA:91,13,0,0
BRDA:91,13,1,0
BRF:28
BRH:0
end_of_record
TN:
SF:src\components\SignUp.jsx
FN:4,SignUp
FN:11,(anonymous_1)
FN:11,(anonymous_2)
FN:11,(anonymous_3)
FN:13,(anonymous_4)
FN:142,(anonymous_5)
FN:166,(anonymous_6)
FNF:7
FNH:5
FNDA:52,SignUp
FNDA:208,(anonymous_1)
FNDA:46,(anonymous_2)
FNDA:46,(anonymous_3)
FNDA:2,(anonymous_4)
FNDA:0,(anonymous_5)
FNDA:0,(anonymous_6)
DA:5,52
DA:6,52
DA:7,52
DA:8,52
DA:9,52
DA:11,208
DA:13,52
DA:14,2
DA:15,2
DA:16,1
DA:17,1
DA:19,1
DA:20,1
DA:21,1
DA:22,1
DA:24,0
DA:26,1
DA:30,52
DA:142,0
DA:166,0
LF:20
LH:17
BRDA:15,0,0,1
BRDA:15,0,1,1
BRDA:91,1,0,52
BRDA:91,1,1,1
BRDA:131,2,0,0
BRDA:131,2,1,52
BRDA:145,3,0,0
BRDA:145,3,1,52
BRDA:155,4,0,0
BRDA:155,4,1,52
BRDA:169,5,0,0
BRDA:169,5,1,52
BRDA:180,6,0,0
BRDA:180,6,1,52
BRF:14
BRH:9
end_of_record
TN:
SF:src\components\StreakLeaderboard.jsx
FN:8,StatTile
FN:18,LeaderboardRow
FN:37,StreakLeaderboard
FN:47,(anonymous_3)
FN:50,(anonymous_4)
FN:83,(anonymous_5)
FN:86,(anonymous_6)
FN:130,(anonymous_7)
FN:139,(anonymous_8)
FNF:9
FNH:0
FNDA:0,StatTile
FNDA:0,LeaderboardRow
FNDA:0,StreakLeaderboard
FNDA:0,(anonymous_3)
FNDA:0,(anonymous_4)
FNDA:0,(anonymous_5)
FNDA:0,(anonymous_6)
FNDA:0,(anonymous_7)
FNDA:0,(anonymous_8)
DA:6,0
DA:9,0
DA:19,0
DA:20,0
DA:22,0
DA:38,0
DA:42,0
DA:43,0
DA:44,0
DA:45,0
DA:47,0
DA:48,0
DA:50,0
DA:51,0
DA:52,0
DA:54,0
DA:55,0
DA:60,0
DA:61,0
DA:64,0
DA:65,0
DA:67,0
DA:71,0
DA:73,0
DA:74,0
DA:75,0
DA:77,0
DA:81,0
DA:83,0
DA:86,0
DA:87,0
DA:88,0
DA:97,0
DA:99,0
DA:131,0
DA:140,0
LF:36
LH:0
BRDA:19,0,0,0
BRDA:19,0,1,0
BRDA:20,1,0,0
BRDA:20,1,1,0
BRDA:20,2,0,0
BRDA:20,2,1,0
BRDA:23,3,0,0
BRDA:23,3,1,0
BRDA:26,4,0,0
BRDA:26,4,1,0
BRDA:30,5,0,0
BRDA:30,5,1,0
BRDA:32,6,0,0
BRDA:32,6,1,0
BRDA:39,7,0,0
BRDA:39,7,1,0
BRDA:40,8,0,0
BRDA:40,8,1,0
BRDA:60,9,0,0
BRDA:60,9,1,0
BRDA:60,10,0,0
BRDA:60,10,1,0
BRDA:68,11,0,0
BRDA:68,11,1,0
BRDA:69,12,0,0
BRDA:69,12,1,0
BRDA:71,13,0,0
BRDA:71,13,1,0
BRDA:73,14,0,0
BRDA:73,14,1,0
BRDA:77,15,0,0
BRDA:77,15,1,0
BRDA:87,16,0,0
BRDA:87,16,1,0
BRDA:90,17,0,0
BRDA:90,17,1,0
BRDA:123,18,0,0
BRDA:123,18,1,0
BRDA:126,19,0,0
BRDA:126,19,1,0
BRDA:132,20,0,0
BRDA:132,20,1,0
BRDA:135,21,0,0
BRDA:135,21,1,0
BRDA:138,22,0,0
BRDA:138,22,1,0
BRDA:138,22,2,0
BRF:47
BRH:0
end_of_record
TN:
SF:src\components\ThemeToggle.jsx
FN:10,getEffectiveTheme
FN:18,applyTheme
FN:31,useTheme
FN:32,(anonymous_3)
FN:35,(anonymous_4)
FN:40,(anonymous_5)
FN:44,(anonymous_6)
FN:52,(anonymous_7)
FN:55,(anonymous_8)
FN:56,(anonymous_9)
FN:70,ThemeToggle
FNF:11
FNH:0
FNDA:0,getEffectiveTheme
FNDA:0,applyTheme
FNDA:0,useTheme
FNDA:0,(anonymous_3)
FNDA:0,(anonymous_4)
FNDA:0,(anonymous_5)
FNDA:0,(anonymous_6)
FNDA:0,(anonymous_7)
FNDA:0,(anonymous_8)
FNDA:0,(anonymous_9)
FNDA:0,ThemeToggle
DA:4,0
DA:11,0
DA:12,0
DA:13,0
DA:14,0
DA:19,0
DA:20,0
DA:21,0
DA:23,0
DA:32,0
DA:35,0
DA:36,0
DA:40,0
DA:41,0
DA:42,0
DA:44,0
DA:46,0
DA:47,0
DA:51,0
DA:52,0
DA:55,0
DA:56,0
DA:57,0
DA:58,0
DA:59,0
DA:63,0
DA:71,0
LF:27
LH:0
BRDA:12,0,0,0
BRDA:12,0,1,0
BRDA:12,1,0,0
BRDA:12,1,1,0
BRDA:13,2,0,0
BRDA:13,2,1,0
BRDA:20,3,0,0
BRDA:20,3,1,0
BRDA:36,4,0,0
BRDA:36,4,1,0
BRDA:42,5,0,0
BRDA:42,5,1,0
BRDA:46,6,0,0
BRDA:46,6,1,0
BRDA:58,7,0,0
BRDA:58,7,1,0
BRDA:70,8,0,0
BRDA:76,9,0,0
BRDA:76,9,1,0
BRDA:77,10,0,0
BRDA:77,10,1,0
BRDA:79,11,0,0
BRDA:79,11,1,0
BRF:23
BRH:0
end_of_record
TN:
SF:src\components\Trends.jsx
FN:26,(anonymous_0)
FN:48,(anonymous_1)
FN:84,Trends
FN:93,(anonymous_3)
FN:96,(anonymous_4)
FN:113,(anonymous_5)
FN:116,(anonymous_6)
FN:136,(anonymous_7)
FN:161,(anonymous_8)
FN:162,(anonymous_9)
FN:172,(anonymous_10)
FN:180,(anonymous_11)
FN:214,(anonymous_12)
FN:265,(anonymous_13)
FN:269,(anonymous_14)
FN:273,(anonymous_15)
FN:282,(anonymous_16)
FN:286,(anonymous_17)
FN:322,(anonymous_18)
FN:384,(anonymous_19)
FN:385,(anonymous_20)
FN:386,(anonymous_21)
FN:397,(anonymous_22)
FN:415,(anonymous_23)
FNF:24
FNH:0
FNDA:0,(anonymous_0)
FNDA:0,(anonymous_1)
FNDA:0,Trends
FNDA:0,(anonymous_3)
FNDA:0,(anonymous_4)
FNDA:0,(anonymous_5)
FNDA:0,(anonymous_6)
FNDA:0,(anonymous_7)
FNDA:0,(anonymous_8)
FNDA:0,(anonymous_9)
FNDA:0,(anonymous_10)
FNDA:0,(anonymous_11)
FNDA:0,(anonymous_12)
FNDA:0,(anonymous_13)
FNDA:0,(anonymous_14)
FNDA:0,(anonymous_15)
FNDA:0,(anonymous_16)
FNDA:0,(anonymous_17)
FNDA:0,(anonymous_18)
FNDA:0,(anonymous_19)
FNDA:0,(anonymous_20)
FNDA:0,(anonymous_21)
FNDA:0,(anonymous_22)
FNDA:0,(anonymous_23)
DA:26,0
DA:27,0
DA:28,0
DA:29,0
DA:31,0
DA:45,0
DA:48,0
DA:49,0
DA:50,0
DA:52,0
DA:54,0
DA:55,0
DA:57,0
DA:85,0
DA:86,0
DA:87,0
DA:88,0
DA:89,0
DA:90,0
DA:91,0
DA:93,0
DA:94,0
DA:96,0
DA:97,0
DA:98,0
DA:102,0
DA:103,0
DA:105,0
DA:106,0
DA:108,0
DA:112,0
DA:113,0
DA:116,0
DA:117,0
DA:119,0
DA:120,0
DA:122,0
DA:123,0
DA:124,0
DA:125,0
DA:127,0
DA:130,0
DA:133,0
DA:136,0
DA:137,0
DA:138,0
DA:140,0
DA:141,0
DA:142,0
DA:144,0
DA:145,0
DA:155,0
DA:156,0
DA:157,0
DA:158,0
DA:161,0
DA:162,0
DA:163,0
DA:164,0
DA:172,0
DA:173,0
DA:175,0
DA:176,0
DA:177,0
DA:178,0
DA:180,0
DA:181,0
DA:182,0
DA:184,0
DA:185,0
DA:186,0
DA:188,0
DA:193,0
DA:194,0
DA:195,0
DA:196,0
DA:197,0
DA:198,0
DA:201,0
DA:204,0
DA:205,0
DA:209,0
DA:211,0
DA:214,0
DA:265,0
DA:269,0
DA:273,0
DA:282,0
DA:286,0
DA:323,0
DA:324,0
DA:384,0
DA:385,0
DA:386,0
DA:397,0
DA:416,0
LF:96
LH:0
BRDA:27,0,0,0
BRDA:27,0,1,0
BRDA:27,1,0,0
BRDA:27,1,1,0
BRDA:27,1,2,0
BRDA:29,2,0,0
BRDA:29,2,1,0
BRDA:29,3,0,0
BRDA:29,3,1,0
BRDA:52,4,0,0
BRDA:52,4,1,0
BRDA:60,5,0,0
BRDA:60,5,1,0
BRDA:70,6,0,0
BRDA:70,6,1,0
BRDA:105,7,0,0
BRDA:105,7,1,0
BRDA:108,8,0,0
BRDA:108,8,1,0
BRDA:117,9,0,0
BRDA:117,9,1,0
BRDA:122,10,0,0
BRDA:122,10,1,0
BRDA:123,11,0,0
BRDA:123,11,1,0
BRDA:124,12,0,0
BRDA:124,12,1,0
BRDA:124,13,0,0
BRDA:124,13,1,0
BRDA:124,13,2,0
BRDA:130,14,0,0
BRDA:130,14,1,0
BRDA:130,15,0,0
BRDA:130,15,1,0
BRDA:137,16,0,0
BRDA:137,16,1,0
BRDA:138,17,0,0
BRDA:138,17,1,0
BRDA:138,18,0,0
BRDA:138,18,1,0
BRDA:138,18,2,0
BRDA:142,19,0,0
BRDA:142,19,1,0
BRDA:142,20,0,0
BRDA:142,20,1,0
BRDA:144,21,0,0
BRDA:144,21,1,0
BRDA:157,22,0,0
BRDA:157,22,1,0
BRDA:158,23,0,0
BRDA:158,23,1,0
BRDA:163,24,0,0
BRDA:163,24,1,0
BRDA:167,25,0,0
BRDA:167,25,1,0
BRDA:173,26,0,0
BRDA:173,26,1,0
BRDA:181,27,0,0
BRDA:181,27,1,0
BRDA:182,28,0,0
BRDA:182,28,1,0
BRDA:184,29,0,0
BRDA:184,29,1,0
BRDA:186,30,0,0
BRDA:186,30,1,0
BRDA:195,31,0,0
BRDA:195,31,1,0
BRDA:197,32,0,0
BRDA:197,32,1,0
BRDA:198,33,0,0
BRDA:198,33,1,0
BRDA:204,34,0,0
BRDA:204,34,1,0
BRDA:205,35,0,0
BRDA:205,35,1,0
BRDA:206,36,0,0
BRDA:206,36,1,0
BRDA:206,37,0,0
BRDA:206,37,1,0
BRDA:209,38,0,0
BRDA:209,38,1,0
BRDA:246,39,0,0
BRDA:246,39,1,0
BRDA:246,40,0,0
BRDA:246,40,1,0
BRDA:264,41,0,0
BRDA:264,41,1,0
BRDA:268,42,0,0
BRDA:268,42,1,0
BRDA:272,43,0,0
BRDA:272,43,1,0
BRDA:278,44,0,0
BRDA:278,44,1,0
BRDA:296,45,0,0
BRDA:296,45,1,0
BRDA:300,46,0,0
BRDA:300,46,1,0
BRDA:302,47,0,0
BRDA:302,47,1,0
BRDA:302,48,0,0
BRDA:302,48,1,0
BRDA:303,49,0,0
BRDA:303,49,1,0
BRDA:303,50,0,0
BRDA:303,50,1,0
BRDA:317,51,0,0
BRDA:317,51,1,0
BRDA:323,52,0,0
BRDA:323,52,1,0
BRDA:323,53,0,0
BRDA:323,53,1,0
BRDA:323,53,2,0
BRDA:383,54,0,0
BRDA:383,54,1,0
BRDA:391,55,0,0
BRDA:391,55,1,0
BRDA:391,56,0,0
BRDA:391,56,1,0
BRDA:392,57,0,0
BRDA:392,57,1,0
BRDA:392,58,0,0
BRDA:392,58,1,0
BRDA:414,59,0,0
BRDA:414,59,1,0
BRDA:418,60,0,0
BRDA:418,60,1,0
BRDA:418,61,0,0
BRDA:418,61,1,0
BRDA:424,62,0,0
BRDA:424,62,1,0
BRDA:424,63,0,0
BRDA:424,63,1,0
BRF:132
BRH:0
end_of_record
TN:
SF:src\context\RevenueCatContext.jsx
FN:30,RevenueCatProvider
FN:50,(anonymous_1)
FN:71,(anonymous_2)
FN:87,(anonymous_3)
FN:92,setup
FN:122,(anonymous_5)
FN:126,(anonymous_6)
FN:133,(anonymous_7)
FN:140,(anonymous_8)
FN:160,(anonymous_9)
FN:176,(anonymous_10)
FN:177,(anonymous_11)
FN:180,(anonymous_12)
FN:217,useRevenueCat
FN:226,usePremium
FNF:15
FNH:13
FNDA:18,RevenueCatProvider
FNDA:2,(anonymous_1)
FNDA:5,(anonymous_2)
FNDA:6,(anonymous_3)
FNDA:3,setup
FNDA:0,(anonymous_5)
FNDA:3,(anonymous_6)
FNDA:8,(anonymous_7)
FNDA:1,(anonymous_8)
FNDA:1,(anonymous_9)
FNDA:1,(anonymous_10)
FNDA:1,(anonymous_11)
FNDA:18,(anonymous_12)
FNDA:18,useRevenueCat
FNDA:0,usePremium
DA:28,1
DA:31,18
DA:32,18
DA:34,18
DA:35,18
DA:36,18
DA:37,18
DA:38,18
DA:39,18
DA:42,18
DA:45,18
DA:49,18
DA:51,2
DA:52,2
DA:53,2
DA:64,2
DA:70,18
DA:72,5
DA:73,5
DA:75,5
DA:76,2
DA:77,2
DA:78,2
DA:80,5
DA:87,18
DA:88,6
DA:90,3
DA:93,3
DA:94,3
DA:95,3
DA:99,3
DA:100,3
DA:101,0
DA:102,0
DA:104,0
DA:107,3
DA:108,3
DA:110,3
DA:111,3
DA:113,0
DA:115,3
DA:119,3
DA:122,3
DA:123,0
DA:126,3
DA:127,3
DA:128,3
DA:133,18
DA:134,8
DA:139,18
DA:141,1
DA:142,1
DA:143,1
DA:144,1
DA:145,1
DA:146,1
DA:147,1
DA:150,0
DA:151,0
DA:152,0
DA:154,1
DA:160,18
DA:161,1
DA:162,1
DA:163,1
DA:164,1
DA:165,1
DA:166,1
DA:167,1
DA:169,0
DA:170,0
DA:172,1
DA:176,18
DA:177,18
DA:179,18
DA:180,18
DA:210,18
DA:218,18
DA:219,18
DA:220,0
DA:222,18
DA:227,0
LF:82
LH:70
BRDA:31,0,0,18
BRDA:31,0,1,0
BRDA:45,1,0,18
BRDA:45,1,1,12
BRDA:51,2,0,0
BRDA:51,2,1,2
BRDA:71,3,0,5
BRDA:71,4,0,5
BRDA:75,5,0,2
BRDA:75,5,1,3
BRDA:77,6,0,2
BRDA:77,6,1,0
BRDA:78,7,0,2
BRDA:78,7,1,0
BRDA:78,8,0,2
BRDA:78,8,1,2
BRDA:88,9,0,3
BRDA:88,9,1,3
BRDA:99,10,0,3
BRDA:99,10,1,0
BRDA:101,11,0,0
BRDA:101,11,1,0
BRDA:107,12,0,0
BRDA:107,12,1,3
BRDA:108,13,0,3
BRDA:108,13,1,0
BRDA:111,14,0,3
BRDA:111,14,1,0
BRDA:111,15,0,3
BRDA:111,15,1,3
BRDA:113,16,0,0
BRDA:113,16,1,0
BRDA:113,17,0,0
BRDA:113,17,1,0
BRDA:115,18,0,3
BRDA:115,18,1,0
BRDA:146,19,0,1
BRDA:146,19,1,0
BRDA:150,20,0,0
BRDA:150,20,1,0
BRDA:150,21,0,0
BRDA:150,21,1,0
BRDA:151,22,0,0
BRDA:151,22,1,0
BRDA:166,23,0,1
BRDA:166,23,1,0
BRDA:169,24,0,0
BRDA:169,24,1,0
BRDA:219,25,0,0
BRDA:219,25,1,18
BRF:50
BRH:24
end_of_record
TN:
SF:src\services\billingService.js
FN:20,isCordova
FN:28,initBilling
FN:69,(anonymous_2)
FN:73,(anonymous_3)
FN:84,(anonymous_4)
FN:87,(anonymous_5)
FN:109,purchaseSubscription
FN:152,restorePurchases
FN:173,getProductInfo
FN:197,onSubscriptionActive
FN:205,hasActiveSubscription
FNF:11
FNH:6
FNDA:16,isCordova
FNDA:8,initBilling
FNDA:0,(anonymous_2)
FNDA:0,(anonymous_3)
FNDA:0,(anonymous_4)
FNDA:0,(anonymous_5)
FNDA:2,purchaseSubscription
FNDA:2,restorePurchases
FNDA:2,getProductInfo
FNDA:0,onSubscriptionActive
FNDA:2,hasActiveSubscription
DA:8,11
DA:13,11
DA:14,11
DA:15,11
DA:21,16
DA:29,8
DA:30,1
DA:31,1
DA:34,7
DA:35,0
DA:36,0
DA:39,7
DA:41,7
DA:43,7
DA:44,1
DA:47,6
DA:50,6
DA:64,6
DA:65,6
DA:68,6
DA:70,0
DA:71,0
DA:74,0
DA:77,0
DA:78,0
DA:79,0
DA:82,0
DA:85,0
DA:88,0
DA:92,6
DA:94,6
DA:95,6
DA:96,6
DA:99,1
DA:100,1
DA:110,2
DA:111,0
DA:112,0
DA:115,2
DA:116,2
DA:118,2
DA:119,1
DA:122,1
DA:123,0
DA:127,1
DA:128,1
DA:130,1
DA:131,0
DA:134,1
DA:140,1
DA:143,1
DA:144,1
DA:153,2
DA:154,1
DA:155,1
DA:158,1
DA:159,1
DA:160,1
DA:161,1
DA:163,0
DA:164,0
DA:174,2
DA:175,1
DA:178,1
DA:180,1
DA:181,0
DA:184,1
DA:198,0
DA:206,2
DA:207,1
DA:210,1
DA:211,1
DA:213,1
LF:73
LH:54
BRDA:21,0,0,16
BRDA:21,0,1,16
BRDA:29,1,0,1
BRDA:29,1,1,7
BRDA:34,2,0,0
BRDA:34,2,1,7
BRDA:43,3,0,1
BRDA:43,3,1,6
BRDA:64,4,0,6
BRDA:64,4,1,6
BRDA:77,5,0,0
BRDA:77,5,1,0
BRDA:77,6,0,0
BRDA:77,6,1,0
BRDA:110,7,0,0
BRDA:110,7,1,2
BRDA:110,8,0,2
BRDA:110,8,1,2
BRDA:110,8,2,2
BRDA:118,9,0,1
BRDA:118,9,1,1
BRDA:122,10,0,0
BRDA:122,10,1,1
BRDA:130,11,0,0
BRDA:130,11,1,1
BRDA:153,12,0,1
BRDA:153,12,1,1
BRDA:153,13,0,2
BRDA:153,13,1,1
BRDA:153,13,2,1
BRDA:174,14,0,1
BRDA:174,14,1,1
BRDA:174,15,0,2
BRDA:174,15,1,1
BRDA:174,15,2,1
BRDA:180,16,0,0
BRDA:180,16,1,1
BRDA:188,17,0,1
BRDA:188,17,1,0
BRDA:189,18,0,1
BRDA:189,18,1,0
BRDA:206,19,0,1
BRDA:206,19,1,1
BRDA:206,20,0,2
BRDA:206,20,1,1
BRDA:206,20,2,1
BRDA:213,21,0,1
BRDA:213,21,1,1
BRDA:213,21,2,0
BRDA:213,21,3,0
BRF:50
BRH:37
end_of_record
TN:
SF:src\services\revenueCatService.js
FN:27,buildAppUserId
FN:34,getPurchases
FN:39,isPurchasesAvailable
FN:47,callPlugin
FN:48,(anonymous_4)
FN:72,configure
FN:73,(anonymous_6)
FN:79,(anonymous_7)
FN:108,isConfigured
FN:113,getOfferings
FN:118,getCustomerInfo
FN:127,purchasePackage
FN:132,restorePurchases
FN:137,logIn
FN:142,logOut
FN:152,addCustomerInfoUpdateListener
FN:155,(anonymous_16)
FN:158,(anonymous_17)
FN:169,hasPremiumEntitlement
FNF:19
FNH:17
FNDA:4,buildAppUserId
FNDA:13,getPurchases
FNDA:2,isPurchasesAvailable
FNDA:9,callPlugin
FNDA:9,(anonymous_4)
FNDA:2,configure
FNDA:2,(anonymous_6)
FNDA:1,(anonymous_7)
FNDA:0,isConfigured
FNDA:2,getOfferings
FNDA:1,getCustomerInfo
FNDA:2,purchasePackage
FNDA:2,restorePurchases
FNDA:1,logIn
FNDA:1,logOut
FNDA:2,addCustomerInfoUpdateListener
FNDA:0,(anonymous_16)
FNDA:1,(anonymous_17)
FNDA:3,hasPremiumEntitlement
DA:19,1
DA:22,1
DA:25,1
DA:28,4
DA:29,1
DA:35,13
DA:40,2
DA:48,9
DA:49,9
DA:50,9
DA:51,3
DA:52,3
DA:54,6
DA:55,6
DA:57,0
DA:64,1
DA:73,2
DA:74,2
DA:75,1
DA:76,1
DA:79,1
DA:80,1
DA:81,1
DA:82,0
DA:83,0
DA:86,1
DA:88,1
DA:89,1
DA:92,1
DA:96,1
DA:98,1
DA:99,1
DA:101,0
DA:102,0
DA:109,0
DA:114,2
DA:119,1
DA:128,2
DA:133,2
DA:138,1
DA:143,1
DA:153,2
DA:154,2
DA:155,1
DA:157,1
DA:158,1
DA:159,1
DA:160,1
DA:170,3
DA:171,3
DA:172,2
LF:51
LH:45
BRDA:19,0,0,1
BRDA:19,0,1,1
BRDA:22,1,0,1
BRDA:22,1,1,1
BRDA:28,2,0,3
BRDA:28,2,1,1
BRDA:28,3,0,4
BRDA:28,3,1,3
BRDA:28,3,2,2
BRDA:35,4,0,13
BRDA:35,4,1,0
BRDA:40,5,0,2
BRDA:40,5,1,1
BRDA:47,6,0,0
BRDA:47,7,0,0
BRDA:50,8,0,3
BRDA:50,8,1,6
BRDA:50,9,0,9
BRDA:50,9,1,6
BRDA:50,9,2,6
BRDA:74,10,0,1
BRDA:74,10,1,1
BRDA:81,11,0,0
BRDA:81,11,1,1
BRDA:81,12,0,1
BRDA:81,12,1,1
BRDA:88,13,0,1
BRDA:88,13,1,0
BRDA:88,14,0,1
BRDA:88,14,1,1
BRDA:88,14,2,1
BRDA:94,15,0,1
BRDA:94,15,1,0
BRDA:154,16,0,1
BRDA:154,16,1,1
BRDA:154,17,0,2
BRDA:154,17,1,1
BRDA:154,17,2,1
BRDA:159,18,0,1
BRDA:159,18,1,0
BRDA:171,19,0,1
BRDA:171,19,1,2
BRF:42
BRH:35
end_of_record
TN:
SF:src\utils\nutrition.js
FN:1,(anonymous_0)
FN:12,(anonymous_1)
FN:18,(anonymous_2)
FN:26,(anonymous_3)
FN:34,(anonymous_4)
FN:42,(anonymous_5)
FN:54,(anonymous_6)
FN:77,(anonymous_7)
FN:78,(anonymous_8)
FN:81,(anonymous_9)
FN:87,(anonymous_10)
FN:114,(anonymous_11)
FN:158,(anonymous_12)
FN:164,(anonymous_13)
FNF:14
FNH:14
FNDA:179,(anonymous_0)
FNDA:237,(anonymous_1)
FNDA:72,(anonymous_2)
FNDA:46,(anonymous_3)
FNDA:29,(anonymous_4)
FNDA:17,(anonymous_5)
FNDA:9,(anonymous_6)
FNDA:24,(anonymous_7)
FNDA:138,(anonymous_8)
FNDA:66,(anonymous_9)
FNDA:6,(anonymous_10)
FNDA:6,(anonymous_11)
FNDA:10,(anonymous_12)
FNDA:2,(anonymous_13)
DA:1,1
DA:2,179
DA:3,25
DA:5,13
DA:6,13
DA:8,1
DA:12,1
DA:13,237
DA:14,23
DA:15,23
DA:18,1
DA:19,72
DA:20,227
DA:21,227
DA:23,54
DA:26,1
DA:27,46
DA:28,172
DA:29,172
DA:31,26
DA:34,29
DA:42,1
DA:43,17
DA:44,17
DA:54,1
DA:55,9
DA:56,9
DA:57,9
DA:64,9
DA:66,7
DA:73,7
DA:74,7
DA:77,1
DA:78,138
DA:79,24
DA:81,66
DA:82,15
DA:84,4
DA:87,1
DA:88,6
DA:94,6
DA:96,4
DA:97,4
DA:99,4
DA:100,4
DA:102,4
DA:103,4
DA:105,3
DA:106,3
DA:108,3
DA:109,3
DA:111,3
DA:114,1
DA:115,6
DA:116,6
DA:117,6
DA:119,6
DA:126,6
DA:133,6
DA:140,6
DA:147,6
DA:149,6
DA:158,1
DA:159,10
DA:160,10
DA:161,5
DA:164,1
DA:165,2
DA:167,2
LF:69
LH:69
BRDA:1,0,0,4
BRDA:2,1,0,154
BRDA:2,1,1,25
BRDA:2,2,0,179
BRDA:2,2,1,27
BRDA:2,2,2,26
BRDA:3,3,0,12
BRDA:3,3,1,13
BRDA:13,4,0,214
BRDA:13,4,1,23
BRDA:13,5,0,237
BRDA:13,5,1,28
BRDA:13,5,2,23
BRDA:15,6,0,23
BRDA:15,6,1,0
BRDA:21,7,0,18
BRDA:21,7,1,209
BRDA:29,8,0,20
BRDA:29,8,1,152
BRDA:29,9,0,172
BRDA:29,9,1,21
BRDA:29,9,2,21
BRDA:34,10,0,1
BRDA:42,11,0,0
BRDA:54,12,0,0
BRDA:64,13,0,2
BRDA:64,13,1,7
BRDA:67,14,0,7
BRDA:67,14,1,6
BRDA:67,14,2,6
BRDA:67,14,3,6
BRDA:67,14,4,6
BRDA:74,15,0,1
BRDA:74,15,1,6
BRDA:79,16,0,9
BRDA:79,16,1,15
BRDA:82,17,0,11
BRDA:82,17,1,4
BRDA:82,18,0,15
BRDA:82,18,1,4
BRDA:94,19,0,2
BRDA:94,19,1,4
BRDA:97,20,0,0
BRDA:97,20,1,4
BRDA:100,21,0,0
BRDA:100,21,1,4
BRDA:100,22,0,4
BRDA:100,22,1,0
BRDA:103,23,0,1
BRDA:103,23,1,3
BRDA:103,24,0,4
BRDA:103,24,1,1
BRDA:106,25,0,0
BRDA:106,25,1,3
BRDA:109,26,0,0
BRDA:109,26,1,3
BRDA:109,27,0,3
BRDA:109,27,1,0
BRDA:114,28,0,0
BRDA:114,29,0,3
BRDA:117,30,0,6
BRDA:117,30,1,0
BRDA:150,31,0,2
BRDA:150,31,1,4
BRDA:151,32,0,3
BRDA:151,32,1,3
BRDA:152,33,0,3
BRDA:152,33,1,3
BRDA:153,34,0,3
BRDA:153,34,1,3
BRDA:154,35,0,3
BRDA:154,35,1,3
BRDA:158,36,0,4
BRDA:160,37,0,5
BRDA:160,37,1,5
BRDA:161,38,0,3
BRDA:161,38,1,2
BRDA:164,39,0,0
BRDA:164,40,0,2
BRF:79
BRH:67
end_of_record
TN:
SF:src\utils\platformUtils.js
FN:15,isLocalAppShellOrigin
FN:28,(anonymous_1)
FN:47,onCordovaReady
FNF:3
FNH:3
FNDA:1,isLocalAppShellOrigin
FNDA:1,(anonymous_1)
FNDA:5,onCordovaReady
DA:13,1
DA:16,1
DA:17,1
DA:21,1
DA:22,1
DA:23,1
DA:28,1
DA:29,1
DA:30,1
DA:31,1
DA:35,1
DA:38,1
DA:48,5
DA:50,2
DA:53,0
DA:54,2
DA:55,2
DA:57,0
LF:18
LH:16
BRDA:13,0,0,1
BRDA:13,0,1,1
BRDA:16,1,0,0
BRDA:16,1,1,1
BRDA:21,2,0,0
BRDA:21,2,1,1
BRDA:22,3,0,0
BRDA:22,3,1,1
BRDA:22,4,0,1
BRDA:22,4,1,0
BRDA:29,5,0,0
BRDA:29,5,1,1
BRDA:30,6,0,1
BRDA:30,6,1,0
BRDA:35,7,0,1
BRDA:35,7,1,0
BRDA:48,8,0,3
BRDA:48,8,1,2
BRDA:50,9,0,0
BRDA:50,9,1,2
BRDA:50,10,0,2
BRDA:50,10,1,0
BRDA:54,11,0,2
BRDA:54,11,1,0
BRF:24
BRH:14
end_of_record
TN:
SF:src\utils\scoreColor.js
FN:21,scoreColor
FN:34,scoreBg
FN:48,scoreVerdict
FNF:3
FNH:3
FNDA:15,scoreColor
FNDA:9,scoreBg
FNDA:5,scoreVerdict
DA:8,1
DA:22,15
DA:23,12
DA:24,9
DA:25,6
DA:26,3
DA:35,9
DA:36,6
DA:37,4
DA:38,2
DA:49,5
DA:50,5
DA:52,5
DA:53,4
DA:54,3
DA:55,2
DA:56,1
LF:17
LH:17
BRDA:22,0,0,3
BRDA:22,0,1,12
BRDA:23,1,0,3
BRDA:23,1,1,9
BRDA:24,2,0,3
BRDA:24,2,1,6
BRDA:25,3,0,3
BRDA:25,3,1,3
BRDA:35,4,0,3
BRDA:35,4,1,6
BRDA:36,5,0,2
BRDA:36,5,1,4
BRDA:37,6,0,2
BRDA:37,6,1,2
BRDA:52,7,0,1
BRDA:52,7,1,4
BRDA:53,8,0,1
BRDA:53,8,1,3
BRDA:54,9,0,1
BRDA:54,9,1,2
BRDA:55,10,0,1
BRDA:55,10,1,1
BRF:22
BRH:22
end_of_record
