{"D:\\NutriScan-mainn\\Backend\\middleware\\auth.js": {"path":"D:\\NutriScan-mainn\\Backend\\middleware\\auth.js","statementMap":{"0":{"start":{"line":1,"column":12},"end":{"line":1,"column":35}},"1":{"start":{"line":2,"column":19},"end":{"line":2,"column":66}},"2":{"start":{"line":4,"column":21},"end":{"line":15,"column":1}},"3":{"start":{"line":5,"column":16},"end":{"line":5,"column":34}},"4":{"start":{"line":6,"column":2},"end":{"line":6,"column":69}},"5":{"start":{"line":6,"column":14},"end":{"line":6,"column":69}},"6":{"start":{"line":8,"column":2},"end":{"line":14,"column":3}},"7":{"start":{"line":9,"column":20},"end":{"line":9,"column":49}},"8":{"start":{"line":10,"column":4},"end":{"line":10,"column":32}},"9":{"start":{"line":11,"column":4},"end":{"line":11,"column":11}},"10":{"start":{"line":13,"column":4},"end":{"line":13,"column":53}},"11":{"start":{"line":17,"column":0},"end":{"line":17,"column":30}}},"fnMap":{"0":{"name":"(anonymous_0)","decl":{"start":{"line":4,"column":21},"end":{"line":4,"column":22}},"loc":{"start":{"line":4,"column":41},"end":{"line":15,"column":1}},"line":4}},"branchMap":{"0":{"loc":{"start":{"line":2,"column":19},"end":{"line":2,"column":66}},"type":"binary-expr","locations":[{"start":{"line":2,"column":19},"end":{"line":2,"column":41}},{"start":{"line":2,"column":45},"end":{"line":2,"column":66}}],"line":2},"1":{"loc":{"start":{"line":6,"column":2},"end":{"line":6,"column":69}},"type":"if","locations":[{"start":{"line":6,"column":2},"end":{"line":6,"column":69}},{"start":{},"end":{}}],"line":6}},"s":{"0":2,"1":2,"2":2,"3":5,"4":5,"5":1,"6":4,"7":4,"8":3,"9":3,"10":1,"11":2},"f":{"0":5},"b":{"0":[2,2],"1":[1,4]},"_coverageSchema":"1a1c01bbd47fc00a2c39e90264f33305004495a9","hash":"fb4491f8c475de01fec95ddd8331aec2d116b2f4"}
,"D:\\NutriScan-mainn\\Backend\\middleware\\profileValidator.js": {"path":"D:\\NutriScan-mainn\\Backend\\middleware\\profileValidator.js","statementMap":{"0":{"start":{"line":1,"column":14},"end":{"line":1,"column":28}},"1":{"start":{"line":4,"column":24},"end":{"line":15,"column":2}},"2":{"start":{"line":8,"column":23},"end":{"line":8,"column":81}},"3":{"start":{"line":11,"column":119},"end":{"line":14,"column":3}},"4":{"start":{"line":18,"column":22},"end":{"line":37,"column":11}},"5":{"start":{"line":22,"column":74},"end":{"line":22,"column":105}},"6":{"start":{"line":27,"column":74},"end":{"line":27,"column":105}},"7":{"start":{"line":40,"column":30},"end":{"line":55,"column":1}},"8":{"start":{"line":41,"column":17},"end":{"line":43,"column":4}},"9":{"start":{"line":45,"column":17},"end":{"line":45,"column":43}},"10":{"start":{"line":46,"column":2},"end":{"line":51,"column":3}},"11":{"start":{"line":47,"column":4},"end":{"line":50,"column":7}},"12":{"start":{"line":53,"column":2},"end":{"line":53,"column":34}},"13":{"start":{"line":54,"column":2},"end":{"line":54,"column":9}},"14":{"start":{"line":58,"column":30},"end":{"line":74,"column":1}},"15":{"start":{"line":59,"column":17},"end":{"line":62,"column":4}},"16":{"start":{"line":64,"column":17},"end":{"line":64,"column":43}},"17":{"start":{"line":65,"column":2},"end":{"line":70,"column":3}},"18":{"start":{"line":66,"column":4},"end":{"line":69,"column":7}},"19":{"start":{"line":72,"column":2},"end":{"line":72,"column":34}},"20":{"start":{"line":73,"column":2},"end":{"line":73,"column":9}},"21":{"start":{"line":76,"column":0},"end":{"line":79,"column":2}}},"fnMap":{"0":{"name":"(anonymous_0)","decl":{"start":{"line":8,"column":16},"end":{"line":8,"column":17}},"loc":{"start":{"line":8,"column":23},"end":{"line":8,"column":81}},"line":8},"1":{"name":"(anonymous_1)","decl":{"start":{"line":11,"column":110},"end":{"line":11,"column":111}},"loc":{"start":{"line":11,"column":119},"end":{"line":14,"column":3}},"line":11},"2":{"name":"(anonymous_2)","decl":{"start":{"line":22,"column":67},"end":{"line":22,"column":68}},"loc":{"start":{"line":22,"column":74},"end":{"line":22,"column":105}},"line":22},"3":{"name":"(anonymous_3)","decl":{"start":{"line":27,"column":67},"end":{"line":27,"column":68}},"loc":{"start":{"line":27,"column":74},"end":{"line":27,"column":105}},"line":27},"4":{"name":"(anonymous_4)","decl":{"start":{"line":40,"column":30},"end":{"line":40,"column":31}},"loc":{"start":{"line":40,"column":50},"end":{"line":55,"column":1}},"line":40},"5":{"name":"(anonymous_5)","decl":{"start":{"line":58,"column":30},"end":{"line":58,"column":31}},"loc":{"start":{"line":58,"column":50},"end":{"line":74,"column":1}},"line":58}},"branchMap":{"0":{"loc":{"start":{"line":22,"column":74},"end":{"line":22,"column":105}},"type":"cond-expr","locations":[{"start":{"line":22,"column":87},"end":{"line":22,"column":91}},{"start":{"line":22,"column":94},"end":{"line":22,"column":105}}],"line":22},"1":{"loc":{"start":{"line":27,"column":74},"end":{"line":27,"column":105}},"type":"cond-expr","locations":[{"start":{"line":27,"column":87},"end":{"line":27,"column":91}},{"start":{"line":27,"column":94},"end":{"line":27,"column":105}}],"line":27},"2":{"loc":{"start":{"line":46,"column":2},"end":{"line":51,"column":3}},"type":"if","locations":[{"start":{"line":46,"column":2},"end":{"line":51,"column":3}},{"start":{},"end":{}}],"line":46},"3":{"loc":{"start":{"line":65,"column":2},"end":{"line":70,"column":3}},"type":"if","locations":[{"start":{"line":65,"column":2},"end":{"line":70,"column":3}},{"start":{},"end":{}}],"line":65}},"s":{"0":0,"1":0,"2":0,"3":0,"4":0,"5":0,"6":0,"7":0,"8":0,"9":0,"10":0,"11":0,"12":0,"13":0,"14":0,"15":0,"16":0,"17":0,"18":0,"19":0,"20":0,"21":0},"f":{"0":0,"1":0,"2":0,"3":0,"4":0,"5":0},"b":{"0":[0,0],"1":[0,0],"2":[0,0],"3":[0,0]}}
,"D:\\NutriScan-mainn\\Backend\\middleware\\rateLimiter.js": {"path":"D:\\NutriScan-mainn\\Backend\\middleware\\rateLimiter.js","statementMap":{"0":{"start":{"line":2,"column":20},"end":{"line":2,"column":46}},"1":{"start":{"line":2,"column":40},"end":{"line":2,"column":46}},"2":{"start":{"line":3,"column":23},"end":{"line":3,"column":49}},"3":{"start":{"line":3,"column":43},"end":{"line":3,"column":49}},"4":{"start":{"line":5,"column":0},"end":{"line":8,"column":2}}},"fnMap":{"0":{"name":"(anonymous_0)","decl":{"start":{"line":2,"column":20},"end":{"line":2,"column":21}},"loc":{"start":{"line":2,"column":40},"end":{"line":2,"column":46}},"line":2},"1":{"name":"(anonymous_1)","decl":{"start":{"line":3,"column":23},"end":{"line":3,"column":24}},"loc":{"start":{"line":3,"column":43},"end":{"line":3,"column":49}},"line":3}},"branchMap":{},"s":{"0":2,"1":6,"2":2,"3":1,"4":2},"f":{"0":6,"1":1},"b":{},"_coverageSchema":"1a1c01bbd47fc00a2c39e90264f33305004495a9","hash":"8b0b1289c0d4a58a5db863b62bde9e8585d26a06"}
,"D:\\NutriScan-mainn\\Backend\\middleware\\requirePlan.js": {"path":"D:\\NutriScan-mainn\\Backend\\middleware\\requirePlan.js","statementMap":{"0":{"start":{"line":1,"column":20},"end":{"line":42,"column":1}},"1":{"start":{"line":1,"column":38},"end":{"line":42,"column":1}},"2":{"start":{"line":2,"column":2},"end":{"line":41,"column":3}},"3":{"start":{"line":3,"column":20},"end":{"line":6,"column":5}},"4":{"start":{"line":8,"column":4},"end":{"line":10,"column":5}},"5":{"start":{"line":9,"column":6},"end":{"line":9,"column":63}},"6":{"start":{"line":12,"column":15},"end":{"line":12,"column":30}},"7":{"start":{"line":15,"column":4},"end":{"line":27,"column":5}},"8":{"start":{"line":16,"column":6},"end":{"line":16,"column":94}},"9":{"start":{"line":17,"column":6},"end":{"line":20,"column":8}},"10":{"start":{"line":22,"column":27},"end":{"line":25,"column":7}},"11":{"start":{"line":26,"column":6},"end":{"line":26,"column":34}},"12":{"start":{"line":29,"column":24},"end":{"line":29,"column":43}},"13":{"start":{"line":31,"column":4},"end":{"line":35,"column":5}},"14":{"start":{"line":32,"column":6},"end":{"line":34,"column":9}},"15":{"start":{"line":37,"column":4},"end":{"line":37,"column":11}},"16":{"start":{"line":39,"column":4},"end":{"line":39,"column":59}},"17":{"start":{"line":40,"column":4},"end":{"line":40,"column":87}},"18":{"start":{"line":44,"column":0},"end":{"line":44,"column":29}}},"fnMap":{"0":{"name":"(anonymous_0)","decl":{"start":{"line":1,"column":20},"end":{"line":1,"column":21}},"loc":{"start":{"line":1,"column":38},"end":{"line":42,"column":1}},"line":1},"1":{"name":"(anonymous_1)","decl":{"start":{"line":1,"column":38},"end":{"line":1,"column":39}},"loc":{"start":{"line":1,"column":64},"end":{"line":42,"column":1}},"line":1}},"branchMap":{"0":{"loc":{"start":{"line":8,"column":4},"end":{"line":10,"column":5}},"type":"if","locations":[{"start":{"line":8,"column":4},"end":{"line":10,"column":5}},{"start":{},"end":{}}],"line":8},"1":{"loc":{"start":{"line":15,"column":4},"end":{"line":27,"column":5}},"type":"if","locations":[{"start":{"line":15,"column":4},"end":{"line":27,"column":5}},{"start":{},"end":{}}],"line":15},"2":{"loc":{"start":{"line":15,"column":8},"end":{"line":15,"column":75}},"type":"binary-expr","locations":[{"start":{"line":15,"column":8},"end":{"line":15,"column":28}},{"start":{"line":15,"column":32},"end":{"line":15,"column":75}}],"line":15},"3":{"loc":{"start":{"line":29,"column":24},"end":{"line":29,"column":43}},"type":"binary-expr","locations":[{"start":{"line":29,"column":24},"end":{"line":29,"column":33}},{"start":{"line":29,"column":37},"end":{"line":29,"column":43}}],"line":29},"4":{"loc":{"start":{"line":31,"column":4},"end":{"line":35,"column":5}},"type":"if","locations":[{"start":{"line":31,"column":4},"end":{"line":35,"column":5}},{"start":{},"end":{}}],"line":31}},"s":{"0":1,"1":5,"2":5,"3":5,"4":4,"5":1,"6":3,"7":3,"8":1,"9":1,"10":1,"11":1,"12":3,"13":3,"14":2,"15":1,"16":1,"17":1,"18":1},"f":{"0":5,"1":5},"b":{"0":[1,3],"1":[1,2],"2":[3,1],"3":[3,0],"4":[2,1]},"_coverageSchema":"1a1c01bbd47fc00a2c39e90264f33305004495a9","hash":"b6c3f6b396fd6cafe36e1089c297b136c4ebca6a"}
,"D:\\NutriScan-mainn\\Backend\\middleware\\requireSubscription.js": {"path":"D:\\NutriScan-mainn\\Backend\\middleware\\requireSubscription.js","statementMap":{"0":{"start":{"line":8,"column":2},"end":{"line":12,"column":3}},"1":{"start":{"line":9,"column":4},"end":{"line":11,"column":7}},"2":{"start":{"line":14,"column":15},"end":{"line":14,"column":23}},"3":{"start":{"line":17,"column":2},"end":{"line":22,"column":3}},"4":{"start":{"line":18,"column":4},"end":{"line":21,"column":7}},"5":{"start":{"line":24,"column":29},"end":{"line":24,"column":61}},"6":{"start":{"line":25,"column":29},"end":{"line":25,"column":61}},"7":{"start":{"line":28,"column":2},"end":{"line":34,"column":3}},"8":{"start":{"line":29,"column":4},"end":{"line":33,"column":7}},"9":{"start":{"line":37,"column":14},"end":{"line":37,"column":24}},"10":{"start":{"line":38,"column":2},"end":{"line":44,"column":3}},"11":{"start":{"line":39,"column":4},"end":{"line":43,"column":7}},"12":{"start":{"line":47,"column":2},"end":{"line":47,"column":9}},"13":{"start":{"line":50,"column":0},"end":{"line":50,"column":37}}},"fnMap":{"0":{"name":"requireSubscription","decl":{"start":{"line":6,"column":9},"end":{"line":6,"column":28}},"loc":{"start":{"line":6,"column":45},"end":{"line":48,"column":1}},"line":6}},"branchMap":{"0":{"loc":{"start":{"line":8,"column":2},"end":{"line":12,"column":3}},"type":"if","locations":[{"start":{"line":8,"column":2},"end":{"line":12,"column":3}},{"start":{},"end":{}}],"line":8},"1":{"loc":{"start":{"line":17,"column":2},"end":{"line":22,"column":3}},"type":"if","locations":[{"start":{"line":17,"column":2},"end":{"line":22,"column":3}},{"start":{},"end":{}}],"line":17},"2":{"loc":{"start":{"line":28,"column":2},"end":{"line":34,"column":3}},"type":"if","locations":[{"start":{"line":28,"column":2},"end":{"line":34,"column":3}},{"start":{},"end":{}}],"line":28},"3":{"loc":{"start":{"line":32,"column":14},"end":{"line":32,"column":42}},"type":"binary-expr","locations":[{"start":{"line":32,"column":14},"end":{"line":32,"column":32}},{"start":{"line":32,"column":36},"end":{"line":32,"column":42}}],"line":32},"4":{"loc":{"start":{"line":38,"column":2},"end":{"line":44,"column":3}},"type":"if","locations":[{"start":{"line":38,"column":2},"end":{"line":44,"column":3}},{"start":{},"end":{}}],"line":38},"5":{"loc":{"start":{"line":38,"column":6},"end":{"line":38,"column":53}},"type":"binary-expr","locations":[{"start":{"line":38,"column":6},"end":{"line":38,"column":25}},{"start":{"line":38,"column":29},"end":{"line":38,"column":53}}],"line":38}},"s":{"0":5,"1":1,"2":4,"3":4,"4":1,"5":3,"6":3,"7":3,"8":1,"9":2,"10":2,"11":1,"12":1,"13":1},"f":{"0":5},"b":{"0":[1,4],"1":[1,3],"2":[1,2],"3":[1,0],"4":[1,1],"5":[2,2]},"_coverageSchema":"1a1c01bbd47fc00a2c39e90264f33305004495a9","hash":"b7cea75af360e243500581afe5a9ddb20ad7c024"}
,"D:\\NutriScan-mainn\\Backend\\middleware\\validator.js": {"path":"D:\\NutriScan-mainn\\Backend\\middleware\\validator.js","statementMap":{"0":{"start":{"line":1,"column":14},"end":{"line":1,"column":28}},"1":{"start":{"line":4,"column":28},"end":{"line":18,"column":2}},"2":{"start":{"line":21,"column":27},"end":{"line":37,"column":2}},"3":{"start":{"line":39,"column":21},"end":{"line":52,"column":1}},"4":{"start":{"line":39,"column":33},"end":{"line":52,"column":1}},"5":{"start":{"line":40,"column":2},"end":{"line":51,"column":3}},"6":{"start":{"line":41,"column":4},"end":{"line":41,"column":27}},"7":{"start":{"line":42,"column":4},"end":{"line":42,"column":11}},"8":{"start":{"line":44,"column":4},"end":{"line":49,"column":5}},"9":{"start":{"line":45,"column":6},"end":{"line":48,"column":9}},"10":{"start":{"line":47,"column":38},"end":{"line":47,"column":84}},"11":{"start":{"line":50,"column":4},"end":{"line":50,"column":14}},"12":{"start":{"line":54,"column":0},"end":{"line":58,"column":2}}},"fnMap":{"0":{"name":"(anonymous_0)","decl":{"start":{"line":39,"column":21},"end":{"line":39,"column":22}},"loc":{"start":{"line":39,"column":33},"end":{"line":52,"column":1}},"line":39},"1":{"name":"(anonymous_1)","decl":{"start":{"line":39,"column":33},"end":{"line":39,"column":34}},"loc":{"start":{"line":39,"column":53},"end":{"line":52,"column":1}},"line":39},"2":{"name":"(anonymous_2)","decl":{"start":{"line":47,"column":32},"end":{"line":47,"column":33}},"loc":{"start":{"line":47,"column":38},"end":{"line":47,"column":84}},"line":47}},"branchMap":{"0":{"loc":{"start":{"line":44,"column":4},"end":{"line":49,"column":5}},"type":"if","locations":[{"start":{"line":44,"column":4},"end":{"line":49,"column":5}},{"start":{},"end":{}}],"line":44}},"s":{"0":0,"1":0,"2":0,"3":0,"4":0,"5":0,"6":0,"7":0,"8":0,"9":0,"10":0,"11":0,"12":0},"f":{"0":0,"1":0,"2":0},"b":{"0":[0,0]}}
,"D:\\NutriScan-mainn\\Backend\\routes\\analyze.js": {"path":"D:\\NutriScan-mainn\\Backend\\routes\\analyze.js","statementMap":{"0":{"start":{"line":1,"column":16},"end":{"line":1,"column":34}},"1":{"start":{"line":2,"column":15},"end":{"line":2,"column":31}},"2":{"start":{"line":3,"column":12},"end":{"line":3,"column":35}},"3":{"start":{"line":4,"column":21},"end":{"line":4,"column":50}},"4":{"start":{"line":5,"column":66},"end":{"line":5,"column":100}},"5":{"start":{"line":6,"column":20},"end":{"line":6,"column":56}},"6":{"start":{"line":8,"column":19},"end":{"line":8,"column":66}},"7":{"start":{"line":10,"column":29},"end":{"line":17,"column":1}},"8":{"start":{"line":11,"column":2},"end":{"line":11,"column":75}},"9":{"start":{"line":11,"column":61},"end":{"line":11,"column":75}},"10":{"start":{"line":12,"column":2},"end":{"line":16,"column":42}},"11":{"start":{"line":13,"column":4},"end":{"line":13,"column":56}},"12":{"start":{"line":13,"column":39},"end":{"line":13,"column":56}},"13":{"start":{"line":14,"column":4},"end":{"line":14,"column":99}},"14":{"start":{"line":14,"column":48},"end":{"line":14,"column":99}},"15":{"start":{"line":15,"column":4},"end":{"line":15,"column":33}},"16":{"start":{"line":19,"column":24},"end":{"line":23,"column":1}},"17":{"start":{"line":20,"column":16},"end":{"line":20,"column":34}},"18":{"start":{"line":21,"column":2},"end":{"line":21,"column":68}},"19":{"start":{"line":21,"column":44},"end":{"line":21,"column":68}},"20":{"start":{"line":22,"column":2},"end":{"line":22,"column":47}},"21":{"start":{"line":25,"column":25},"end":{"line":44,"column":1}},"22":{"start":{"line":26,"column":2},"end":{"line":26,"column":73}},"23":{"start":{"line":26,"column":53},"end":{"line":26,"column":73}},"24":{"start":{"line":27,"column":15},"end":{"line":38,"column":3}},"25":{"start":{"line":40,"column":2},"end":{"line":43,"column":32}},"26":{"start":{"line":41,"column":21},"end":{"line":41,"column":78}},"27":{"start":{"line":42,"column":18},"end":{"line":42,"column":46}},"28":{"start":{"line":46,"column":27},"end":{"line":81,"column":1}},"29":{"start":{"line":47,"column":2},"end":{"line":47,"column":63}},"30":{"start":{"line":47,"column":51},"end":{"line":47,"column":63}},"31":{"start":{"line":48,"column":22},"end":{"line":48,"column":98}},"32":{"start":{"line":49,"column":26},"end":{"line":49,"column":89}},"33":{"start":{"line":50,"column":21},"end":{"line":52,"column":22}},"34":{"start":{"line":54,"column":2},"end":{"line":54,"column":31}},"35":{"start":{"line":55,"column":2},"end":{"line":55,"column":32}},"36":{"start":{"line":56,"column":2},"end":{"line":56,"column":28}},"37":{"start":{"line":58,"column":21},"end":{"line":58,"column":23}},"38":{"start":{"line":59,"column":20},"end":{"line":68,"column":3}},"39":{"start":{"line":60,"column":4},"end":{"line":67,"column":5}},"40":{"start":{"line":61,"column":6},"end":{"line":61,"column":74}},"41":{"start":{"line":61,"column":65},"end":{"line":61,"column":74}},"42":{"start":{"line":62,"column":21},"end":{"line":62,"column":34}},"43":{"start":{"line":63,"column":6},"end":{"line":66,"column":7}},"44":{"start":{"line":64,"column":8},"end":{"line":64,"column":33}},"45":{"start":{"line":65,"column":8},"end":{"line":65,"column":15}},"46":{"start":{"line":70,"column":2},"end":{"line":70,"column":152}},"47":{"start":{"line":71,"column":2},"end":{"line":71,"column":130}},"48":{"start":{"line":72,"column":2},"end":{"line":72,"column":141}},"49":{"start":{"line":73,"column":2},"end":{"line":73,"column":109}},"50":{"start":{"line":74,"column":2},"end":{"line":74,"column":113}},"51":{"start":{"line":75,"column":2},"end":{"line":75,"column":76}},"52":{"start":{"line":76,"column":2},"end":{"line":76,"column":70}},"53":{"start":{"line":77,"column":2},"end":{"line":77,"column":78}},"54":{"start":{"line":79,"column":2},"end":{"line":79,"column":65}},"55":{"start":{"line":79,"column":19},"end":{"line":79,"column":65}},"56":{"start":{"line":80,"column":2},"end":{"line":80,"column":60}},"57":{"start":{"line":83,"column":14},"end":{"line":83,"column":69}},"58":{"start":{"line":83,"column":22},"end":{"line":83,"column":69}},"59":{"start":{"line":83,"column":45},"end":{"line":83,"column":68}},"60":{"start":{"line":86,"column":19},"end":{"line":90,"column":1}},"61":{"start":{"line":93,"column":29},"end":{"line":93,"column":30}},"62":{"start":{"line":94,"column":31},"end":{"line":94,"column":37}},"63":{"start":{"line":97,"column":14},"end":{"line":97,"column":114}},"64":{"start":{"line":98,"column":19},"end":{"line":103,"column":4}},"65":{"start":{"line":104,"column":2},"end":{"line":104,"column":18}},"66":{"start":{"line":109,"column":14},"end":{"line":109,"column":24}},"67":{"start":{"line":110,"column":2},"end":{"line":113,"column":3}},"68":{"start":{"line":111,"column":20},"end":{"line":111,"column":68}},"69":{"start":{"line":112,"column":4},"end":{"line":112,"column":85}},"70":{"start":{"line":115,"column":18},"end":{"line":115,"column":22}},"71":{"start":{"line":118,"column":2},"end":{"line":161,"column":3}},"72":{"start":{"line":119,"column":4},"end":{"line":160,"column":5}},"73":{"start":{"line":120,"column":6},"end":{"line":120,"column":57}},"74":{"start":{"line":121,"column":23},"end":{"line":121,"column":64}},"75":{"start":{"line":123,"column":6},"end":{"line":131,"column":7}},"76":{"start":{"line":124,"column":21},"end":{"line":124,"column":42}},"77":{"start":{"line":125,"column":21},"end":{"line":125,"column":69}},"78":{"start":{"line":126,"column":8},"end":{"line":129,"column":9}},"79":{"start":{"line":127,"column":10},"end":{"line":127,"column":66}},"80":{"start":{"line":128,"column":10},"end":{"line":128,"column":22}},"81":{"start":{"line":130,"column":8},"end":{"line":130,"column":53}},"82":{"start":{"line":133,"column":21},"end":{"line":133,"column":36}},"83":{"start":{"line":136,"column":6},"end":{"line":140,"column":7}},"84":{"start":{"line":137,"column":8},"end":{"line":137,"column":115}},"85":{"start":{"line":138,"column":8},"end":{"line":138,"column":69}},"86":{"start":{"line":139,"column":8},"end":{"line":139,"column":96}},"87":{"start":{"line":142,"column":6},"end":{"line":145,"column":7}},"88":{"start":{"line":143,"column":8},"end":{"line":143,"column":83}},"89":{"start":{"line":144,"column":8},"end":{"line":144,"column":17}},"90":{"start":{"line":147,"column":6},"end":{"line":151,"column":7}},"91":{"start":{"line":148,"column":8},"end":{"line":148,"column":99}},"92":{"start":{"line":149,"column":8},"end":{"line":149,"column":26}},"93":{"start":{"line":150,"column":8},"end":{"line":150,"column":17}},"94":{"start":{"line":153,"column":22},"end":{"line":153,"column":59}},"95":{"start":{"line":153,"column":56},"end":{"line":153,"column":58}},"96":{"start":{"line":154,"column":6},"end":{"line":154,"column":72}},"97":{"start":{"line":156,"column":6},"end":{"line":156,"column":22}},"98":{"start":{"line":157,"column":6},"end":{"line":157,"column":71}},"99":{"start":{"line":159,"column":6},"end":{"line":159,"column":58}},"100":{"start":{"line":159,"column":48},"end":{"line":159,"column":58}},"101":{"start":{"line":163,"column":2},"end":{"line":163,"column":79}},"102":{"start":{"line":167,"column":14},"end":{"line":167,"column":25}},"103":{"start":{"line":170,"column":2},"end":{"line":172,"column":3}},"104":{"start":{"line":171,"column":4},"end":{"line":171,"column":81}},"105":{"start":{"line":175,"column":16},"end":{"line":175,"column":34}},"106":{"start":{"line":176,"column":12},"end":{"line":176,"column":34}},"107":{"start":{"line":178,"column":2},"end":{"line":178,"column":75}},"108":{"start":{"line":178,"column":20},"end":{"line":178,"column":75}},"109":{"start":{"line":181,"column":2},"end":{"line":187,"column":3}},"110":{"start":{"line":182,"column":4},"end":{"line":182,"column":89}},"111":{"start":{"line":184,"column":4},"end":{"line":184,"column":56}},"112":{"start":{"line":184,"column":29},"end":{"line":184,"column":56}},"113":{"start":{"line":185,"column":4},"end":{"line":185,"column":71}},"114":{"start":{"line":186,"column":4},"end":{"line":186,"column":33}},"115":{"start":{"line":189,"column":2},"end":{"line":189,"column":42}},"116":{"start":{"line":192,"column":2},"end":{"line":192,"column":46}},"117":{"start":{"line":194,"column":2},"end":{"line":200,"column":3}},"118":{"start":{"line":195,"column":19},"end":{"line":195,"column":36}},"119":{"start":{"line":196,"column":4},"end":{"line":196,"column":35}},"120":{"start":{"line":198,"column":4},"end":{"line":198,"column":79}},"121":{"start":{"line":199,"column":4},"end":{"line":199,"column":67}},"122":{"start":{"line":205,"column":2},"end":{"line":232,"column":3}},"123":{"start":{"line":207,"column":16},"end":{"line":207,"column":58}},"124":{"start":{"line":209,"column":22},"end":{"line":209,"column":98}},"125":{"start":{"line":209,"column":52},"end":{"line":209,"column":81}},"126":{"start":{"line":212,"column":22},"end":{"line":212,"column":195}},"127":{"start":{"line":213,"column":21},"end":{"line":213,"column":234}},"128":{"start":{"line":215,"column":4},"end":{"line":226,"column":7}},"129":{"start":{"line":216,"column":20},"end":{"line":216,"column":35}},"130":{"start":{"line":217,"column":21},"end":{"line":217,"column":59}},"131":{"start":{"line":217,"column":41},"end":{"line":217,"column":58}},"132":{"start":{"line":218,"column":20},"end":{"line":218,"column":57}},"133":{"start":{"line":218,"column":39},"end":{"line":218,"column":56}},"134":{"start":{"line":221,"column":20},"end":{"line":221,"column":56}},"135":{"start":{"line":223,"column":6},"end":{"line":223,"column":52}},"136":{"start":{"line":223,"column":28},"end":{"line":223,"column":52}},"137":{"start":{"line":224,"column":6},"end":{"line":224,"column":40}},"138":{"start":{"line":224,"column":17},"end":{"line":224,"column":40}},"139":{"start":{"line":225,"column":6},"end":{"line":225,"column":29}},"140":{"start":{"line":229,"column":4},"end":{"line":231,"column":5}},"141":{"start":{"line":230,"column":6},"end":{"line":230,"column":65}},"142":{"start":{"line":235,"column":2},"end":{"line":244,"column":3}},"143":{"start":{"line":236,"column":4},"end":{"line":243,"column":7}},"144":{"start":{"line":237,"column":6},"end":{"line":237,"column":63}},"145":{"start":{"line":237,"column":33},"end":{"line":237,"column":63}},"146":{"start":{"line":238,"column":6},"end":{"line":238,"column":44}},"147":{"start":{"line":238,"column":35},"end":{"line":238,"column":44}},"148":{"start":{"line":240,"column":20},"end":{"line":240,"column":35}},"149":{"start":{"line":241,"column":24},"end":{"line":241,"column":150}},"150":{"start":{"line":241,"column":132},"end":{"line":241,"column":149}},"151":{"start":{"line":242,"column":6},"end":{"line":242,"column":52}},"152":{"start":{"line":247,"column":2},"end":{"line":247,"column":28}},"153":{"start":{"line":249,"column":30},"end":{"line":249,"column":87}},"154":{"start":{"line":250,"column":2},"end":{"line":253,"column":3}},"155":{"start":{"line":251,"column":4},"end":{"line":251,"column":43}},"156":{"start":{"line":252,"column":4},"end":{"line":252,"column":44}},"157":{"start":{"line":255,"column":2},"end":{"line":255,"column":16}},"158":{"start":{"line":258,"column":41},"end":{"line":258,"column":67}},"159":{"start":{"line":262,"column":17},"end":{"line":262,"column":43}},"160":{"start":{"line":263,"column":2},"end":{"line":263,"column":75}},"161":{"start":{"line":263,"column":15},"end":{"line":263,"column":75}},"162":{"start":{"line":264,"column":2},"end":{"line":264,"column":64}},"163":{"start":{"line":264,"column":20},"end":{"line":264,"column":64}},"164":{"start":{"line":266,"column":21},"end":{"line":266,"column":88}},"165":{"start":{"line":267,"column":20},"end":{"line":267,"column":82}},"166":{"start":{"line":268,"column":19},"end":{"line":268,"column":58}},"167":{"start":{"line":270,"column":24},"end":{"line":279,"column":3}},"168":{"start":{"line":280,"column":25},"end":{"line":280,"column":57}},"169":{"start":{"line":282,"column":17},"end":{"line":325,"column":2}},"170":{"start":{"line":327,"column":21},"end":{"line":335,"column":3}},"171":{"start":{"line":337,"column":15},"end":{"line":337,"column":61}},"172":{"start":{"line":338,"column":17},"end":{"line":338,"column":36}},"173":{"start":{"line":341,"column":19},"end":{"line":341,"column":39}},"174":{"start":{"line":342,"column":2},"end":{"line":345,"column":4}},"175":{"start":{"line":347,"column":2},"end":{"line":347,"column":16}},"176":{"start":{"line":352,"column":17},"end":{"line":352,"column":43}},"177":{"start":{"line":353,"column":2},"end":{"line":353,"column":75}},"178":{"start":{"line":353,"column":15},"end":{"line":353,"column":75}},"179":{"start":{"line":355,"column":24},"end":{"line":364,"column":3}},"180":{"start":{"line":365,"column":25},"end":{"line":365,"column":57}},"181":{"start":{"line":367,"column":17},"end":{"line":407,"column":2}},"182":{"start":{"line":409,"column":21},"end":{"line":412,"column":3}},"183":{"start":{"line":414,"column":15},"end":{"line":414,"column":61}},"184":{"start":{"line":415,"column":17},"end":{"line":415,"column":36}},"185":{"start":{"line":418,"column":2},"end":{"line":424,"column":3}},"186":{"start":{"line":419,"column":21},"end":{"line":419,"column":41}},"187":{"start":{"line":420,"column":4},"end":{"line":423,"column":6}},"188":{"start":{"line":425,"column":2},"end":{"line":425,"column":16}},"189":{"start":{"line":429,"column":19},"end":{"line":462,"column":1}},"190":{"start":{"line":430,"column":18},"end":{"line":433,"column":3}},"191":{"start":{"line":434,"column":2},"end":{"line":436,"column":3}},"192":{"start":{"line":435,"column":4},"end":{"line":435,"column":53}},"193":{"start":{"line":437,"column":13},"end":{"line":437,"column":28}},"194":{"start":{"line":440,"column":2},"end":{"line":452,"column":3}},"195":{"start":{"line":441,"column":4},"end":{"line":441,"column":75}},"196":{"start":{"line":442,"column":4},"end":{"line":445,"column":6}},"197":{"start":{"line":447,"column":25},"end":{"line":450,"column":5}},"198":{"start":{"line":451,"column":4},"end":{"line":451,"column":32}},"199":{"start":{"line":454,"column":21},"end":{"line":454,"column":41}},"200":{"start":{"line":455,"column":21},"end":{"line":455,"column":42}},"201":{"start":{"line":457,"column":2},"end":{"line":459,"column":3}},"202":{"start":{"line":458,"column":4},"end":{"line":458,"column":84}},"203":{"start":{"line":461,"column":2},"end":{"line":461,"column":14}},"204":{"start":{"line":465,"column":0},"end":{"line":487,"column":3}},"205":{"start":{"line":466,"column":45},"end":{"line":466,"column":53}},"206":{"start":{"line":467,"column":17},"end":{"line":467,"column":27}},"207":{"start":{"line":468,"column":21},"end":{"line":468,"column":67}},"208":{"start":{"line":470,"column":2},"end":{"line":478,"column":3}},"209":{"start":{"line":471,"column":4},"end":{"line":471,"column":39}},"210":{"start":{"line":473,"column":4},"end":{"line":475,"column":5}},"211":{"start":{"line":474,"column":6},"end":{"line":474,"column":75}},"212":{"start":{"line":476,"column":4},"end":{"line":476,"column":53}},"213":{"start":{"line":477,"column":4},"end":{"line":477,"column":77}},"214":{"start":{"line":480,"column":2},"end":{"line":486,"column":3}},"215":{"start":{"line":481,"column":20},"end":{"line":481,"column":112}},"216":{"start":{"line":482,"column":4},"end":{"line":482,"column":22}},"217":{"start":{"line":484,"column":4},"end":{"line":484,"column":62}},"218":{"start":{"line":485,"column":4},"end":{"line":485,"column":91}},"219":{"start":{"line":490,"column":0},"end":{"line":539,"column":3}},"220":{"start":{"line":491,"column":45},"end":{"line":491,"column":53}},"221":{"start":{"line":492,"column":17},"end":{"line":492,"column":27}},"222":{"start":{"line":493,"column":21},"end":{"line":493,"column":67}},"223":{"start":{"line":495,"column":2},"end":{"line":503,"column":3}},"224":{"start":{"line":496,"column":4},"end":{"line":496,"column":39}},"225":{"start":{"line":498,"column":4},"end":{"line":500,"column":5}},"226":{"start":{"line":499,"column":6},"end":{"line":499,"column":75}},"227":{"start":{"line":501,"column":4},"end":{"line":501,"column":53}},"228":{"start":{"line":502,"column":4},"end":{"line":502,"column":77}},"229":{"start":{"line":506,"column":2},"end":{"line":530,"column":3}},"230":{"start":{"line":507,"column":23},"end":{"line":507,"column":140}},"231":{"start":{"line":508,"column":29},"end":{"line":511,"column":5}},"232":{"start":{"line":513,"column":4},"end":{"line":527,"column":5}},"233":{"start":{"line":514,"column":24},"end":{"line":514,"column":48}},"234":{"start":{"line":515,"column":27},"end":{"line":515,"column":55}},"235":{"start":{"line":517,"column":6},"end":{"line":526,"column":7}},"236":{"start":{"line":518,"column":8},"end":{"line":518,"column":137}},"237":{"start":{"line":520,"column":29},"end":{"line":520,"column":53}},"238":{"start":{"line":523,"column":39},"end":{"line":523,"column":65}},"239":{"start":{"line":524,"column":24},"end":{"line":524,"column":56}},"240":{"start":{"line":525,"column":8},"end":{"line":525,"column":33}},"241":{"start":{"line":529,"column":4},"end":{"line":529,"column":92}},"242":{"start":{"line":532,"column":2},"end":{"line":538,"column":3}},"243":{"start":{"line":533,"column":20},"end":{"line":533,"column":111}},"244":{"start":{"line":534,"column":4},"end":{"line":534,"column":22}},"245":{"start":{"line":536,"column":4},"end":{"line":536,"column":62}},"246":{"start":{"line":537,"column":4},"end":{"line":537,"column":91}},"247":{"start":{"line":542,"column":0},"end":{"line":554,"column":3}},"248":{"start":{"line":543,"column":20},"end":{"line":543,"column":30}},"249":{"start":{"line":544,"column":2},"end":{"line":553,"column":3}},"250":{"start":{"line":545,"column":23},"end":{"line":545,"column":48}},"251":{"start":{"line":546,"column":4},"end":{"line":548,"column":5}},"252":{"start":{"line":547,"column":6},"end":{"line":547,"column":63}},"253":{"start":{"line":549,"column":4},"end":{"line":549,"column":25}},"254":{"start":{"line":551,"column":4},"end":{"line":551,"column":71}},"255":{"start":{"line":552,"column":4},"end":{"line":552,"column":97}},"256":{"start":{"line":556,"column":0},"end":{"line":560,"column":2}}},"fnMap":{"0":{"name":"(anonymous_0)","decl":{"start":{"line":10,"column":29},"end":{"line":10,"column":30}},"loc":{"start":{"line":10,"column":45},"end":{"line":17,"column":1}},"line":10},"1":{"name":"(anonymous_1)","decl":{"start":{"line":12,"column":24},"end":{"line":12,"column":25}},"loc":{"start":{"line":12,"column":39},"end":{"line":16,"column":3}},"line":12},"2":{"name":"(anonymous_2)","decl":{"start":{"line":19,"column":24},"end":{"line":19,"column":25}},"loc":{"start":{"line":19,"column":41},"end":{"line":23,"column":1}},"line":19},"3":{"name":"(anonymous_3)","decl":{"start":{"line":25,"column":25},"end":{"line":25,"column":26}},"loc":{"start":{"line":25,"column":41},"end":{"line":44,"column":1}},"line":25},"4":{"name":"(anonymous_4)","decl":{"start":{"line":41,"column":12},"end":{"line":41,"column":13}},"loc":{"start":{"line":41,"column":21},"end":{"line":41,"column":78}},"line":41},"5":{"name":"(anonymous_5)","decl":{"start":{"line":42,"column":9},"end":{"line":42,"column":10}},"loc":{"start":{"line":42,"column":18},"end":{"line":42,"column":46}},"line":42},"6":{"name":"(anonymous_6)","decl":{"start":{"line":46,"column":27},"end":{"line":46,"column":28}},"loc":{"start":{"line":46,"column":42},"end":{"line":81,"column":1}},"line":46},"7":{"name":"(anonymous_7)","decl":{"start":{"line":59,"column":20},"end":{"line":59,"column":21}},"loc":{"start":{"line":59,"column":40},"end":{"line":68,"column":3}},"line":59},"8":{"name":"(anonymous_8)","decl":{"start":{"line":83,"column":14},"end":{"line":83,"column":15}},"loc":{"start":{"line":83,"column":22},"end":{"line":83,"column":69}},"line":83},"9":{"name":"(anonymous_9)","decl":{"start":{"line":83,"column":34},"end":{"line":83,"column":35}},"loc":{"start":{"line":83,"column":45},"end":{"line":83,"column":68}},"line":83},"10":{"name":"callGemini","decl":{"start":{"line":96,"column":15},"end":{"line":96,"column":25}},"loc":{"start":{"line":96,"column":51},"end":{"line":105,"column":1}},"line":96},"11":{"name":"generateWithFallback","decl":{"start":{"line":107,"column":15},"end":{"line":107,"column":35}},"loc":{"start":{"line":107,"column":50},"end":{"line":164,"column":1}},"line":107},"12":{"name":"(anonymous_12)","decl":{"start":{"line":153,"column":50},"end":{"line":153,"column":51}},"loc":{"start":{"line":153,"column":56},"end":{"line":153,"column":58}},"line":153},"13":{"name":"parseResponse","decl":{"start":{"line":166,"column":9},"end":{"line":166,"column":22}},"loc":{"start":{"line":166,"column":29},"end":{"line":201,"column":1}},"line":166},"14":{"name":"normalizeResult","decl":{"start":{"line":204,"column":9},"end":{"line":204,"column":24}},"loc":{"start":{"line":204,"column":33},"end":{"line":256,"column":1}},"line":204},"15":{"name":"(anonymous_15)","decl":{"start":{"line":209,"column":47},"end":{"line":209,"column":48}},"loc":{"start":{"line":209,"column":52},"end":{"line":209,"column":81}},"line":209},"16":{"name":"(anonymous_16)","decl":{"start":{"line":215,"column":35},"end":{"line":215,"column":36}},"loc":{"start":{"line":215,"column":40},"end":{"line":226,"column":5}},"line":215},"17":{"name":"(anonymous_17)","decl":{"start":{"line":217,"column":36},"end":{"line":217,"column":37}},"loc":{"start":{"line":217,"column":41},"end":{"line":217,"column":58}},"line":217},"18":{"name":"(anonymous_18)","decl":{"start":{"line":218,"column":34},"end":{"line":218,"column":35}},"loc":{"start":{"line":218,"column":39},"end":{"line":218,"column":56}},"line":218},"19":{"name":"(anonymous_19)","decl":{"start":{"line":236,"column":40},"end":{"line":236,"column":41}},"loc":{"start":{"line":236,"column":45},"end":{"line":243,"column":5}},"line":236},"20":{"name":"(anonymous_20)","decl":{"start":{"line":241,"column":127},"end":{"line":241,"column":128}},"loc":{"start":{"line":241,"column":132},"end":{"line":241,"column":149}},"line":241},"21":{"name":"processImageAnalysis","decl":{"start":{"line":261,"column":15},"end":{"line":261,"column":35}},"loc":{"start":{"line":261,"column":87},"end":{"line":348,"column":1}},"line":261},"22":{"name":"processTextAnalysis","decl":{"start":{"line":351,"column":15},"end":{"line":351,"column":34}},"loc":{"start":{"line":351,"column":86},"end":{"line":426,"column":1}},"line":351},"23":{"name":"(anonymous_23)","decl":{"start":{"line":429,"column":19},"end":{"line":429,"column":20}},"loc":{"start":{"line":429,"column":43},"end":{"line":462,"column":1}},"line":429},"24":{"name":"(anonymous_24)","decl":{"start":{"line":465,"column":123},"end":{"line":465,"column":124}},"loc":{"start":{"line":465,"column":143},"end":{"line":487,"column":1}},"line":465},"25":{"name":"(anonymous_25)","decl":{"start":{"line":490,"column":69},"end":{"line":490,"column":70}},"loc":{"start":{"line":490,"column":89},"end":{"line":539,"column":1}},"line":490},"26":{"name":"(anonymous_26)","decl":{"start":{"line":542,"column":29},"end":{"line":542,"column":30}},"loc":{"start":{"line":542,"column":49},"end":{"line":554,"column":1}},"line":542}},"branchMap":{"0":{"loc":{"start":{"line":8,"column":19},"end":{"line":8,"column":66}},"type":"binary-expr","locations":[{"start":{"line":8,"column":19},"end":{"line":8,"column":41}},{"start":{"line":8,"column":45},"end":{"line":8,"column":66}}],"line":8},"1":{"loc":{"start":{"line":11,"column":2},"end":{"line":11,"column":75}},"type":"if","locations":[{"start":{"line":11,"column":2},"end":{"line":11,"column":75}},{"start":{},"end":{}}],"line":11},"2":{"loc":{"start":{"line":11,"column":6},"end":{"line":11,"column":59}},"type":"binary-expr","locations":[{"start":{"line":11,"column":6},"end":{"line":11,"column":32}},{"start":{"line":11,"column":36},"end":{"line":11,"column":59}}],"line":11},"3":{"loc":{"start":{"line":12,"column":9},"end":{"line":16,"column":41}},"type":"binary-expr","locations":[{"start":{"line":12,"column":9},"end":{"line":16,"column":31}},{"start":{"line":16,"column":35},"end":{"line":16,"column":41}}],"line":12},"4":{"loc":{"start":{"line":13,"column":4},"end":{"line":13,"column":56}},"type":"if","locations":[{"start":{"line":13,"column":4},"end":{"line":13,"column":56}},{"start":{},"end":{}}],"line":13},"5":{"loc":{"start":{"line":14,"column":4},"end":{"line":14,"column":99}},"type":"if","locations":[{"start":{"line":14,"column":4},"end":{"line":14,"column":99}},{"start":{},"end":{}}],"line":14},"6":{"loc":{"start":{"line":14,"column":8},"end":{"line":14,"column":46}},"type":"binary-expr","locations":[{"start":{"line":14,"column":8},"end":{"line":14,"column":23}},{"start":{"line":14,"column":27},"end":{"line":14,"column":46}}],"line":14},"7":{"loc":{"start":{"line":15,"column":11},"end":{"line":15,"column":32}},"type":"binary-expr","locations":[{"start":{"line":15,"column":11},"end":{"line":15,"column":26}},{"start":{"line":15,"column":30},"end":{"line":15,"column":32}}],"line":15},"8":{"loc":{"start":{"line":21,"column":2},"end":{"line":21,"column":68}},"type":"if","locations":[{"start":{"line":21,"column":2},"end":{"line":21,"column":68}},{"start":{},"end":{}}],"line":21},"9":{"loc":{"start":{"line":21,"column":6},"end":{"line":21,"column":42}},"type":"binary-expr","locations":[{"start":{"line":21,"column":6},"end":{"line":21,"column":26}},{"start":{"line":21,"column":30},"end":{"line":21,"column":42}}],"line":21},"10":{"loc":{"start":{"line":22,"column":9},"end":{"line":22,"column":46}},"type":"binary-expr","locations":[{"start":{"line":22,"column":9},"end":{"line":22,"column":26}},{"start":{"line":22,"column":30},"end":{"line":22,"column":46}}],"line":22},"11":{"loc":{"start":{"line":26,"column":2},"end":{"line":26,"column":73}},"type":"if","locations":[{"start":{"line":26,"column":2},"end":{"line":26,"column":73}},{"start":{},"end":{}}],"line":26},"12":{"loc":{"start":{"line":26,"column":6},"end":{"line":26,"column":51}},"type":"binary-expr","locations":[{"start":{"line":26,"column":6},"end":{"line":26,"column":17}},{"start":{"line":26,"column":21},"end":{"line":26,"column":51}}],"line":26},"13":{"loc":{"start":{"line":40,"column":9},"end":{"line":43,"column":31}},"type":"binary-expr","locations":[{"start":{"line":40,"column":9},"end":{"line":43,"column":15}},{"start":{"line":43,"column":19},"end":{"line":43,"column":31}}],"line":40},"14":{"loc":{"start":{"line":41,"column":21},"end":{"line":41,"column":78}},"type":"binary-expr","locations":[{"start":{"line":41,"column":21},"end":{"line":41,"column":50}},{"start":{"line":41,"column":54},"end":{"line":41,"column":78}}],"line":41},"15":{"loc":{"start":{"line":47,"column":2},"end":{"line":47,"column":63}},"type":"if","locations":[{"start":{"line":47,"column":2},"end":{"line":47,"column":63}},{"start":{},"end":{}}],"line":47},"16":{"loc":{"start":{"line":47,"column":6},"end":{"line":47,"column":49}},"type":"binary-expr","locations":[{"start":{"line":47,"column":6},"end":{"line":47,"column":16}},{"start":{"line":47,"column":20},"end":{"line":47,"column":49}}],"line":47},"17":{"loc":{"start":{"line":48,"column":22},"end":{"line":48,"column":98}},"type":"binary-expr","locations":[{"start":{"line":48,"column":22},"end":{"line":48,"column":44}},{"start":{"line":48,"column":48},"end":{"line":48,"column":69}},{"start":{"line":48,"column":73},"end":{"line":48,"column":90}},{"start":{"line":48,"column":94},"end":{"line":48,"column":98}}],"line":48},"18":{"loc":{"start":{"line":49,"column":26},"end":{"line":49,"column":89}},"type":"binary-expr","locations":[{"start":{"line":49,"column":26},"end":{"line":49,"column":52}},{"start":{"line":49,"column":56},"end":{"line":49,"column":81}},{"start":{"line":49,"column":85},"end":{"line":49,"column":89}}],"line":49},"19":{"loc":{"start":{"line":50,"column":21},"end":{"line":52,"column":22}},"type":"cond-expr","locations":[{"start":{"line":51,"column":6},"end":{"line":51,"column":33}},{"start":{"line":52,"column":6},"end":{"line":52,"column":22}}],"line":50},"20":{"loc":{"start":{"line":50,"column":21},"end":{"line":50,"column":85}},"type":"binary-expr","locations":[{"start":{"line":50,"column":21},"end":{"line":50,"column":41}},{"start":{"line":50,"column":45},"end":{"line":50,"column":85}}],"line":50},"21":{"loc":{"start":{"line":61,"column":6},"end":{"line":61,"column":74}},"type":"if","locations":[{"start":{"line":61,"column":6},"end":{"line":61,"column":74}},{"start":{},"end":{}}],"line":61},"22":{"loc":{"start":{"line":61,"column":10},"end":{"line":61,"column":63}},"type":"binary-expr","locations":[{"start":{"line":61,"column":10},"end":{"line":61,"column":29}},{"start":{"line":61,"column":33},"end":{"line":61,"column":47}},{"start":{"line":61,"column":51},"end":{"line":61,"column":63}}],"line":61},"23":{"loc":{"start":{"line":63,"column":6},"end":{"line":66,"column":7}},"type":"if","locations":[{"start":{"line":63,"column":6},"end":{"line":66,"column":7}},{"start":{},"end":{}}],"line":63},"24":{"loc":{"start":{"line":79,"column":2},"end":{"line":79,"column":65}},"type":"if","locations":[{"start":{"line":79,"column":2},"end":{"line":79,"column":65}},{"start":{},"end":{}}],"line":79},"25":{"loc":{"start":{"line":80,"column":9},"end":{"line":80,"column":59}},"type":"cond-expr","locations":[{"start":{"line":80,"column":42},"end":{"line":80,"column":52}},{"start":{"line":80,"column":55},"end":{"line":80,"column":59}}],"line":80},"26":{"loc":{"start":{"line":110,"column":2},"end":{"line":113,"column":3}},"type":"if","locations":[{"start":{"line":110,"column":2},"end":{"line":113,"column":3}},{"start":{},"end":{}}],"line":110},"27":{"loc":{"start":{"line":123,"column":6},"end":{"line":131,"column":7}},"type":"if","locations":[{"start":{"line":123,"column":6},"end":{"line":131,"column":7}},{"start":{},"end":{}}],"line":123},"28":{"loc":{"start":{"line":126,"column":8},"end":{"line":129,"column":9}},"type":"if","locations":[{"start":{"line":126,"column":8},"end":{"line":129,"column":9}},{"start":{},"end":{}}],"line":126},"29":{"loc":{"start":{"line":136,"column":6},"end":{"line":140,"column":7}},"type":"if","locations":[{"start":{"line":136,"column":6},"end":{"line":140,"column":7}},{"start":{},"end":{}}],"line":136},"30":{"loc":{"start":{"line":142,"column":6},"end":{"line":145,"column":7}},"type":"if","locations":[{"start":{"line":142,"column":6},"end":{"line":145,"column":7}},{"start":{},"end":{}}],"line":142},"31":{"loc":{"start":{"line":142,"column":10},"end":{"line":142,"column":42}},"type":"binary-expr","locations":[{"start":{"line":142,"column":10},"end":{"line":142,"column":24}},{"start":{"line":142,"column":28},"end":{"line":142,"column":42}}],"line":142},"32":{"loc":{"start":{"line":147,"column":6},"end":{"line":151,"column":7}},"type":"if","locations":[{"start":{"line":147,"column":6},"end":{"line":151,"column":7}},{"start":{},"end":{}}],"line":147},"33":{"loc":{"start":{"line":147,"column":10},"end":{"line":147,"column":42}},"type":"binary-expr","locations":[{"start":{"line":147,"column":10},"end":{"line":147,"column":24}},{"start":{"line":147,"column":28},"end":{"line":147,"column":42}}],"line":147},"34":{"loc":{"start":{"line":159,"column":6},"end":{"line":159,"column":58}},"type":"if","locations":[{"start":{"line":159,"column":6},"end":{"line":159,"column":58}},{"start":{},"end":{}}],"line":159},"35":{"loc":{"start":{"line":163,"column":8},"end":{"line":163,"column":78}},"type":"binary-expr","locations":[{"start":{"line":163,"column":8},"end":{"line":163,"column":17}},{"start":{"line":163,"column":21},"end":{"line":163,"column":78}}],"line":163},"36":{"loc":{"start":{"line":170,"column":2},"end":{"line":172,"column":3}},"type":"if","locations":[{"start":{"line":170,"column":2},"end":{"line":172,"column":3}},{"start":{},"end":{}}],"line":170},"37":{"loc":{"start":{"line":178,"column":2},"end":{"line":178,"column":75}},"type":"if","locations":[{"start":{"line":178,"column":2},"end":{"line":178,"column":75}},{"start":{},"end":{}}],"line":178},"38":{"loc":{"start":{"line":181,"column":2},"end":{"line":187,"column":3}},"type":"if","locations":[{"start":{"line":181,"column":2},"end":{"line":187,"column":3}},{"start":{},"end":{}}],"line":181},"39":{"loc":{"start":{"line":181,"column":6},"end":{"line":181,"column":31}},"type":"binary-expr","locations":[{"start":{"line":181,"column":6},"end":{"line":181,"column":16}},{"start":{"line":181,"column":20},"end":{"line":181,"column":31}}],"line":181},"40":{"loc":{"start":{"line":184,"column":4},"end":{"line":184,"column":56}},"type":"if","locations":[{"start":{"line":184,"column":4},"end":{"line":184,"column":56}},{"start":{},"end":{}}],"line":184},"41":{"loc":{"start":{"line":205,"column":2},"end":{"line":232,"column":3}},"type":"if","locations":[{"start":{"line":205,"column":2},"end":{"line":232,"column":3}},{"start":{},"end":{}}],"line":205},"42":{"loc":{"start":{"line":205,"column":6},"end":{"line":205,"column":59}},"type":"binary-expr","locations":[{"start":{"line":205,"column":6},"end":{"line":205,"column":21}},{"start":{"line":205,"column":25},"end":{"line":205,"column":59}}],"line":205},"43":{"loc":{"start":{"line":207,"column":16},"end":{"line":207,"column":58}},"type":"binary-expr","locations":[{"start":{"line":207,"column":16},"end":{"line":207,"column":30}},{"start":{"line":207,"column":34},"end":{"line":207,"column":52}},{"start":{"line":207,"column":56},"end":{"line":207,"column":58}}],"line":207},"44":{"loc":{"start":{"line":223,"column":6},"end":{"line":223,"column":52}},"type":"if","locations":[{"start":{"line":223,"column":6},"end":{"line":223,"column":52}},{"start":{},"end":{}}],"line":223},"45":{"loc":{"start":{"line":223,"column":10},"end":{"line":223,"column":26}},"type":"binary-expr","locations":[{"start":{"line":223,"column":10},"end":{"line":223,"column":16}},{"start":{"line":223,"column":20},"end":{"line":223,"column":26}}],"line":223},"46":{"loc":{"start":{"line":224,"column":6},"end":{"line":224,"column":40}},"type":"if","locations":[{"start":{"line":224,"column":6},"end":{"line":224,"column":40}},{"start":{},"end":{}}],"line":224},"47":{"loc":{"start":{"line":229,"column":4},"end":{"line":231,"column":5}},"type":"if","locations":[{"start":{"line":229,"column":4},"end":{"line":231,"column":5}},{"start":{},"end":{}}],"line":229},"48":{"loc":{"start":{"line":235,"column":2},"end":{"line":244,"column":3}},"type":"if","locations":[{"start":{"line":235,"column":2},"end":{"line":244,"column":3}},{"start":{},"end":{}}],"line":235},"49":{"loc":{"start":{"line":237,"column":6},"end":{"line":237,"column":63}},"type":"if","locations":[{"start":{"line":237,"column":6},"end":{"line":237,"column":63}},{"start":{},"end":{}}],"line":237},"50":{"loc":{"start":{"line":238,"column":6},"end":{"line":238,"column":44}},"type":"if","locations":[{"start":{"line":238,"column":6},"end":{"line":238,"column":44}},{"start":{},"end":{}}],"line":238},"51":{"loc":{"start":{"line":242,"column":13},"end":{"line":242,"column":51}},"type":"cond-expr","locations":[{"start":{"line":242,"column":25},"end":{"line":242,"column":37}},{"start":{"line":242,"column":40},"end":{"line":242,"column":51}}],"line":242},"52":{"loc":{"start":{"line":249,"column":49},"end":{"line":249,"column":86}},"type":"binary-expr","locations":[{"start":{"line":249,"column":49},"end":{"line":249,"column":65}},{"start":{"line":249,"column":69},"end":{"line":249,"column":86}}],"line":249},"53":{"loc":{"start":{"line":250,"column":2},"end":{"line":253,"column":3}},"type":"if","locations":[{"start":{"line":250,"column":2},"end":{"line":253,"column":3}},{"start":{},"end":{}}],"line":250},"54":{"loc":{"start":{"line":261,"column":72},"end":{"line":261,"column":83}},"type":"default-arg","locations":[{"start":{"line":261,"column":79},"end":{"line":261,"column":83}}],"line":261},"55":{"loc":{"start":{"line":263,"column":2},"end":{"line":263,"column":75}},"type":"if","locations":[{"start":{"line":263,"column":2},"end":{"line":263,"column":75}},{"start":{},"end":{}}],"line":263},"56":{"loc":{"start":{"line":264,"column":2},"end":{"line":264,"column":64}},"type":"if","locations":[{"start":{"line":264,"column":2},"end":{"line":264,"column":64}},{"start":{},"end":{}}],"line":264},"57":{"loc":{"start":{"line":266,"column":21},"end":{"line":266,"column":88}},"type":"cond-expr","locations":[{"start":{"line":266,"column":49},"end":{"line":266,"column":74}},{"start":{"line":266,"column":77},"end":{"line":266,"column":88}}],"line":266},"58":{"loc":{"start":{"line":268,"column":19},"end":{"line":268,"column":58}},"type":"cond-expr","locations":[{"start":{"line":268,"column":31},"end":{"line":268,"column":43}},{"start":{"line":268,"column":46},"end":{"line":268,"column":58}}],"line":268},"59":{"loc":{"start":{"line":280,"column":25},"end":{"line":280,"column":57}},"type":"binary-expr","locations":[{"start":{"line":280,"column":25},"end":{"line":280,"column":44}},{"start":{"line":280,"column":48},"end":{"line":280,"column":57}}],"line":280},"60":{"loc":{"start":{"line":284,"column":9},"end":{"line":284,"column":44}},"type":"binary-expr","locations":[{"start":{"line":284,"column":9},"end":{"line":284,"column":25}},{"start":{"line":284,"column":29},"end":{"line":284,"column":44}}],"line":284},"61":{"loc":{"start":{"line":351,"column":71},"end":{"line":351,"column":82}},"type":"default-arg","locations":[{"start":{"line":351,"column":78},"end":{"line":351,"column":82}}],"line":351},"62":{"loc":{"start":{"line":353,"column":2},"end":{"line":353,"column":75}},"type":"if","locations":[{"start":{"line":353,"column":2},"end":{"line":353,"column":75}},{"start":{},"end":{}}],"line":353},"63":{"loc":{"start":{"line":365,"column":25},"end":{"line":365,"column":57}},"type":"binary-expr","locations":[{"start":{"line":365,"column":25},"end":{"line":365,"column":44}},{"start":{"line":365,"column":48},"end":{"line":365,"column":57}}],"line":365},"64":{"loc":{"start":{"line":369,"column":9},"end":{"line":369,"column":44}},"type":"binary-expr","locations":[{"start":{"line":369,"column":9},"end":{"line":369,"column":25}},{"start":{"line":369,"column":29},"end":{"line":369,"column":44}}],"line":369},"65":{"loc":{"start":{"line":374,"column":11},"end":{"line":374,"column":42}},"type":"binary-expr","locations":[{"start":{"line":374,"column":11},"end":{"line":374,"column":29}},{"start":{"line":374,"column":33},"end":{"line":374,"column":42}}],"line":374},"66":{"loc":{"start":{"line":375,"column":10},"end":{"line":375,"column":47}},"type":"binary-expr","locations":[{"start":{"line":375,"column":10},"end":{"line":375,"column":34}},{"start":{"line":375,"column":38},"end":{"line":375,"column":47}}],"line":375},"67":{"loc":{"start":{"line":376,"column":17},"end":{"line":376,"column":61}},"type":"binary-expr","locations":[{"start":{"line":376,"column":17},"end":{"line":376,"column":45}},{"start":{"line":376,"column":49},"end":{"line":376,"column":61}}],"line":376},"68":{"loc":{"start":{"line":396,"column":14},"end":{"line":396,"column":45}},"type":"binary-expr","locations":[{"start":{"line":396,"column":14},"end":{"line":396,"column":32}},{"start":{"line":396,"column":36},"end":{"line":396,"column":45}}],"line":396},"69":{"loc":{"start":{"line":397,"column":20},"end":{"line":397,"column":57}},"type":"binary-expr","locations":[{"start":{"line":397,"column":20},"end":{"line":397,"column":44}},{"start":{"line":397,"column":48},"end":{"line":397,"column":57}}],"line":397},"70":{"loc":{"start":{"line":418,"column":2},"end":{"line":424,"column":3}},"type":"if","locations":[{"start":{"line":418,"column":2},"end":{"line":424,"column":3}},{"start":{},"end":{}}],"line":418},"71":{"loc":{"start":{"line":434,"column":2},"end":{"line":436,"column":3}},"type":"if","locations":[{"start":{"line":434,"column":2},"end":{"line":436,"column":3}},{"start":{},"end":{}}],"line":434},"72":{"loc":{"start":{"line":440,"column":2},"end":{"line":452,"column":3}},"type":"if","locations":[{"start":{"line":440,"column":2},"end":{"line":452,"column":3}},{"start":{},"end":{}}],"line":440},"73":{"loc":{"start":{"line":440,"column":6},"end":{"line":440,"column":73}},"type":"binary-expr","locations":[{"start":{"line":440,"column":6},"end":{"line":440,"column":26}},{"start":{"line":440,"column":30},"end":{"line":440,"column":73}}],"line":440},"74":{"loc":{"start":{"line":454,"column":21},"end":{"line":454,"column":41}},"type":"binary-expr","locations":[{"start":{"line":454,"column":21},"end":{"line":454,"column":36}},{"start":{"line":454,"column":40},"end":{"line":454,"column":41}}],"line":454},"75":{"loc":{"start":{"line":455,"column":21},"end":{"line":455,"column":42}},"type":"binary-expr","locations":[{"start":{"line":455,"column":21},"end":{"line":455,"column":36}},{"start":{"line":455,"column":40},"end":{"line":455,"column":42}}],"line":455},"76":{"loc":{"start":{"line":457,"column":2},"end":{"line":459,"column":3}},"type":"if","locations":[{"start":{"line":457,"column":2},"end":{"line":459,"column":3}},{"start":{},"end":{}}],"line":457},"77":{"loc":{"start":{"line":468,"column":21},"end":{"line":468,"column":67}},"type":"binary-expr","locations":[{"start":{"line":468,"column":21},"end":{"line":468,"column":25}},{"start":{"line":468,"column":29},"end":{"line":468,"column":59}},{"start":{"line":468,"column":63},"end":{"line":468,"column":67}}],"line":468},"78":{"loc":{"start":{"line":473,"column":4},"end":{"line":475,"column":5}},"type":"if","locations":[{"start":{"line":473,"column":4},"end":{"line":475,"column":5}},{"start":{},"end":{}}],"line":473},"79":{"loc":{"start":{"line":493,"column":21},"end":{"line":493,"column":67}},"type":"binary-expr","locations":[{"start":{"line":493,"column":21},"end":{"line":493,"column":25}},{"start":{"line":493,"column":29},"end":{"line":493,"column":59}},{"start":{"line":493,"column":63},"end":{"line":493,"column":67}}],"line":493},"80":{"loc":{"start":{"line":498,"column":4},"end":{"line":500,"column":5}},"type":"if","locations":[{"start":{"line":498,"column":4},"end":{"line":500,"column":5}},{"start":{},"end":{}}],"line":498},"81":{"loc":{"start":{"line":507,"column":27},"end":{"line":507,"column":58}},"type":"binary-expr","locations":[{"start":{"line":507,"column":27},"end":{"line":507,"column":45}},{"start":{"line":507,"column":49},"end":{"line":507,"column":58}}],"line":507},"82":{"loc":{"start":{"line":507,"column":86},"end":{"line":507,"column":116}},"type":"binary-expr","locations":[{"start":{"line":507,"column":86},"end":{"line":507,"column":110}},{"start":{"line":507,"column":114},"end":{"line":507,"column":116}}],"line":507},"83":{"loc":{"start":{"line":513,"column":4},"end":{"line":527,"column":5}},"type":"if","locations":[{"start":{"line":513,"column":4},"end":{"line":527,"column":5}},{"start":{},"end":{}}],"line":513},"84":{"loc":{"start":{"line":515,"column":27},"end":{"line":515,"column":55}},"type":"binary-expr","locations":[{"start":{"line":515,"column":27},"end":{"line":515,"column":49}},{"start":{"line":515,"column":53},"end":{"line":515,"column":55}}],"line":515},"85":{"loc":{"start":{"line":517,"column":6},"end":{"line":526,"column":7}},"type":"if","locations":[{"start":{"line":517,"column":6},"end":{"line":526,"column":7}},{"start":{},"end":{}}],"line":517},"86":{"loc":{"start":{"line":546,"column":4},"end":{"line":548,"column":5}},"type":"if","locations":[{"start":{"line":546,"column":4},"end":{"line":548,"column":5}},{"start":{},"end":{}}],"line":546}},"s":{"0":0,"1":0,"2":0,"3":0,"4":0,"5":0,"6":0,"7":0,"8":0,"9":0,"10":0,"11":0,"12":0,"13":0,"14":0,"15":0,"16":0,"17":0,"18":0,"19":0,"20":0,"21":0,"22":0,"23":0,"24":0,"25":0,"26":0,"27":0,"28":0,"29":0,"30":0,"31":0,"32":0,"33":0,"34":0,"35":0,"36":0,"37":0,"38":0,"39":0,"40":0,"41":0,"42":0,"43":0,"44":0,"45":0,"46":0,"47":0,"48":0,"49":0,"50":0,"51":0,"52":0,"53":0,"54":0,"55":0,"56":0,"57":0,"58":0,"59":0,"60":0,"61":0,"62":0,"63":0,"64":0,"65":0,"66":0,"67":0,"68":0,"69":0,"70":0,"71":0,"72":0,"73":0,"74":0,"75":0,"76":0,"77":0,"78":0,"79":0,"80":0,"81":0,"82":0,"83":0,"84":0,"85":0,"86":0,"87":0,"88":0,"89":0,"90":0,"91":0,"92":0,"93":0,"94":0,"95":0,"96":0,"97":0,"98":0,"99":0,"100":0,"101":0,"102":0,"103":0,"104":0,"105":0,"106":0,"107":0,"108":0,"109":0,"110":0,"111":0,"112":0,"113":0,"114":0,"115":0,"116":0,"117":0,"118":0,"119":0,"120":0,"121":0,"122":0,"123":0,"124":0,"125":0,"126":0,"127":0,"128":0,"129":0,"130":0,"131":0,"132":0,"133":0,"134":0,"135":0,"136":0,"137":0,"138":0,"139":0,"140":0,"141":0,"142":0,"143":0,"144":0,"145":0,"146":0,"147":0,"148":0,"149":0,"150":0,"151":0,"152":0,"153":0,"154":0,"155":0,"156":0,"157":0,"158":0,"159":0,"160":0,"161":0,"162":0,"163":0,"164":0,"165":0,"166":0,"167":0,"168":0,"169":0,"170":0,"171":0,"172":0,"173":0,"174":0,"175":0,"176":0,"177":0,"178":0,"179":0,"180":0,"181":0,"182":0,"183":0,"184":0,"185":0,"186":0,"187":0,"188":0,"189":0,"190":0,"191":0,"192":0,"193":0,"194":0,"195":0,"196":0,"197":0,"198":0,"199":0,"200":0,"201":0,"202":0,"203":0,"204":0,"205":0,"206":0,"207":0,"208":0,"209":0,"210":0,"211":0,"212":0,"213":0,"214":0,"215":0,"216":0,"217":0,"218":0,"219":0,"220":0,"221":0,"222":0,"223":0,"224":0,"225":0,"226":0,"227":0,"228":0,"229":0,"230":0,"231":0,"232":0,"233":0,"234":0,"235":0,"236":0,"237":0,"238":0,"239":0,"240":0,"241":0,"242":0,"243":0,"244":0,"245":0,"246":0,"247":0,"248":0,"249":0,"250":0,"251":0,"252":0,"253":0,"254":0,"255":0,"256":0},"f":{"0":0,"1":0,"2":0,"3":0,"4":0,"5":0,"6":0,"7":0,"8":0,"9":0,"10":0,"11":0,"12":0,"13":0,"14":0,"15":0,"16":0,"17":0,"18":0,"19":0,"20":0,"21":0,"22":0,"23":0,"24":0,"25":0,"26":0},"b":{"0":[0,0],"1":[0,0],"2":[0,0],"3":[0,0],"4":[0,0],"5":[0,0],"6":[0,0],"7":[0,0],"8":[0,0],"9":[0,0],"10":[0,0],"11":[0,0],"12":[0,0],"13":[0,0],"14":[0,0],"15":[0,0],"16":[0,0],"17":[0,0,0,0],"18":[0,0,0],"19":[0,0],"20":[0,0],"21":[0,0],"22":[0,0,0],"23":[0,0],"24":[0,0],"25":[0,0],"26":[0,0],"27":[0,0],"28":[0,0],"29":[0,0],"30":[0,0],"31":[0,0],"32":[0,0],"33":[0,0],"34":[0,0],"35":[0,0],"36":[0,0],"37":[0,0],"38":[0,0],"39":[0,0],"40":[0,0],"41":[0,0],"42":[0,0],"43":[0,0,0],"44":[0,0],"45":[0,0],"46":[0,0],"47":[0,0],"48":[0,0],"49":[0,0],"50":[0,0],"51":[0,0],"52":[0,0],"53":[0,0],"54":[0],"55":[0,0],"56":[0,0],"57":[0,0],"58":[0,0],"59":[0,0],"60":[0,0],"61":[0],"62":[0,0],"63":[0,0],"64":[0,0],"65":[0,0],"66":[0,0],"67":[0,0],"68":[0,0],"69":[0,0],"70":[0,0],"71":[0,0],"72":[0,0],"73":[0,0],"74":[0,0],"75":[0,0],"76":[0,0],"77":[0,0,0],"78":[0,0],"79":[0,0,0],"80":[0,0],"81":[0,0],"82":[0,0],"83":[0,0],"84":[0,0],"85":[0,0],"86":[0,0]}}
,"D:\\NutriScan-mainn\\Backend\\routes\\auth.js": {"path":"D:\\NutriScan-mainn\\Backend\\routes\\auth.js","statementMap":{"0":{"start":{"line":1,"column":16},"end":{"line":1,"column":34}},"1":{"start":{"line":2,"column":15},"end":{"line":2,"column":32}},"2":{"start":{"line":3,"column":12},"end":{"line":3,"column":35}},"3":{"start":{"line":4,"column":24},"end":{"line":4,"column":60}},"4":{"start":{"line":5,"column":57},"end":{"line":5,"column":98}},"5":{"start":{"line":7,"column":15},"end":{"line":7,"column":31}},"6":{"start":{"line":8,"column":19},"end":{"line":8,"column":66}},"7":{"start":{"line":9,"column":24},"end":{"line":9,"column":49}},"8":{"start":{"line":11,"column":27},"end":{"line":19,"column":1}},"9":{"start":{"line":12,"column":2},"end":{"line":14,"column":3}},"10":{"start":{"line":13,"column":4},"end":{"line":13,"column":51}},"11":{"start":{"line":16,"column":15},"end":{"line":16,"column":79}},"12":{"start":{"line":17,"column":19},"end":{"line":17,"column":96}},"13":{"start":{"line":18,"column":2},"end":{"line":18,"column":42}},"14":{"start":{"line":21,"column":28},"end":{"line":29,"column":1}},"15":{"start":{"line":22,"column":2},"end":{"line":22,"column":44}},"16":{"start":{"line":22,"column":34},"end":{"line":22,"column":44}},"17":{"start":{"line":23,"column":17},"end":{"line":23,"column":26}},"18":{"start":{"line":24,"column":2},"end":{"line":27,"column":5}},"19":{"start":{"line":25,"column":23},"end":{"line":25,"column":52}},"20":{"start":{"line":26,"column":4},"end":{"line":26,"column":60}},"21":{"start":{"line":26,"column":20},"end":{"line":26,"column":60}},"22":{"start":{"line":28,"column":2},"end":{"line":28,"column":37}},"23":{"start":{"line":31,"column":23},"end":{"line":39,"column":1}},"24":{"start":{"line":32,"column":2},"end":{"line":32,"column":39}},"25":{"start":{"line":32,"column":29},"end":{"line":32,"column":39}},"26":{"start":{"line":33,"column":2},"end":{"line":38,"column":5}},"27":{"start":{"line":35,"column":24},"end":{"line":35,"column":48}},"28":{"start":{"line":36,"column":21},"end":{"line":36,"column":32}},"29":{"start":{"line":41,"column":30},"end":{"line":57,"column":1}},"30":{"start":{"line":42,"column":31},"end":{"line":42,"column":62}},"31":{"start":{"line":44,"column":2},"end":{"line":44,"column":87}},"32":{"start":{"line":46,"column":2},"end":{"line":54,"column":3}},"33":{"start":{"line":47,"column":4},"end":{"line":53,"column":6}},"34":{"start":{"line":56,"column":2},"end":{"line":56,"column":30}},"35":{"start":{"line":59,"column":29},"end":{"line":68,"column":1}},"36":{"start":{"line":60,"column":24},"end":{"line":66,"column":3}},"37":{"start":{"line":67,"column":2},"end":{"line":67,"column":28}},"38":{"start":{"line":70,"column":24},"end":{"line":86,"column":1}},"39":{"start":{"line":71,"column":26},"end":{"line":71,"column":47}},"40":{"start":{"line":73,"column":2},"end":{"line":73,"column":81}},"41":{"start":{"line":75,"column":2},"end":{"line":83,"column":3}},"42":{"start":{"line":76,"column":4},"end":{"line":82,"column":6}},"43":{"start":{"line":85,"column":2},"end":{"line":85,"column":25}},"44":{"start":{"line":88,"column":23},"end":{"line":97,"column":1}},"45":{"start":{"line":89,"column":19},"end":{"line":95,"column":3}},"46":{"start":{"line":96,"column":2},"end":{"line":96,"column":51}},"47":{"start":{"line":96,"column":36},"end":{"line":96,"column":49}},"48":{"start":{"line":99,"column":34},"end":{"line":112,"column":1}},"49":{"start":{"line":100,"column":21},"end":{"line":100,"column":62}},"50":{"start":{"line":101,"column":16},"end":{"line":101,"column":51}},"51":{"start":{"line":102,"column":2},"end":{"line":102,"column":55}},"52":{"start":{"line":102,"column":43},"end":{"line":102,"column":55}},"53":{"start":{"line":104,"column":2},"end":{"line":111,"column":4}},"54":{"start":{"line":115,"column":23},"end":{"line":120,"column":1}},"55":{"start":{"line":123,"column":21},"end":{"line":134,"column":1}},"56":{"start":{"line":124,"column":16},"end":{"line":124,"column":34}},"57":{"start":{"line":125,"column":2},"end":{"line":125,"column":69}},"58":{"start":{"line":125,"column":14},"end":{"line":125,"column":69}},"59":{"start":{"line":127,"column":2},"end":{"line":133,"column":3}},"60":{"start":{"line":128,"column":20},"end":{"line":128,"column":49}},"61":{"start":{"line":129,"column":4},"end":{"line":129,"column":32}},"62":{"start":{"line":130,"column":4},"end":{"line":130,"column":11}},"63":{"start":{"line":132,"column":4},"end":{"line":132,"column":53}},"64":{"start":{"line":138,"column":18},"end":{"line":138,"column":109}},"65":{"start":{"line":139,"column":15},"end":{"line":139,"column":30}},"66":{"start":{"line":141,"column":14},"end":{"line":141,"column":24}},"67":{"start":{"line":142,"column":16},"end":{"line":142,"column":74}},"68":{"start":{"line":144,"column":18},"end":{"line":144,"column":74}},"69":{"start":{"line":145,"column":2},"end":{"line":147,"column":3}},"70":{"start":{"line":146,"column":4},"end":{"line":146,"column":93}},"71":{"start":{"line":149,"column":20},"end":{"line":149,"column":35}},"72":{"start":{"line":150,"column":2},"end":{"line":150,"column":45}},"73":{"start":{"line":152,"column":18},"end":{"line":152,"column":34}},"74":{"start":{"line":153,"column":18},"end":{"line":153,"column":34}},"75":{"start":{"line":155,"column":2},"end":{"line":167,"column":3}},"76":{"start":{"line":156,"column":4},"end":{"line":156,"column":18}},"77":{"start":{"line":157,"column":4},"end":{"line":157,"column":19}},"78":{"start":{"line":158,"column":9},"end":{"line":167,"column":3}},"79":{"start":{"line":159,"column":4},"end":{"line":159,"column":52}},"80":{"start":{"line":160,"column":9},"end":{"line":167,"column":3}},"81":{"start":{"line":161,"column":4},"end":{"line":161,"column":19}},"82":{"start":{"line":162,"column":4},"end":{"line":162,"column":19}},"83":{"start":{"line":164,"column":4},"end":{"line":164,"column":43}},"84":{"start":{"line":165,"column":4},"end":{"line":165,"column":18}},"85":{"start":{"line":166,"column":4},"end":{"line":166,"column":19}},"86":{"start":{"line":169,"column":2},"end":{"line":172,"column":4}},"87":{"start":{"line":174,"column":2},"end":{"line":174,"column":50}},"88":{"start":{"line":178,"column":0},"end":{"line":201,"column":3}},"89":{"start":{"line":179,"column":36},"end":{"line":179,"column":44}},"90":{"start":{"line":180,"column":2},"end":{"line":200,"column":3}},"91":{"start":{"line":181,"column":20},"end":{"line":181,"column":89}},"92":{"start":{"line":182,"column":4},"end":{"line":182,"column":95}},"93":{"start":{"line":182,"column":33},"end":{"line":182,"column":95}},"94":{"start":{"line":184,"column":25},"end":{"line":184,"column":56}},"95":{"start":{"line":185,"column":22},"end":{"line":188,"column":5}},"96":{"start":{"line":189,"column":17},"end":{"line":189,"column":34}},"97":{"start":{"line":190,"column":31},"end":{"line":190,"column":68}},"98":{"start":{"line":191,"column":25},"end":{"line":191,"column":257}},"99":{"start":{"line":193,"column":18},"end":{"line":193,"column":81}},"100":{"start":{"line":195,"column":4},"end":{"line":195,"column":47}},"101":{"start":{"line":196,"column":4},"end":{"line":196,"column":37}},"102":{"start":{"line":198,"column":4},"end":{"line":198,"column":25}},"103":{"start":{"line":199,"column":4},"end":{"line":199,"column":52}},"104":{"start":{"line":204,"column":0},"end":{"line":240,"column":3}},"105":{"start":{"line":205,"column":30},"end":{"line":205,"column":38}},"106":{"start":{"line":206,"column":2},"end":{"line":239,"column":3}},"107":{"start":{"line":207,"column":20},"end":{"line":207,"column":89}},"108":{"start":{"line":208,"column":4},"end":{"line":208,"column":97}},"109":{"start":{"line":208,"column":35},"end":{"line":208,"column":97}},"110":{"start":{"line":210,"column":17},"end":{"line":210,"column":32}},"111":{"start":{"line":211,"column":4},"end":{"line":211,"column":91}},"112":{"start":{"line":211,"column":29},"end":{"line":211,"column":91}},"113":{"start":{"line":213,"column":20},"end":{"line":213,"column":70}},"114":{"start":{"line":214,"column":4},"end":{"line":214,"column":80}},"115":{"start":{"line":214,"column":18},"end":{"line":214,"column":80}},"116":{"start":{"line":217,"column":28},"end":{"line":217,"column":33}},"117":{"start":{"line":218,"column":4},"end":{"line":222,"column":5}},"118":{"start":{"line":219,"column":6},"end":{"line":219,"column":101}},"119":{"start":{"line":220,"column":6},"end":{"line":220,"column":98}},"120":{"start":{"line":221,"column":6},"end":{"line":221,"column":31}},"121":{"start":{"line":224,"column":31},"end":{"line":224,"column":68}},"122":{"start":{"line":225,"column":25},"end":{"line":230,"column":6}},"123":{"start":{"line":232,"column":18},"end":{"line":232,"column":81}},"124":{"start":{"line":234,"column":4},"end":{"line":234,"column":47}},"125":{"start":{"line":235,"column":4},"end":{"line":235,"column":56}},"126":{"start":{"line":237,"column":4},"end":{"line":237,"column":25}},"127":{"start":{"line":238,"column":4},"end":{"line":238,"column":52}},"128":{"start":{"line":243,"column":0},"end":{"line":281,"column":3}},"129":{"start":{"line":244,"column":36},"end":{"line":244,"column":44}},"130":{"start":{"line":245,"column":2},"end":{"line":280,"column":3}},"131":{"start":{"line":246,"column":18},"end":{"line":246,"column":87}},"132":{"start":{"line":248,"column":4},"end":{"line":263,"column":5}},"133":{"start":{"line":249,"column":24},"end":{"line":252,"column":7}},"134":{"start":{"line":253,"column":6},"end":{"line":253,"column":31}},"135":{"start":{"line":255,"column":6},"end":{"line":255,"column":29}},"136":{"start":{"line":257,"column":30},"end":{"line":257,"column":35}},"137":{"start":{"line":258,"column":6},"end":{"line":262,"column":7}},"138":{"start":{"line":259,"column":8},"end":{"line":259,"column":103}},"139":{"start":{"line":260,"column":8},"end":{"line":260,"column":109}},"140":{"start":{"line":261,"column":8},"end":{"line":261,"column":33}},"141":{"start":{"line":265,"column":31},"end":{"line":265,"column":68}},"142":{"start":{"line":266,"column":25},"end":{"line":271,"column":6}},"143":{"start":{"line":273,"column":18},"end":{"line":273,"column":81}},"144":{"start":{"line":275,"column":4},"end":{"line":275,"column":47}},"145":{"start":{"line":276,"column":4},"end":{"line":276,"column":126}},"146":{"start":{"line":278,"column":4},"end":{"line":278,"column":25}},"147":{"start":{"line":279,"column":4},"end":{"line":279,"column":59}},"148":{"start":{"line":284,"column":0},"end":{"line":291,"column":3}},"149":{"start":{"line":285,"column":2},"end":{"line":289,"column":5}},"150":{"start":{"line":290,"column":2},"end":{"line":290,"column":30}},"151":{"start":{"line":294,"column":0},"end":{"line":318,"column":3}},"152":{"start":{"line":295,"column":2},"end":{"line":317,"column":3}},"153":{"start":{"line":296,"column":20},"end":{"line":299,"column":5}},"154":{"start":{"line":300,"column":4},"end":{"line":302,"column":5}},"155":{"start":{"line":301,"column":6},"end":{"line":301,"column":63}},"156":{"start":{"line":303,"column":16},"end":{"line":303,"column":31}},"157":{"start":{"line":304,"column":17},"end":{"line":304,"column":63}},"158":{"start":{"line":306,"column":4},"end":{"line":308,"column":5}},"159":{"start":{"line":307,"column":6},"end":{"line":307,"column":59}},"160":{"start":{"line":309,"column":4},"end":{"line":309,"column":36}},"161":{"start":{"line":310,"column":4},"end":{"line":310,"column":61}},"162":{"start":{"line":311,"column":4},"end":{"line":311,"column":47}},"163":{"start":{"line":312,"column":4},"end":{"line":312,"column":50}},"164":{"start":{"line":313,"column":4},"end":{"line":313,"column":23}},"165":{"start":{"line":315,"column":4},"end":{"line":315,"column":25}},"166":{"start":{"line":316,"column":4},"end":{"line":316,"column":60}},"167":{"start":{"line":321,"column":0},"end":{"line":363,"column":3}},"168":{"start":{"line":322,"column":22},"end":{"line":322,"column":39}},"169":{"start":{"line":323,"column":2},"end":{"line":362,"column":3}},"170":{"start":{"line":324,"column":20},"end":{"line":327,"column":5}},"171":{"start":{"line":328,"column":4},"end":{"line":330,"column":5}},"172":{"start":{"line":329,"column":6},"end":{"line":329,"column":63}},"173":{"start":{"line":332,"column":27},"end":{"line":332,"column":56}},"174":{"start":{"line":333,"column":24},"end":{"line":333,"column":65}},"175":{"start":{"line":334,"column":4},"end":{"line":336,"column":5}},"176":{"start":{"line":335,"column":6},"end":{"line":335,"column":75}},"177":{"start":{"line":337,"column":4},"end":{"line":339,"column":5}},"178":{"start":{"line":338,"column":6},"end":{"line":338,"column":60}},"179":{"start":{"line":341,"column":4},"end":{"line":344,"column":6}},"180":{"start":{"line":346,"column":4},"end":{"line":348,"column":5}},"181":{"start":{"line":347,"column":6},"end":{"line":347,"column":80}},"182":{"start":{"line":349,"column":4},"end":{"line":351,"column":5}},"183":{"start":{"line":350,"column":6},"end":{"line":350,"column":69}},"184":{"start":{"line":353,"column":23},"end":{"line":356,"column":5}},"185":{"start":{"line":357,"column":24},"end":{"line":357,"column":85}},"186":{"start":{"line":358,"column":4},"end":{"line":358,"column":51}},"187":{"start":{"line":360,"column":4},"end":{"line":360,"column":25}},"188":{"start":{"line":361,"column":4},"end":{"line":361,"column":64}},"189":{"start":{"line":366,"column":0},"end":{"line":409,"column":3}},"190":{"start":{"line":367,"column":28},"end":{"line":367,"column":45}},"191":{"start":{"line":368,"column":2},"end":{"line":408,"column":3}},"192":{"start":{"line":369,"column":20},"end":{"line":372,"column":5}},"193":{"start":{"line":373,"column":4},"end":{"line":375,"column":5}},"194":{"start":{"line":374,"column":6},"end":{"line":374,"column":63}},"195":{"start":{"line":377,"column":27},"end":{"line":377,"column":56}},"196":{"start":{"line":378,"column":24},"end":{"line":378,"column":65}},"197":{"start":{"line":379,"column":4},"end":{"line":381,"column":5}},"198":{"start":{"line":380,"column":6},"end":{"line":380,"column":71}},"199":{"start":{"line":382,"column":4},"end":{"line":384,"column":5}},"200":{"start":{"line":383,"column":6},"end":{"line":383,"column":56}},"201":{"start":{"line":386,"column":4},"end":{"line":389,"column":6}},"202":{"start":{"line":391,"column":4},"end":{"line":393,"column":5}},"203":{"start":{"line":392,"column":6},"end":{"line":392,"column":80}},"204":{"start":{"line":394,"column":4},"end":{"line":396,"column":5}},"205":{"start":{"line":395,"column":6},"end":{"line":395,"column":69}},"206":{"start":{"line":398,"column":23},"end":{"line":401,"column":5}},"207":{"start":{"line":403,"column":24},"end":{"line":403,"column":85}},"208":{"start":{"line":404,"column":4},"end":{"line":404,"column":36}},"209":{"start":{"line":406,"column":4},"end":{"line":406,"column":25}},"210":{"start":{"line":407,"column":4},"end":{"line":407,"column":73}},"211":{"start":{"line":412,"column":0},"end":{"line":465,"column":3}},"212":{"start":{"line":413,"column":26},"end":{"line":413,"column":34}},"213":{"start":{"line":414,"column":2},"end":{"line":414,"column":51}},"214":{"start":{"line":415,"column":2},"end":{"line":415,"column":40}},"215":{"start":{"line":416,"column":2},"end":{"line":416,"column":109}},"216":{"start":{"line":418,"column":2},"end":{"line":421,"column":3}},"217":{"start":{"line":419,"column":4},"end":{"line":419,"column":90}},"218":{"start":{"line":420,"column":4},"end":{"line":420,"column":70}},"219":{"start":{"line":423,"column":2},"end":{"line":464,"column":3}},"220":{"start":{"line":424,"column":20},"end":{"line":427,"column":5}},"221":{"start":{"line":428,"column":4},"end":{"line":431,"column":5}},"222":{"start":{"line":429,"column":6},"end":{"line":429,"column":73}},"223":{"start":{"line":430,"column":6},"end":{"line":430,"column":63}},"224":{"start":{"line":433,"column":4},"end":{"line":436,"column":5}},"225":{"start":{"line":434,"column":6},"end":{"line":434,"column":89}},"226":{"start":{"line":435,"column":6},"end":{"line":435,"column":90}},"227":{"start":{"line":438,"column":4},"end":{"line":438,"column":77}},"228":{"start":{"line":440,"column":27},"end":{"line":440,"column":56}},"229":{"start":{"line":441,"column":24},"end":{"line":447,"column":5}},"230":{"start":{"line":449,"column":4},"end":{"line":452,"column":6}},"231":{"start":{"line":453,"column":4},"end":{"line":453,"column":64}},"232":{"start":{"line":455,"column":23},"end":{"line":458,"column":5}},"233":{"start":{"line":459,"column":24},"end":{"line":459,"column":85}},"234":{"start":{"line":460,"column":4},"end":{"line":460,"column":59}},"235":{"start":{"line":462,"column":4},"end":{"line":462,"column":63}},"236":{"start":{"line":463,"column":4},"end":{"line":463,"column":72}},"237":{"start":{"line":468,"column":0},"end":{"line":476,"column":3}},"238":{"start":{"line":469,"column":2},"end":{"line":475,"column":3}},"239":{"start":{"line":470,"column":31},"end":{"line":470,"column":71}},"240":{"start":{"line":471,"column":4},"end":{"line":471,"column":33}},"241":{"start":{"line":473,"column":4},"end":{"line":473,"column":25}},"242":{"start":{"line":474,"column":4},"end":{"line":474,"column":63}},"243":{"start":{"line":479,"column":0},"end":{"line":489,"column":3}},"244":{"start":{"line":480,"column":2},"end":{"line":488,"column":3}},"245":{"start":{"line":481,"column":27},"end":{"line":483,"column":5}},"246":{"start":{"line":484,"column":4},"end":{"line":484,"column":34}},"247":{"start":{"line":486,"column":4},"end":{"line":486,"column":25}},"248":{"start":{"line":487,"column":4},"end":{"line":487,"column":67}},"249":{"start":{"line":492,"column":0},"end":{"line":520,"column":3}},"250":{"start":{"line":493,"column":2},"end":{"line":519,"column":3}},"251":{"start":{"line":494,"column":19},"end":{"line":494,"column":29}},"252":{"start":{"line":496,"column":20},"end":{"line":496,"column":111}},"253":{"start":{"line":497,"column":4},"end":{"line":499,"column":5}},"254":{"start":{"line":498,"column":6},"end":{"line":498,"column":63}},"255":{"start":{"line":502,"column":25},"end":{"line":502,"column":35}},"256":{"start":{"line":503,"column":4},"end":{"line":503,"column":53}},"257":{"start":{"line":505,"column":4},"end":{"line":508,"column":6}},"258":{"start":{"line":510,"column":4},"end":{"line":510,"column":110}},"259":{"start":{"line":511,"column":4},"end":{"line":515,"column":7}},"260":{"start":{"line":517,"column":4},"end":{"line":517,"column":64}},"261":{"start":{"line":518,"column":4},"end":{"line":518,"column":94}},"262":{"start":{"line":523,"column":0},"end":{"line":544,"column":3}},"263":{"start":{"line":524,"column":2},"end":{"line":543,"column":3}},"264":{"start":{"line":525,"column":19},"end":{"line":525,"column":29}},"265":{"start":{"line":527,"column":20},"end":{"line":527,"column":107}},"266":{"start":{"line":528,"column":4},"end":{"line":530,"column":5}},"
[...]
line":229,"column":90}},{"start":{"line":229,"column":93},"end":{"line":229,"column":95}}],"line":229},"57":{"loc":{"start":{"line":270,"column":6},"end":{"line":270,"column":70}},"type":"cond-expr","locations":[{"start":{"line":270,"column":28},"end":{"line":270,"column":63}},{"start":{"line":270,"column":66},"end":{"line":270,"column":70}}],"line":270},"58":{"loc":{"start":{"line":271,"column":6},"end":{"line":271,"column":52}},"type":"cond-expr","locations":[{"start":{"line":271,"column":19},"end":{"line":271,"column":45}},{"start":{"line":271,"column":48},"end":{"line":271,"column":52}}],"line":271},"59":{"loc":{"start":{"line":272,"column":6},"end":{"line":272,"column":54}},"type":"cond-expr","locations":[{"start":{"line":272,"column":20},"end":{"line":272,"column":47}},{"start":{"line":272,"column":50},"end":{"line":272,"column":54}}],"line":272},"60":{"loc":{"start":{"line":281,"column":22},"end":{"line":281,"column":126}},"type":"binary-expr","locations":[{"start":{"line":281,"column":22},"end":{"line":281,"column":42}},{"start":{"line":281,"column":46},"end":{"line":281,"column":69}},{"start":{"line":281,"column":73},"end":{"line":281,"column":93}},{"start":{"line":281,"column":97},"end":{"line":281,"column":120}},{"start":{"line":281,"column":124},"end":{"line":281,"column":126}}],"line":281},"61":{"loc":{"start":{"line":282,"column":17},"end":{"line":282,"column":85}},"type":"binary-expr","locations":[{"start":{"line":282,"column":17},"end":{"line":282,"column":31}},{"start":{"line":282,"column":35},"end":{"line":282,"column":66}},{"start":{"line":282,"column":70},"end":{"line":282,"column":85}}],"line":282},"62":{"loc":{"start":{"line":283,"column":15},"end":{"line":283,"column":48}},"type":"binary-expr","locations":[{"start":{"line":283,"column":15},"end":{"line":283,"column":27}},{"start":{"line":283,"column":31},"end":{"line":283,"column":42}},{"start":{"line":283,"column":46},"end":{"line":283,"column":48}}],"line":283},"63":{"loc":{"start":{"line":285,"column":2},"end":{"line":285,"column":39}},"type":"if","locations":[{"start":{"line":285,"column":2},"end":{"line":285,"column":39}},{"start":{},"end":{}}],"line":285},"64":{"loc":{"start":{"line":288,"column":15},"end":{"line":288,"column":63}},"type":"binary-expr","locations":[{"start":{"line":288,"column":15},"end":{"line":288,"column":19}},{"start":{"line":288,"column":23},"end":{"line":288,"column":63}}],"line":288},"65":{"loc":{"start":{"line":292,"column":22},"end":{"line":292,"column":83}},"type":"binary-expr","locations":[{"start":{"line":292,"column":22},"end":{"line":292,"column":46}},{"start":{"line":292,"column":50},"end":{"line":292,"column":77}},{"start":{"line":292,"column":81},"end":{"line":292,"column":83}}],"line":292},"66":{"loc":{"start":{"line":294,"column":16},"end":{"line":294,"column":40}},"type":"binary-expr","locations":[{"start":{"line":294,"column":16},"end":{"line":294,"column":34}},{"start":{"line":294,"column":38},"end":{"line":294,"column":40}}],"line":294},"67":{"loc":{"start":{"line":296,"column":15},"end":{"line":296,"column":127}},"type":"binary-expr","locations":[{"start":{"line":296,"column":15},"end":{"line":296,"column":44}},{"start":{"line":296,"column":48},"end":{"line":296,"column":71}},{"start":{"line":296,"column":75},"end":{"line":296,"column":98}},{"start":{"line":296,"column":102},"end":{"line":296,"column":119}},{"start":{"line":296,"column":123},"end":{"line":296,"column":127}}],"line":296},"68":{"loc":{"start":{"line":306,"column":2},"end":{"line":306,"column":25}},"type":"if","locations":[{"start":{"line":306,"column":2},"end":{"line":306,"column":25}},{"start":{},"end":{}}],"line":306},"69":{"loc":{"start":{"line":342,"column":2},"end":{"line":342,"column":89}},"type":"if","locations":[{"start":{"line":342,"column":2},"end":{"line":342,"column":89}},{"start":{},"end":{}}],"line":342},"70":{"loc":{"start":{"line":345,"column":10},"end":{"line":345,"column":59}},"type":"cond-expr","locations":[{"start":{"line":345,"column":41},"end":{"line":345,"column":54}},{"start":{"line":345,"column":57},"end":{"line":345,"column":59}}],"line":345},"71":{"loc":{"start":{"line":352,"column":18},"end":{"line":352,"column":40}},"type":"binary-expr","locations":[{"start":{"line":352,"column":18},"end":{"line":352,"column":34}},{"start":{"line":352,"column":38},"end":{"line":352,"column":40}}],"line":352},"72":{"loc":{"start":{"line":358,"column":4},"end":{"line":361,"column":5}},"type":"if","locations":[{"start":{"line":358,"column":4},"end":{"line":361,"column":5}},{"start":{},"end":{}}],"line":358},"73":{"loc":{"start":{"line":387,"column":16},"end":{"line":387,"column":45}},"type":"binary-expr","locations":[{"start":{"line":387,"column":16},"end":{"line":387,"column":26}},{"start":{"line":387,"column":30},"end":{"line":387,"column":45}}],"line":387},"74":{"loc":{"start":{"line":402,"column":4},"end":{"line":408,"column":5}},"type":"if","locations":[{"start":{"line":402,"column":4},"end":{"line":408,"column":5}},{"start":{},"end":{}}],"line":402},"75":{"loc":{"start":{"line":412,"column":18},"end":{"line":414,"column":67}},"type":"cond-expr","locations":[{"start":{"line":413,"column":10},"end":{"line":413,"column":32}},{"start":{"line":414,"column":10},"end":{"line":414,"column":67}}],"line":412},"76":{"loc":{"start":{"line":415,"column":6},"end":{"line":415,"column":38}},"type":"if","locations":[{"start":{"line":415,"column":6},"end":{"line":415,"column":38}},{"start":{},"end":{}}],"line":415},"77":{"loc":{"start":{"line":461,"column":38},"end":{"line":461,"column":163}},"type":"cond-expr","locations":[{"start":{"line":461,"column":49},"end":{"line":461,"column":142}},{"start":{"line":461,"column":145},"end":{"line":461,"column":163}}],"line":461},"78":{"loc":{"start":{"line":467,"column":4},"end":{"line":477,"column":5}},"type":"if","locations":[{"start":{"line":467,"column":4},"end":{"line":477,"column":5}},{"start":{},"end":{}}],"line":467},"79":{"loc":{"start":{"line":467,"column":8},"end":{"line":467,"column":53}},"type":"binary-expr","locations":[{"start":{"line":467,"column":8},"end":{"line":467,"column":16}},{"start":{"line":467,"column":20},"end":{"line":467,"column":53}}],"line":467},"80":{"loc":{"start":{"line":490,"column":23},"end":{"line":490,"column":40}},"type":"binary-expr","locations":[{"start":{"line":490,"column":23},"end":{"line":490,"column":34}},{"start":{"line":490,"column":38},"end":{"line":490,"column":40}}],"line":490},"81":{"loc":{"start":{"line":492,"column":8},"end":{"line":492,"column":29}},"type":"binary-expr","locations":[{"start":{"line":492,"column":8},"end":{"line":492,"column":21}},{"start":{"line":492,"column":25},"end":{"line":492,"column":29}}],"line":492},"82":{"loc":{"start":{"line":493,"column":8},"end":{"line":493,"column":68}},"type":"cond-expr","locations":[{"start":{"line":493,"column":28},"end":{"line":493,"column":61}},{"start":{"line":493,"column":64},"end":{"line":493,"column":68}}],"line":493},"83":{"loc":{"start":{"line":494,"column":8},"end":{"line":494,"column":56}},"type":"cond-expr","locations":[{"start":{"line":494,"column":22},"end":{"line":494,"column":49}},{"start":{"line":494,"column":52},"end":{"line":494,"column":56}}],"line":494},"84":{"loc":{"start":{"line":498,"column":84},"end":{"line":498,"column":128}},"type":"cond-expr","locations":[{"start":{"line":498,"column":114},"end":{"line":498,"column":119}},{"start":{"line":498,"column":122},"end":{"line":498,"column":128}}],"line":498},"85":{"loc":{"start":{"line":509,"column":12},"end":{"line":509,"column":67}},"type":"binary-expr","locations":[{"start":{"line":509,"column":12},"end":{"line":509,"column":42}},{"start":{"line":509,"column":46},"end":{"line":509,"column":59}},{"start":{"line":509,"column":63},"end":{"line":509,"column":67}}],"line":509},"86":{"loc":{"start":{"line":527,"column":2},"end":{"line":529,"column":3}},"type":"if","locations":[{"start":{"line":527,"column":2},"end":{"line":529,"column":3}},{"start":{},"end":{}}],"line":527},"87":{"loc":{"start":{"line":527,"column":6},"end":{"line":527,"column":65}},"type":"binary-expr","locations":[{"start":{"line":527,"column":6},"end":{"line":527,"column":40}},{"start":{"line":527,"column":44},"end":{"line":527,"column":65}}],"line":527},"88":{"loc":{"start":{"line":533,"column":4},"end":{"line":535,"column":5}},"type":"if","locations":[{"start":{"line":533,"column":4},"end":{"line":535,"column":5}},{"start":{},"end":{}}],"line":533},"89":{"loc":{"start":{"line":549,"column":15},"end":{"line":549,"column":34}},"type":"binary-expr","locations":[{"start":{"line":549,"column":15},"end":{"line":549,"column":27}},{"start":{"line":549,"column":31},"end":{"line":549,"column":34}}],"line":549},"90":{"loc":{"start":{"line":549,"column":50},"end":{"line":549,"column":94}},"type":"binary-expr","locations":[{"start":{"line":549,"column":50},"end":{"line":549,"column":63}},{"start":{"line":549,"column":67},"end":{"line":549,"column":94}}],"line":549},"91":{"loc":{"start":{"line":571,"column":4},"end":{"line":573,"column":5}},"type":"if","locations":[{"start":{"line":571,"column":4},"end":{"line":573,"column":5}},{"start":{},"end":{}}],"line":571},"92":{"loc":{"start":{"line":582,"column":15},"end":{"line":582,"column":34}},"type":"binary-expr","locations":[{"start":{"line":582,"column":15},"end":{"line":582,"column":27}},{"start":{"line":582,"column":31},"end":{"line":582,"column":34}}],"line":582},"93":{"loc":{"start":{"line":582,"column":50},"end":{"line":582,"column":89}},"type":"binary-expr","locations":[{"start":{"line":582,"column":50},"end":{"line":582,"column":63}},{"start":{"line":582,"column":67},"end":{"line":582,"column":89}}],"line":582},"94":{"loc":{"start":{"line":591,"column":4},"end":{"line":593,"column":5}},"type":"if","locations":[{"start":{"line":591,"column":4},"end":{"line":593,"column":5}},{"start":{},"end":{}}],"line":591},"95":{"loc":{"start":{"line":603,"column":15},"end":{"line":603,"column":34}},"type":"binary-expr","locations":[{"start":{"line":603,"column":15},"end":{"line":603,"column":27}},{"start":{"line":603,"column":31},"end":{"line":603,"column":34}}],"line":603},"96":{"loc":{"start":{"line":603,"column":50},"end":{"line":603,"column":90}},"type":"binary-expr","locations":[{"start":{"line":603,"column":50},"end":{"line":603,"column":63}},{"start":{"line":603,"column":67},"end":{"line":603,"column":90}}],"line":603}},"s":{"0":0,"1":0,"2":0,"3":0,"4":0,"5":0,"6":0,"7":0,"8":0,"9":0,"10":0,"11":0,"12":0,"13":0,"14":0,"15":0,"16":0,"17":0,"18":0,"19":0,"20":0,"21":0,"22":0,"23":0,"24":0,"25":0,"26":0,"27":0,"28":0,"29":0,"30":0,"31":0,"32":0,"33":0,"34":0,"35":0,"36":0,"37":0,"38":0,"39":0,"40":0,"41":0,"42":0,"43":0,"44":0,"45":0,"46":0,"47":0,"48":0,"49":0,"50":0,"51":0,"52":0,"53":0,"54":0,"55":0,"56":0,"57":0,"58":0,"59":0,"60":0,"61":0,"62":0,"63":0,"64":0,"65":0,"66":0,"67":0,"68":0,"69":0,"70":0,"71":0,"72":0,"73":0,"74":0,"75":0,"76":0,"77":0,"78":0,"79":0,"80":0,"81":0,"82":0,"83":0,"84":0,"85":0,"86":0,"87":0,"88":0,"89":0,"90":0,"91":0,"92":0,"93":0,"94":0,"95":0,"96":0,"97":0,"98":0,"99":0,"100":0,"101":0,"102":0,"103":0,"104":0,"105":0,"106":0,"107":0,"108":0,"109":0,"110":0,"111":0,"112":0,"113":0,"114":0,"115":0,"116":0,"117":0,"118":0,"119":0,"120":0,"121":0,"122":0,"123":0,"124":0,"125":0,"126":0,"127":0,"128":0,"129":0,"130":0,"131":0,"132":0,"133":0,"134":0,"135":0,"136":0,"137":0,"138":0,"139":0,"140":0,"141":0,"142":0,"143":0,"144":0,"145":0,"146":0,"147":0,"148":0,"149":0,"150":0,"151":0,"152":0,"153":0,"154":0,"155":0,"156":0,"157":0,"158":0,"159":0,"160":0,"161":0,"162":0,"163":0,"164":0,"165":0,"166":0,"167":0,"168":0,"169":0,"170":0,"171":0,"172":0,"173":0,"174":0,"175":0,"176":0,"177":0,"178":0,"179":0,"180":0,"181":0,"182":0,"183":0,"184":0,"185":0,"186":0,"187":0,"188":0,"189":0,"190":0,"191":0,"192":0,"193":0,"194":0,"195":0,"196":0,"197":0,"198":0,"199":0,"200":0,"201":0,"202":0,"203":0,"204":0,"205":0,"206":0,"207":0,"208":0,"209":0,"210":0,"211":0,"212":0,"213":0,"214":0,"215":0,"216":0,"217":0,"218":0,"219":0,"220":0,"221":0,"222":0,"223":0,"224":0,"225":0,"226":0,"227":0,"228":0,"229":0,"230":0,"231":0,"232":0,"233":0,"234":0,"235":0,"236":0,"237":0,"238":0,"239":0,"240":0,"241":0,"242":0,"243":0},"f":{"0":0,"1":0,"2":0,"3":0,"4":0,"5":0,"6":0,"7":0,"8":0,"9":0,"10":0,"11":0,"12":0,"13":0,"14":0,"15":0,"16":0,"17":0,"18":0,"19":0,"20":0,"21":0,"22":0,"23":0,"24":0,"25":0,"26":0},"b":{"0":[0,0],"1":[0,0],"2":[0,0],"3":[0,0],"4":[0,0],"5":[0,0],"6":[0],"7":[0,0],"8":[0,0],"9":[0,0],"10":[0,0],"11":[0,0],"12":[0,0],"13":[0,0],"14":[0,0],"15":[0,0,0],"16":[0,0],"17":[0,0],"18":[0],"19":[0],"20":[0,0],"21":[0,0,0,0,0],"22":[0,0],"23":[0,0],"24":[0,0],"25":[0,0],"26":[0],"27":[0,0],"28":[0,0],"29":[0,0],"30":[0,0],"31":[0,0],"32":[0,0],"33":[0,0],"34":[0,0],"35":[0,0],"36":[0],"37":[0,0,0,0],"38":[0,0],"39":[0,0],"40":[0,0],"41":[0,0],"42":[0,0],"43":[0,0],"44":[0],"45":[0,0],"46":[0,0],"47":[0,0,0],"48":[0,0],"49":[0,0],"50":[0,0],"51":[0,0],"52":[0,0],"53":[0,0],"54":[0,0],"55":[0,0],"56":[0,0],"57":[0,0],"58":[0,0],"59":[0,0],"60":[0,0,0,0,0],"61":[0,0,0],"62":[0,0,0],"63":[0,0],"64":[0,0],"65":[0,0,0],"66":[0,0],"67":[0,0,0,0,0],"68":[0,0],"69":[0,0],"70":[0,0],"71":[0,0],"72":[0,0],"73":[0,0],"74":[0,0],"75":[0,0],"76":[0,0],"77":[0,0],"78":[0,0],"79":[0,0],"80":[0,0],"81":[0,0],"82":[0,0],"83":[0,0],"84":[0,0],"85":[0,0,0],"86":[0,0],"87":[0,0],"88":[0,0],"89":[0,0],"90":[0,0],"91":[0,0],"92":[0,0],"93":[0,0],"94":[0,0],"95":[0,0],"96":[0,0]}}
,"D:\\NutriScan-mainn\\Backend\\routes\\user.js": {"path":"D:\\NutriScan-mainn\\Backend\\routes\\user.js","statementMap":{"0":{"start":{"line":1,"column":16},"end":{"line":1,"column":34}},"1":{"start":{"line":2,"column":15},"end":{"line":2,"column":31}},"2":{"start":{"line":3,"column":21},"end":{"line":3,"column":50}},"3":{"start":{"line":4,"column":29},"end":{"line":4,"column":63}},"4":{"start":{"line":7,"column":0},"end":{"line":31,"column":3}},"5":{"start":{"line":8,"column":2},"end":{"line":30,"column":3}},"6":{"start":{"line":9,"column":20},"end":{"line":12,"column":5}},"7":{"start":{"line":13,"column":4},"end":{"line":15,"column":5}},"8":{"start":{"line":14,"column":6},"end":{"line":14,"column":63}},"9":{"start":{"line":16,"column":17},"end":{"line":16,"column":32}},"10":{"start":{"line":17,"column":23},"end":{"line":17,"column":43}},"11":{"start":{"line":18,"column":23},"end":{"line":18,"column":44}},"12":{"start":{"line":19,"column":22},"end":{"line":19,"column":58}},"13":{"start":{"line":20,"column":4},"end":{"line":26,"column":7}},"14":{"start":{"line":28,"column":4},"end":{"line":28,"column":53}},"15":{"start":{"line":29,"column":4},"end":{"line":29,"column":54}},"16":{"start":{"line":34,"column":0},"end":{"line":46,"column":3}},"17":{"start":{"line":35,"column":2},"end":{"line":45,"column":3}},"18":{"start":{"line":36,"column":4},"end":{"line":36,"column":52}},"19":{"start":{"line":37,"column":23},"end":{"line":40,"column":5}},"20":{"start":{"line":41,"column":4},"end":{"line":41,"column":30}},"21":{"start":{"line":43,"column":4},"end":{"line":43,"column":55}},"22":{"start":{"line":44,"column":4},"end":{"line":44,"column":83}},"23":{"start":{"line":49,"column":0},"end":{"line":74,"column":3}},"24":{"start":{"line":50,"column":2},"end":{"line":73,"column":3}},"25":{"start":{"line":51,"column":4},"end":{"line":51,"column":52}},"26":{"start":{"line":52,"column":20},"end":{"line":55,"column":5}},"27":{"start":{"line":56,"column":4},"end":{"line":58,"column":5}},"28":{"start":{"line":57,"column":6},"end":{"line":57,"column":63}},"29":{"start":{"line":59,"column":17},"end":{"line":59,"column":32}},"30":{"start":{"line":60,"column":23},"end":{"line":60,"column":43}},"31":{"start":{"line":61,"column":23},"end":{"line":61,"column":44}},"32":{"start":{"line":62,"column":22},"end":{"line":62,"column":58}},"33":{"start":{"line":63,"column":4},"end":{"line":69,"column":7}},"34":{"start":{"line":71,"column":4},"end":{"line":71,"column":53}},"35":{"start":{"line":72,"column":4},"end":{"line":72,"column":83}},"36":{"start":{"line":76,"column":0},"end":{"line":76,"column":24}}},"fnMap":{"0":{"name":"(anonymous_0)","decl":{"start":{"line":7,"column":40},"end":{"line":7,"column":41}},"loc":{"start":{"line":7,"column":60},"end":{"line":31,"column":1}},"line":7},"1":{"name":"(anonymous_1)","decl":{"start":{"line":34,"column":45},"end":{"line":34,"column":46}},"loc":{"start":{"line":34,"column":65},"end":{"line":46,"column":1}},"line":34},"2":{"name":"(anonymous_2)","decl":{"start":{"line":49,"column":43},"end":{"line":49,"column":44}},"loc":{"start":{"line":49,"column":63},"end":{"line":74,"column":1}},"line":49}},"branchMap":{"0":{"loc":{"start":{"line":13,"column":4},"end":{"line":15,"column":5}},"type":"if","locations":[{"start":{"line":13,"column":4},"end":{"line":15,"column":5}},{"start":{},"end":{}}],"line":13},"1":{"loc":{"start":{"line":17,"column":23},"end":{"line":17,"column":43}},"type":"binary-expr","locations":[{"start":{"line":17,"column":23},"end":{"line":17,"column":38}},{"start":{"line":17,"column":42},"end":{"line":17,"column":43}}],"line":17},"2":{"loc":{"start":{"line":18,"column":23},"end":{"line":18,"column":44}},"type":"binary-expr","locations":[{"start":{"line":18,"column":23},"end":{"line":18,"column":38}},{"start":{"line":18,"column":42},"end":{"line":18,"column":44}}],"line":18},"3":{"loc":{"start":{"line":23,"column":12},"end":{"line":23,"column":31}},"type":"binary-expr","locations":[{"start":{"line":23,"column":12},"end":{"line":23,"column":21}},{"start":{"line":23,"column":25},"end":{"line":23,"column":31}}],"line":23},"4":{"loc":{"start":{"line":44,"column":15},"end":{"line":44,"column":32}},"type":"binary-expr","locations":[{"start":{"line":44,"column":15},"end":{"line":44,"column":25}},{"start":{"line":44,"column":29},"end":{"line":44,"column":32}}],"line":44},"5":{"loc":{"start":{"line":44,"column":48},"end":{"line":44,"column":79}},"type":"binary-expr","locations":[{"start":{"line":44,"column":48},"end":{"line":44,"column":59}},{"start":{"line":44,"column":63},"end":{"line":44,"column":79}}],"line":44},"6":{"loc":{"start":{"line":56,"column":4},"end":{"line":58,"column":5}},"type":"if","locations":[{"start":{"line":56,"column":4},"end":{"line":58,"column":5}},{"start":{},"end":{}}],"line":56},"7":{"loc":{"start":{"line":60,"column":23},"end":{"line":60,"column":43}},"type":"binary-expr","locations":[{"start":{"line":60,"column":23},"end":{"line":60,"column":38}},{"start":{"line":60,"column":42},"end":{"line":60,"column":43}}],"line":60},"8":{"loc":{"start":{"line":61,"column":23},"end":{"line":61,"column":44}},"type":"binary-expr","locations":[{"start":{"line":61,"column":23},"end":{"line":61,"column":38}},{"start":{"line":61,"column":42},"end":{"line":61,"column":44}}],"line":61},"9":{"loc":{"start":{"line":66,"column":12},"end":{"line":66,"column":31}},"type":"binary-expr","locations":[{"start":{"line":66,"column":12},"end":{"line":66,"column":21}},{"start":{"line":66,"column":25},"end":{"line":66,"column":31}}],"line":66},"10":{"loc":{"start":{"line":72,"column":15},"end":{"line":72,"column":32}},"type":"binary-expr","locations":[{"start":{"line":72,"column":15},"end":{"line":72,"column":25}},{"start":{"line":72,"column":29},"end":{"line":72,"column":32}}],"line":72},"11":{"loc":{"start":{"line":72,"column":48},"end":{"line":72,"column":79}},"type":"binary-expr","locations":[{"start":{"line":72,"column":48},"end":{"line":72,"column":59}},{"start":{"line":72,"column":63},"end":{"line":72,"column":79}}],"line":72}},"s":{"0":0,"1":0,"2":0,"3":0,"4":0,"5":0,"6":0,"7":0,"8":0,"9":0,"10":0,"11":0,"12":0,"13":0,"14":0,"15":0,"16":0,"17":0,"18":0,"19":0,"20":0,"21":0,"22":0,"23":0,"24":0,"25":0,"26":0,"27":0,"28":0,"29":0,"30":0,"31":0,"32":0,"33":0,"34":0,"35":0,"36":0},"f":{"0":0,"1":0,"2":0},"b":{"0":[0,0],"1":[0,0],"2":[0,0],"3":[0,0],"4":[0,0],"5":[0,0],"6":[0,0],"7":[0,0],"8":[0,0],"9":[0,0],"10":[0,0],"11":[0,0]}}
}
