TN:
SF:middleware\auth.js
FN:4,(anonymous_0)
FNF:1
FNH:1
FNDA:5,(anonymous_0)
DA:1,2
DA:2,2
DA:4,2
DA:5,5
DA:6,5
DA:8,4
DA:9,4
DA:10,3
DA:11,3
DA:13,1
DA:17,2
LF:11
LH:11
BRDA:2,0,0,2
BRDA:2,0,1,2
BRDA:6,1,0,1
BRDA:6,1,1,4
BRF:4
BRH:4
end_of_record
TN:
SF:middleware\profileValidator.js
FN:8,(anonymous_0)
FN:11,(anonymous_1)
FN:22,(anonymous_2)
FN:27,(anonymous_3)
FN:40,(anonymous_4)
FN:58,(anonymous_5)
FNF:6
FNH:0
FNDA:0,(anonymous_0)
FNDA:0,(anonymous_1)
FNDA:0,(anonymous_2)
FNDA:0,(anonymous_3)
FNDA:0,(anonymous_4)
FNDA:0,(anonymous_5)
DA:1,0
DA:4,0
DA:8,0
DA:11,0
DA:18,0
DA:22,0
DA:27,0
DA:40,0
DA:41,0
DA:45,0
DA:46,0
DA:47,0
DA:53,0
DA:54,0
DA:58,0
DA:59,0
DA:64,0
DA:65,0
DA:66,0
DA:72,0
DA:73,0
DA:76,0
LF:22
LH:0
BRDA:22,0,0,0
BRDA:22,0,1,0
BRDA:27,1,0,0
BRDA:27,1,1,0
BRDA:46,2,0,0
BRDA:46,2,1,0
BRDA:65,3,0,0
BRDA:65,3,1,0
BRF:8
BRH:0
end_of_record
TN:
SF:middleware\rateLimiter.js
FN:2,(anonymous_0)
FN:3,(anonymous_1)
FNF:2
FNH:2
FNDA:6,(anonymous_0)
FNDA:1,(anonymous_1)
DA:2,6
DA:3,2
DA:5,2
LF:3
LH:3
BRF:0
BRH:0
end_of_record
TN:
SF:middleware\requirePlan.js
FN:1,(anonymous_0)
FN:1,(anonymous_1)
FNF:2
FNH:2
FNDA:5,(anonymous_0)
FNDA:5,(anonymous_1)
DA:1,5
DA:2,5
DA:3,5
DA:8,4
DA:9,1
DA:12,3
DA:15,3
DA:16,1
DA:17,1
DA:22,1
DA:26,1
DA:29,3
DA:31,3
DA:32,2
DA:37,1
DA:39,1
DA:40,1
DA:44,1
LF:18
LH:18
BRDA:8,0,0,1
BRDA:8,0,1,3
BRDA:15,1,0,1
BRDA:15,1,1,2
BRDA:15,2,0,3
BRDA:15,2,1,1
BRDA:29,3,0,3
BRDA:29,3,1,0
BRDA:31,4,0,2
BRDA:31,4,1,1
BRF:10
BRH:9
end_of_record
TN:
SF:middleware\requireSubscription.js
FN:6,requireSubscription
FNF:1
FNH:1
FNDA:5,requireSubscription
DA:8,5
DA:9,1
DA:14,4
DA:17,4
DA:18,1
DA:24,3
DA:25,3
DA:28,3
DA:29,1
DA:37,2
DA:38,2
DA:39,1
DA:47,1
DA:50,1
LF:14
LH:14
BRDA:8,0,0,1
BRDA:8,0,1,4
BRDA:17,1,0,1
BRDA:17,1,1,3
BRDA:28,2,0,1
BRDA:28,2,1,2
BRDA:32,3,0,1
BRDA:32,3,1,0
BRDA:38,4,0,1
BRDA:38,4,1,1
BRDA:38,5,0,2
BRDA:38,5,1,2
BRF:12
BRH:11
end_of_record
TN:
SF:middleware\validator.js
FN:39,(anonymous_0)
FN:39,(anonymous_1)
FN:47,(anonymous_2)
FNF:3
FNH:0
FNDA:0,(anonymous_0)
FNDA:0,(anonymous_1)
FNDA:0,(anonymous_2)
DA:1,0
DA:4,0
DA:21,0
DA:39,0
DA:40,0
DA:41,0
DA:42,0
DA:44,0
DA:45,0
DA:47,0
DA:50,0
DA:54,0
LF:12
LH:0
BRDA:44,0,0,0
BRDA:44,0,1,0
BRF:2
BRH:0
end_of_record
TN:
SF:routes\analyze.js
FN:10,(anonymous_0)
FN:12,(anonymous_1)
FN:19,(anonymous_2)
FN:25,(anonymous_3)
FN:41,(anonymous_4)
FN:42,(anonymous_5)
FN:46,(anonymous_6)
FN:59,(anonymous_7)
FN:83,(anonymous_8)
FN:83,(anonymous_9)
FN:96,callGemini
FN:107,generateWithFallback
FN:153,(anonymous_12)
FN:166,parseResponse
FN:204,normalizeResult
FN:209,(anonymous_15)
FN:215,(anonymous_16)
FN:217,(anonymous_17)
FN:218,(anonymous_18)
FN:236,(anonymous_19)
FN:241,(anonymous_20)
FN:261,processImageAnalysis
FN:351,processTextAnalysis
FN:429,(anonymous_23)
FN:465,(anonymous_24)
FN:490,(anonymous_25)
FN:542,(anonymous_26)
FNF:27
FNH:0
FNDA:0,(anonymous_0)
FNDA:0,(anonymous_1)
FNDA:0,(anonymous_2)
FNDA:0,(anonymous_3)
FNDA:0,(anonymous_4)
FNDA:0,(anonymous_5)
FNDA:0,(anonymous_6)
FNDA:0,(anonymous_7)
FNDA:0,(anonymous_8)
FNDA:0,(anonymous_9)
FNDA:0,callGemini
FNDA:0,generateWithFallback
FNDA:0,(anonymous_12)
FNDA:0,parseResponse
FNDA:0,normalizeResult
FNDA:0,(anonymous_15)
FNDA:0,(anonymous_16)
FNDA:0,(anonymous_17)
FNDA:0,(anonymous_18)
FNDA:0,(anonymous_19)
FNDA:0,(anonymous_20)
FNDA:0,processImageAnalysis
FNDA:0,processTextAnalysis
FNDA:0,(anonymous_23)
FNDA:0,(anonymous_24)
FNDA:0,(anonymous_25)
FNDA:0,(anonymous_26)
DA:1,0
DA:2,0
DA:3,0
DA:4,0
DA:5,0
DA:6,0
DA:8,0
DA:10,0
DA:11,0
DA:12,0
DA:13,0
DA:14,0
DA:15,0
DA:19,0
DA:20,0
DA:21,0
DA:22,0
DA:25,0
DA:26,0
DA:27,0
DA:40,0
DA:41,0
DA:42,0
DA:46,0
DA:47,0
DA:48,0
DA:49,0
DA:50,0
DA:54,0
DA:55,0
DA:56,0
DA:58,0
DA:59,0
DA:60,0
DA:61,0
DA:62,0
DA:63,0
DA:64,0
DA:65,0
DA:70,0
DA:71,0
DA:72,0
DA:73,0
DA:74,0
DA:75,0
DA:76,0
DA:77,0
DA:79,0
DA:80,0
DA:83,0
DA:86,0
DA:93,0
DA:94,0
DA:97,0
DA:98,0
DA:104,0
DA:109,0
DA:110,0
DA:111,0
DA:112,0
DA:115,0
DA:118,0
DA:119,0
DA:120,0
DA:121,0
DA:123,0
DA:124,0
DA:125,0
DA:126,0
DA:127,0
DA:128,0
DA:130,0
DA:133,0
DA:136,0
DA:137,0
DA:138,0
DA:139,0
DA:142,0
DA:143,0
DA:144,0
DA:147,0
DA:148,0
DA:149,0
DA:150,0
DA:153,0
DA:154,0
DA:156,0
DA:157,0
DA:159,0
DA:163,0
DA:167,0
DA:170,0
DA:171,0
DA:175,0
DA:176,0
DA:178,0
DA:181,0
DA:182,0
DA:184,0
DA:185,0
DA:186,0
DA:189,0
DA:192,0
DA:194,0
DA:195,0
DA:196,0
DA:198,0
DA:199,0
DA:205,0
DA:207,0
DA:209,0
DA:212,0
DA:213,0
DA:215,0
DA:216,0
DA:217,0
DA:218,0
DA:221,0
DA:223,0
DA:224,0
DA:225,0
DA:229,0
DA:230,0
DA:235,0
DA:236,0
DA:237,0
DA:238,0
DA:240,0
DA:241,0
DA:242,0
DA:247,0
DA:249,0
DA:250,0
DA:251,0
DA:252,0
DA:255,0
DA:258,0
DA:262,0
DA:263,0
DA:264,0
DA:266,0
DA:267,0
DA:268,0
DA:270,0
DA:280,0
DA:282,0
DA:327,0
DA:337,0
DA:338,0
DA:341,0
DA:342,0
DA:347,0
DA:352,0
DA:353,0
DA:355,0
DA:365,0
DA:367,0
DA:409,0
DA:414,0
DA:415,0
DA:418,0
DA:419,0
DA:420,0
DA:425,0
DA:429,0
DA:430,0
DA:434,0
DA:435,0
DA:437,0
DA:440,0
DA:441,0
DA:442,0
DA:447,0
DA:451,0
DA:454,0
DA:455,0
DA:457,0
DA:458,0
DA:461,0
DA:465,0
DA:466,0
DA:467,0
DA:468,0
DA:470,0
DA:471,0
DA:473,0
DA:474,0
DA:476,0
DA:477,0
DA:480,0
DA:481,0
DA:482,0
DA:484,0
DA:485,0
DA:490,0
DA:491,0
DA:492,0
DA:493,0
DA:495,0
DA:496,0
DA:498,0
DA:499,0
DA:501,0
DA:502,0
DA:506,0
DA:507,0
DA:508,0
DA:513,0
DA:514,0
DA:515,0
DA:517,0
DA:518,0
DA:520,0
DA:523,0
DA:524,0
DA:525,0
DA:529,0
DA:532,0
DA:533,0
DA:534,0
DA:536,0
DA:537,0
DA:542,0
DA:543,0
DA:544,0
DA:545,0
DA:546,0
DA:547,0
DA:549,0
DA:551,0
DA:552,0
DA:556,0
LF:232
LH:0
BRDA:8,0,0,0
BRDA:8,0,1,0
BRDA:11,1,0,0
BRDA:11,1,1,0
BRDA:11,2,0,0
BRDA:11,2,1,0
BRDA:12,3,0,0
BRDA:12,3,1,0
BRDA:13,4,0,0
BRDA:13,4,1,0
BRDA:14,5,0,0
BRDA:14,5,1,0
BRDA:14,6,0,0
BRDA:14,6,1,0
BRDA:15,7,0,0
BRDA:15,7,1,0
BRDA:21,8,0,0
BRDA:21,8,1,0
BRDA:21,9,0,0
BRDA:21,9,1,0
BRDA:22,10,0,0
BRDA:22,10,1,0
BRDA:26,11,0,0
BRDA:26,11,1,0
BRDA:26,12,0,0
BRDA:26,12,1,0
BRDA:40,13,0,0
BRDA:40,13,1,0
BRDA:41,14,0,0
BRDA:41,14,1,0
BRDA:47,15,0,0
BRDA:47,15,1,0
BRDA:47,16,0,0
BRDA:47,16,1,0
BRDA:48,17,0,0
BRDA:48,17,1,0
BRDA:48,17,2,0
BRDA:48,17,3,0
BRDA:49,18,0,0
BRDA:49,18,1,0
BRDA:49,18,2,0
BRDA:50,19,0,0
BRDA:50,19,1,0
BRDA:50,20,0,0
BRDA:50,20,1,0
BRDA:61,21,0,0
BRDA:61,21,1,0
BRDA:61,22,0,0
BRDA:61,22,1,0
BRDA:61,22,2,0
BRDA:63,23,0,0
BRDA:63,23,1,0
BRDA:79,24,0,0
BRDA:79,24,1,0
BRDA:80,25,0,0
BRDA:80,25,1,0
BRDA:110,26,0,0
BRDA:110,26,1,0
BRDA:123,27,0,0
BRDA:123,27,1,0
BRDA:126,28,0,0
BRDA:126,28,1,0
BRDA:136,29,0,0
BRDA:136,29,1,0
BRDA:142,30,0,0
BRDA:142,30,1,0
BRDA:142,31,0,0
BRDA:142,31,1,0
BRDA:147,32,0,0
BRDA:147,32,1,0
BRDA:147,33,0,0
BRDA:147,33,1,0
BRDA:159,34,0,0
BRDA:159,34,1,0
BRDA:163,35,0,0
BRDA:163,35,1,0
BRDA:170,36,0,0
BRDA:170,36,1,0
BRDA:178,37,0,0
BRDA:178,37,1,0
BRDA:181,38,0,0
BRDA:181,38,1,0
BRDA:181,39,0,0
BRDA:181,39,1,0
BRDA:184,40,0,0
BRDA:184,40,1,0
BRDA:205,41,0,0
BRDA:205,41,1,0
BRDA:205,42,0,0
BRDA:205,42,1,0
BRDA:207,43,0,0
BRDA:207,43,1,0
BRDA:207,43,2,0
BRDA:223,44,0,0
BRDA:223,44,1,0
BRDA:223,45,0,0
BRDA:223,45,1,0
BRDA:224,46,0,0
BRDA:224,46,1,0
BRDA:229,47,0,0
BRDA:229,47,1,0
BRDA:235,48,0,0
BRDA:235,48,1,0
BRDA:237,49,0,0
BRDA:237,49,1,0
BRDA:238,50,0,0
BRDA:238,50,1,0
BRDA:242,51,0,0
BRDA:242,51,1,0
BRDA:249,52,0,0
BRDA:249,52,1,0
BRDA:250,53,0,0
BRDA:250,53,1,0
BRDA:261,54,0,0
BRDA:263,55,0,0
BRDA:263,55,1,0
BRDA:264,56,0,0
BRDA:264,56,1,0
BRDA:266,57,0,0
BRDA:266,57,1,0
BRDA:268,58,0,0
BRDA:268,58,1,0
BRDA:280,59,0,0
BRDA:280,59,1,0
BRDA:284,60,0,0
BRDA:284,60,1,0
BRDA:351,61,0,0
BRDA:353,62,0,0
BRDA:353,62,1,0
BRDA:365,63,0,0
BRDA:365,63,1,0
BRDA:369,64,0,0
BRDA:369,64,1,0
BRDA:374,65,0,0
BRDA:374,65,1,0
BRDA:375,66,0,0
BRDA:375,66,1,0
BRDA:376,67,0,0
BRDA:376,67,1,0
BRDA:396,68,0,0
BRDA:396,68,1,0
BRDA:397,69,0,0
BRDA:397,69,1,0
BRDA:418,70,0,0
BRDA:418,70,1,0
BRDA:434,71,0,0
BRDA:434,71,1,0
BRDA:440,72,0,0
BRDA:440,72,1,0
BRDA:440,73,0,0
BRDA:440,73,1,0
BRDA:454,74,0,0
BRDA:454,74,1,0
BRDA:455,75,0,0
BRDA:455,75,1,0
BRDA:457,76,0,0
BRDA:457,76,1,0
BRDA:468,77,0,0
BRDA:468,77,1,0
BRDA:468,77,2,0
BRDA:473,78,0,0
BRDA:473,78,1,0
BRDA:493,79,0,0
BRDA:493,79,1,0
BRDA:493,79,2,0
BRDA:498,80,0,0
BRDA:498,80,1,0
BRDA:507,81,0,0
BRDA:507,81,1,0
BRDA:507,82,0,0
BRDA:507,82,1,0
BRDA:513,83,0,0
BRDA:513,83,1,0
BRDA:515,84,0,0
BRDA:515,84,1,0
BRDA:517,85,0,0
BRDA:517,85,1,0
BRDA:546,86,0,0
BRDA:546,86,1,0
BRF:179
BRH:0
end_of_record
TN:
SF:routes\auth.js
FN:11,(anonymous_0)
FN:21,(anonymous_1)
FN:24,(anonymous_2)
FN:31,(anonymous_3)
FN:35,(anonymous_4)
FN:36,(anonymous_5)
FN:41,(anonymous_6)
FN:59,(anonymous_7)
FN:70,(anonymous_8)
FN:88,(anonymous_9)
FN:96,(anonymous_10)
FN:99,(anonymous_11)
FN:123,(anonymous_12)
FN:137,updateStreak
FN:178,(anonymous_14)
FN:204,(anonymous_15)
FN:243,(anonymous_16)
FN:284,(anonymous_17)
FN:294,(anonymous_18)
FN:321,(anonymous_19)
FN:366,(anonymous_20)
FN:412,(anonymous_21)
FN:468,(anonymous_22)
FN:479,(anonymous_23)
FN:492,(anonymous_24)
FN:523,(anonymous_25)
FNF:26
FNH:10
FNDA:0,(anonymous_0)
FNDA:0,(anonymous_1)
FNDA:0,(anonymous_2)
FNDA:0,(anonymous_3)
FNDA:0,(anonymous_4)
FNDA:0,(anonymous_5)
FNDA:0,(anonymous_6)
FNDA:3,(anonymous_7)
FNDA:0,(anonymous_8)
FNDA:3,(anonymous_9)
FNDA:0,(anonymous_10)
FNDA:3,(anonymous_11)
FNDA:2,(anonymous_12)
FNDA:2,updateStreak
FNDA:2,(anonymous_14)
FNDA:3,(anonymous_15)
FNDA:0,(anonymous_16)
FNDA:1,(anonymous_17)
FNDA:1,(anonymous_18)
FNDA:0,(anonymous_19)
FNDA:0,(anonymous_20)
FNDA:0,(anonymous_21)
FNDA:0,(anonymous_22)
FNDA:0,(anonymous_23)
FNDA:1,(anonymous_24)
FNDA:0,(anonymous_25)
DA:1,1
DA:2,1
DA:3,1
DA:4,1
DA:5,1
DA:7,1
DA:8,1
DA:9,1
DA:11,1
DA:12,0
DA:13,0
DA:16,0
DA:17,0
DA:18,0
DA:21,1
DA:22,0
DA:23,0
DA:24,0
DA:25,0
DA:26,0
DA:28,0
DA:31,1
DA:32,0
DA:33,0
DA:35,0
DA:36,0
DA:41,1
DA:42,0
DA:44,0
DA:46,0
DA:47,0
DA:56,0
DA:59,1
DA:60,3
DA:67,3
DA:70,1
DA:71,0
DA:73,0
DA:75,0
DA:76,0
DA:85,0
DA:88,1
DA:89,3
DA:96,3
DA:99,1
DA:100,3
DA:101,3
DA:102,3
DA:104,0
DA:115,1
DA:123,1
DA:124,2
DA:125,2
DA:127,2
DA:128,2
DA:129,2
DA:130,2
DA:132,0
DA:138,2
DA:139,2
DA:141,2
DA:142,2
DA:144,2
DA:145,2
DA:146,0
DA:149,2
DA:150,2
DA:152,2
DA:153,2
DA:155,2
DA:156,2
DA:157,2
DA:158,0
DA:159,0
DA:160,0
DA:161,0
DA:162,0
DA:164,0
DA:165,0
DA:166,0
DA:169,2
DA:174,2
DA:178,1
DA:179,2
DA:180,2
DA:181,2
DA:182,2
DA:184,1
DA:185,1
DA:189,1
DA:190,1
DA:191,1
DA:193,1
DA:195,1
DA:196,1
DA:198,0
DA:199,0
DA:204,1
DA:205,3
DA:206,3
DA:207,3
DA:208,3
DA:210,2
DA:211,2
DA:213,2
DA:214,2
DA:217,1
DA:218,1
DA:219,0
DA:220,0
DA:221,0
DA:224,1
DA:225,1
DA:232,1
DA:234,1
DA:235,1
DA:237,0
DA:238,0
DA:243,1
DA:244,0
DA:245,0
DA:246,0
DA:248,0
DA:249,0
DA:253,0
DA:255,0
DA:257,0
DA:258,0
DA:259,0
DA:260,0
DA:261,0
DA:265,0
DA:266,0
DA:273,0
DA:275,0
DA:276,0
DA:278,0
DA:279,0
DA:284,1
DA:285,1
DA:290,1
DA:294,1
DA:295,1
DA:296,1
DA:300,1
DA:301,0
DA:303,1
DA:304,1
DA:306,1
DA:307,0
DA:309,1
DA:310,1
DA:311,1
DA:312,1
DA:313,1
DA:315,0
DA:316,0
DA:321,1
DA:322,0
DA:323,0
DA:324,0
DA:328,0
DA:329,0
DA:332,0
DA:333,0
DA:334,0
DA:335,0
DA:337,0
DA:338,0
DA:341,0
DA:346,0
DA:347,0
DA:349,0
DA:350,0
DA:353,0
DA:357,0
DA:358,0
DA:360,0
DA:361,0
DA:366,1
DA:367,0
DA:368,0
DA:369,0
DA:373,0
DA:374,0
DA:377,0
DA:378,0
DA:379,0
DA:380,0
DA:382,0
DA:383,0
DA:386,0
DA:391,0
DA:392,0
DA:394,0
DA:395,0
DA:398,0
DA:403,0
DA:404,0
DA:406,0
DA:407,0
DA:412,1
DA:413,0
DA:414,0
DA:415,0
DA:416,0
DA:418,0
DA:419,0
DA:420,0
DA:423,0
DA:424,0
DA:428,0
DA:429,0
DA:430,0
DA:433,0
DA:434,0
DA:435,0
DA:438,0
DA:440,0
DA:441,0
DA:449,0
DA:453,0
DA:455,0
DA:459,0
DA:460,0
DA:462,0
DA:463,0
DA:468,1
DA:469,0
DA:470,0
DA:471,0
DA:473,0
DA:474,0
DA:479,1
DA:480,0
DA:481,0
DA:484,0
DA:486,0
DA:487,0
DA:492,1
DA:493,1
DA:494,1
DA:496,1
DA:497,1
DA:498,0
DA:502,1
DA:503,1
DA:505,1
DA:510,1
DA:511,1
DA:517,0
DA:518,0
DA:523,1
DA:524,0
DA:525,0
DA:527,0
DA:528,0
DA:529,0
DA:532,0
DA:533,0
DA:536,0
DA:538,0
DA:539,0
DA:541,0
DA:542,0
DA:546,1
LF:266
LH:108
BRDA:8,0,0,1
BRDA:8,0,1,1
BRDA:12,1,0,0
BRDA:12,1,1,0
BRDA:16,2,0,0
BRDA:16,2,1,0
BRDA:17,3,0,0
BRDA:17,3,1,0
BRDA:18,4,0,0
BRDA:18,4,1,0
BRDA:22,5,0,0
BRDA:22,5,1,0
BRDA:26,6,0,0
BRDA:26,6,1,0
BRDA:32,7,0,0
BRDA:32,7,1,0
BRDA:102,8,0,3
BRDA:102,8,1,0
BRDA:102,9,0,3
BRDA:102,9,1,3
BRDA:107,10,0,0
BRDA:107,10,1,0
BRDA:108,11,0,0
BRDA:108,11,1,0
BRDA:109,12,0,0
BRDA:109,12,1,0
BRDA:125,13,0,0
BRDA:125,13,1,2
BRDA:144,14,0,0
BRDA:144,14,1,2
BRDA:145,15,0,0
BRDA:145,15,1,2
BRDA:152,16,0,2
BRDA:152,16,1,1
BRDA:153,17,0,2
BRDA:153,17,1,1
BRDA:155,18,0,2
BRDA:155,18,1,0
BRDA:158,19,0,0
BRDA:158,19,1,0
BRDA:160,20,0,0
BRDA:160,20,1,0
BRDA:182,21,0,1
BRDA:182,21,1,1
BRDA:208,22,0,1
BRDA:208,22,1,2
BRDA:211,23,0,0
BRDA:211,23,1,2
BRDA:214,24,0,1
BRDA:214,24,1,1
BRDA:218,25,0,0
BRDA:218,25,1,1
BRDA:248,26,0,0
BRDA:248,26,1,0
BRDA:258,27,0,0
BRDA:258,27,1,0
BRDA:276,28,0,0
BRDA:276,28,1,0
BRDA:300,29,0,0
BRDA:300,29,1,1
BRDA:306,30,0,0
BRDA:306,30,1,1
BRDA:328,31,0,0
BRDA:328,31,1,0
BRDA:332,32,0,0
BRDA:332,32,1,0
BRDA:333,33,0,0
BRDA:333,33,1,0
BRDA:334,34,0,0
BRDA:334,34,1,0
BRDA:337,35,0,0
BRDA:337,35,1,0
BRDA:346,36,0,0
BRDA:346,36,1,0
BRDA:349,37,0,0
BRDA:349,37,1,0
BRDA:373,38,0,0
BRDA:373,38,1,0
BRDA:377,39,0,0
BRDA:377,39,1,0
BRDA:378,40,0,0
BRDA:378,40,1,0
BRDA:379,41,0,0
BRDA:379,41,1,0
BRDA:379,42,0,0
BRDA:379,42,1,0
BRDA:382,43,0,0
BRDA:382,43,1,0
BRDA:382,44,0,0
BRDA:382,44,1,0
BRDA:388,45,0,0
BRDA:388,45,1,0
BRDA:391,46,0,0
BRDA:391,46,1,0
BRDA:391,47,0,0
BRDA:391,47,1,0
BRDA:394,48,0,0
BRDA:394,48,1,0
BRDA:394,49,0,0
BRDA:394,49,1,0
BRDA:416,50,0,0
BRDA:416,50,1,0
BRDA:418,51,0,0
BRDA:418,51,1,0
BRDA:418,52,0,0
BRDA:418,52,1,0
BRDA:428,53,0,0
BRDA:428,53,1,0
BRDA:433,54,0,0
BRDA:433,54,1,0
BRDA:440,55,0,0
BRDA:440,55,1,0
BRDA:497,56,0,0
BRDA:497,56,1,1
BRDA:528,57,0,0
BRDA:528,57,1,0
BRDA:532,58,0,0
BRDA:532,58,1,0
BRF:118
BRH:24
end_of_record
TN:
SF:routes\billing.js
FN:6,getGooglePlayClient
FN:27,(anonymous_1)
FN:140,(anonymous_2)
FNF:3
FNH:3
FNDA:3,getGooglePlayClient
FNDA:4,(anonymous_1)
FNDA:1,(anonymous_2)
DA:1,1
DA:2,1
DA:3,1
DA:7,3
DA:9,3
DA:10,0
DA:13,3
DA:15,3
DA:20,3
DA:27,1
DA:28,4
DA:29,4
DA:31,4
DA:32,1
DA:38,3
DA:39,1
DA:45,2
DA:46,2
DA:48,2
DA:49,0
DA:56,2
DA:59,2
DA:60,2
DA:66,2
DA:68,0
DA:69,0
DA:76,2
DA:77,2
DA:79,2
DA:80,1
DA:87,1
DA:89,1
DA:91,1
DA:92,1
DA:114,1
DA:116,0
DA:122,1
DA:131,0
DA:132,0
DA:140,1
DA:141,1
DA:143,1
DA:146,1
DA:148,1
DA:149,0
DA:150,0
DA:154,1
DA:155,1
DA:157,1
DA:158,0
DA:159,0
DA:162,1
DA:163,1
DA:164,1
DA:165,1
DA:167,1
DA:170,1
DA:171,1
DA:174,1
DA:175,1
DA:180,1
DA:182,0
DA:183,0
DA:186,1
DA:189,1
DA:196,1
DA:197,0
DA:198,0
DA:201,1
DA:202,1
DA:207,1
DA:209,1
DA:210,1
DA:211,1
DA:214,0
DA:215,0
DA:216,0
DA:219,0
DA:220,0
DA:221,0
DA:224,0
DA:225,0
DA:229,1
DA:244,1
DA:247,0
DA:252,1
LF:86
LH:62
BRDA:9,0,0,0
BRDA:9,0,1,3
BRDA:31,1,0,1
BRDA:31,1,1,3
BRDA:31,2,0,4
BRDA:31,2,1,3
BRDA:38,3,0,1
BRDA:38,3,1,2
BRDA:48,4,0,0
BRDA:48,4,1,2
BRDA:79,5,0,1
BRDA:79,5,1,1
BRDA:89,6,0,1
BRDA:89,6,1,0
BRDA:148,7,0,0
BRDA:148,7,1,1
BRDA:148,8,0,1
BRDA:148,8,1,1
BRDA:157,9,0,0
BRDA:157,9,1,1
BRDA:196,10,0,0
BRDA:196,10,1,1
BRDA:196,11,0,1
BRDA:196,11,1,1
BRDA:207,12,0,1
BRDA:207,12,1,0
BRDA:207,12,2,0
BRDA:207,12,3,0
BRF:28
BRH:19
end_of_record
TN:
SF:routes\features.js
FN:8,(anonymous_0)
FN:22,(anonymous_1)
FN:42,(anonymous_2)
FN:67,(anonymous_3)
FN:90,(anonymous_4)
FNF:5
FNH:0
FNDA:0,(anonymous_0)
FNDA:0,(anonymous_1)
FNDA:0,(anonymous_2)
FNDA:0,(anonymous_3)
FNDA:0,(anonymous_4)
DA:1,0
DA:2,0
DA:4,0
DA:5,0
DA:8,0
DA:9,0
DA:10,0
DA:12,0
DA:13,0
DA:14,0
DA:15,0
DA:17,0
DA:22,0
DA:23,0
DA:24,0
DA:25,0
DA:42,0
DA:43,0
DA:44,0
DA:45,0
DA:47,0
DA:48,0
DA:49,0
DA:52,0
DA:59,0
DA:61,0
DA:62,0
DA:67,0
DA:68,0
DA:69,0
DA:70,0
DA:72,0
DA:73,0
DA:76,0
DA:77,0
DA:82,0
DA:84,0
DA:85,0
DA:90,0
DA:91,0
DA:92,0
DA:93,0
DA:94,0
DA:96,0
DA:97,0
DA:100,0
DA:102,0
DA:103,0
DA:104,0
DA:107,0
DA:109,0
DA:110,0
DA:112,0
DA:115,0
DA:120,0
DA:122,0
DA:123,0
DA:127,0
LF:58
LH:0
BRDA:5,0,0,0
BRDA:5,0,1,0
BRDA:10,1,0,0
BRDA:10,1,1,0
BRDA:43,2,0,0
BRDA:43,2,1,0
BRDA:48,3,0,0
BRDA:48,3,1,0
BRDA:49,4,0,0
BRDA:49,4,1,0
BRDA:72,5,0,0
BRDA:72,5,1,0
BRDA:72,6,0,0
BRDA:72,6,1,0
BRDA:80,7,0,0
BRDA:80,7,1,0
BRDA:96,8,0,0
BRDA:96,8,1,0
BRDA:103,9,0,0
BRDA:103,9,1,0
BRDA:107,10,0,0
BRDA:107,10,1,0
BRDA:109,11,0,0
BRDA:109,11,1,0
BRF:24
BRH:0
end_of_record
TN:
SF:routes\payment.js
FN:10,(anonymous_0)
FN:26,(anonymous_1)
FN:63,(anonymous_2)
FNF:3
FNH:0
FNDA:0,(anonymous_0)
FNDA:0,(anonymous_1)
FNDA:0,(anonymous_2)
DA:1,0
DA:2,0
DA:3,0
DA:4,0
DA:5,0
DA:7,0
DA:10,0
DA:11,0
DA:12,0
DA:13,0
DA:16,0
DA:17,0
DA:18,0
DA:19,0
DA:21,0
DA:26,0
DA:27,0
DA:28,0
DA:30,0
DA:31,0
DA:34,0
DA:39,0
DA:41,0
DA:48,0
DA:50,0
DA:57,0
DA:58,0
DA:63,0
DA:64,0
DA:65,0
DA:66,0
DA:68,0
DA:69,0
DA:73,0
DA:74,0
DA:79,0
DA:81,0
DA:82,0
DA:84,0
DA:89,0
DA:91,0
DA:94,0
DA:95,0
DA:99,0
LF:44
LH:0
BRDA:7,0,0,0
BRDA:7,0,1,0
BRDA:12,1,0,0
BRDA:12,1,1,0
BRDA:30,2,0,0
BRDA:30,2,1,0
BRDA:30,3,0,0
BRDA:30,3,1,0
BRDA:68,4,0,0
BRDA:68,4,1,0
BRDA:79,5,0,0
BRDA:79,5,1,0
BRF:12
BRH:0
end_of_record
TN:
SF:routes\revenueCatSubscriptions.js
FN:39,fetchEntitlement
FN:69,(anonymous_1)
FN:114,(anonymous_2)
FNF:3
FNH:3
FNDA:2,fetchEntitlement
FNDA:2,(anonymous_1)
FNDA:2,(anonymous_2)
DA:26,1
DA:27,1
DA:29,1
DA:31,1
DA:32,1
DA:33,1
DA:40,2
DA:41,0
DA:43,2
DA:52,2
DA:53,0
DA:55,2
DA:56,2
DA:57,2
DA:60,2
DA:61,2
DA:62,2
DA:69,1
DA:70,2
DA:71,2
DA:72,2
DA:73,2
DA:76,2
DA:77,1
DA:80,1
DA:81,1
DA:82,1
DA:83,1
DA:85,1
DA:94,1
DA:101,0
DA:102,0
DA:114,1
DA:115,2
DA:116,2
DA:117,2
DA:118,1
DA:121,1
DA:122,1
DA:123,1
DA:124,0
DA:126,1
DA:128,1
DA:129,1
DA:130,1
DA:139,1
DA:142,0
DA:143,0
DA:147,1
LF:49
LH:42
BRDA:31,0,0,1
BRDA:31,0,1,0
BRDA:32,1,0,1
BRDA:32,1,1,1
BRDA:40,2,0,0
BRDA:40,2,1,2
BRDA:52,3,0,0
BRDA:52,3,1,2
BRDA:56,4,0,2
BRDA:56,4,1,0
BRDA:57,5,0,0
BRDA:57,5,1,2
BRDA:60,6,0,2
BRDA:60,6,1,0
BRDA:61,7,0,2
BRDA:61,7,1,2
BRDA:62,8,0,2
BRDA:62,8,1,0
BRDA:73,9,0,2
BRDA:73,9,1,0
BRDA:76,10,0,1
BRDA:76,10,1,1
BRDA:76,11,0,2
BRDA:76,11,1,2
BRDA:82,12,0,1
BRDA:82,12,1,0
BRDA:83,13,0,1
BRDA:83,13,1,0
BRDA:117,14,0,1
BRDA:117,14,1,1
BRDA:117,15,0,2
BRDA:117,15,1,2
BRDA:122,16,0,1
BRDA:122,16,1,0
BRDA:123,17,0,0
BRDA:123,17,1,1
BRDA:136,18,0,1
BRDA:136,18,1,0
BRDA:136,19,0,1
BRDA:136,19,1,0
BRF:40
BRH:26
end_of_record
TN:
SF:routes\scans.js
FN:9,(anonymous_0)
FN:24,(anonymous_1)
FN:32,(anonymous_2)
FN:45,(anonymous_3)
FN:55,(anonymous_4)
FN:61,(anonymous_5)
FN:66,(anonymous_6)
FN:72,(anonymous_7)
FN:80,(anonymous_8)
FN:100,(anonymous_9)
FN:101,(anonymous_10)
FN:104,(anonymous_11)
FN:110,(anonymous_12)
FN:137,(anonymous_13)
FN:145,(anonymous_14)
FN:184,(anonymous_15)
FN:280,(anonymous_16)
FN:305,(anonymous_17)
FN:351,(anonymous_18)
FN:384,(anonymous_19)
FN:399,(anonymous_20)
FN:411,(anonymous_21)
FN:428,(anonymous_22)
FN:452,(anonymous_23)
FN:523,(anonymous_24)
FN:554,(anonymous_25)
FN:587,(anonymous_26)
FNF:27
FNH:0
FNDA:0,(anonymous_0)
FNDA:0,(anonymous_1)
FNDA:0,(anonymous_2)
FNDA:0,(anonymous_3)
FNDA:0,(anonymous_4)
FNDA:0,(anonymous_5)
FNDA:0,(anonymous_6)
FNDA:0,(anonymous_7)
FNDA:0,(anonymous_8)
FNDA:0,(anonymous_9)
FNDA:0,(anonymous_10)
FNDA:0,(anonymous_11)
FNDA:0,(anonymous_12)
FNDA:0,(anonymous_13)
FNDA:0,(anonymous_14)
FNDA:0,(anonymous_15)
FNDA:0,(anonymous_16)
FNDA:0,(anonymous_17)
FNDA:0,(anonymous_18)
FNDA:0,(anonymous_19)
FNDA:0,(anonymous_20)
FNDA:0,(anonymous_21)
FNDA:0,(anonymous_22)
FNDA:0,(anonymous_23)
FNDA:0,(anonymous_24)
FNDA:0,(anonymous_25)
FNDA:0,(anonymous_26)
DA:1,0
DA:2,0
DA:3,0
DA:5,0
DA:6,0
DA:9,0
DA:10,0
DA:11,0
DA:13,0
DA:14,0
DA:15,0
DA:16,0
DA:18,0
DA:22,0
DA:24,0
DA:25,0
DA:26,0
DA:28,0
DA:29,0
DA:30,0
DA:31,0
DA:33,0
DA:34,0
DA:39,0
DA:41,0
DA:45,0
DA:46,0
DA:47,0
DA:48,0
DA:49,0
DA:51,0
DA:55,0
DA:56,0
DA:57,0
DA:58,0
DA:61,0
DA:62,0
DA:63,0
DA:66,0
DA:67,0
DA:68,0
DA:69,0
DA:72,0
DA:73,0
DA:74,0
DA:75,0
DA:77,0
DA:80,0
DA:81,0
DA:87,0
DA:89,0
DA:96,0
DA:97,0
DA:100,0
DA:101,0
DA:102,0
DA:104,0
DA:105,0
DA:107,0
DA:110,0
DA:111,0
DA:117,0
DA:119,0
DA:120,0
DA:122,0
DA:123,0
DA:125,0
DA:126,0
DA:128,0
DA:129,0
DA:131,0
DA:132,0
DA:134,0
DA:137,0
DA:138,0
DA:142,0
DA:143,0
DA:145,0
DA:146,0
DA:147,0
DA:150,0
DA:156,0
DA:162,0
DA:168,0
DA:174,0
DA:176,0
DA:177,0
DA:178,0
DA:181,0
DA:184,0
DA:195,0
DA:197,0
DA:199,0
DA:200,0
DA:201,0
DA:202,0
DA:203,0
DA:206,0
DA:209,0
DA:210,0
DA:211,0
DA:212,0
DA:213,0
DA:216,0
DA:220,0
DA:221,0
DA:233,0
DA:280,0
DA:281,0
DA:282,0
DA:283,0
DA:285,0
DA:287,0
DA:305,0
DA:306,0
DA:308,0
DA:334,0
DA:342,0
DA:344,0
DA:345,0
DA:351,0
DA:352,0
DA:354,0
DA:355,0
DA:356,0
DA:358,0
DA:359,0
DA:360,0
DA:363,0
DA:383,0
DA:384,0
DA:399,0
DA:401,0
DA:402,0
DA:403,0
DA:404,0
DA:406,0
DA:410,0
DA:411,0
DA:412,0
DA:415,0
DA:416,0
DA:417,0
DA:420,0
DA:422,0
DA:423,0
DA:428,0
DA:429,0
DA:430,0
DA:444,0
DA:446,0
DA:447,0
DA:452,0
DA:453,0
DA:454,0
DA:457,0
DA:458,0
DA:459,0
DA:460,0
DA:461,0
DA:463,0
DA:465,0
DA:467,0
DA:468,0
DA:469,0
DA:470,0
DA:471,0
DA:473,0
DA:475,0
DA:479,0
DA:498,0
DA:500,0
DA:513,0
DA:515,0
DA:517,0
DA:518,0
DA:523,0
DA:524,0
DA:525,0
DA:527,0
DA:528,0
DA:531,0
DA:532,0
DA:533,0
DA:534,0
DA:537,0
DA:538,0
DA:539,0
DA:541,0
DA:546,0
DA:548,0
DA:549,0
DA:554,0
DA:555,0
DA:556,0
DA:557,0
DA:571,0
DA:572,0
DA:575,0
DA:576,0
DA:577,0
DA:579,0
DA:581,0
DA:582,0
DA:587,0
DA:588,0
DA:589,0
DA:590,0
DA:591,0
DA:592,0
DA:595,0
DA:596,0
DA:597,0
DA:599,0
DA:600,0
DA:602,0
DA:603,0
DA:607,0
LF:218
LH:0
BRDA:6,0,0,0
BRDA:6,0,1,0
BRDA:11,1,0,0
BRDA:11,1,1,0
BRDA:25,2,0,0
BRDA:25,2,1,0
BRDA:26,3,0,0
BRDA:26,3,1,0
BRDA:30,4,0,0
BRDA:30,4,1,0
BRDA:33,5,0,0
BRDA:33,5,1,0
BRDA:45,6,0,0
BRDA:46,7,0,0
BRDA:46,7,1,0
BRDA:46,8,0,0
BRDA:46,8,1,0
BRDA:47,9,0,0
BRDA:47,9,1,0
BRDA:56,10,0,0
BRDA:56,10,1,0
BRDA:57,11,0,0
BRDA:57,11,1,0
BRDA:62,12,0,0
BRDA:62,12,1,0
BRDA:63,13,0,0
BRDA:63,13,1,0
BRDA:67,14,0,0
BRDA:67,14,1,0
BRDA:67,15,0,0
BRDA:67,15,1,0
BRDA:67,15,2,0
BRDA:69,16,0,0
BRDA:69,16,1,0
BRDA:75,17,0,0
BRDA:75,17,1,0
BRDA:80,18,0,0
BRDA:80,19,0,0
BRDA:87,20,0,0
BRDA:87,20,1,0
BRDA:90,21,0,0
BRDA:90,21,1,0
BRDA:90,21,2,0
BRDA:90,21,3,0
BRDA:90,21,4,0
BRDA:97,22,0,0
BRDA:97,22,1,0
BRDA:102,23,0,0
BRDA:102,23,1,0
BRDA:105,24,0,0
BRDA:105,24,1,0
BRDA:105,25,0,0
BRDA:105,25,1,0
BRDA:110,26,0,0
BRDA:117,27,0,0
BRDA:117,27,1,0
BRDA:120,28,0,0
BRDA:120,28,1,0
BRDA:123,29,0,0
BRDA:123,29,1,0
BRDA:123,30,0,0
BRDA:123,30,1,0
BRDA:126,31,0,0
BRDA:126,31,1,0
BRDA:126,32,0,0
BRDA:126,32,1,0
BRDA:129,33,0,0
BRDA:129,33,1,0
BRDA:132,34,0,0
BRDA:132,34,1,0
BRDA:132,35,0,0
BRDA:132,35,1,0
BRDA:137,36,0,0
BRDA:138,37,0,0
BRDA:138,37,1,0
BRDA:138,37,2,0
BRDA:138,37,3,0
BRDA:147,38,0,0
BRDA:147,38,1,0
BRDA:176,39,0,0
BRDA:176,39,1,0
BRDA:177,40,0,0
BRDA:177,40,1,0
BRDA:177,41,0,0
BRDA:177,41,1,0
BRDA:178,42,0,0
BRDA:178,42,1,0
BRDA:181,43,0,0
BRDA:181,43,1,0
BRDA:194,44,0,0
BRDA:197,45,0,0
BRDA:197,45,1,0
BRDA:199,46,0,0
BRDA:199,46,1,0
BRDA:200,47,0,0
BRDA:200,47,1,0
BRDA:200,47,2,0
BRDA:201,48,0,0
BRDA:201,48,1,0
BRDA:212,49,0,0
BRDA:212,49,1,0
BRDA:213,50,0,0
BRDA:213,50,1,0
BRDA:220,51,0,0
BRDA:220,51,1,0
BRDA:225,52,0,0
BRDA:225,52,1,0
BRDA:226,53,0,0
BRDA:226,53,1,0
BRDA:227,54,0,0
BRDA:227,54,1,0
BRDA:228,55,0,0
BRDA:228,55,1,0
BRDA:229,56,0,0
BRDA:229,56,1,0
BRDA:270,57,0,0
BRDA:270,57,1,0
BRDA:271,58,0,0
BRDA:271,58,1,0
BRDA:272,59,0,0
BRDA:272,59,1,0
BRDA:281,60,0,0
BRDA:281,60,1,0
BRDA:281,60,2,0
BRDA:281,60,3,0
BRDA:281,60,4,0
BRDA:282,61,0,0
BRDA:282,61,1,0
BRDA:282,61,2,0
BRDA:283,62,0,0
BRDA:283,62,1,0
BRDA:283,62,2,0
BRDA:285,63,0,0
BRDA:285,63,1,0
BRDA:288,64,0,0
BRDA:288,64,1,0
BRDA:292,65,0,0
BRDA:292,65,1,0
BRDA:292,65,2,0
BRDA:294,66,0,0
BRDA:294,66,1,0
BRDA:296,67,0,0
BRDA:296,67,1,0
BRDA:296,67,2,0
BRDA:296,67,3,0
BRDA:296,67,4,0
BRDA:306,68,0,0
BRDA:306,68,1,0
BRDA:342,69,0,0
BRDA:342,69,1,0
BRDA:345,70,0,0
BRDA:345,70,1,0
BRDA:352,71,0,0
BRDA:352,71,1,0
BRDA:358,72,0,0
BRDA:358,72,1,0
BRDA:387,73,0,0
BRDA:387,73,1,0
BRDA:402,74,0,0
BRDA:402,74,1,0
BRDA:412,75,0,0
BRDA:412,75,1,0
BRDA:415,76,0,0
BRDA:415,76,1,0
BRDA:461,77,0,0
BRDA:461,77,1,0
BRDA:467,78,0,0
BRDA:467,78,1,0
BRDA:467,79,0,0
BRDA:467,79,1,0
BRDA:490,80,0,0
BRDA:490,80,1,0
BRDA:492,81,0,0
BRDA:492,81,1,0
BRDA:493,82,0,0
BRDA:493,82,1,0
BRDA:494,83,0,0
BRDA:494,83,1,0
BRDA:498,84,0,0
BRDA:498,84,1,0
BRDA:509,85,0,0
BRDA:509,85,1,0
BRDA:509,85,2,0
BRDA:527,86,0,0
BRDA:527,86,1,0
BRDA:527,87,0,0
BRDA:527,87,1,0
BRDA:533,88,0,0
BRDA:533,88,1,0
BRDA:549,89,0,0
BRDA:549,89,1,0
BRDA:549,90,0,0
BRDA:549,90,1,0
BRDA:571,91,0,0
BRDA:571,91,1,0
BRDA:582,92,0,0
BRDA:582,92,1,0
BRDA:582,93,0,0
BRDA:582,93,1,0
BRDA:591,94,0,0
BRDA:591,94,1,0
BRDA:603,95,0,0
BRDA:603,95,1,0
BRDA:603,96,0,0
BRDA:603,96,1,0
BRF:205
BRH:0
end_of_record
TN:
SF:routes\user.js
FN:7,(anonymous_0)
FN:34,(anonymous_1)
FN:49,(anonymous_2)
FNF:3
FNH:0
FNDA:0,(anonymous_0)
FNDA:0,(anonymous_1)
FNDA:0,(anonymous_2)
DA:1,0
DA:2,0
DA:3,0
DA:4,0
DA:7,0
DA:8,0
DA:9,0
DA:13,0
DA:14,0
DA:16,0
DA:17,0
DA:18,0
DA:19,0
DA:20,0
DA:28,0
DA:29,0
DA:34,0
DA:35,0
DA:36,0
DA:37,0
DA:41,0
DA:43,0
DA:44,0
DA:49,0
DA:50,0
DA:51,0
DA:52,0
DA:56,0
DA:57,0
DA:59,0
DA:60,0
DA:61,0
DA:62,0
DA:63,0
DA:71,0
DA:72,0
DA:76,0
LF:37
LH:0
BRDA:13,0,0,0
BRDA:13,0,1,0
BRDA:17,1,0,0
BRDA:17,1,1,0
BRDA:18,2,0,0
BRDA:18,2,1,0
BRDA:23,3,0,0
BRDA:23,3,1,0
BRDA:44,4,0,0
BRDA:44,4,1,0
BRDA:44,5,0,0
BRDA:44,5,1,0
BRDA:56,6,0,0
BRDA:56,6,1,0
BRDA:60,7,0,0
BRDA:60,7,1,0
BRDA:61,8,0,0
BRDA:61,8,1,0
BRDA:66,9,0,0
BRDA:66,9,1,0
BRDA:72,10,0,0
BRDA:72,10,1,0
BRDA:72,11,0,0
BRDA:72,11,1,0
BRF:24
BRH:0
end_of_record
